#! /c/Source/iverilog-install/bin/vvp
:ivl_version "12.0 (devel)" "(s20150603-1539-g2693dd32b)";
:ivl_delay_selection "TYPICAL";
:vpi_time_precision + 0;
:vpi_module "C:\iverilog\lib\ivl\system.vpi";
:vpi_module "C:\iverilog\lib\ivl\vhdl_sys.vpi";
:vpi_module "C:\iverilog\lib\ivl\vhdl_textio.vpi";
:vpi_module "C:\iverilog\lib\ivl\v2005_math.vpi";
:vpi_module "C:\iverilog\lib\ivl\va_math.vpi";
S_000001d11de42ab0 .scope module, "ASFF" "ASFF" 2 2;
 .timescale 0 0;
    .port_info 0 /INPUT 1 "clk";
    .port_info 1 /INPUT 1 "reset";
    .port_info 2 /INPUT 1 "set";
    .port_info 3 /INPUT 4 "cs";
    .port_info 4 /OUTPUT 4 "ns";
L_000001d11df00088 .functor BUFT 1, C4<1101>, C4<0>, C4<0>, C4<0>;
v000001d11de606a0_0 .net/2u *"_ivl_0", 3 0, L_000001d11df00088;  1 drivers
L_000001d11df000d0 .functor BUFT 1, C4<0110>, C4<0>, C4<0>, C4<0>;
v000001d11de609c0_0 .net/2u *"_ivl_2", 3 0, L_000001d11df000d0;  1 drivers
v000001d11de60b00_0 .net *"_ivl_4", 3 0, L_000001d11deb7cf0;  1 drivers
o000001d11de64038 .functor BUFZ 1, C4<z>; HiZ drive
v000001d11de60420_0 .net "clk", 0 0, o000001d11de64038;  0 drivers
o000001d11de64698 .functor BUFZ 4, C4<zzzz>; HiZ drive
v000001d11de60740_0 .net "cs", 3 0, o000001d11de64698;  0 drivers
v000001d11de60a60_0 .net "d", 3 0, L_000001d11deb8790;  1 drivers
v000001d11de61500_0 .net "ns", 3 0, L_000001d11deb79d0;  1 drivers
o000001d11de640c8 .functor BUFZ 1, C4<z>; HiZ drive
v000001d11de5fb60_0 .net "reset", 0 0, o000001d11de640c8;  0 drivers
o000001d11de640f8 .functor BUFZ 1, C4<z>; HiZ drive
v000001d11de5fde0_0 .net "set", 0 0, o000001d11de640f8;  0 drivers
L_000001d11deb7cf0 .functor MUXZ 4, o000001d11de64698, L_000001d11df000d0, o000001d11de640f8, C4<>;
L_000001d11deb8790 .functor MUXZ 4, L_000001d11deb7cf0, L_000001d11df00088, o000001d11de640c8, C4<>;
L_000001d11deb80b0 .part L_000001d11deb8790, 0, 1;
L_000001d11deb7750 .part L_000001d11deb8790, 1, 1;
L_000001d11deb7f70 .part L_000001d11deb8790, 2, 1;
L_000001d11deb8330 .part L_000001d11deb8790, 3, 1;
L_000001d11deb79d0 .concat8 [ 1 1 1 1], v000001d11de60c40_0, v000001d11de5ffc0_0, v000001d11de61320_0, v000001d11de61460_0;
S_000001d11de50680 .scope module, "ff0" "DFF_AR_AS" 2 13, 3 2 0, S_000001d11de42ab0;
 .timescale 0 0;
    .port_info 0 /INPUT 1 "clk";
    .port_info 1 /INPUT 1 "reset";
    .port_info 2 /INPUT 1 "set";
    .port_info 3 /INPUT 1 "d";
    .port_info 4 /OUTPUT 1 "q";
v000001d11de611e0_0 .net "clk", 0 0, o000001d11de64038;  alias, 0 drivers
v000001d11de60f60_0 .net "d", 0 0, L_000001d11deb80b0;  1 drivers
v000001d11de60c40_0 .var "q", 0 0;
v000001d11de60880_0 .net "reset", 0 0, o000001d11de640c8;  alias, 0 drivers
v000001d11de60d80_0 .net "set", 0 0, o000001d11de640f8;  alias, 0 drivers
E_000001d11de5e6a0 .event posedge, v000001d11de60d80_0, v000001d11de60880_0, v000001d11de611e0_0;
S_000001d11de4d470 .scope module, "ff1" "DFF_AR_AS" 2 14, 3 2 0, S_000001d11de42ab0;
 .timescale 0 0;
    .port_info 0 /INPUT 1 "clk";
    .port_info 1 /INPUT 1 "reset";
    .port_info 2 /INPUT 1 "set";
    .port_info 3 /INPUT 1 "d";
    .port_info 4 /OUTPUT 1 "q";
v000001d11de5ff20_0 .net "clk", 0 0, o000001d11de64038;  alias, 0 drivers
v000001d11de60560_0 .net "d", 0 0, L_000001d11deb7750;  1 drivers
v000001d11de5ffc0_0 .var "q", 0 0;
v000001d11de60060_0 .net "reset", 0 0, o000001d11de640c8;  alias, 0 drivers
v000001d11de60100_0 .net "set", 0 0, o000001d11de640f8;  alias, 0 drivers
S_000001d11de4d600 .scope module, "ff2" "DFF_AR_AS" 2 15, 3 2 0, S_000001d11de42ab0;
 .timescale 0 0;
    .port_info 0 /INPUT 1 "clk";
    .port_info 1 /INPUT 1 "reset";
    .port_info 2 /INPUT 1 "set";
    .port_info 3 /INPUT 1 "d";
    .port_info 4 /OUTPUT 1 "q";
v000001d11de61280_0 .net "clk", 0 0, o000001d11de64038;  alias, 0 drivers
v000001d11de604c0_0 .net "d", 0 0, L_000001d11deb7f70;  1 drivers
v000001d11de61320_0 .var "q", 0 0;
v000001d11de60600_0 .net "reset", 0 0, o000001d11de640c8;  alias, 0 drivers
v000001d11de5f8e0_0 .net "set", 0 0, o000001d11de640f8;  alias, 0 drivers
S_000001d11de49bb0 .scope module, "ff3" "DFF_AR_AS" 2 16, 3 2 0, S_000001d11de42ab0;
 .timescale 0 0;
    .port_info 0 /INPUT 1 "clk";
    .port_info 1 /INPUT 1 "reset";
    .port_info 2 /INPUT 1 "set";
    .port_info 3 /INPUT 1 "d";
    .port_info 4 /OUTPUT 1 "q";
v000001d11de601a0_0 .net "clk", 0 0, o000001d11de64038;  alias, 0 drivers
v000001d11de616e0_0 .net "d", 0 0, L_000001d11deb8330;  1 drivers
v000001d11de61460_0 .var "q", 0 0;
v000001d11de60920_0 .net "reset", 0 0, o000001d11de640c8;  alias, 0 drivers
v000001d11de602e0_0 .net "set", 0 0, o000001d11de640f8;  alias, 0 drivers
S_000001d11de42790 .scope module, "ASFF_sync_struct" "ASFF_sync_struct" 4 1;
 .timescale 0 0;
    .port_info 0 /INPUT 1 "clk";
    .port_info 1 /INPUT 1 "reset";
    .port_info 2 /INPUT 1 "set";
    .port_info 3 /INPUT 4 "cs";
    .port_info 4 /OUTPUT 4 "ns";
L_000001d11df00118 .functor BUFT 1, C4<1101>, C4<0>, C4<0>, C4<0>;
v000001d11de435a0_0 .net/2u *"_ivl_0", 3 0, L_000001d11df00118;  1 drivers
L_000001d11df00160 .functor BUFT 1, C4<0110>, C4<0>, C4<0>, C4<0>;
v000001d11de43be0_0 .net/2u *"_ivl_2", 3 0, L_000001d11df00160;  1 drivers
v000001d11de43c80_0 .net *"_ivl_4", 3 0, L_000001d11deb7430;  1 drivers
o000001d11de64818 .functor BUFZ 1, C4<z>; HiZ drive
v000001d11de42e20_0 .net "clk", 0 0, o000001d11de64818;  0 drivers
o000001d11de64c98 .functor BUFZ 4, C4<zzzz>; HiZ drive
v000001d11de431e0_0 .net "cs", 3 0, o000001d11de64c98;  0 drivers
v000001d11deb7ed0_0 .net "d", 3 0, L_000001d11deb8010;  1 drivers
v000001d11deb7bb0_0 .net "ns", 3 0, L_000001d11deb8bf0;  1 drivers
o000001d11de64d28 .functor BUFZ 1, C4<z>; HiZ drive
v000001d11deb8fb0_0 .net "reset", 0 0, o000001d11de64d28;  0 drivers
o000001d11de64d58 .functor BUFZ 1, C4<z>; HiZ drive
v000001d11deb7390_0 .net "set", 0 0, o000001d11de64d58;  0 drivers
L_000001d11deb7430 .functor MUXZ 4, o000001d11de64c98, L_000001d11df00160, o000001d11de64d58, C4<>;
L_000001d11deb8010 .functor MUXZ 4, L_000001d11deb7430, L_000001d11df00118, o000001d11de64d28, C4<>;
L_000001d11deb86f0 .part L_000001d11deb8010, 0, 1;
L_000001d11deb8970 .part L_000001d11deb8010, 1, 1;
L_000001d11deb8f10 .part L_000001d11deb8010, 2, 1;
L_000001d11deb8830 .part L_000001d11deb8010, 3, 1;
L_000001d11deb8bf0 .concat8 [ 1 1 1 1], v000001d11de60ec0_0, v000001d11de5f980_0, v000001d11de5fca0_0, v000001d11de43820_0;
S_000001d11de49d40 .scope module, "ff0" "DFF" 4 11, 5 1 0, S_000001d11de42790;
 .timescale 0 0;
    .port_info 0 /INPUT 1 "clk";
    .port_info 1 /INPUT 1 "d";
    .port_info 2 /OUTPUT 1 "q";
v000001d11de61640_0 .net "clk", 0 0, o000001d11de64818;  alias, 0 drivers
v000001d11de60e20_0 .net "d", 0 0, L_000001d11deb86f0;  1 drivers
v000001d11de60ec0_0 .var "q", 0 0;
E_000001d11de5ede0 .event posedge, v000001d11de61640_0;
S_000001d11de49310 .scope module, "ff1" "DFF" 4 12, 5 1 0, S_000001d11de42790;
 .timescale 0 0;
    .port_info 0 /INPUT 1 "clk";
    .port_info 1 /INPUT 1 "d";
    .port_info 2 /OUTPUT 1 "q";
v000001d11de5f840_0 .net "clk", 0 0, o000001d11de64818;  alias, 0 drivers
v000001d11de5fc00_0 .net "d", 0 0, L_000001d11deb8970;  1 drivers
v000001d11de5f980_0 .var "q", 0 0;
S_000001d11de494a0 .scope module, "ff2" "DFF" 4 13, 5 1 0, S_000001d11de42790;
 .timescale 0 0;
    .port_info 0 /INPUT 1 "clk";
    .port_info 1 /INPUT 1 "d";
    .port_info 2 /OUTPUT 1 "q";
v000001d11de5fa20_0 .net "clk", 0 0, o000001d11de64818;  alias, 0 drivers
v000001d11de5fac0_0 .net "d", 0 0, L_000001d11deb8f10;  1 drivers
v000001d11de5fca0_0 .var "q", 0 0;
S_000001d11ddfe010 .scope module, "ff3" "DFF" 4 14, 5 1 0, S_000001d11de42790;
 .timescale 0 0;
    .port_info 0 /INPUT 1 "clk";
    .port_info 1 /INPUT 1 "d";
    .port_info 2 /OUTPUT 1 "q";
v000001d11de5fd40_0 .net "clk", 0 0, o000001d11de64818;  alias, 0 drivers
v000001d11de5fe80_0 .net "d", 0 0, L_000001d11deb8830;  1 drivers
v000001d11de43820_0 .var "q", 0 0;
S_000001d11de537a0 .scope module, "NextStateLogic" "NextStateLogic" 6 1;
 .timescale 0 0;
    .port_info 0 /OUTPUT 2 "NextToggle";
    .port_info 1 /INPUT 2 "Toggle";
    .port_info 2 /INPUT 1 "EN";
o000001d11de64e78 .functor BUFZ 1, C4<z>; HiZ drive
v000001d11deb7b10_0 .net "EN", 0 0, o000001d11de64e78;  0 drivers
v000001d11deb8150_0 .var "NextToggle", 1 0;
o000001d11de64ed8 .functor BUFZ 2, C4<zz>; HiZ drive
v000001d11deb7610_0 .net "Toggle", 1 0, o000001d11de64ed8;  0 drivers
v000001d11deb8a10_0 .var "next_val", 1 0;
E_000001d11de5e2e0 .event anyedge, v000001d11deb8a10_0, v000001d11deb7b10_0;
E_000001d11de5e420 .event anyedge, v000001d11deb7610_0;
S_000001d11de53930 .scope module, "SFF_latch_struct" "SFF_latch_struct" 7 1;
 .timescale 0 0;
    .port_info 0 /INPUT 1 "clk";
    .port_info 1 /INPUT 1 "reset";
    .port_info 2 /INPUT 1 "set";
    .port_info 3 /INPUT 4 "cs";
    .port_info 4 /OUTPUT 4 "ns";
L_000001d11df001a8 .functor BUFT 1, C4<1101>, C4<0>, C4<0>, C4<0>;
v000001d11deb7d90_0 .net/2u *"_ivl_0", 3 0, L_000001d11df001a8;  1 drivers
L_000001d11df001f0 .functor BUFT 1, C4<0110>, C4<0>, C4<0>, C4<0>;
v000001d11deb74d0_0 .net/2u *"_ivl_2", 3 0, L_000001d11df001f0;  1 drivers
v000001d11deb7c50_0 .net *"_ivl_4", 3 0, L_000001d11deb8c90;  1 drivers
o000001d11de64ff8 .functor BUFZ 1, C4<z>; HiZ drive
v000001d11deb7930_0 .net "clk", 0 0, o000001d11de64ff8;  0 drivers
o000001d11de65448 .functor BUFZ 4, C4<zzzz>; HiZ drive
v000001d11deb81f0_0 .net "cs", 3 0, o000001d11de65448;  0 drivers
v000001d11deb76b0_0 .net "d", 3 0, L_000001d11deb8d30;  1 drivers
v000001d11deb8510_0 .net "ns", 3 0, L_000001d11debdd10;  1 drivers
o000001d11de654d8 .functor BUFZ 1, C4<z>; HiZ drive
v000001d11deb7e30_0 .net "reset", 0 0, o000001d11de654d8;  0 drivers
o000001d11de65508 .functor BUFZ 1, C4<z>; HiZ drive
v000001d11deb8e70_0 .net "set", 0 0, o000001d11de65508;  0 drivers
L_000001d11deb8c90 .functor MUXZ 4, o000001d11de65448, L_000001d11df001f0, o000001d11de65508, C4<>;
L_000001d11deb8d30 .functor MUXZ 4, L_000001d11deb8c90, L_000001d11df001a8, o000001d11de654d8, C4<>;
L_000001d11deb8dd0 .part L_000001d11deb8d30, 0, 1;
L_000001d11debdc70 .part L_000001d11deb8d30, 1, 1;
L_000001d11debd810 .part L_000001d11deb8d30, 2, 1;
L_000001d11debda90 .part L_000001d11deb8d30, 3, 1;
L_000001d11debdd10 .concat8 [ 1 1 1 1], v000001d11deb9050_0, v000001d11deb77f0_0, v000001d11deb85b0_0, v000001d11deb7890_0;
S_000001d11ddfe1a0 .scope module, "latch0" "DLATCH" 7 12, 8 1 0, S_000001d11de53930;
 .timescale 0 0;
    .port_info 0 /INPUT 1 "en";
    .port_info 1 /INPUT 1 "d";
    .port_info 2 /OUTPUT 1 "q";
v000001d11deb8ab0_0 .net "d", 0 0, L_000001d11deb8dd0;  1 drivers
v000001d11deb8b50_0 .net "en", 0 0, o000001d11de64ff8;  alias, 0 drivers
v000001d11deb9050_0 .var "q", 0 0;
E_000001d11de5e760 .event anyedge, v000001d11deb8b50_0, v000001d11deb8ab0_0;
S_000001d11ddf6670 .scope module, "latch1" "DLATCH" 7 13, 8 1 0, S_000001d11de53930;
 .timescale 0 0;
    .port_info 0 /INPUT 1 "en";
    .port_info 1 /INPUT 1 "d";
    .port_info 2 /OUTPUT 1 "q";
v000001d11deb7570_0 .net "d", 0 0, L_000001d11debdc70;  1 drivers
v000001d11deb83d0_0 .net "en", 0 0, o000001d11de64ff8;  alias, 0 drivers
v000001d11deb77f0_0 .var "q", 0 0;
E_000001d11de5ed20 .event anyedge, v000001d11deb8b50_0, v000001d11deb7570_0;
S_000001d11ddf6800 .scope module, "latch2" "DLATCH" 7 14, 8 1 0, S_000001d11de53930;
 .timescale 0 0;
    .port_info 0 /INPUT 1 "en";
    .port_info 1 /INPUT 1 "d";
    .port_info 2 /OUTPUT 1 "q";
v000001d11deb7250_0 .net "d", 0 0, L_000001d11debd810;  1 drivers
v000001d11deb8290_0 .net "en", 0 0, o000001d11de64ff8;  alias, 0 drivers
v000001d11deb85b0_0 .var "q", 0 0;
E_000001d11de5e0a0 .event anyedge, v000001d11deb8b50_0, v000001d11deb7250_0;
S_000001d11deba180 .scope module, "latch3" "DLATCH" 7 15, 8 1 0, S_000001d11de53930;
 .timescale 0 0;
    .port_info 0 /INPUT 1 "en";
    .port_info 1 /INPUT 1 "d";
    .port_info 2 /OUTPUT 1 "q";
v000001d11deb7a70_0 .net "d", 0 0, L_000001d11debda90;  1 drivers
v000001d11deb88d0_0 .net "en", 0 0, o000001d11de64ff8;  alias, 0 drivers
v000001d11deb7890_0 .var "q", 0 0;
E_000001d11de5e6e0 .event anyedge, v000001d11deb8b50_0, v000001d11deb7a70_0;
S_000001d11de504f0 .scope module, "StateUpdate" "StateUpdate" 9 1;
 .timescale 0 0;
    .port_info 0 /INPUT 2 "CurrentState";
    .port_info 1 /INPUT 1 "EN";
    .port_info 2 /OUTPUT 2 "Zip";
P_000001d11de42920 .param/l "S0" 0 9 7, C4<00>;
P_000001d11de42958 .param/l "S1" 0 9 8, C4<01>;
P_000001d11de42990 .param/l "S2" 0 9 9, C4<10>;
P_000001d11de429c8 .param/l "S3" 0 9 10, C4<11>;
o000001d11de65628 .functor BUFZ 2, C4<zz>; HiZ drive
v000001d11deb8470_0 .net "CurrentState", 1 0, o000001d11de65628;  0 drivers
o000001d11de65658 .functor BUFZ 1, C4<z>; HiZ drive
v000001d11deb8650_0 .net "EN", 0 0, o000001d11de65658;  0 drivers
v000001d11deb71b0_0 .var "Zip", 1 0;
v000001d11deb72f0_0 .var "nextZip", 1 0;
E_000001d11de5ea20 .event anyedge, v000001d11deb72f0_0, v000001d11deb8650_0;
E_000001d11de5ea60 .event anyedge, v000001d11deb8470_0;
    .scope S_000001d11de50680;
T_0 ;
    %wait E_000001d11de5e6a0;
    %load/vec4 v000001d11de60880_0;
    %flag_set/vec4 8;
    %jmp/0xz  T_0.0, 8;
    %pushi/vec4 0, 0, 1;
    %assign/vec4 v000001d11de60c40_0, 0;
    %jmp T_0.1;
T_0.0 ;
    %load/vec4 v000001d11de60d80_0;
    %flag_set/vec4 8;
    %jmp/0xz  T_0.2, 8;
    %pushi/vec4 1, 0, 1;
    %assign/vec4 v000001d11de60c40_0, 0;
    %jmp T_0.3;
T_0.2 ;
    %load/vec4 v000001d11de60f60_0;
    %assign/vec4 v000001d11de60c40_0, 0;
T_0.3 ;
T_0.1 ;
    %jmp T_0;
    .thread T_0;
    .scope S_000001d11de4d470;
T_1 ;
    %wait E_000001d11de5e6a0;
    %load/vec4 v000001d11de60060_0;
    %flag_set/vec4 8;
    %jmp/0xz  T_1.0, 8;
    %pushi/vec4 0, 0, 1;
    %assign/vec4 v000001d11de5ffc0_0, 0;
    %jmp T_1.1;
T_1.0 ;
    %load/vec4 v000001d11de60100_0;
    %flag_set/vec4 8;
    %jmp/0xz  T_1.2, 8;
    %pushi/vec4 1, 0, 1;
    %assign/vec4 v000001d11de5ffc0_0, 0;
    %jmp T_1.3;
T_1.2 ;
    %load/vec4 v000001d11de60560_0;
    %assign/vec4 v000001d11de5ffc0_0, 0;
T_1.3 ;
T_1.1 ;
    %jmp T_1;
    .thread T_1;
    .scope S_000001d11de4d600;
T_2 ;
    %wait E_000001d11de5e6a0;
    %load/vec4 v000001d11de60600_0;
    %flag_set/vec4 8;
    %jmp/0xz  T_2.0, 8;
    %pushi/vec4 0, 0, 1;
    %assign/vec4 v000001d11de61320_0, 0;
    %jmp T_2.1;
T_2.0 ;
    %load/vec4 v000001d11de5f8e0_0;
    %flag_set/vec4 8;
    %jmp/0xz  T_2.2, 8;
    %pushi/vec4 1, 0, 1;
    %assign/vec4 v000001d11de61320_0, 0;
    %jmp T_2.3;
T_2.2 ;
    %load/vec4 v000001d11de604c0_0;
    %assign/vec4 v000001d11de61320_0, 0;
T_2.3 ;
T_2.1 ;
    %jmp T_2;
    .thread T_2;
    .scope S_000001d11de49bb0;
T_3 ;
    %wait E_000001d11de5e6a0;
    %load/vec4 v000001d11de60920_0;
    %flag_set/vec4 8;
    %jmp/0xz  T_3.0, 8;
    %pushi/vec4 0, 0, 1;
    %assign/vec4 v000001d11de61460_0, 0;
    %jmp T_3.1;
T_3.0 ;
    %load/vec4 v000001d11de602e0_0;
    %flag_set/vec4 8;
    %jmp/0xz  T_3.2, 8;
    %pushi/vec4 1, 0, 1;
    %assign/vec4 v000001d11de61460_0, 0;
    %jmp T_3.3;
T_3.2 ;
    %load/vec4 v000001d11de616e0_0;
    %assign/vec4 v000001d11de61460_0, 0;
T_3.3 ;
T_3.1 ;
    %jmp T_3;
    .thread T_3;
    .scope S_000001d11de49d40;
T_4 ;
    %wait E_000001d11de5ede0;
    %load/vec4 v000001d11de60e20_0;
    %assign/vec4 v000001d11de60ec0_0, 0;
    %jmp T_4;
    .thread T_4;
    .scope S_000001d11de49310;
T_5 ;
    %wait E_000001d11de5ede0;
    %load/vec4 v000001d11de5fc00_0;
    %assign/vec4 v000001d11de5f980_0, 0;
    %jmp T_5;
    .thread T_5;
    .scope S_000001d11de494a0;
T_6 ;
    %wait E_000001d11de5ede0;
    %load/vec4 v000001d11de5fac0_0;
    %assign/vec4 v000001d11de5fca0_0, 0;
    %jmp T_6;
    .thread T_6;
    .scope S_000001d11ddfe010;
T_7 ;
    %wait E_000001d11de5ede0;
    %load/vec4 v000001d11de5fe80_0;
    %assign/vec4 v000001d11de43820_0, 0;
    %jmp T_7;
    .thread T_7;
    .scope S_000001d11de537a0;
T_8 ;
    %wait E_000001d11de5e420;
    %load/vec4 v000001d11deb7610_0;
    %dup/vec4;
    %pushi/vec4 1, 0, 2;
    %cmp/u;
    %jmp/1 T_8.0, 6;
    %dup/vec4;
    %pushi/vec4 2, 0, 2;
    %cmp/u;
    %jmp/1 T_8.1, 6;
    %pushi/vec4 1, 0, 2;
    %store/vec4 v000001d11deb8a10_0, 0, 2;
    %jmp T_8.3;
T_8.0 ;
    %pushi/vec4 2, 0, 2;
    %store/vec4 v000001d11deb8a10_0, 0, 2;
    %jmp T_8.3;
T_8.1 ;
    %pushi/vec4 1, 0, 2;
    %store/vec4 v000001d11deb8a10_0, 0, 2;
    %jmp T_8.3;
T_8.3 ;
    %pop/vec4 1;
    %jmp T_8;
    .thread T_8, $push;
    .scope S_000001d11de537a0;
T_9 ;
    %wait E_000001d11de5e2e0;
    %load/vec4 v000001d11deb7b10_0;
    %flag_set/vec4 8;
    %jmp/0xz  T_9.0, 8;
    %load/vec4 v000001d11deb8a10_0;
    %store/vec4 v000001d11deb8150_0, 0, 2;
T_9.0 ;
    %jmp T_9;
    .thread T_9, $push;
    .scope S_000001d11ddfe1a0;
T_10 ;
    %wait E_000001d11de5e760;
    %load/vec4 v000001d11deb8b50_0;
    %flag_set/vec4 8;
    %jmp/0xz  T_10.0, 8;
    %load/vec4 v000001d11deb8ab0_0;
    %store/vec4 v000001d11deb9050_0, 0, 1;
T_10.0 ;
    %jmp T_10;
    .thread T_10, $push;
    .scope S_000001d11ddf6670;
T_11 ;
    %wait E_000001d11de5ed20;
    %load/vec4 v000001d11deb83d0_0;
    %flag_set/vec4 8;
    %jmp/0xz  T_11.0, 8;
    %load/vec4 v000001d11deb7570_0;
    %store/vec4 v000001d11deb77f0_0, 0, 1;
T_11.0 ;
    %jmp T_11;
    .thread T_11, $push;
    .scope S_000001d11ddf6800;
T_12 ;
    %wait E_000001d11de5e0a0;
    %load/vec4 v000001d11deb8290_0;
    %flag_set/vec4 8;
    %jmp/0xz  T_12.0, 8;
    %load/vec4 v000001d11deb7250_0;
    %store/vec4 v000001d11deb85b0_0, 0, 1;
T_12.0 ;
    %jmp T_12;
    .thread T_12, $push;
    .scope S_000001d11deba180;
T_13 ;
    %wait E_000001d11de5e6e0;
    %load/vec4 v000001d11deb88d0_0;
    %flag_set/vec4 8;
    %jmp/0xz  T_13.0, 8;
    %load/vec4 v000001d11deb7a70_0;
    %store/vec4 v000001d11deb7890_0, 0, 1;
T_13.0 ;
    %jmp T_13;
    .thread T_13, $push;
    .scope S_000001d11de504f0;
T_14 ;
    %wait E_000001d11de5ea60;
    %load/vec4 v000001d11deb8470_0;
    %dup/vec4;
    %pushi/vec4 0, 0, 2;
    %cmp/u;
    %jmp/1 T_14.0, 6;
    %dup/vec4;
    %pushi/vec4 1, 0, 2;
    %cmp/u;
    %jmp/1 T_14.1, 6;
    %dup/vec4;
    %pushi/vec4 2, 0, 2;
    %cmp/u;
    %jmp/1 T_14.2, 6;
    %dup/vec4;
    %pushi/vec4 3, 0, 2;
    %cmp/u;
    %jmp/1 T_14.3, 6;
    %pushi/vec4 0, 0, 2;
    %store/vec4 v000001d11deb72f0_0, 0, 2;
    %jmp T_14.5;
T_14.0 ;
    %pushi/vec4 0, 0, 2;
    %store/vec4 v000001d11deb72f0_0, 0, 2;
    %jmp T_14.5;
T_14.1 ;
    %pushi/vec4 3, 0, 2;
    %store/vec4 v000001d11deb72f0_0, 0, 2;
    %jmp T_14.5;
T_14.2 ;
    %pushi/vec4 0, 0, 2;
    %store/vec4 v000001d11deb72f0_0, 0, 2;
    %jmp T_14.5;
T_14.3 ;
    %pushi/vec4 0, 0, 2;
    %store/vec4 v000001d11deb72f0_0, 0, 2;
    %jmp T_14.5;
T_14.5 ;
    %pop/vec4 1;
    %jmp T_14;
    .thread T_14, $push;
    .scope S_000001d11de504f0;
T_15 ;
    %wait E_000001d11de5ea20;
    %load/vec4 v000001d11deb8650_0;
    %flag_set/vec4 8;
    %jmp/0xz  T_15.0, 8;
    %load/vec4 v000001d11deb72f0_0;
    %store/vec4 v000001d11deb71b0_0, 0, 2;
T_15.0 ;
    %jmp T_15;
    .thread T_15, $push;
# The file index is used to find the file name in the following table.
:file_names 10;
    "N/A";
    "<interactive>";
    "ASFF.v";
    "DFF_AR_AS.v";
    "ASFF_sync.v";
    "DFF.v";
    "Next_state_using_DLatch.v";
    "SFF_Latch.v";
    "DLatch.v";
    "State_Update_using_DLatch.v";
