#! /c/Source/iverilog-install/bin/vvp
:ivl_version "12.0 (devel)" "(s20150603-1539-g2693dd32b)";
:ivl_delay_selection "TYPICAL";
:vpi_time_precision + 0;
:vpi_module "C:\iverilog\lib\ivl\system.vpi";
:vpi_module "C:\iverilog\lib\ivl\vhdl_sys.vpi";
:vpi_module "C:\iverilog\lib\ivl\vhdl_textio.vpi";
:vpi_module "C:\iverilog\lib\ivl\v2005_math.vpi";
:vpi_module "C:\iverilog\lib\ivl\va_math.vpi";
S_000002afc5630ff0 .scope module, "Full_Adder_32bit" "Full_Adder_32bit" 2 1;
 .timescale 0 0;
    .port_info 0 /INPUT 32 "a";
    .port_info 1 /INPUT 32 "b";
    .port_info 2 /INPUT 1 "cin";
    .port_info 3 /OUTPUT 32 "sum";
    .port_info 4 /OUTPUT 1 "cout";
L_000002afc569e960 .functor BUFT 1, C4<0>, C4<0>, C4<0>, C4<0>;
v000002afc5631680_0 .net *"_ivl_10", 0 0, L_000002afc569e960;  1 drivers
v000002afc5632080_0 .net *"_ivl_11", 32 0, L_000002afc569d210;  1 drivers
v000002afc5631720_0 .net *"_ivl_13", 32 0, L_000002afc569d490;  1 drivers
L_000002afc569e9a8 .functor BUFT 1, C4<00000000000000000000000000000000>, C4<0>, C4<0>, C4<0>;
v000002afc5631e00_0 .net *"_ivl_16", 31 0, L_000002afc569e9a8;  1 drivers
v000002afc5632120_0 .net *"_ivl_17", 32 0, L_000002afc56e6a10;  1 drivers
v000002afc5631a40_0 .net *"_ivl_3", 32 0, L_000002afc569dfd0;  1 drivers
L_000002afc569e918 .functor BUFT 1, C4<0>, C4<0>, C4<0>, C4<0>;
v000002afc5631c20_0 .net *"_ivl_6", 0 0, L_000002afc569e918;  1 drivers
v000002afc56317c0_0 .net *"_ivl_7", 32 0, L_000002afc569ca90;  1 drivers
o000002afc564a158 .functor BUFZ 32, C4<zzzzzzzzzzzzzzzzzzzzzzzzzzzzzzzz>; HiZ drive
v000002afc5631cc0_0 .net "a", 31 0, o000002afc564a158;  0 drivers
o000002afc564a188 .functor BUFZ 32, C4<zzzzzzzzzzzzzzzzzzzzzzzzzzzzzzzz>; HiZ drive
v000002afc56315e0_0 .net "b", 31 0, o000002afc564a188;  0 drivers
o000002afc564a1b8 .functor BUFZ 1, C4<z>; HiZ drive
v000002afc56312c0_0 .net "cin", 0 0, o000002afc564a1b8;  0 drivers
v000002afc5631ae0_0 .net "cout", 0 0, L_000002afc569e6b0;  1 drivers
v000002afc5631360_0 .net "sum", 31 0, L_000002afc569d7b0;  1 drivers
L_000002afc569e6b0 .part L_000002afc56e6a10, 32, 1;
L_000002afc569d7b0 .part L_000002afc56e6a10, 0, 32;
L_000002afc569dfd0 .concat [ 32 1 0 0], o000002afc564a158, L_000002afc569e918;
L_000002afc569ca90 .concat [ 32 1 0 0], o000002afc564a188, L_000002afc569e960;
L_000002afc569d210 .arith/sum 33, L_000002afc569dfd0, L_000002afc569ca90;
L_000002afc569d490 .concat [ 1 32 0 0], o000002afc564a1b8, L_000002afc569e9a8;
L_000002afc56e6a10 .arith/sum 33, L_000002afc569d210, L_000002afc569d490;
S_000002afc5643150 .scope module, "Full_Subtractor_32bit" "Full_Subtractor_32bit" 3 1;
 .timescale 0 0;
    .port_info 0 /INPUT 32 "a";
    .port_info 1 /INPUT 32 "b";
    .port_info 2 /INPUT 1 "bin";
    .port_info 3 /OUTPUT 32 "difference";
    .port_info 4 /OUTPUT 1 "borrow";
v000002afc5631d60_0 .net *"_ivl_11", 32 0, L_000002afc56e70f0;  1 drivers
v000002afc56314a0_0 .net *"_ivl_13", 32 0, L_000002afc56e7eb0;  1 drivers
L_000002afc569ea80 .functor BUFT 1, C4<00000000000000000000000000000000>, C4<0>, C4<0>, C4<0>;
v000002afc5631540_0 .net *"_ivl_16", 31 0, L_000002afc569ea80;  1 drivers
v000002afc5631860_0 .net *"_ivl_17", 32 0, L_000002afc56e7b90;  1 drivers
L_000002afc569e9f0 .functor BUFT 1, C4<0>, C4<0>, C4<0>, C4<0>;
v000002afc5631900_0 .net/2u *"_ivl_3", 0 0, L_000002afc569e9f0;  1 drivers
v000002afc56319a0_0 .net *"_ivl_5", 32 0, L_000002afc56e8810;  1 drivers
L_000002afc569ea38 .functor BUFT 1, C4<0>, C4<0>, C4<0>, C4<0>;
v000002afc5631b80_0 .net/2u *"_ivl_7", 0 0, L_000002afc569ea38;  1 drivers
v000002afc569d530_0 .net *"_ivl_9", 32 0, L_000002afc56e7050;  1 drivers
o000002afc564a4b8 .functor BUFZ 32, C4<zzzzzzzzzzzzzzzzzzzzzzzzzzzzzzzz>; HiZ drive
v000002afc569dad0_0 .net "a", 31 0, o000002afc564a4b8;  0 drivers
o000002afc564a4e8 .functor BUFZ 32, C4<zzzzzzzzzzzzzzzzzzzzzzzzzzzzzzzz>; HiZ drive
v000002afc569d670_0 .net "b", 31 0, o000002afc564a4e8;  0 drivers
o000002afc564a518 .functor BUFZ 1, C4<z>; HiZ drive
v000002afc569e430_0 .net "bin", 0 0, o000002afc564a518;  0 drivers
v000002afc569e2f0_0 .net "borrow", 0 0, L_000002afc56e8590;  1 drivers
v000002afc569dd50_0 .net "difference", 31 0, L_000002afc56e7870;  1 drivers
L_000002afc56e8590 .part L_000002afc56e7b90, 32, 1;
L_000002afc56e7870 .part L_000002afc56e7b90, 0, 32;
L_000002afc56e8810 .concat [ 32 1 0 0], o000002afc564a4b8, L_000002afc569e9f0;
L_000002afc56e7050 .concat [ 32 1 0 0], o000002afc564a4e8, L_000002afc569ea38;
L_000002afc56e70f0 .arith/sub 33, L_000002afc56e8810, L_000002afc56e7050;
L_000002afc56e7eb0 .concat [ 1 32 0 0], o000002afc564a518, L_000002afc569ea80;
L_000002afc56e7b90 .arith/sub 33, L_000002afc56e70f0, L_000002afc56e7eb0;
S_000002afc56432e0 .scope module, "multiplier_top" "multiplier_top" 4 1;
 .timescale 0 0;
    .port_info 0 /INPUT 1 "clk";
    .port_info 1 /INPUT 1 "start";
    .port_info 2 /INPUT 8 "data_in";
    .port_info 3 /OUTPUT 1 "done";
v000002afc569cdb0_0 .net "add", 0 0, v000002afc569e750_0;  1 drivers
o000002afc564a6c8 .functor BUFZ 1, C4<z>; HiZ drive
v000002afc569e110_0 .net "clk", 0 0, o000002afc564a6c8;  0 drivers
v000002afc569df30_0 .net "clr", 0 0, v000002afc569d5d0_0;  1 drivers
o000002afc564aba8 .functor BUFZ 8, C4<zzzzzzzz>; HiZ drive
v000002afc569cb30_0 .net "data_in", 7 0, o000002afc564aba8;  0 drivers
v000002afc569d030_0 .net "decB", 0 0, v000002afc569e610_0;  1 drivers
v000002afc569e390_0 .net "done", 0 0, v000002afc569e4d0_0;  1 drivers
v000002afc569c950_0 .net "eqz", 0 0, L_000002afc56e7230;  1 drivers
v000002afc569d0d0_0 .net "ldA", 0 0, v000002afc569db70_0;  1 drivers
v000002afc569e250_0 .net "ldB", 0 0, v000002afc569e070_0;  1 drivers
v000002afc569d710_0 .net "ldM", 0 0, v000002afc569cbd0_0;  1 drivers
o000002afc564a848 .functor BUFZ 1, C4<z>; HiZ drive
v000002afc569d170_0 .net "start", 0 0, o000002afc564a848;  0 drivers
S_000002afc5634b40 .scope module, "CP" "controlpath" 4 10, 5 1 0, S_000002afc56432e0;
 .timescale 0 0;
    .port_info 0 /INPUT 1 "clk";
    .port_info 1 /INPUT 1 "start";
    .port_info 2 /INPUT 1 "eqz";
    .port_info 3 /OUTPUT 1 "ldA";
    .port_info 4 /OUTPUT 1 "ldB";
    .port_info 5 /OUTPUT 1 "ldM";
    .port_info 6 /OUTPUT 1 "add";
    .port_info 7 /OUTPUT 1 "decB";
    .port_info 8 /OUTPUT 1 "clr";
    .port_info 9 /OUTPUT 1 "done";
P_000002afc5643470 .param/l "S0" 0 5 8, C4<000>;
P_000002afc56434a8 .param/l "S1" 0 5 8, C4<001>;
P_000002afc56434e0 .param/l "S2" 0 5 8, C4<010>;
P_000002afc5643518 .param/l "S3" 0 5 8, C4<011>;
P_000002afc5643550 .param/l "S4" 0 5 8, C4<100>;
P_000002afc5643588 .param/l "S5" 0 5 8, C4<101>;
v000002afc569e750_0 .var "add", 0 0;
v000002afc569d3f0_0 .net "clk", 0 0, o000002afc564a6c8;  alias, 0 drivers
v000002afc569d5d0_0 .var "clr", 0 0;
v000002afc569e610_0 .var "decB", 0 0;
v000002afc569e4d0_0 .var "done", 0 0;
v000002afc569d8f0_0 .net "eqz", 0 0, L_000002afc56e7230;  alias, 1 drivers
v000002afc569db70_0 .var "ldA", 0 0;
v000002afc569e070_0 .var "ldB", 0 0;
v000002afc569cbd0_0 .var "ldM", 0 0;
v000002afc569cef0_0 .net "start", 0 0, o000002afc564a848;  alias, 0 drivers
v000002afc569cc70_0 .var "state", 2 0;
E_000002afc5633b00 .event anyedge, v000002afc569cc70_0;
E_000002afc5633780 .event posedge, v000002afc569d3f0_0;
S_000002afc563fec0 .scope module, "DP" "datapath" 4 9, 6 1 0, S_000002afc56432e0;
 .timescale 0 0;
    .port_info 0 /INPUT 1 "clk";
    .port_info 1 /INPUT 1 "clr";
    .port_info 2 /INPUT 1 "ldA";
    .port_info 3 /INPUT 1 "ldB";
    .port_info 4 /INPUT 1 "ldM";
    .port_info 5 /INPUT 1 "add";
    .port_info 6 /INPUT 1 "decB";
    .port_info 7 /OUTPUT 1 "eqz";
    .port_info 8 /INPUT 8 "data_in";
v000002afc569d850_0 .var "A", 7 0;
v000002afc569d2b0_0 .var "B", 7 0;
v000002afc569cd10_0 .var "M", 7 0;
v000002afc569da30_0 .net *"_ivl_0", 31 0, L_000002afc56e8450;  1 drivers
L_000002afc569eac8 .functor BUFT 1, C4<000000000000000000000000>, C4<0>, C4<0>, C4<0>;
v000002afc569d350_0 .net *"_ivl_3", 23 0, L_000002afc569eac8;  1 drivers
L_000002afc569eb10 .functor BUFT 1, C4<00000000000000000000000000000000>, C4<0>, C4<0>, C4<0>;
v000002afc569dc10_0 .net/2u *"_ivl_4", 31 0, L_000002afc569eb10;  1 drivers
v000002afc569dcb0_0 .net "add", 0 0, v000002afc569e750_0;  alias, 1 drivers
v000002afc569ce50_0 .net "clk", 0 0, o000002afc564a6c8;  alias, 0 drivers
v000002afc569cf90_0 .net "clr", 0 0, v000002afc569d5d0_0;  alias, 1 drivers
v000002afc569d990_0 .net "data_in", 7 0, o000002afc564aba8;  alias, 0 drivers
v000002afc569ddf0_0 .net "decB", 0 0, v000002afc569e610_0;  alias, 1 drivers
v000002afc569de90_0 .net "eqz", 0 0, L_000002afc56e7230;  alias, 1 drivers
v000002afc569c9f0_0 .net "ldA", 0 0, v000002afc569db70_0;  alias, 1 drivers
v000002afc569e570_0 .net "ldB", 0 0, v000002afc569e070_0;  alias, 1 drivers
v000002afc569e1b0_0 .net "ldM", 0 0, v000002afc569cbd0_0;  alias, 1 drivers
E_000002afc5633500 .event posedge, v000002afc569d5d0_0, v000002afc569d3f0_0;
L_000002afc56e8450 .concat [ 8 24 0 0], v000002afc569d2b0_0, L_000002afc569eac8;
L_000002afc56e7230 .cmp/eq 32, L_000002afc56e8450, L_000002afc569eb10;
    .scope S_000002afc563fec0;
T_0 ;
    %wait E_000002afc5633500;
    %load/vec4 v000002afc569cf90_0;
    %flag_set/vec4 8;
    %jmp/0xz  T_0.0, 8;
    %pushi/vec4 0, 0, 8;
    %assign/vec4 v000002afc569d850_0, 0;
    %jmp T_0.1;
T_0.0 ;
    %load/vec4 v000002afc569c9f0_0;
    %flag_set/vec4 8;
    %jmp/0xz  T_0.2, 8;
    %load/vec4 v000002afc569d990_0;
    %assign/vec4 v000002afc569d850_0, 0;
T_0.2 ;
T_0.1 ;
    %jmp T_0;
    .thread T_0;
    .scope S_000002afc563fec0;
T_1 ;
    %wait E_000002afc5633500;
    %load/vec4 v000002afc569cf90_0;
    %flag_set/vec4 8;
    %jmp/0xz  T_1.0, 8;
    %pushi/vec4 0, 0, 8;
    %assign/vec4 v000002afc569d2b0_0, 0;
    %jmp T_1.1;
T_1.0 ;
    %load/vec4 v000002afc569e570_0;
    %flag_set/vec4 8;
    %jmp/0xz  T_1.2, 8;
    %load/vec4 v000002afc569d990_0;
    %assign/vec4 v000002afc569d2b0_0, 0;
T_1.2 ;
T_1.1 ;
    %jmp T_1;
    .thread T_1;
    .scope S_000002afc563fec0;
T_2 ;
    %wait E_000002afc5633500;
    %load/vec4 v000002afc569cf90_0;
    %flag_set/vec4 8;
    %jmp/0xz  T_2.0, 8;
    %pushi/vec4 0, 0, 8;
    %assign/vec4 v000002afc569cd10_0, 0;
    %jmp T_2.1;
T_2.0 ;
    %load/vec4 v000002afc569e1b0_0;
    %flag_set/vec4 8;
    %jmp/0xz  T_2.2, 8;
    %pushi/vec4 0, 0, 8;
    %assign/vec4 v000002afc569cd10_0, 0;
    %jmp T_2.3;
T_2.2 ;
    %load/vec4 v000002afc569dcb0_0;
    %flag_set/vec4 8;
    %jmp/0xz  T_2.4, 8;
    %load/vec4 v000002afc569cd10_0;
    %load/vec4 v000002afc569d850_0;
    %add;
    %assign/vec4 v000002afc569cd10_0, 0;
T_2.4 ;
T_2.3 ;
T_2.1 ;
    %jmp T_2;
    .thread T_2;
    .scope S_000002afc563fec0;
T_3 ;
    %wait E_000002afc5633500;
    %load/vec4 v000002afc569cf90_0;
    %flag_set/vec4 8;
    %jmp/0xz  T_3.0, 8;
    %pushi/vec4 0, 0, 8;
    %assign/vec4 v000002afc569d2b0_0, 0;
    %jmp T_3.1;
T_3.0 ;
    %load/vec4 v000002afc569ddf0_0;
    %flag_set/vec4 8;
    %jmp/0xz  T_3.2, 8;
    %load/vec4 v000002afc569d2b0_0;
    %subi 1, 0, 8;
    %assign/vec4 v000002afc569d2b0_0, 0;
T_3.2 ;
T_3.1 ;
    %jmp T_3;
    .thread T_3;
    .scope S_000002afc5634b40;
T_4 ;
    %wait E_000002afc5633780;
    %load/vec4 v000002afc569cc70_0;
    %dup/vec4;
    %pushi/vec4 0, 0, 3;
    %cmp/u;
    %jmp/1 T_4.0, 6;
    %dup/vec4;
    %pushi/vec4 1, 0, 3;
    %cmp/u;
    %jmp/1 T_4.1, 6;
    %dup/vec4;
    %pushi/vec4 2, 0, 3;
    %cmp/u;
    %jmp/1 T_4.2, 6;
    %dup/vec4;
    %pushi/vec4 3, 0, 3;
    %cmp/u;
    %jmp/1 T_4.3, 6;
    %dup/vec4;
    %pushi/vec4 4, 0, 3;
    %cmp/u;
    %jmp/1 T_4.4, 6;
    %dup/vec4;
    %pushi/vec4 5, 0, 3;
    %cmp/u;
    %jmp/1 T_4.5, 6;
    %pushi/vec4 0, 0, 3;
    %assign/vec4 v000002afc569cc70_0, 0;
    %jmp T_4.7;
T_4.0 ;
    %load/vec4 v000002afc569cef0_0;
    %flag_set/vec4 8;
    %jmp/0xz  T_4.8, 8;
    %pushi/vec4 1, 0, 3;
    %assign/vec4 v000002afc569cc70_0, 0;
    %jmp T_4.9;
T_4.8 ;
    %pushi/vec4 0, 0, 3;
    %assign/vec4 v000002afc569cc70_0, 0;
T_4.9 ;
    %jmp T_4.7;
T_4.1 ;
    %pushi/vec4 2, 0, 3;
    %assign/vec4 v000002afc569cc70_0, 0;
    %jmp T_4.7;
T_4.2 ;
    %pushi/vec4 3, 0, 3;
    %assign/vec4 v000002afc569cc70_0, 0;
    %jmp T_4.7;
T_4.3 ;
    %load/vec4 v000002afc569d8f0_0;
    %flag_set/vec4 8;
    %jmp/0xz  T_4.10, 8;
    %pushi/vec4 5, 0, 3;
    %assign/vec4 v000002afc569cc70_0, 0;
    %jmp T_4.11;
T_4.10 ;
    %pushi/vec4 4, 0, 3;
    %assign/vec4 v000002afc569cc70_0, 0;
T_4.11 ;
    %jmp T_4.7;
T_4.4 ;
    %pushi/vec4 3, 0, 3;
    %assign/vec4 v000002afc569cc70_0, 0;
    %jmp T_4.7;
T_4.5 ;
    %pushi/vec4 5, 0, 3;
    %assign/vec4 v000002afc569cc70_0, 0;
    %jmp T_4.7;
T_4.7 ;
    %pop/vec4 1;
    %jmp T_4;
    .thread T_4;
    .scope S_000002afc5634b40;
T_5 ;
    %wait E_000002afc5633b00;
    %pushi/vec4 0, 0, 7;
    %split/vec4 1;
    %store/vec4 v000002afc569e4d0_0, 0, 1;
    %split/vec4 1;
    %store/vec4 v000002afc569d5d0_0, 0, 1;
    %split/vec4 1;
    %store/vec4 v000002afc569e610_0, 0, 1;
    %split/vec4 1;
    %store/vec4 v000002afc569e750_0, 0, 1;
    %split/vec4 1;
    %store/vec4 v000002afc569cbd0_0, 0, 1;
    %split/vec4 1;
    %store/vec4 v000002afc569e070_0, 0, 1;
    %store/vec4 v000002afc569db70_0, 0, 1;
    %load/vec4 v000002afc569cc70_0;
    %dup/vec4;
    %pushi/vec4 0, 0, 3;
    %cmp/u;
    %jmp/1 T_5.0, 6;
    %dup/vec4;
    %pushi/vec4 1, 0, 3;
    %cmp/u;
    %jmp/1 T_5.1, 6;
    %dup/vec4;
    %pushi/vec4 2, 0, 3;
    %cmp/u;
    %jmp/1 T_5.2, 6;
    %dup/vec4;
    %pushi/vec4 3, 0, 3;
    %cmp/u;
    %jmp/1 T_5.3, 6;
    %dup/vec4;
    %pushi/vec4 4, 0, 3;
    %cmp/u;
    %jmp/1 T_5.4, 6;
    %dup/vec4;
    %pushi/vec4 5, 0, 3;
    %cmp/u;
    %jmp/1 T_5.5, 6;
    %jmp T_5.6;
T_5.0 ;
    %pushi/vec4 1, 0, 1;
    %store/vec4 v000002afc569d5d0_0, 0, 1;
    %jmp T_5.6;
T_5.1 ;
    %pushi/vec4 1, 0, 1;
    %store/vec4 v000002afc569db70_0, 0, 1;
    %jmp T_5.6;
T_5.2 ;
    %pushi/vec4 1, 0, 1;
    %store/vec4 v000002afc569e070_0, 0, 1;
    %jmp T_5.6;
T_5.3 ;
    %pushi/vec4 1, 0, 1;
    %store/vec4 v000002afc569cbd0_0, 0, 1;
    %jmp T_5.6;
T_5.4 ;
    %pushi/vec4 1, 0, 1;
    %store/vec4 v000002afc569e750_0, 0, 1;
    %pushi/vec4 1, 0, 1;
    %store/vec4 v000002afc569e610_0, 0, 1;
    %jmp T_5.6;
T_5.5 ;
    %pushi/vec4 1, 0, 1;
    %store/vec4 v000002afc569e4d0_0, 0, 1;
    %jmp T_5.6;
T_5.6 ;
    %pop/vec4 1;
    %jmp T_5;
    .thread T_5, $push;
# The file index is used to find the file name in the following table.
:file_names 7;
    "N/A";
    "<interactive>";
    "Full_Adder_32bit.v";
    "Full_Subtractor_32bit.v";
    "top_level_module.v";
    "controlpath.v";
    "datapath.v";
