#! /home/cad/xilinx/iverilog/bin/vvp
:ivl_version "12.0 (stable)";
:ivl_delay_selection "TYPICAL";
:vpi_time_precision + 0;
:vpi_module "/home/cad/iverilog/lib/ivl/system.vpi";
:vpi_module "/home/cad/iverilog/lib/ivl/vhdl_sys.vpi";
:vpi_module "/home/cad/iverilog/lib/ivl/vhdl_textio.vpi";
:vpi_module "/home/cad/iverilog/lib/ivl/v2005_math.vpi";
:vpi_module "/home/cad/iverilog/lib/ivl/va_math.vpi";
S_0x15c7f50 .scope module, "RISCV_final_tb" "RISCV_final_tb" 2 1;
 .timescale 0 0;
v0x16cfa30_0 .var "clk", 0 0;
v0x16cfad0_0 .var "reset", 0 0;
S_0x1657ee0 .scope module, "u_RISCV_final" "RISCV_final" 2 4, 3 1 0, S_0x15c7f50;
 .timescale 0 0;
    .port_info 0 /INPUT 1 "reset";
    .port_info 1 /INPUT 1 "clk";
    .port_info 2 /OUTPUT 32 "display_data";
v0x16c6bf0_0 .net "ALUResult", 31 0, v0x16c7110_0;  1 drivers
v0x16ce7f0_0 .net "ALUSrc", 0 0, v0x16c54a0_0;  1 drivers
v0x16ce940_0 .net "ALU_Control", 3 0, v0x16c4d40_0;  1 drivers
v0x16cea70_0 .net "Carry", 0 0, v0x16c73e0_0;  1 drivers
v0x16ceb10_0 .net "ImmSrc", 1 0, v0x16c5710_0;  1 drivers
v0x16cec40_0 .net "Instr", 31 0, L_0x16ef270;  1 drivers
v0x16ced90_0 .net "MemWrite", 0 0, v0x16c58e0_0;  1 drivers
v0x16cee30_0 .net "Negative", 0 0, v0x16c74f0_0;  1 drivers
v0x16ceed0_0 .net "Overflow", 0 0, v0x16c75b0_0;  1 drivers
v0x16cf000_0 .net "PC", 31 0, v0x16c82d0_0;  1 drivers
v0x16cf0c0_0 .net "PCSrc", 0 0, L_0x16eef20;  1 drivers
v0x16cf160_0 .net "ReadData", 31 0, L_0x16ef4c0;  1 drivers
o0x7ffaa82c88b8 .functor BUFZ 1, C4<z>; HiZ drive
v0x16cf220_0 .net "RegSrc", 0 0, o0x7ffaa82c88b8;  0 drivers
v0x16cf2c0_0 .net "RegWrite", 0 0, v0x16c5980_0;  1 drivers
v0x16cf3f0_0 .net "ResultSrc", 1 0, v0x16c5a20_0;  1 drivers
v0x16cf540_0 .net "WriteData", 31 0, L_0x16ee2b0;  1 drivers
v0x16cf600_0 .net "Zero", 0 0, v0x16c7670_0;  1 drivers
v0x16cf7b0_0 .net "clk", 0 0, v0x16cfa30_0;  1 drivers
v0x16cf850_0 .net "display_data", 31 0, L_0x16ed0e0;  1 drivers
v0x16cf910_0 .net "reset", 0 0, v0x16cfad0_0;  1 drivers
S_0x1658a20 .scope module, "u_Data_Memory" "Data_Memory" 3 24, 4 1 0, S_0x1657ee0;
 .timescale 0 0;
    .port_info 0 /INPUT 32 "A";
    .port_info 1 /INPUT 32 "WD";
    .port_info 2 /INPUT 1 "clk";
    .port_info 3 /INPUT 1 "WE";
    .port_info 4 /OUTPUT 32 "RD";
L_0x16ef4c0 .functor BUFZ 32, L_0x16ef330, C4<00000000000000000000000000000000>, C4<00000000000000000000000000000000>, C4<00000000000000000000000000000000>;
v0x16ade80_0 .net "A", 31 0, v0x16c7110_0;  alias, 1 drivers
v0x16adf80_0 .net "RD", 31 0, L_0x16ef4c0;  alias, 1 drivers
v0x16ae6f0_0 .net "WD", 31 0, L_0x16ee2b0;  alias, 1 drivers
v0x16ae790_0 .net "WE", 0 0, v0x16c58e0_0;  alias, 1 drivers
v0x1695e50_0 .net *"_ivl_0", 31 0, L_0x16ef330;  1 drivers
v0x1673d80_0 .net *"_ivl_3", 29 0, L_0x16ef3d0;  1 drivers
v0x15c7050_0 .net "clk", 0 0, v0x16cfa30_0;  alias, 1 drivers
v0x16c3f80_0 .var/i "i", 31 0;
v0x16c4060 .array "mem", 63 0, 31 0;
E_0x15ff750 .event posedge, v0x15c7050_0;
L_0x16ef330 .array/port v0x16c4060, L_0x16ef3d0;
L_0x16ef3d0 .part v0x16c7110_0, 2, 30;
S_0x16abd70 .scope module, "u_Instruction_Memory" "Instruction_Memory" 3 22, 5 1 0, S_0x1657ee0;
 .timescale 0 0;
    .port_info 0 /INPUT 32 "A";
    .port_info 1 /OUTPUT 32 "RD";
L_0x16ef270 .functor BUFZ 32, L_0x16ef020, C4<00000000000000000000000000000000>, C4<00000000000000000000000000000000>, C4<00000000000000000000000000000000>;
v0x16c41e0_0 .net "A", 31 0, v0x16c82d0_0;  alias, 1 drivers
v0x16c42e0_0 .net "RD", 31 0, L_0x16ef270;  alias, 1 drivers
v0x16c43c0_0 .net *"_ivl_0", 31 0, L_0x16ef020;  1 drivers
v0x16c4480_0 .net *"_ivl_3", 29 0, L_0x16ef0c0;  1 drivers
v0x16c4560 .array "mem", 10 0, 31 0;
L_0x16ef020 .array/port v0x16c4560, L_0x16ef0c0;
L_0x16ef0c0 .part v0x16c82d0_0, 2, 30;
S_0x16c46d0 .scope module, "u_controlpath" "controlpath" 3 20, 6 1 0, S_0x1657ee0;
 .timescale 0 0;
    .port_info 0 /INPUT 1 "Zero";
    .port_info 1 /INPUT 32 "Instr";
    .port_info 2 /OUTPUT 1 "MemWrite";
    .port_info 3 /OUTPUT 1 "RegWrite";
    .port_info 4 /OUTPUT 1 "ALUSrc";
    .port_info 5 /OUTPUT 1 "RegSrc";
    .port_info 6 /OUTPUT 1 "PCSrc";
    .port_info 7 /OUTPUT 4 "ALU_Control";
    .port_info 8 /OUTPUT 2 "ResultSrc";
    .port_info 9 /OUTPUT 2 "ImmSrc";
L_0x16eeeb0 .functor BUFZ 1, v0x16c58e0_0, C4<0>, C4<0>, C4<0>;
L_0x16eef20 .functor AND 1, v0x16c5640_0, v0x16c7670_0, C4<1>, C4<1>;
v0x16c5d90_0 .net "ALUOp", 1 0, v0x16c5580_0;  1 drivers
v0x16c5e70_0 .net "ALUSrc", 0 0, v0x16c54a0_0;  alias, 1 drivers
v0x16c5f30_0 .net "ALU_Control", 3 0, v0x16c4d40_0;  alias, 1 drivers
v0x16c6030_0 .net "Branch", 0 0, v0x16c5640_0;  1 drivers
v0x16c6100_0 .net "ImmSrc", 1 0, v0x16c5710_0;  alias, 1 drivers
v0x16c61f0_0 .net "Instr", 31 0, L_0x16ef270;  alias, 1 drivers
v0x16c62c0_0 .net "Jump", 0 0, v0x16c57d0_0;  1 drivers
v0x16c6390_0 .net "MemWrite", 0 0, v0x16c58e0_0;  alias, 1 drivers
v0x16c6480_0 .net "PCSrc", 0 0, L_0x16eef20;  alias, 1 drivers
v0x16c65b0_0 .net "RegSrc", 0 0, o0x7ffaa82c88b8;  alias, 0 drivers
v0x16c6650_0 .net "RegWrite", 0 0, v0x16c5980_0;  alias, 1 drivers
v0x16c66f0_0 .net "ResultSrc", 1 0, v0x16c5a20_0;  alias, 1 drivers
v0x16c67c0_0 .net "WE", 0 0, L_0x16eeeb0;  1 drivers
v0x16c6860_0 .net "Zero", 0 0, v0x16c7670_0;  alias, 1 drivers
L_0x16eeaf0 .part L_0x16ef270, 0, 7;
L_0x16eeca0 .part L_0x16ef270, 12, 3;
L_0x16eed40 .part L_0x16ef270, 30, 1;
L_0x16eede0 .part L_0x16ef270, 4, 1;
S_0x16c49b0 .scope module, "u_ALUDecoder" "ALUDecoder" 6 15, 7 1 0, S_0x16c46d0;
 .timescale 0 0;
    .port_info 0 /OUTPUT 4 "ALU_Control";
    .port_info 1 /INPUT 2 "ALUOp";
    .port_info 2 /INPUT 3 "funct3";
    .port_info 3 /INPUT 1 "funct7b5";
    .port_info 4 /INPUT 1 "opb5";
v0x16c4c40_0 .net "ALUOp", 1 0, v0x16c5580_0;  alias, 1 drivers
v0x16c4d40_0 .var "ALU_Control", 3 0;
v0x16c4e20_0 .net "funct3", 2 0, L_0x16eeca0;  1 drivers
v0x16c4ee0_0 .net "funct7b5", 0 0, L_0x16eed40;  1 drivers
v0x16c4fa0_0 .net "opb5", 0 0, L_0x16eede0;  1 drivers
E_0x1600510 .event anyedge, v0x16c4c40_0, v0x16c4e20_0, v0x16c4ee0_0, v0x16c4fa0_0;
S_0x16c5150 .scope module, "u_Main_Decoder" "Main_Decoder" 6 13, 8 1 0, S_0x16c46d0;
 .timescale 0 0;
    .port_info 0 /INPUT 7 "op";
    .port_info 1 /OUTPUT 1 "RegWrite";
    .port_info 2 /OUTPUT 2 "ImmSrc";
    .port_info 3 /OUTPUT 1 "ALUSrc";
    .port_info 4 /OUTPUT 1 "MemWrite";
    .port_info 5 /OUTPUT 2 "ResultSrc";
    .port_info 6 /OUTPUT 1 "Branch";
    .port_info 7 /OUTPUT 2 "ALUop";
    .port_info 8 /OUTPUT 1 "Jump";
v0x16c54a0_0 .var "ALUSrc", 0 0;
v0x16c5580_0 .var "ALUop", 1 0;
v0x16c5640_0 .var "Branch", 0 0;
v0x16c5710_0 .var "ImmSrc", 1 0;
v0x16c57d0_0 .var "Jump", 0 0;
v0x16c58e0_0 .var "MemWrite", 0 0;
v0x16c5980_0 .var "RegWrite", 0 0;
v0x16c5a20_0 .var "ResultSrc", 1 0;
v0x16c5b00_0 .net "op", 6 0, L_0x16eeaf0;  1 drivers
E_0x1600120 .event anyedge, v0x16c5b00_0;
S_0x16c6a60 .scope module, "u_datapath" "datapath" 3 15, 9 1 0, S_0x1657ee0;
 .timescale 0 0;
    .port_info 0 /INPUT 1 "clk";
    .port_info 1 /INPUT 1 "reset";
    .port_info 2 /INPUT 1 "RegSrc";
    .port_info 3 /INPUT 1 "PCSrc";
    .port_info 4 /INPUT 1 "ALUSrc";
    .port_info 5 /INPUT 1 "RegWrite";
    .port_info 6 /INPUT 2 "ResultSrc";
    .port_info 7 /INPUT 2 "ImmSrc";
    .port_info 8 /INPUT 4 "ALU_Control";
    .port_info 9 /INPUT 32 "Instr";
    .port_info 10 /INPUT 32 "ReadData";
    .port_info 11 /OUTPUT 1 "Zero";
    .port_info 12 /OUTPUT 1 "Overflow";
    .port_info 13 /OUTPUT 1 "Carry";
    .port_info 14 /OUTPUT 1 "Negative";
    .port_info 15 /OUTPUT 32 "display_data";
    .port_info 16 /OUTPUT 32 "PC";
    .port_info 17 /OUTPUT 32 "ALUResult";
    .port_info 18 /OUTPUT 32 "WriteData";
L_0x16ee2b0 .functor BUFZ 32, L_0x16edf80, C4<00000000000000000000000000000000>, C4<00000000000000000000000000000000>, C4<00000000000000000000000000000000>;
v0x16cce30_0 .net "ALUResult", 31 0, v0x16c7110_0;  alias, 1 drivers
v0x16ccf10_0 .net "ALUSrc", 0 0, v0x16c54a0_0;  alias, 1 drivers
v0x16ccfd0_0 .net "ALU_Control", 3 0, v0x16c4d40_0;  alias, 1 drivers
v0x16cd070_0 .net "B", 31 0, L_0x16ee3b0;  1 drivers
v0x16cd110_0 .net "Carry", 0 0, v0x16c73e0_0;  alias, 1 drivers
v0x16cd200_0 .net "ImmExt", 31 0, v0x16c89a0_0;  1 drivers
v0x16cd2a0_0 .net "ImmSrc", 1 0, v0x16c5710_0;  alias, 1 drivers
v0x16cd360_0 .net "Instr", 31 0, L_0x16ef270;  alias, 1 drivers
v0x16cd420_0 .net "Negative", 0 0, v0x16c74f0_0;  alias, 1 drivers
v0x16cd550_0 .net "Overflow", 0 0, v0x16c75b0_0;  alias, 1 drivers
v0x16cd5f0_0 .net "PC", 31 0, v0x16c82d0_0;  alias, 1 drivers
v0x16cd720_0 .net "PCSrc", 0 0, L_0x16eef20;  alias, 1 drivers
v0x16cd7c0_0 .net "PC_Next", 31 0, L_0x16ed310;  1 drivers
v0x16cd860_0 .net "PC_Plus_4", 31 0, L_0x16ed040;  1 drivers
v0x16cd920_0 .net "PC_Target", 31 0, L_0x16ed1e0;  1 drivers
v0x16cda30_0 .net "RD1", 31 0, L_0x16ed870;  1 drivers
v0x16cdb40_0 .net "RD2", 31 0, L_0x16edf80;  1 drivers
v0x16cdd60_0 .net "ReadData", 31 0, L_0x16ef4c0;  alias, 1 drivers
v0x16cde70_0 .net "RegSrc", 0 0, o0x7ffaa82c88b8;  alias, 0 drivers
v0x16cdf10_0 .net "RegWrite", 0 0, v0x16c5980_0;  alias, 1 drivers
v0x16cdfb0_0 .net "Result", 31 0, L_0x16ee970;  1 drivers
v0x16ce0a0_0 .net "ResultSrc", 1 0, v0x16c5a20_0;  alias, 1 drivers
v0x16ce160_0 .net "WriteData", 31 0, L_0x16ee2b0;  alias, 1 drivers
v0x16ce220_0 .net "Zero", 0 0, v0x16c7670_0;  alias, 1 drivers
v0x16ce310_0 .net "clk", 0 0, v0x16cfa30_0;  alias, 1 drivers
v0x16ce3b0_0 .net "display_data", 31 0, L_0x16ed0e0;  alias, 1 drivers
v0x16ce450_0 .net "reset", 0 0, v0x16cfad0_0;  alias, 1 drivers
L_0x16ee0d0 .part L_0x16ef270, 15, 5;
L_0x16ee170 .part L_0x16ef270, 20, 5;
L_0x16ee210 .part L_0x16ef270, 7, 5;
S_0x16c6c90 .scope module, "u_ALU32" "ALU32" 9 35, 10 1 0, S_0x16c6a60;
 .timescale 0 0;
    .port_info 0 /INPUT 32 "A";
    .port_info 1 /INPUT 32 "B";
    .port_info 2 /INPUT 4 "ALU_Control";
    .port_info 3 /OUTPUT 1 "Zero";
    .port_info 4 /OUTPUT 1 "Overflow";
    .port_info 5 /OUTPUT 1 "Carry";
    .port_info 6 /OUTPUT 1 "Negative";
    .port_info 7 /OUTPUT 32 "ALUResult";
v0x16c7010_0 .net "A", 31 0, L_0x16ed870;  alias, 1 drivers
v0x16c7110_0 .var "ALUResult", 31 0;
v0x16c7200_0 .net "ALU_Control", 3 0, v0x16c4d40_0;  alias, 1 drivers
v0x16c7320_0 .net "B", 31 0, L_0x16ee3b0;  alias, 1 drivers
v0x16c73e0_0 .var "Carry", 0 0;
v0x16c74f0_0 .var "Negative", 0 0;
v0x16c75b0_0 .var "Overflow", 0 0;
v0x16c7670_0 .var "Zero", 0 0;
v0x16c7710_0 .var "slt", 0 0;
v0x16c7840_0 .var "sltu", 0 0;
v0x16c7900_0 .var "sum", 32 0;
E_0x15eab90/0 .event anyedge, v0x16c7010_0, v0x16c7320_0, v0x16c4d40_0, v0x16c7900_0;
E_0x15eab90/1 .event anyedge, v0x16ade80_0, v0x16c7710_0, v0x16c7840_0;
E_0x15eab90 .event/or E_0x15eab90/0, E_0x15eab90/1;
S_0x16c7ae0 .scope module, "u_ALU_Mux" "ALU_Mux" 9 32, 11 1 0, S_0x16c6a60;
 .timescale 0 0;
    .port_info 0 /OUTPUT 32 "B";
    .port_info 1 /INPUT 32 "WD";
    .port_info 2 /INPUT 32 "ImmExt";
    .port_info 3 /INPUT 1 "ALUSrc";
v0x16c7c90_0 .net "ALUSrc", 0 0, v0x16c54a0_0;  alias, 1 drivers
v0x16c7d80_0 .net "B", 31 0, L_0x16ee3b0;  alias, 1 drivers
v0x16c7e40_0 .net "ImmExt", 31 0, v0x16c89a0_0;  alias, 1 drivers
v0x16c7f10_0 .net "WD", 31 0, L_0x16edf80;  alias, 1 drivers
L_0x16ee3b0 .functor MUXZ 32, L_0x16edf80, v0x16c89a0_0, v0x16c54a0_0, C4<>;
S_0x16c80a0 .scope module, "u_Dff" "Dff" 9 23, 12 1 0, S_0x16c6a60;
 .timescale 0 0;
    .port_info 0 /INPUT 32 "PC_Next";
    .port_info 1 /INPUT 1 "clk";
    .port_info 2 /INPUT 1 "reset";
    .port_info 3 /OUTPUT 32 "PC";
v0x16c82d0_0 .var "PC", 31 0;
v0x16c83e0_0 .net "PC_Next", 31 0, L_0x16ed310;  alias, 1 drivers
v0x16c84a0_0 .net "clk", 0 0, v0x16cfa30_0;  alias, 1 drivers
v0x16c85a0_0 .net "reset", 0 0, v0x16cfad0_0;  alias, 1 drivers
E_0x16b16d0 .event posedge, v0x16c85a0_0, v0x15c7050_0;
S_0x16c86d0 .scope module, "u_Extend" "Extend" 9 21, 13 1 0, S_0x16c6a60;
 .timescale 0 0;
    .port_info 0 /OUTPUT 32 "ImmExt";
    .port_info 1 /INPUT 2 "ImmSrc";
    .port_info 2 /INPUT 32 "Instr";
v0x16c89a0_0 .var "ImmExt", 31 0;
v0x16c8a80_0 .net "ImmSrc", 1 0, v0x16c5710_0;  alias, 1 drivers
v0x16c8b70_0 .net "Instr", 31 0, L_0x16ef270;  alias, 1 drivers
E_0x16c8920 .event anyedge, v0x16c5710_0, v0x16c42e0_0;
S_0x16c8ce0 .scope module, "u_PC_Mux" "PC_Mux" 9 20, 14 1 0, S_0x16c6a60;
 .timescale 0 0;
    .port_info 0 /OUTPUT 32 "PC_Next";
    .port_info 1 /INPUT 32 "PC_Target";
    .port_info 2 /INPUT 32 "PC_Plus_4";
    .port_info 3 /INPUT 1 "PCSrc";
v0x16c8f10_0 .net "PCSrc", 0 0, L_0x16eef20;  alias, 1 drivers
v0x16c8fb0_0 .net "PC_Next", 31 0, L_0x16ed310;  alias, 1 drivers
v0x16c9080_0 .net "PC_Plus_4", 31 0, L_0x16ed040;  alias, 1 drivers
v0x16c9150_0 .net "PC_Target", 31 0, L_0x16ed1e0;  alias, 1 drivers
L_0x16ed310 .functor MUXZ 32, L_0x16ed040, L_0x16ed1e0, L_0x16eef20, C4<>;
S_0x16c92e0 .scope module, "u_PC_Plus_4" "PC_Plus_4" 9 18, 15 1 0, S_0x16c6a60;
 .timescale 0 0;
    .port_info 0 /OUTPUT 32 "PC_Plus_4";
    .port_info 1 /INPUT 32 "PC";
v0x16c9520_0 .net "PC", 31 0, v0x16c82d0_0;  alias, 1 drivers
v0x16c9650_0 .net "PC_Plus_4", 31 0, L_0x16ed040;  alias, 1 drivers
L_0x7ffaa827f018 .functor BUFT 1, C4<00000000000000000000000000000100>, C4<0>, C4<0>, C4<0>;
v0x16c9710_0 .net/2u *"_ivl_0", 31 0, L_0x7ffaa827f018;  1 drivers
L_0x16ed040 .arith/sum 32, v0x16c82d0_0, L_0x7ffaa827f018;
S_0x16c9810 .scope module, "u_PC_Target" "PC_Target" 9 19, 16 1 0, S_0x16c6a60;
 .timescale 0 0;
    .port_info 0 /OUTPUT 32 "PC_Target";
    .port_info 1 /INPUT 32 "PC";
    .port_info 2 /INPUT 32 "ImmExt";
v0x16c9a40_0 .net "ImmExt", 31 0, v0x16c89a0_0;  alias, 1 drivers
v0x16c9b70_0 .net "PC", 31 0, v0x16c82d0_0;  alias, 1 drivers
v0x16c9c30_0 .net "PC_Target", 31 0, L_0x16ed1e0;  alias, 1 drivers
L_0x16ed1e0 .arith/sum 32, v0x16c82d0_0, v0x16c89a0_0;
S_0x16c9d60 .scope module, "u_Register_File" "Register_File" 9 26, 17 1 0, S_0x16c6a60;
 .timescale 0 0;
    .port_info 0 /INPUT 5 "RA1";
    .port_info 1 /INPUT 5 "RA2";
    .port_info 2 /INPUT 5 "WA3";
    .port_info 3 /INPUT 32 "WD3";
    .port_info 4 /INPUT 1 "WE3";
    .port_info 5 /INPUT 1 "clk";
    .port_info 6 /OUTPUT 32 "RD1";
    .port_info 7 /OUTPUT 32 "RD2";
    .port_info 8 /OUTPUT 32 "display_data";
v0x16cb8a0_4 .array/port v0x16cb8a0, 4;
L_0x16ed0e0 .functor BUFZ 32, v0x16cb8a0_4, C4<00000000000000000000000000000000>, C4<00000000000000000000000000000000>, C4<00000000000000000000000000000000>;
v0x16ca070_0 .net "RA1", 4 0, L_0x16ee0d0;  1 drivers
v0x16ca150_0 .net "RA2", 4 0, L_0x16ee170;  1 drivers
v0x16ca230_0 .net "RD1", 31 0, L_0x16ed870;  alias, 1 drivers
v0x16ca330_0 .net "RD2", 31 0, L_0x16edf80;  alias, 1 drivers
v0x16ca400_0 .net "WA3", 4 0, L_0x16ee210;  1 drivers
v0x16ca510_0 .net "WD3", 31 0, L_0x16ee970;  alias, 1 drivers
v0x16ca5f0_0 .net "WE3", 0 0, v0x16c5980_0;  alias, 1 drivers
v0x16ca6e0_0 .net *"_ivl_0", 31 0, L_0x16ed4d0;  1 drivers
v0x16ca7c0_0 .net *"_ivl_10", 31 0, L_0x16ed610;  1 drivers
v0x16ca930_0 .net *"_ivl_12", 6 0, L_0x16ed6b0;  1 drivers
L_0x7ffaa827f138 .functor BUFT 1, C4<00>, C4<0>, C4<0>, C4<0>;
v0x16caa10_0 .net *"_ivl_15", 1 0, L_0x7ffaa827f138;  1 drivers
v0x16caaf0_0 .net *"_ivl_18", 31 0, L_0x16eda00;  1 drivers
L_0x7ffaa827f180 .functor BUFT 1, C4<000000000000000000000000000>, C4<0>, C4<0>, C4<0>;
v0x16cabd0_0 .net *"_ivl_21", 26 0, L_0x7ffaa827f180;  1 drivers
L_0x7ffaa827f1c8 .functor BUFT 1, C4<00000000000000000000000000000000>, C4<0>, C4<0>, C4<0>;
v0x16cacb0_0 .net/2u *"_ivl_22", 31 0, L_0x7ffaa827f1c8;  1 drivers
v0x16cad90_0 .net *"_ivl_24", 0 0, L_0x16edb30;  1 drivers
L_0x7ffaa827f210 .functor BUFT 1, C4<00000000000000000000000000000000>, C4<0>, C4<0>, C4<0>;
v0x16cae50_0 .net/2u *"_ivl_26", 31 0, L_0x7ffaa827f210;  1 drivers
v0x16caf30_0 .net *"_ivl_28", 31 0, L_0x16edc70;  1 drivers
L_0x7ffaa827f060 .functor BUFT 1, C4<000000000000000000000000000>, C4<0>, C4<0>, C4<0>;
v0x16cb120_0 .net *"_ivl_3", 26 0, L_0x7ffaa827f060;  1 drivers
v0x16cb200_0 .net *"_ivl_30", 6 0, L_0x16edd60;  1 drivers
L_0x7ffaa827f258 .functor BUFT 1, C4<00>, C4<0>, C4<0>, C4<0>;
v0x16cb2e0_0 .net *"_ivl_33", 1 0, L_0x7ffaa827f258;  1 drivers
L_0x7ffaa827f0a8 .functor BUFT 1, C4<00000000000000000000000000000000>, C4<0>, C4<0>, C4<0>;
v0x16cb3c0_0 .net/2u *"_ivl_4", 31 0, L_0x7ffaa827f0a8;  1 drivers
v0x16cb4a0_0 .net *"_ivl_6", 0 0, L_0x16ed570;  1 drivers
L_0x7ffaa827f0f0 .functor BUFT 1, C4<00000000000000000000000000000000>, C4<0>, C4<0>, C4<0>;
v0x16cb560_0 .net/2u *"_ivl_8", 31 0, L_0x7ffaa827f0f0;  1 drivers
v0x16cb640_0 .net "clk", 0 0, v0x16cfa30_0;  alias, 1 drivers
v0x16cb6e0_0 .net "display_data", 31 0, L_0x16ed0e0;  alias, 1 drivers
v0x16cb7c0_0 .var/i "i", 31 0;
v0x16cb8a0 .array "regfile", 31 0, 31 0;
L_0x16ed4d0 .concat [ 5 27 0 0], L_0x16ee0d0, L_0x7ffaa827f060;
L_0x16ed570 .cmp/eq 32, L_0x16ed4d0, L_0x7ffaa827f0a8;
L_0x16ed610 .array/port v0x16cb8a0, L_0x16ed6b0;
L_0x16ed6b0 .concat [ 5 2 0 0], L_0x16ee0d0, L_0x7ffaa827f138;
L_0x16ed870 .functor MUXZ 32, L_0x16ed610, L_0x7ffaa827f0f0, L_0x16ed570, C4<>;
L_0x16eda00 .concat [ 5 27 0 0], L_0x16ee170, L_0x7ffaa827f180;
L_0x16edb30 .cmp/eq 32, L_0x16eda00, L_0x7ffaa827f1c8;
L_0x16edc70 .array/port v0x16cb8a0, L_0x16edd60;
L_0x16edd60 .concat [ 5 2 0 0], L_0x16ee170, L_0x7ffaa827f258;
L_0x16edf80 .functor MUXZ 32, L_0x16edc70, L_0x7ffaa827f210, L_0x16edb30, C4<>;
S_0x16cbfe0 .scope module, "u_Result_Mux" "Result_Mux" 9 38, 18 1 0, S_0x16c6a60;
 .timescale 0 0;
    .port_info 0 /OUTPUT 32 "Result";
    .port_info 1 /INPUT 2 "ResultSrc";
    .port_info 2 /INPUT 32 "ALUResult";
    .port_info 3 /INPUT 32 "ReadData";
    .port_info 4 /INPUT 32 "PC_Plus_4";
v0x16cc1f0_0 .net "ALUResult", 31 0, v0x16c7110_0;  alias, 1 drivers
v0x16cc2d0_0 .net "PC_Plus_4", 31 0, L_0x16ed040;  alias, 1 drivers
v0x16cc3e0_0 .net "ReadData", 31 0, L_0x16ef4c0;  alias, 1 drivers
v0x16cc480_0 .net "Result", 31 0, L_0x16ee970;  alias, 1 drivers
v0x16cc520_0 .net "ResultSrc", 1 0, v0x16c5a20_0;  alias, 1 drivers
L_0x7ffaa827f2a0 .functor BUFT 1, C4<11>, C4<0>, C4<0>, C4<0>;
v0x16cc660_0 .net/2u *"_ivl_0", 1 0, L_0x7ffaa827f2a0;  1 drivers
v0x16cc740_0 .net *"_ivl_10", 0 0, L_0x16ee5e0;  1 drivers
v0x16cc800_0 .net *"_ivl_12", 31 0, L_0x16ee6d0;  1 drivers
v0x16cc8e0_0 .net *"_ivl_14", 31 0, L_0x16ee880;  1 drivers
v0x16cca50_0 .net *"_ivl_2", 0 0, L_0x16ee450;  1 drivers
L_0x7ffaa827f2e8 .functor BUFT 1, C4<10>, C4<0>, C4<0>, C4<0>;
v0x16ccb10_0 .net/2u *"_ivl_4", 1 0, L_0x7ffaa827f2e8;  1 drivers
v0x16ccbf0_0 .net *"_ivl_6", 0 0, L_0x16ee4f0;  1 drivers
L_0x7ffaa827f330 .functor BUFT 1, C4<01>, C4<0>, C4<0>, C4<0>;
v0x16cccb0_0 .net/2u *"_ivl_8", 1 0, L_0x7ffaa827f330;  1 drivers
L_0x16ee450 .cmp/eq 2, v0x16c5a20_0, L_0x7ffaa827f2a0;
L_0x16ee4f0 .cmp/eq 2, v0x16c5a20_0, L_0x7ffaa827f2e8;
L_0x16ee5e0 .cmp/eq 2, v0x16c5a20_0, L_0x7ffaa827f330;
L_0x16ee6d0 .functor MUXZ 32, v0x16c7110_0, L_0x16ef4c0, L_0x16ee5e0, C4<>;
L_0x16ee880 .functor MUXZ 32, L_0x16ee6d0, L_0x16ed040, L_0x16ee4f0, C4<>;
L_0x16ee970 .functor MUXZ 32, L_0x16ee880, L_0x16ed040, L_0x16ee450, C4<>;
S_0x16a9500 .scope module, "seven_seg" "seven_seg" 19 1;
 .timescale 0 0;
    .port_info 0 /INPUT 1 "clk_100mhz";
    .port_info 1 /INPUT 1 "reset";
    .port_info 2 /OUTPUT 4 "Anode_Activate";
    .port_info 3 /OUTPUT 7 "LED_out";
v0x16dc660_0 .var "Anode_Activate", 3 0;
v0x16dc740_0 .var "LED_BCD", 3 0;
v0x16dc820_0 .net "LED_activating_counter", 1 0, L_0x16f1b70;  1 drivers
v0x16dc8e0_0 .var "LED_out", 6 0;
o0x7ffaa82ccbd8 .functor BUFZ 1, C4<z>; HiZ drive
v0x16dc9c0_0 .net "clk_100mhz", 0 0, o0x7ffaa82ccbd8;  0 drivers
v0x16dca80_0 .var "clk_1hz", 0 0;
v0x16dcb20_0 .var "count", 31 0;
v0x16dcc00_0 .var "displayed_number", 15 0;
v0x16dcce0_0 .var "refresh_counter", 19 0;
o0x7ffaa82cb4f8 .functor BUFZ 1, C4<z>; HiZ drive
v0x16dce50_0 .net "reset", 0 0, o0x7ffaa82cb4f8;  0 drivers
v0x16dcef0_0 .net "result", 31 0, L_0x16ef620;  1 drivers
E_0x16cfb90 .event anyedge, v0x16dc740_0;
E_0x16cfbf0 .event anyedge, v0x16dc820_0, v0x16dcc00_0;
E_0x16cfc50 .event posedge, v0x16d51d0_0, v0x16dc9c0_0;
L_0x16f1b70 .part v0x16dcce0_0, 18, 2;
S_0x16cfcb0 .scope module, "uut" "RISCV_final" 19 20, 3 1 0, S_0x16a9500;
 .timescale 0 0;
    .port_info 0 /INPUT 1 "reset";
    .port_info 1 /INPUT 1 "clk";
    .port_info 2 /OUTPUT 32 "display_data";
v0x16d35d0_0 .net "ALUResult", 31 0, v0x16d3d00_0;  1 drivers
v0x16db420_0 .net "ALUSrc", 0 0, v0x16d1fd0_0;  1 drivers
v0x16db570_0 .net "ALU_Control", 3 0, v0x16d1830_0;  1 drivers
v0x16db6a0_0 .net "Carry", 0 0, v0x16d3fd0_0;  1 drivers
v0x16db740_0 .net "ImmSrc", 1 0, v0x16d2210_0;  1 drivers
v0x16db870_0 .net "Instr", 31 0, L_0x16f1860;  1 drivers
v0x16db9c0_0 .net "MemWrite", 0 0, v0x16d23e0_0;  1 drivers
v0x16dba60_0 .net "Negative", 0 0, v0x16d40e0_0;  1 drivers
v0x16dbb00_0 .net "Overflow", 0 0, v0x16d41a0_0;  1 drivers
v0x16dbc30_0 .net "PC", 31 0, v0x16d4f00_0;  1 drivers
v0x16dbcf0_0 .net "PCSrc", 0 0, L_0x16f14e0;  1 drivers
v0x16dbd90_0 .net "ReadData", 31 0, L_0x16f1ab0;  1 drivers
o0x7ffaa82cae38 .functor BUFZ 1, C4<z>; HiZ drive
v0x16dbe50_0 .net "RegSrc", 0 0, o0x7ffaa82cae38;  0 drivers
v0x16dbef0_0 .net "RegWrite", 0 0, v0x16d2480_0;  1 drivers
v0x16dc020_0 .net "ResultSrc", 1 0, v0x16d2520_0;  1 drivers
v0x16dc170_0 .net "WriteData", 31 0, L_0x16f08c0;  1 drivers
v0x16dc230_0 .net "Zero", 0 0, v0x16d4260_0;  1 drivers
v0x16dc3e0_0 .net "clk", 0 0, v0x16dca80_0;  1 drivers
v0x16dc480_0 .net "display_data", 31 0, L_0x16ef620;  alias, 1 drivers
v0x16dc540_0 .net "reset", 0 0, o0x7ffaa82cb4f8;  alias, 0 drivers
S_0x16cfed0 .scope module, "u_Data_Memory" "Data_Memory" 3 24, 4 1 0, S_0x16cfcb0;
 .timescale 0 0;
    .port_info 0 /INPUT 32 "A";
    .port_info 1 /INPUT 32 "WD";
    .port_info 2 /INPUT 1 "clk";
    .port_info 3 /INPUT 1 "WE";
    .port_info 4 /OUTPUT 32 "RD";
L_0x16f1ab0 .functor BUFZ 32, L_0x16f1920, C4<00000000000000000000000000000000>, C4<00000000000000000000000000000000>, C4<00000000000000000000000000000000>;
v0x16d01d0_0 .net "A", 31 0, v0x16d3d00_0;  alias, 1 drivers
v0x16d02d0_0 .net "RD", 31 0, L_0x16f1ab0;  alias, 1 drivers
v0x16d03b0_0 .net "WD", 31 0, L_0x16f08c0;  alias, 1 drivers
v0x16d0470_0 .net "WE", 0 0, v0x16d23e0_0;  alias, 1 drivers
v0x16d0530_0 .net *"_ivl_0", 31 0, L_0x16f1920;  1 drivers
v0x16d0660_0 .net *"_ivl_3", 29 0, L_0x16f19c0;  1 drivers
v0x16d0740_0 .net "clk", 0 0, v0x16dca80_0;  alias, 1 drivers
v0x16d0800_0 .var/i "i", 31 0;
v0x16d08e0 .array "mem", 63 0, 31 0;
E_0x16d0150 .event posedge, v0x16d0740_0;
L_0x16f1920 .array/port v0x16d08e0, L_0x16f19c0;
L_0x16f19c0 .part v0x16d3d00_0, 2, 30;
S_0x16d0ad0 .scope module, "u_Instruction_Memory" "Instruction_Memory" 3 22, 5 1 0, S_0x16cfcb0;
 .timescale 0 0;
    .port_info 0 /INPUT 32 "A";
    .port_info 1 /OUTPUT 32 "RD";
L_0x16f1860 .functor BUFZ 32, L_0x16f15e0, C4<00000000000000000000000000000000>, C4<00000000000000000000000000000000>, C4<00000000000000000000000000000000>;
v0x16d0cc0_0 .net "A", 31 0, v0x16d4f00_0;  alias, 1 drivers
v0x16d0dc0_0 .net "RD", 31 0, L_0x16f1860;  alias, 1 drivers
v0x16d0ea0_0 .net *"_ivl_0", 31 0, L_0x16f15e0;  1 drivers
v0x16d0f60_0 .net *"_ivl_3", 29 0, L_0x16f16b0;  1 drivers
v0x16d1040 .array "mem", 10 0, 31 0;
L_0x16f15e0 .array/port v0x16d1040, L_0x16f16b0;
L_0x16f16b0 .part v0x16d4f00_0, 2, 30;
S_0x16d11b0 .scope module, "u_controlpath" "controlpath" 3 20, 6 1 0, S_0x16cfcb0;
 .timescale 0 0;
    .port_info 0 /INPUT 1 "Zero";
    .port_info 1 /INPUT 32 "Instr";
    .port_info 2 /OUTPUT 1 "MemWrite";
    .port_info 3 /OUTPUT 1 "RegWrite";
    .port_info 4 /OUTPUT 1 "ALUSrc";
    .port_info 5 /OUTPUT 1 "RegSrc";
    .port_info 6 /OUTPUT 1 "PCSrc";
    .port_info 7 /OUTPUT 4 "ALU_Control";
    .port_info 8 /OUTPUT 2 "ResultSrc";
    .port_info 9 /OUTPUT 2 "ImmSrc";
L_0x16f1470 .functor BUFZ 1, v0x16d23e0_0, C4<0>, C4<0>, C4<0>;
L_0x16f14e0 .functor AND 1, v0x16d2170_0, v0x16d4260_0, C4<1>, C4<1>;
v0x16d2890_0 .net "ALUOp", 1 0, v0x16d20b0_0;  1 drivers
v0x16d2970_0 .net "ALUSrc", 0 0, v0x16d1fd0_0;  alias, 1 drivers
v0x16d2a30_0 .net "ALU_Control", 3 0, v0x16d1830_0;  alias, 1 drivers
v0x16d2ad0_0 .net "Branch", 0 0, v0x16d2170_0;  1 drivers
v0x16d2b70_0 .net "ImmSrc", 1 0, v0x16d2210_0;  alias, 1 drivers
v0x16d2c60_0 .net "Instr", 31 0, L_0x16f1860;  alias, 1 drivers
v0x16d2d00_0 .net "Jump", 0 0, v0x16d22d0_0;  1 drivers
v0x16d2da0_0 .net "MemWrite", 0 0, v0x16d23e0_0;  alias, 1 drivers
v0x16d2e90_0 .net "PCSrc", 0 0, L_0x16f14e0;  alias, 1 drivers
v0x16d2fc0_0 .net "RegSrc", 0 0, o0x7ffaa82cae38;  alias, 0 drivers
v0x16d3060_0 .net "RegWrite", 0 0, v0x16d2480_0;  alias, 1 drivers
v0x16d3100_0 .net "ResultSrc", 1 0, v0x16d2520_0;  alias, 1 drivers
v0x16d31a0_0 .net "WE", 0 0, L_0x16f1470;  1 drivers
v0x16d3240_0 .net "Zero", 0 0, v0x16d4260_0;  alias, 1 drivers
L_0x16f10b0 .part L_0x16f1860, 0, 7;
L_0x16f1260 .part L_0x16f1860, 12, 3;
L_0x16f1300 .part L_0x16f1860, 30, 1;
L_0x16f13a0 .part L_0x16f1860, 4, 1;
S_0x16d1490 .scope module, "u_ALUDecoder" "ALUDecoder" 6 15, 7 1 0, S_0x16d11b0;
 .timescale 0 0;
    .port_info 0 /OUTPUT 4 "ALU_Control";
    .port_info 1 /INPUT 2 "ALUOp";
    .port_info 2 /INPUT 3 "funct3";
    .port_info 3 /INPUT 1 "funct7b5";
    .port_info 4 /INPUT 1 "opb5";
v0x16d1730_0 .net "ALUOp", 1 0, v0x16d20b0_0;  alias, 1 drivers
v0x16d1830_0 .var "ALU_Control", 3 0;
v0x16d1910_0 .net "funct3", 2 0, L_0x16f1260;  1 drivers
v0x16d19d0_0 .net "funct7b5", 0 0, L_0x16f1300;  1 drivers
v0x16d1a90_0 .net "opb5", 0 0, L_0x16f13a0;  1 drivers
E_0x16d16f0 .event anyedge, v0x16d1730_0, v0x16d1910_0, v0x16d19d0_0, v0x16d1a90_0;
S_0x16d1c40 .scope module, "u_Main_Decoder" "Main_Decoder" 6 13, 8 1 0, S_0x16d11b0;
 .timescale 0 0;
    .port_info 0 /INPUT 7 "op";
    .port_info 1 /OUTPUT 1 "RegWrite";
    .port_info 2 /OUTPUT 2 "ImmSrc";
    .port_info 3 /OUTPUT 1 "ALUSrc";
    .port_info 4 /OUTPUT 1 "MemWrite";
    .port_info 5 /OUTPUT 2 "ResultSrc";
    .port_info 6 /OUTPUT 1 "Branch";
    .port_info 7 /OUTPUT 2 "ALUop";
    .port_info 8 /OUTPUT 1 "Jump";
v0x16d1fd0_0 .var "ALUSrc", 0 0;
v0x16d20b0_0 .var "ALUop", 1 0;
v0x16d2170_0 .var "Branch", 0 0;
v0x16d2210_0 .var "ImmSrc", 1 0;
v0x16d22d0_0 .var "Jump", 0 0;
v0x16d23e0_0 .var "MemWrite", 0 0;
v0x16d2480_0 .var "RegWrite", 0 0;
v0x16d2520_0 .var "ResultSrc", 1 0;
v0x16d2600_0 .net "op", 6 0, L_0x16f10b0;  1 drivers
E_0x16d1f70 .event anyedge, v0x16d2600_0;
S_0x16d3440 .scope module, "u_datapath" "datapath" 3 15, 9 1 0, S_0x16cfcb0;
 .timescale 0 0;
    .port_info 0 /INPUT 1 "clk";
    .port_info 1 /INPUT 1 "reset";
    .port_info 2 /INPUT 1 "RegSrc";
    .port_info 3 /INPUT 1 "PCSrc";
    .port_info 4 /INPUT 1 "ALUSrc";
    .port_info 5 /INPUT 1 "RegWrite";
    .port_info 6 /INPUT 2 "ResultSrc";
    .port_info 7 /INPUT 2 "ImmSrc";
    .port_info 8 /INPUT 4 "ALU_Control";
    .port_info 9 /INPUT 32 "Instr";
    .port_info 10 /INPUT 32 "ReadData";
    .port_info 11 /OUTPUT 1 "Zero";
    .port_info 12 /OUTPUT 1 "Overflow";
    .port_info 13 /OUTPUT 1 "Carry";
    .port_info 14 /OUTPUT 1 "Negative";
    .port_info 15 /OUTPUT 32 "display_data";
    .port_info 16 /OUTPUT 32 "PC";
    .port_info 17 /OUTPUT 32 "ALUResult";
    .port_info 18 /OUTPUT 32 "WriteData";
L_0x16f08c0 .functor BUFZ 32, L_0x16f0540, C4<00000000000000000000000000000000>, C4<00000000000000000000000000000000>, C4<00000000000000000000000000000000>;
v0x16d9a60_0 .net "ALUResult", 31 0, v0x16d3d00_0;  alias, 1 drivers
v0x16d9b40_0 .net "ALUSrc", 0 0, v0x16d1fd0_0;  alias, 1 drivers
v0x16d9c00_0 .net "ALU_Control", 3 0, v0x16d1830_0;  alias, 1 drivers
v0x16d9ca0_0 .net "B", 31 0, L_0x16f09c0;  1 drivers
v0x16d9d40_0 .net "Carry", 0 0, v0x16d3fd0_0;  alias, 1 drivers
v0x16d9e30_0 .net "ImmExt", 31 0, v0x16d55d0_0;  1 drivers
v0x16d9ed0_0 .net "ImmSrc", 1 0, v0x16d2210_0;  alias, 1 drivers
v0x16d9f90_0 .net "Instr", 31 0, L_0x16f1860;  alias, 1 drivers
v0x16da050_0 .net "Negative", 0 0, v0x16d40e0_0;  alias, 1 drivers
v0x16da180_0 .net "Overflow", 0 0, v0x16d41a0_0;  alias, 1 drivers
v0x16da220_0 .net "PC", 31 0, v0x16d4f00_0;  alias, 1 drivers
v0x16da350_0 .net "PCSrc", 0 0, L_0x16f14e0;  alias, 1 drivers
v0x16da3f0_0 .net "PC_Next", 31 0, L_0x16ef7c0;  1 drivers
v0x16da490_0 .net "PC_Plus_4", 31 0, L_0x16ef580;  1 drivers
v0x16da550_0 .net "PC_Target", 31 0, L_0x16ef690;  1 drivers
v0x16da660_0 .net "RD1", 31 0, L_0x16efec0;  1 drivers
v0x16da770_0 .net "RD2", 31 0, L_0x16f0540;  1 drivers
v0x16da990_0 .net "ReadData", 31 0, L_0x16f1ab0;  alias, 1 drivers
v0x16daaa0_0 .net "RegSrc", 0 0, o0x7ffaa82cae38;  alias, 0 drivers
v0x16dab40_0 .net "RegWrite", 0 0, v0x16d2480_0;  alias, 1 drivers
v0x16dabe0_0 .net "Result", 31 0, L_0x16f0f30;  1 drivers
v0x16dacd0_0 .net "ResultSrc", 1 0, v0x16d2520_0;  alias, 1 drivers
v0x16dad90_0 .net "WriteData", 31 0, L_0x16f08c0;  alias, 1 drivers
v0x16dae50_0 .net "Zero", 0 0, v0x16d4260_0;  alias, 1 drivers
v0x16daf40_0 .net "clk", 0 0, v0x16dca80_0;  alias, 1 drivers
v0x16dafe0_0 .net "display_data", 31 0, L_0x16ef620;  alias, 1 drivers
v0x16db080_0 .net "reset", 0 0, o0x7ffaa82cb4f8;  alias, 0 drivers
L_0x16f06e0 .part L_0x16f1860, 15, 5;
L_0x16f0780 .part L_0x16f1860, 20, 5;
L_0x16f0820 .part L_0x16f1860, 7, 5;
S_0x16d3840 .scope module, "u_ALU32" "ALU32" 9 35, 10 1 0, S_0x16d3440;
 .timescale 0 0;
    .port_info 0 /INPUT 32 "A";
    .port_info 1 /INPUT 32 "B";
    .port_info 2 /INPUT 4 "ALU_Control";
    .port_info 3 /OUTPUT 1 "Zero";
    .port_info 4 /OUTPUT 1 "Overflow";
    .port_info 5 /OUTPUT 1 "Carry";
    .port_info 6 /OUTPUT 1 "Negative";
    .port_info 7 /OUTPUT 32 "ALUResult";
v0x16d3c00_0 .net "A", 31 0, L_0x16efec0;  alias, 1 drivers
v0x16d3d00_0 .var "ALUResult", 31 0;
v0x16d3df0_0 .net "ALU_Control", 3 0, v0x16d1830_0;  alias, 1 drivers
v0x16d3f10_0 .net "B", 31 0, L_0x16f09c0;  alias, 1 drivers
v0x16d3fd0_0 .var "Carry", 0 0;
v0x16d40e0_0 .var "Negative", 0 0;
v0x16d41a0_0 .var "Overflow", 0 0;
v0x16d4260_0 .var "Zero", 0 0;
v0x16d4300_0 .var "slt", 0 0;
v0x16d4430_0 .var "sltu", 0 0;
v0x16d44f0_0 .var "sum", 32 0;
E_0x16d3b60/0 .event anyedge, v0x16d3c00_0, v0x16d3f10_0, v0x16d1830_0, v0x16d44f0_0;
E_0x16d3b60/1 .event anyedge, v0x16d01d0_0, v0x16d4300_0, v0x16d4430_0;
E_0x16d3b60 .event/or E_0x16d3b60/0, E_0x16d3b60/1;
S_0x16d46d0 .scope module, "u_ALU_Mux" "ALU_Mux" 9 32, 11 1 0, S_0x16d3440;
 .timescale 0 0;
    .port_info 0 /OUTPUT 32 "B";
    .port_info 1 /INPUT 32 "WD";
    .port_info 2 /INPUT 32 "ImmExt";
    .port_info 3 /INPUT 1 "ALUSrc";
v0x16d4880_0 .net "ALUSrc", 0 0, v0x16d1fd0_0;  alias, 1 drivers
v0x16d4970_0 .net "B", 31 0, L_0x16f09c0;  alias, 1 drivers
v0x16d4a30_0 .net "ImmExt", 31 0, v0x16d55d0_0;  alias, 1 drivers
v0x16d4b00_0 .net "WD", 31 0, L_0x16f0540;  alias, 1 drivers
L_0x16f09c0 .functor MUXZ 32, L_0x16f0540, v0x16d55d0_0, v0x16d1fd0_0, C4<>;
S_0x16d4c90 .scope module, "u_Dff" "Dff" 9 23, 12 1 0, S_0x16d3440;
 .timescale 0 0;
    .port_info 0 /INPUT 32 "PC_Next";
    .port_info 1 /INPUT 1 "clk";
    .port_info 2 /INPUT 1 "reset";
    .port_info 3 /OUTPUT 32 "PC";
v0x16d4f00_0 .var "PC", 31 0;
v0x16d5010_0 .net "PC_Next", 31 0, L_0x16ef7c0;  alias, 1 drivers
v0x16d50d0_0 .net "clk", 0 0, v0x16dca80_0;  alias, 1 drivers
v0x16d51d0_0 .net "reset", 0 0, o0x7ffaa82cb4f8;  alias, 0 drivers
E_0x16d4ea0 .event posedge, v0x16d51d0_0, v0x16d0740_0;
S_0x16d5300 .scope module, "u_Extend" "Extend" 9 21, 13 1 0, S_0x16d3440;
 .timescale 0 0;
    .port_info 0 /OUTPUT 32 "ImmExt";
    .port_info 1 /INPUT 2 "ImmSrc";
    .port_info 2 /INPUT 32 "Instr";
v0x16d55d0_0 .var "ImmExt", 31 0;
v0x16d56b0_0 .net "ImmSrc", 1 0, v0x16d2210_0;  alias, 1 drivers
v0x16d57a0_0 .net "Instr", 31 0, L_0x16f1860;  alias, 1 drivers
E_0x16d5550 .event anyedge, v0x16d2210_0, v0x16d0dc0_0;
S_0x16d5910 .scope module, "u_PC_Mux" "PC_Mux" 9 20, 14 1 0, S_0x16d3440;
 .timescale 0 0;
    .port_info 0 /OUTPUT 32 "PC_Next";
    .port_info 1 /INPUT 32 "PC_Target";
    .port_info 2 /INPUT 32 "PC_Plus_4";
    .port_info 3 /INPUT 1 "PCSrc";
v0x16d5b40_0 .net "PCSrc", 0 0, L_0x16f14e0;  alias, 1 drivers
v0x16d5be0_0 .net "PC_Next", 31 0, L_0x16ef7c0;  alias, 1 drivers
v0x16d5cb0_0 .net "PC_Plus_4", 31 0, L_0x16ef580;  alias, 1 drivers
v0x16d5d80_0 .net "PC_Target", 31 0, L_0x16ef690;  alias, 1 drivers
L_0x16ef7c0 .functor MUXZ 32, L_0x16ef580, L_0x16ef690, L_0x16f14e0, C4<>;
S_0x16d5f10 .scope module, "u_PC_Plus_4" "PC_Plus_4" 9 18, 15 1 0, S_0x16d3440;
 .timescale 0 0;
    .port_info 0 /OUTPUT 32 "PC_Plus_4";
    .port_info 1 /INPUT 32 "PC";
v0x16d6150_0 .net "PC", 31 0, v0x16d4f00_0;  alias, 1 drivers
v0x16d6280_0 .net "PC_Plus_4", 31 0, L_0x16ef580;  alias, 1 drivers
L_0x7ffaa827f378 .functor BUFT 1, C4<00000000000000000000000000000100>, C4<0>, C4<0>, C4<0>;
v0x16d6340_0 .net/2u *"_ivl_0", 31 0, L_0x7ffaa827f378;  1 drivers
L_0x16ef580 .arith/sum 32, v0x16d4f00_0, L_0x7ffaa827f378;
S_0x16d6440 .scope module, "u_PC_Target" "PC_Target" 9 19, 16 1 0, S_0x16d3440;
 .timescale 0 0;
    .port_info 0 /OUTPUT 32 "PC_Target";
    .port_info 1 /INPUT 32 "PC";
    .port_info 2 /INPUT 32 "ImmExt";
v0x16d6670_0 .net "ImmExt", 31 0, v0x16d55d0_0;  alias, 1 drivers
v0x16d67a0_0 .net "PC", 31 0, v0x16d4f00_0;  alias, 1 drivers
v0x16d6860_0 .net "PC_Target", 31 0, L_0x16ef690;  alias, 1 drivers
L_0x16ef690 .arith/sum 32, v0x16d4f00_0, v0x16d55d0_0;
S_0x16d6990 .scope module, "u_Register_File" "Register_File" 9 26, 17 1 0, S_0x16d3440;
 .timescale 0 0;
    .port_info 0 /INPUT 5 "RA1";
    .port_info 1 /INPUT 5 "RA2";
    .port_info 2 /INPUT 5 "WA3";
    .port_info 3 /INPUT 32 "WD3";
    .port_info 4 /INPUT 1 "WE3";
    .port_info 5 /INPUT 1 "clk";
    .port_info 6 /OUTPUT 32 "RD1";
    .port_info 7 /OUTPUT 32 "RD2";
    .port_info 8 /OUTPUT 32 "display_data";
v0x16d84d0_4 .array/port v0x16d84d0, 4;
L_0x16ef620 .functor BUFZ 32, v0x16d84d0_4, C4<00000000000000000000000000000000>, C4<00000000000000000000000000000000>, C4<00000000000000000000000000000000>;
v0x16d6ca0_0 .net "RA1", 4 0, L_0x16f06e0;  1 drivers
v0x16d6d80_0 .net "RA2", 4 0, L_0x16f0780;  1 drivers
v0x16d6e60_0 .net "RD1", 31 0, L_0x16efec0;  alias, 1 drivers
v0x16d6f60_0 .net "RD2", 31 0, L_0x16f0540;  alias, 1 drivers
v0x16d7030_0 .net "WA3", 4 0, L_0x16f0820;  1 drivers
v0x16d7140_0 .net "WD3", 31 0, L_0x16f0f30;  alias, 1 drivers
v0x16d7220_0 .net "WE3", 0 0, v0x16d2480_0;  alias, 1 drivers
v0x16d7310_0 .net *"_ivl_0", 31 0, L_0x16ef980;  1 drivers
v0x16d73f0_0 .net *"_ivl_10", 31 0, L_0x16efb20;  1 drivers
v0x16d7560_0 .net *"_ivl_12", 6 0, L_0x16efbf0;  1 drivers
L_0x7ffaa827f498 .functor BUFT 1, C4<00>, C4<0>, C4<0>, C4<0>;
v0x16d7640_0 .net *"_ivl_15", 1 0, L_0x7ffaa827f498;  1 drivers
v0x16d7720_0 .net *"_ivl_18", 31 0, L_0x16f0050;  1 drivers
L_0x7ffaa827f4e0 .functor BUFT 1, C4<000000000000000000000000000>, C4<0>, C4<0>, C4<0>;
v0x16d7800_0 .net *"_ivl_21", 26 0, L_0x7ffaa827f4e0;  1 drivers
L_0x7ffaa827f528 .functor BUFT 1, C4<00000000000000000000000000000000>, C4<0>, C4<0>, C4<0>;
v0x16d78e0_0 .net/2u *"_ivl_22", 31 0, L_0x7ffaa827f528;  1 drivers
v0x16d79c0_0 .net *"_ivl_24", 0 0, L_0x16f0180;  1 drivers
L_0x7ffaa827f570 .functor BUFT 1, C4<00000000000000000000000000000000>, C4<0>, C4<0>, C4<0>;
v0x16d7a80_0 .net/2u *"_ivl_26", 31 0, L_0x7ffaa827f570;  1 drivers
v0x16d7b60_0 .net *"_ivl_28", 31 0, L_0x16f02c0;  1 drivers
L_0x7ffaa827f3c0 .functor BUFT 1, C4<000000000000000000000000000>, C4<0>, C4<0>, C4<0>;
v0x16d7d50_0 .net *"_ivl_3", 26 0, L_0x7ffaa827f3c0;  1 drivers
v0x16d7e30_0 .net *"_ivl_30", 6 0, L_0x16f03b0;  1 drivers
L_0x7ffaa827f5b8 .functor BUFT 1, C4<00>, C4<0>, C4<0>, C4<0>;
v0x16d7f10_0 .net *"_ivl_33", 1 0, L_0x7ffaa827f5b8;  1 drivers
L_0x7ffaa827f408 .functor BUFT 1, C4<00000000000000000000000000000000>, C4<0>, C4<0>, C4<0>;
v0x16d7ff0_0 .net/2u *"_ivl_4", 31 0, L_0x7ffaa827f408;  1 drivers
v0x16d80d0_0 .net *"_ivl_6", 0 0, L_0x16efa50;  1 drivers
L_0x7ffaa827f450 .functor BUFT 1, C4<00000000000000000000000000000000>, C4<0>, C4<0>, C4<0>;
v0x16d8190_0 .net/2u *"_ivl_8", 31 0, L_0x7ffaa827f450;  1 drivers
v0x16d8270_0 .net "clk", 0 0, v0x16dca80_0;  alias, 1 drivers
v0x16d8310_0 .net "display_data", 31 0, L_0x16ef620;  alias, 1 drivers
v0x16d83f0_0 .var/i "i", 31 0;
v0x16d84d0 .array "regfile", 31 0, 31 0;
L_0x16ef980 .concat [ 5 27 0 0], L_0x16f06e0, L_0x7ffaa827f3c0;
L_0x16efa50 .cmp/eq 32, L_0x16ef980, L_0x7ffaa827f408;
L_0x16efb20 .array/port v0x16d84d0, L_0x16efbf0;
L_0x16efbf0 .concat [ 5 2 0 0], L_0x16f06e0, L_0x7ffaa827f498;
L_0x16efec0 .functor MUXZ 32, L_0x16efb20, L_0x7ffaa827f450, L_0x16efa50, C4<>;
L_0x16f0050 .concat [ 5 27 0 0], L_0x16f0780, L_0x7ffaa827f4e0;
L_0x16f0180 .cmp/eq 32, L_0x16f0050, L_0x7ffaa827f528;
L_0x16f02c0 .array/port v0x16d84d0, L_0x16f03b0;
L_0x16f03b0 .concat [ 5 2 0 0], L_0x16f0780, L_0x7ffaa827f5b8;
L_0x16f0540 .functor MUXZ 32, L_0x16f02c0, L_0x7ffaa827f570, L_0x16f0180, C4<>;
S_0x16d8c10 .scope module, "u_Result_Mux" "Result_Mux" 9 38, 18 1 0, S_0x16d3440;
 .timescale 0 0;
    .port_info 0 /OUTPUT 32 "Result";
    .port_info 1 /INPUT 2 "ResultSrc";
    .port_info 2 /INPUT 32 "ALUResult";
    .port_info 3 /INPUT 32 "ReadData";
    .port_info 4 /INPUT 32 "PC_Plus_4";
v0x16d8e20_0 .net "ALUResult", 31 0, v0x16d3d00_0;  alias, 1 drivers
v0x16d8f00_0 .net "PC_Plus_4", 31 0, L_0x16ef580;  alias, 1 drivers
v0x16d9010_0 .net "ReadData", 31 0, L_0x16f1ab0;  alias, 1 drivers
v0x16d90b0_0 .net "Result", 31 0, L_0x16f0f30;  alias, 1 drivers
v0x16d9150_0 .net "ResultSrc", 1 0, v0x16d2520_0;  alias, 1 drivers
L_0x7ffaa827f600 .functor BUFT 1, C4<11>, C4<0>, C4<0>, C4<0>;
v0x16d9290_0 .net/2u *"_ivl_0", 1 0, L_0x7ffaa827f600;  1 drivers
v0x16d9370_0 .net *"_ivl_10", 0 0, L_0x16f0ba0;  1 drivers
v0x16d9430_0 .net *"_ivl_12", 31 0, L_0x16f0c90;  1 drivers
v0x16d9510_0 .net *"_ivl_14", 31 0, L_0x16f0e40;  1 drivers
v0x16d9680_0 .net *"_ivl_2", 0 0, L_0x16f0a60;  1 drivers
L_0x7ffaa827f648 .functor BUFT 1, C4<10>, C4<0>, C4<0>, C4<0>;
v0x16d9740_0 .net/2u *"_ivl_4", 1 0, L_0x7ffaa827f648;  1 drivers
v0x16d9820_0 .net *"_ivl_6", 0 0, L_0x16f0b00;  1 drivers
L_0x7ffaa827f690 .functor BUFT 1, C4<01>, C4<0>, C4<0>, C4<0>;
v0x16d98e0_0 .net/2u *"_ivl_8", 1 0, L_0x7ffaa827f690;  1 drivers
L_0x16f0a60 .cmp/eq 2, v0x16d2520_0, L_0x7ffaa827f600;
L_0x16f0b00 .cmp/eq 2, v0x16d2520_0, L_0x7ffaa827f648;
L_0x16f0ba0 .cmp/eq 2, v0x16d2520_0, L_0x7ffaa827f690;
L_0x16f0c90 .functor MUXZ 32, v0x16d3d00_0, L_0x16f1ab0, L_0x16f0ba0, C4<>;
L_0x16f0e40 .functor MUXZ 32, L_0x16f0c90, L_0x16ef580, L_0x16f0b00, C4<>;
L_0x16f0f30 .functor MUXZ 32, L_0x16f0e40, L_0x16ef580, L_0x16f0a60, C4<>;
    .scope S_0x16c86d0;
T_0 ;
    %wait E_0x16c8920;
    %load/vec4 v0x16c8a80_0;
    %dup/vec4;
    %pushi/vec4 0, 0, 2;
    %cmp/u;
    %jmp/1 T_0.0, 6;
    %dup/vec4;
    %pushi/vec4 1, 0, 2;
    %cmp/u;
    %jmp/1 T_0.1, 6;
    %dup/vec4;
    %pushi/vec4 2, 0, 2;
    %cmp/u;
    %jmp/1 T_0.2, 6;
    %dup/vec4;
    %pushi/vec4 3, 0, 2;
    %cmp/u;
    %jmp/1 T_0.3, 6;
    %pushi/vec4 0, 0, 32;
    %store/vec4 v0x16c89a0_0, 0, 32;
    %jmp T_0.5;
T_0.0 ;
    %load/vec4 v0x16c8b70_0;
    %parti/s 1, 31, 6;
    %replicate 20;
    %load/vec4 v0x16c8b70_0;
    %parti/s 12, 20, 6;
    %concat/vec4; draw_concat_vec4
    %store/vec4 v0x16c89a0_0, 0, 32;
    %jmp T_0.5;
T_0.1 ;
    %load/vec4 v0x16c8b70_0;
    %parti/s 1, 31, 6;
    %replicate 20;
    %load/vec4 v0x16c8b70_0;
    %parti/s 7, 25, 6;
    %concat/vec4; draw_concat_vec4
    %load/vec4 v0x16c8b70_0;
    %parti/s 5, 7, 4;
    %concat/vec4; draw_concat_vec4
    %store/vec4 v0x16c89a0_0, 0, 32;
    %jmp T_0.5;
T_0.2 ;
    %load/vec4 v0x16c8b70_0;
    %parti/s 1, 31, 6;
    %replicate 20;
    %load/vec4 v0x16c8b70_0;
    %parti/s 1, 7, 4;
    %concat/vec4; draw_concat_vec4
    %load/vec4 v0x16c8b70_0;
    %parti/s 6, 25, 6;
    %concat/vec4; draw_concat_vec4
    %load/vec4 v0x16c8b70_0;
    %parti/s 4, 8, 5;
    %concat/vec4; draw_concat_vec4
    %concati/vec4 0, 0, 1;
    %store/vec4 v0x16c89a0_0, 0, 32;
    %jmp T_0.5;
T_0.3 ;
    %load/vec4 v0x16c8b70_0;
    %parti/s 1, 31, 6;
    %replicate 12;
    %load/vec4 v0x16c8b70_0;
    %parti/s 8, 12, 5;
    %concat/vec4; draw_concat_vec4
    %load/vec4 v0x16c8b70_0;
    %parti/s 1, 20, 6;
    %concat/vec4; draw_concat_vec4
    %load/vec4 v0x16c8b70_0;
    %parti/s 10, 21, 6;
    %concat/vec4; draw_concat_vec4
    %concati/vec4 0, 0, 1;
    %store/vec4 v0x16c89a0_0, 0, 32;
    %jmp T_0.5;
T_0.5 ;
    %pop/vec4 1;
    %jmp T_0;
    .thread T_0, $push;
    .scope S_0x16c80a0;
T_1 ;
    %wait E_0x16b16d0;
    %load/vec4 v0x16c85a0_0;
    %flag_set/vec4 8;
    %jmp/0xz  T_1.0, 8;
    %pushi/vec4 0, 0, 32;
    %assign/vec4 v0x16c82d0_0, 0;
    %jmp T_1.1;
T_1.0 ;
    %load/vec4 v0x16c83e0_0;
    %assign/vec4 v0x16c82d0_0, 0;
T_1.1 ;
    %jmp T_1;
    .thread T_1;
    .scope S_0x16c9d60;
T_2 ;
    %pushi/vec4 0, 0, 32;
    %store/vec4 v0x16cb7c0_0, 0, 32;
T_2.0 ;
    %load/vec4 v0x16cb7c0_0;
    %cmpi/s 32, 0, 32;
    %jmp/0xz T_2.1, 5;
    %pushi/vec4 0, 0, 32;
    %ix/getv/s 4, v0x16cb7c0_0;
    %store/vec4a v0x16cb8a0, 4, 0;
    %load/vec4 v0x16cb7c0_0;
    %addi 1, 0, 32;
    %store/vec4 v0x16cb7c0_0, 0, 32;
    %jmp T_2.0;
T_2.1 ;
    %end;
    .thread T_2;
    .scope S_0x16c9d60;
T_3 ;
    %wait E_0x15ff750;
    %load/vec4 v0x16ca5f0_0;
    %flag_set/vec4 9;
    %flag_get/vec4 9;
    %jmp/0 T_3.2, 9;
    %load/vec4 v0x16ca400_0;
    %pad/u 32;
    %pushi/vec4 0, 0, 32;
    %cmp/ne;
    %flag_get/vec4 4;
    %and;
T_3.2;
    %flag_set/vec4 8;
    %jmp/0xz  T_3.0, 8;
    %load/vec4 v0x16ca510_0;
    %load/vec4 v0x16ca400_0;
    %pad/u 7;
    %ix/vec4 3;
    %ix/load 4, 0, 0; Constant delay
    %assign/vec4/a/d v0x16cb8a0, 0, 4;
T_3.0 ;
    %jmp T_3;
    .thread T_3;
    .scope S_0x16c6c90;
T_4 ;
    %wait E_0x15eab90;
    %load/vec4 v0x16c7010_0;
    %parti/s 1, 31, 6;
    %load/vec4 v0x16c7320_0;
    %parti/s 1, 31, 6;
    %cmp/e;
    %flag_mov 8, 4;
    %jmp/0 T_4.0, 8;
    %load/vec4 v0x16c7010_0;
    %load/vec4 v0x16c7320_0;
    %cmp/u;
    %flag_get/vec4 5;
    %jmp/1 T_4.1, 8;
T_4.0 ; End of true expr.
    %load/vec4 v0x16c7010_0;
    %parti/s 1, 31, 6;
    %jmp/0 T_4.1, 8;
 ; End of false expr.
    %blend;
T_4.1;
    %store/vec4 v0x16c7710_0, 0, 1;
    %load/vec4 v0x16c7010_0;
    %load/vec4 v0x16c7320_0;
    %cmp/u;
    %flag_get/vec4 5;
    %store/vec4 v0x16c7840_0, 0, 1;
    %pushi/vec4 0, 0, 1;
    %store/vec4 v0x16c73e0_0, 0, 1;
    %pushi/vec4 0, 0, 1;
    %store/vec4 v0x16c75b0_0, 0, 1;
    %pushi/vec4 0, 0, 1;
    %store/vec4 v0x16c7670_0, 0, 1;
    %pushi/vec4 0, 0, 32;
    %store/vec4 v0x16c7110_0, 0, 32;
    %pushi/vec4 0, 0, 1;
    %store/vec4 v0x16c74f0_0, 0, 1;
    %load/vec4 v0x16c7200_0;
    %dup/vec4;
    %pushi/vec4 0, 0, 4;
    %cmp/u;
    %jmp/1 T_4.2, 6;
    %dup/vec4;
    %pushi/vec4 1, 0, 4;
    %cmp/u;
    %jmp/1 T_4.3, 6;
    %dup/vec4;
    %pushi/vec4 2, 0, 4;
    %cmp/u;
    %jmp/1 T_4.4, 6;
    %dup/vec4;
    %pushi/vec4 3, 0, 4;
    %cmp/u;
    %jmp/1 T_4.5, 6;
    %dup/vec4;
    %pushi/vec4 4, 0, 4;
    %cmp/u;
    %jmp/1 T_4.6, 6;
    %dup/vec4;
    %pushi/vec4 5, 0, 4;
    %cmp/u;
    %jmp/1 T_4.7, 6;
    %dup/vec4;
    %pushi/vec4 6, 0, 4;
    %cmp/u;
    %jmp/1 T_4.8, 6;
    %dup/vec4;
    %pushi/vec4 7, 0, 4;
    %cmp/u;
    %jmp/1 T_4.9, 6;
    %dup/vec4;
    %pushi/vec4 8, 0, 4;
    %cmp/u;
    %jmp/1 T_4.10, 6;
    %dup/vec4;
    %pushi/vec4 9, 0, 4;
    %cmp/u;
    %jmp/1 T_4.11, 6;
    %dup/vec4;
    %pushi/vec4 10, 0, 4;
    %cmp/u;
    %jmp/1 T_4.12, 6;
    %dup/vec4;
    %pushi/vec4 11, 0, 4;
    %cmp/u;
    %jmp/1 T_4.13, 6;
    %pushi/vec4 4294967295, 4294967295, 32;
    %store/vec4 v0x16c7110_0, 0, 32;
    %jmp T_4.15;
T_4.2 ;
    %pushi/vec4 0, 0, 1;
    %load/vec4 v0x16c7010_0;
    %concat/vec4; draw_concat_vec4
    %pushi/vec4 0, 0, 1;
    %load/vec4 v0x16c7320_0;
    %concat/vec4; draw_concat_vec4
    %add;
    %store/vec4 v0x16c7900_0, 0, 33;
    %load/vec4 v0x16c7900_0;
    %parti/s 32, 0, 2;
    %store/vec4 v0x16c7110_0, 0, 32;
    %load/vec4 v0x16c7900_0;
    %parti/s 1, 32, 7;
    %store/vec4 v0x16c73e0_0, 0, 1;
    %load/vec4 v0x16c7010_0;
    %parti/s 1, 31, 6;
    %inv;
    %load/vec4 v0x16c7320_0;
    %parti/s 1, 31, 6;
    %and;
    %load/vec4 v0x16c7110_0;
    %parti/s 1, 31, 6;
    %and;
    %load/vec4 v0x16c7010_0;
    %parti/s 1, 31, 6;
    %load/vec4 v0x16c7320_0;
    %parti/s 1, 31, 6;
    %and;
    %load/vec4 v0x16c7110_0;
    %parti/s 1, 31, 6;
    %inv;
    %and;
    %or;
    %store/vec4 v0x16c75b0_0, 0, 1;
    %jmp T_4.15;
T_4.3 ;
    %load/vec4 v0x16c7010_0;
    %load/vec4 v0x16c7320_0;
    %sub;
    %store/vec4 v0x16c7110_0, 0, 32;
    %load/vec4 v0x16c7110_0;
    %parti/s 1, 31, 6;
    %store/vec4 v0x16c74f0_0, 0, 1;
    %load/vec4 v0x16c7010_0;
    %parti/s 1, 31, 6;
    %load/vec4 v0x16c7320_0;
    %parti/s 1, 31, 6;
    %inv;
    %and;
    %load/vec4 v0x16c7110_0;
    %parti/s 1, 31, 6;
    %inv;
    %and;
    %load/vec4 v0x16c7010_0;
    %parti/s 1, 31, 6;
    %inv;
    %load/vec4 v0x16c7320_0;
    %parti/s 1, 31, 6;
    %and;
    %load/vec4 v0x16c7110_0;
    %parti/s 1, 31, 6;
    %and;
    %or;
    %store/vec4 v0x16c75b0_0, 0, 1;
    %jmp T_4.15;
T_4.4 ;
    %load/vec4 v0x16c7010_0;
    %load/vec4 v0x16c7320_0;
    %and;
    %store/vec4 v0x16c7110_0, 0, 32;
    %jmp T_4.15;
T_4.5 ;
    %load/vec4 v0x16c7010_0;
    %load/vec4 v0x16c7320_0;
    %or;
    %store/vec4 v0x16c7110_0, 0, 32;
    %jmp T_4.15;
T_4.6 ;
    %load/vec4 v0x16c7010_0;
    %load/vec4 v0x16c7320_0;
    %xor;
    %store/vec4 v0x16c7110_0, 0, 32;
    %jmp T_4.15;
T_4.7 ;
    %pushi/vec4 0, 0, 31;
    %load/vec4 v0x16c7710_0;
    %concat/vec4; draw_concat_vec4
    %store/vec4 v0x16c7110_0, 0, 32;
    %jmp T_4.15;
T_4.8 ;
    %pushi/vec4 0, 0, 31;
    %load/vec4 v0x16c7840_0;
    %concat/vec4; draw_concat_vec4
    %store/vec4 v0x16c7110_0, 0, 32;
    %jmp T_4.15;
T_4.9 ;
    %load/vec4 v0x16c7010_0;
    %parti/s 20, 12, 5;
    %concati/vec4 0, 0, 12;
    %store/vec4 v0x16c7110_0, 0, 32;
    %jmp T_4.15;
T_4.10 ;
    %load/vec4 v0x16c7010_0;
    %load/vec4 v0x16c7320_0;
    %parti/s 20, 12, 5;
    %concati/vec4 0, 0, 12;
    %add;
    %store/vec4 v0x16c7110_0, 0, 32;
    %jmp T_4.15;
T_4.11 ;
    %load/vec4 v0x16c7320_0;
    %parti/s 20, 12, 5;
    %concati/vec4 0, 0, 12;
    %store/vec4 v0x16c7110_0, 0, 32;
    %jmp T_4.15;
T_4.12 ;
    %load/vec4 v0x16c7010_0;
    %ix/getv 4, v0x16c7320_0;
    %shiftr 4;
    %store/vec4 v0x16c7110_0, 0, 32;
    %jmp T_4.15;
T_4.13 ;
    %load/vec4 v0x16c7010_0;
    %ix/getv 4, v0x16c7320_0;
    %shiftl 4;
    %store/vec4 v0x16c7110_0, 0, 32;
    %jmp T_4.15;
T_4.15 ;
    %pop/vec4 1;
    %load/vec4 v0x16c7110_0;
    %pushi/vec4 0, 0, 32;
    %cmp/e;
    %flag_get/vec4 4;
    %store/vec4 v0x16c7670_0, 0, 1;
    %jmp T_4;
    .thread T_4, $push;
    .scope S_0x16c5150;
T_5 ;
    %wait E_0x1600120;
    %load/vec4 v0x16c5b00_0;
    %dup/vec4;
    %pushi/vec4 0, 0, 7;
    %cmp/u;
    %jmp/1 T_5.0, 6;
    %dup/vec4;
    %pushi/vec4 3, 0, 7;
    %cmp/u;
    %jmp/1 T_5.1, 6;
    %dup/vec4;
    %pushi/vec4 35, 0, 7;
    %cmp/u;
    %jmp/1 T_5.2, 6;
    %dup/vec4;
    %pushi/vec4 51, 0, 7;
    %cmp/u;
    %jmp/1 T_5.3, 6;
    %dup/vec4;
    %pushi/vec4 19, 0, 7;
    %cmp/u;
    %jmp/1 T_5.4, 6;
    %dup/vec4;
    %pushi/vec4 99, 0, 7;
    %cmp/u;
    %jmp/1 T_5.5, 6;
    %dup/vec4;
    %pushi/vec4 111, 0, 7;
    %cmp/u;
    %jmp/1 T_5.6, 6;
    %dup/vec4;
    %pushi/vec4 103, 0, 7;
    %cmp/u;
    %jmp/1 T_5.7, 6;
    %dup/vec4;
    %pushi/vec4 55, 0, 7;
    %cmp/u;
    %jmp/1 T_5.8, 6;
    %dup/vec4;
    %pushi/vec4 23, 0, 7;
    %cmp/u;
    %jmp/1 T_5.9, 6;
    %jmp T_5.10;
T_5.0 ;
    %pushi/vec4 0, 0, 1;
    %store/vec4 v0x16c5980_0, 0, 1;
    %pushi/vec4 0, 0, 2;
    %store/vec4 v0x16c5710_0, 0, 2;
    %pushi/vec4 0, 0, 1;
    %store/vec4 v0x16c54a0_0, 0, 1;
    %pushi/vec4 0, 0, 1;
    %store/vec4 v0x16c58e0_0, 0, 1;
    %pushi/vec4 0, 0, 2;
    %store/vec4 v0x16c5a20_0, 0, 2;
    %pushi/vec4 0, 0, 1;
    %store/vec4 v0x16c5640_0, 0, 1;
    %pushi/vec4 0, 0, 2;
    %store/vec4 v0x16c5580_0, 0, 2;
    %pushi/vec4 0, 0, 1;
    %store/vec4 v0x16c57d0_0, 0, 1;
    %jmp T_5.10;
T_5.1 ;
    %pushi/vec4 1, 0, 1;
    %store/vec4 v0x16c5980_0, 0, 1;
    %pushi/vec4 0, 0, 2;
    %store/vec4 v0x16c5710_0, 0, 2;
    %pushi/vec4 1, 0, 1;
    %store/vec4 v0x16c54a0_0, 0, 1;
    %pushi/vec4 0, 0, 1;
    %store/vec4 v0x16c58e0_0, 0, 1;
    %pushi/vec4 1, 0, 2;
    %store/vec4 v0x16c5a20_0, 0, 2;
    %pushi/vec4 0, 0, 1;
    %store/vec4 v0x16c5640_0, 0, 1;
    %pushi/vec4 0, 0, 2;
    %store/vec4 v0x16c5580_0, 0, 2;
    %pushi/vec4 0, 0, 1;
    %store/vec4 v0x16c57d0_0, 0, 1;
    %jmp T_5.10;
T_5.2 ;
    %pushi/vec4 0, 0, 1;
    %store/vec4 v0x16c5980_0, 0, 1;
    %pushi/vec4 1, 0, 2;
    %store/vec4 v0x16c5710_0, 0, 2;
    %pushi/vec4 1, 0, 1;
    %store/vec4 v0x16c54a0_0, 0, 1;
    %pushi/vec4 1, 0, 1;
    %store/vec4 v0x16c58e0_0, 0, 1;
    %pushi/vec4 0, 0, 2;
    %store/vec4 v0x16c5a20_0, 0, 2;
    %pushi/vec4 0, 0, 1;
    %store/vec4 v0x16c5640_0, 0, 1;
    %pushi/vec4 0, 0, 2;
    %store/vec4 v0x16c5580_0, 0, 2;
    %pushi/vec4 0, 0, 1;
    %store/vec4 v0x16c57d0_0, 0, 1;
    %jmp T_5.10;
T_5.3 ;
    %pushi/vec4 1, 0, 1;
    %store/vec4 v0x16c5980_0, 0, 1;
    %pushi/vec4 3, 3, 2;
    %store/vec4 v0x16c5710_0, 0, 2;
    %pushi/vec4 0, 0, 1;
    %store/vec4 v0x16c54a0_0, 0, 1;
    %pushi/vec4 0, 0, 1;
    %store/vec4 v0x16c58e0_0, 0, 1;
    %pushi/vec4 0, 0, 2;
    %store/vec4 v0x16c5a20_0, 0, 2;
    %pushi/vec4 0, 0, 1;
    %store/vec4 v0x16c5640_0, 0, 1;
    %pushi/vec4 2, 0, 2;
    %store/vec4 v0x16c5580_0, 0, 2;
    %pushi/vec4 0, 0, 1;
    %store/vec4 v0x16c57d0_0, 0, 1;
    %jmp T_5.10;
T_5.4 ;
    %pushi/vec4 1, 0, 1;
    %store/vec4 v0x16c5980_0, 0, 1;
    %pushi/vec4 0, 0, 2;
    %store/vec4 v0x16c5710_0, 0, 2;
    %pushi/vec4 1, 0, 1;
    %store/vec4 v0x16c54a0_0, 0, 1;
    %pushi/vec4 0, 0, 1;
    %store/vec4 v0x16c58e0_0, 0, 1;
    %pushi/vec4 0, 0, 2;
    %store/vec4 v0x16c5a20_0, 0, 2;
    %pushi/vec4 0, 0, 1;
    %store/vec4 v0x16c5640_0, 0, 1;
    %pushi/vec4 2, 0, 2;
    %store/vec4 v0x16c5580_0, 0, 2;
    %pushi/vec4 0, 0, 1;
    %store/vec4 v0x16c57d0_0, 0, 1;
    %jmp T_5.10;
T_5.5 ;
    %pushi/vec4 0, 0, 1;
    %store/vec4 v0x16c5980_0, 0, 1;
    %pushi/vec4 2, 0, 2;
    %store/vec4 v0x16c5710_0, 0, 2;
    %pushi/vec4 0, 0, 1;
    %store/vec4 v0x16c54a0_0, 0, 1;
    %pushi/vec4 0, 0, 1;
    %store/vec4 v0x16c58e0_0, 0, 1;
    %pushi/vec4 0, 0, 2;
    %store/vec4 v0x16c5a20_0, 0, 2;
    %pushi/vec4 1, 0, 1;
    %store/vec4 v0x16c5640_0, 0, 1;
    %pushi/vec4 1, 0, 2;
    %store/vec4 v0x16c5580_0, 0, 2;
    %pushi/vec4 0, 0, 1;
    %store/vec4 v0x16c57d0_0, 0, 1;
    %jmp T_5.10;
T_5.6 ;
    %pushi/vec4 1, 0, 1;
    %store/vec4 v0x16c5980_0, 0, 1;
    %pushi/vec4 3, 0, 2;
    %store/vec4 v0x16c5710_0, 0, 2;
    %pushi/vec4 0, 0, 1;
    %store/vec4 v0x16c54a0_0, 0, 1;
    %pushi/vec4 0, 0, 1;
    %store/vec4 v0x16c58e0_0, 0, 1;
    %pushi/vec4 2, 0, 2;
    %store/vec4 v0x16c5a20_0, 0, 2;
    %pushi/vec4 0, 0, 1;
    %store/vec4 v0x16c5640_0, 0, 1;
    %pushi/vec4 0, 0, 2;
    %store/vec4 v0x16c5580_0, 0, 2;
    %pushi/vec4 1, 0, 1;
    %store/vec4 v0x16c57d0_0, 0, 1;
    %jmp T_5.10;
T_5.7 ;
    %pushi/vec4 1, 0, 1;
    %store/vec4 v0x16c5980_0, 0, 1;
    %pushi/vec4 0, 0, 2;
    %store/vec4 v0x16c5710_0, 0, 2;
    %pushi/vec4 1, 0, 1;
    %store/vec4 v0x16c54a0_0, 0, 1;
    %pushi/vec4 0, 0, 1;
    %store/vec4 v0x16c58e0_0, 0, 1;
    %pushi/vec4 2, 0, 2;
    %store/vec4 v0x16c5a20_0, 0, 2;
    %pushi/vec4 0, 0, 1;
    %store/vec4 v0x16c5640_0, 0, 1;
    %pushi/vec4 0, 0, 2;
    %store/vec4 v0x16c5580_0, 0, 2;
    %pushi/vec4 1, 0, 1;
    %store/vec4 v0x16c57d0_0, 0, 1;
    %jmp T_5.10;
T_5.8 ;
    %pushi/vec4 1, 0, 1;
    %store/vec4 v0x16c5980_0, 0, 1;
    %pushi/vec4 0, 0, 2;
    %store/vec4 v0x16c5710_0, 0, 2;
    %pushi/vec4 1, 0, 1;
    %store/vec4 v0x16c54a0_0, 0, 1;
    %pushi/vec4 0, 0, 1;
    %store/vec4 v0x16c58e0_0, 0, 1;
    %pushi/vec4 0, 0, 2;
    %store/vec4 v0x16c5a20_0, 0, 2;
    %pushi/vec4 0, 0, 1;
    %store/vec4 v0x16c5640_0, 0, 1;
    %pushi/vec4 1, 0, 2;
    %store/vec4 v0x16c5580_0, 0, 2;
    %pushi/vec4 0, 0, 1;
    %store/vec4 v0x16c57d0_0, 0, 1;
    %jmp T_5.10;
T_5.9 ;
    %pushi/vec4 1, 0, 1;
    %store/vec4 v0x16c5980_0, 0, 1;
    %pushi/vec4 0, 0, 2;
    %store/vec4 v0x16c5710_0, 0, 2;
    %pushi/vec4 1, 0, 1;
    %store/vec4 v0x16c54a0_0, 0, 1;
    %pushi/vec4 0, 0, 1;
    %store/vec4 v0x16c58e0_0, 0, 1;
    %pushi/vec4 0, 0, 2;
    %store/vec4 v0x16c5a20_0, 0, 2;
    %pushi/vec4 0, 0, 1;
    %store/vec4 v0x16c5640_0, 0, 1;
    %pushi/vec4 1, 0, 2;
    %store/vec4 v0x16c5580_0, 0, 2;
    %pushi/vec4 0, 0, 1;
    %store/vec4 v0x16c57d0_0, 0, 1;
    %jmp T_5.10;
T_5.10 ;
    %pop/vec4 1;
    %jmp T_5;
    .thread T_5, $push;
    .scope S_0x16c49b0;
T_6 ;
    %wait E_0x1600510;
    %load/vec4 v0x16c4c40_0;
    %cmpi/e 0, 0, 2;
    %jmp/0xz  T_6.0, 4;
    %pushi/vec4 0, 0, 4;
    %store/vec4 v0x16c4d40_0, 0, 4;
    %jmp T_6.1;
T_6.0 ;
    %load/vec4 v0x16c4c40_0;
    %cmpi/e 1, 0, 2;
    %jmp/0xz  T_6.2, 4;
    %pushi/vec4 1, 0, 4;
    %store/vec4 v0x16c4d40_0, 0, 4;
    %jmp T_6.3;
T_6.2 ;
    %load/vec4 v0x16c4c40_0;
    %cmpi/e 2, 0, 2;
    %jmp/0xz  T_6.4, 4;
    %load/vec4 v0x16c4e20_0;
    %dup/vec4;
    %pushi/vec4 0, 0, 3;
    %cmp/u;
    %jmp/1 T_6.6, 6;
    %dup/vec4;
    %pushi/vec4 1, 0, 3;
    %cmp/u;
    %jmp/1 T_6.7, 6;
    %dup/vec4;
    %pushi/vec4 2, 0, 3;
    %cmp/u;
    %jmp/1 T_6.8, 6;
    %dup/vec4;
    %pushi/vec4 3, 0, 3;
    %cmp/u;
    %jmp/1 T_6.9, 6;
    %dup/vec4;
    %pushi/vec4 4, 0, 3;
    %cmp/u;
    %jmp/1 T_6.10, 6;
    %dup/vec4;
    %pushi/vec4 5, 0, 3;
    %cmp/u;
    %jmp/1 T_6.11, 6;
    %dup/vec4;
    %pushi/vec4 6, 0, 3;
    %cmp/u;
    %jmp/1 T_6.12, 6;
    %dup/vec4;
    %pushi/vec4 7, 0, 3;
    %cmp/u;
    %jmp/1 T_6.13, 6;
    %pushi/vec4 15, 15, 4;
    %store/vec4 v0x16c4d40_0, 0, 4;
    %jmp T_6.15;
T_6.6 ;
    %load/vec4 v0x16c4ee0_0;
    %load/vec4 v0x16c4fa0_0;
    %and;
    %flag_set/vec4 8;
    %jmp/0 T_6.16, 8;
    %pushi/vec4 1, 0, 4;
    %jmp/1 T_6.17, 8;
T_6.16 ; End of true expr.
    %pushi/vec4 0, 0, 4;
    %jmp/0 T_6.17, 8;
 ; End of false expr.
    %blend;
T_6.17;
    %store/vec4 v0x16c4d40_0, 0, 4;
    %jmp T_6.15;
T_6.7 ;
    %pushi/vec4 10, 0, 4;
    %store/vec4 v0x16c4d40_0, 0, 4;
    %jmp T_6.15;
T_6.8 ;
    %pushi/vec4 5, 0, 4;
    %store/vec4 v0x16c4d40_0, 0, 4;
    %jmp T_6.15;
T_6.9 ;
    %pushi/vec4 6, 0, 4;
    %store/vec4 v0x16c4d40_0, 0, 4;
    %jmp T_6.15;
T_6.10 ;
    %pushi/vec4 4, 0, 4;
    %store/vec4 v0x16c4d40_0, 0, 4;
    %jmp T_6.15;
T_6.11 ;
    %load/vec4 v0x16c4ee0_0;
    %flag_set/vec4 8;
    %jmp/0 T_6.18, 8;
    %pushi/vec4 11, 0, 4;
    %jmp/1 T_6.19, 8;
T_6.18 ; End of true expr.
    %pushi/vec4 12, 0, 4;
    %jmp/0 T_6.19, 8;
 ; End of false expr.
    %blend;
T_6.19;
    %store/vec4 v0x16c4d40_0, 0, 4;
    %jmp T_6.15;
T_6.12 ;
    %pushi/vec4 3, 0, 4;
    %store/vec4 v0x16c4d40_0, 0, 4;
    %jmp T_6.15;
T_6.13 ;
    %pushi/vec4 2, 0, 4;
    %store/vec4 v0x16c4d40_0, 0, 4;
    %jmp T_6.15;
T_6.15 ;
    %pop/vec4 1;
    %jmp T_6.5;
T_6.4 ;
    %load/vec4 v0x16c4c40_0;
    %cmpi/e 3, 0, 2;
    %jmp/0xz  T_6.20, 4;
    %load/vec4 v0x16c4e20_0;
    %dup/vec4;
    %pushi/vec4 0, 0, 3;
    %cmp/u;
    %jmp/1 T_6.22, 6;
    %dup/vec4;
    %pushi/vec4 1, 0, 3;
    %cmp/u;
    %jmp/1 T_6.23, 6;
    %pushi/vec4 15, 15, 4;
    %store/vec4 v0x16c4d40_0, 0, 4;
    %jmp T_6.25;
T_6.22 ;
    %pushi/vec4 8, 0, 4;
    %store/vec4 v0x16c4d40_0, 0, 4;
    %jmp T_6.25;
T_6.23 ;
    %pushi/vec4 9, 0, 4;
    %store/vec4 v0x16c4d40_0, 0, 4;
    %jmp T_6.25;
T_6.25 ;
    %pop/vec4 1;
    %jmp T_6.21;
T_6.20 ;
    %pushi/vec4 15, 15, 4;
    %store/vec4 v0x16c4d40_0, 0, 4;
T_6.21 ;
T_6.5 ;
T_6.3 ;
T_6.1 ;
    %jmp T_6;
    .thread T_6, $push;
    .scope S_0x16abd70;
T_7 ;
    %pushi/vec4 179, 0, 32;
    %ix/load 4, 0, 0;
    %flag_set/imm 4, 0;
    %store/vec4a v0x16c4560, 4, 0;
    %pushi/vec4 563, 0, 32;
    %ix/load 4, 1, 0;
    %flag_set/imm 4, 0;
    %store/vec4a v0x16c4560, 4, 0;
    %pushi/vec4 10518803, 0, 32;
    %ix/load 4, 2, 0;
    %flag_set/imm 4, 0;
    %store/vec4a v0x16c4560, 4, 0;
    %pushi/vec4 33203, 0, 32;
    %ix/load 4, 3, 0;
    %flag_set/imm 4, 0;
    %store/vec4a v0x16c4560, 4, 0;
    %pushi/vec4 2197603, 0, 32;
    %ix/load 4, 4, 0;
    %flag_set/imm 4, 0;
    %store/vec4a v0x16c4560, 4, 0;
    %pushi/vec4 4293171, 0, 32;
    %ix/load 4, 5, 0;
    %flag_set/imm 4, 0;
    %store/vec4a v0x16c4560, 4, 0;
    %pushi/vec4 1147283, 0, 32;
    %ix/load 4, 6, 0;
    %flag_set/imm 4, 0;
    %store/vec4a v0x16c4560, 4, 0;
    %pushi/vec4 4261415651, 0, 32;
    %ix/load 4, 7, 0;
    %flag_set/imm 4, 0;
    %store/vec4a v0x16c4560, 4, 0;
    %pushi/vec4 131251, 0, 32;
    %ix/load 4, 8, 0;
    %flag_set/imm 4, 0;
    %store/vec4a v0x16c4560, 4, 0;
    %pushi/vec4 10526755, 0, 32;
    %ix/load 4, 9, 0;
    %flag_set/imm 4, 0;
    %store/vec4a v0x16c4560, 4, 0;
    %pushi/vec4 41091, 0, 32;
    %ix/load 4, 10, 0;
    %flag_set/imm 4, 0;
    %store/vec4a v0x16c4560, 4, 0;
    %end;
    .thread T_7;
    .scope S_0x1658a20;
T_8 ;
    %pushi/vec4 0, 0, 32;
    %store/vec4 v0x16c3f80_0, 0, 32;
T_8.0 ;
    %load/vec4 v0x16c3f80_0;
    %cmpi/s 64, 0, 32;
    %jmp/0xz T_8.1, 5;
    %pushi/vec4 0, 0, 32;
    %ix/getv/s 4, v0x16c3f80_0;
    %store/vec4a v0x16c4060, 4, 0;
    %load/vec4 v0x16c3f80_0;
    %addi 1, 0, 32;
    %store/vec4 v0x16c3f80_0, 0, 32;
    %jmp T_8.0;
T_8.1 ;
    %end;
    .thread T_8;
    .scope S_0x1658a20;
T_9 ;
    %wait E_0x15ff750;
    %load/vec4 v0x16ae790_0;
    %flag_set/vec4 8;
    %jmp/0xz  T_9.0, 8;
    %load/vec4 v0x16ae6f0_0;
    %load/vec4 v0x16ade80_0;
    %parti/s 30, 2, 3;
    %ix/vec4 3;
    %ix/load 4, 0, 0; Constant delay
    %assign/vec4/a/d v0x16c4060, 0, 4;
T_9.0 ;
    %jmp T_9;
    .thread T_9;
    .scope S_0x15c7f50;
T_10 ;
    %pushi/vec4 1, 0, 1;
    %store/vec4 v0x16cfad0_0, 0, 1;
    %pushi/vec4 0, 0, 1;
    %store/vec4 v0x16cfa30_0, 0, 1;
    %delay 10, 0;
    %pushi/vec4 0, 0, 1;
    %store/vec4 v0x16cfad0_0, 0, 1;
    %delay 1000, 0;
    %vpi_call 2 14 "$finish" {0 0 0};
    %end;
    .thread T_10;
    .scope S_0x15c7f50;
T_11 ;
    %vpi_call 2 18 "$dumpfile", "RISCV_final_tb.vcd" {0 0 0};
    %vpi_call 2 19 "$dumpvars", 32'sb00000000000000000000000000000000, S_0x15c7f50 {0 0 0};
    %end;
    .thread T_11;
    .scope S_0x15c7f50;
T_12 ;
T_12.0 ;
    %delay 5, 0;
    %load/vec4 v0x16cfa30_0;
    %inv;
    %store/vec4 v0x16cfa30_0, 0, 1;
    %jmp T_12.0;
    %end;
    .thread T_12;
    .scope S_0x16d5300;
T_13 ;
    %wait E_0x16d5550;
    %load/vec4 v0x16d56b0_0;
    %dup/vec4;
    %pushi/vec4 0, 0, 2;
    %cmp/u;
    %jmp/1 T_13.0, 6;
    %dup/vec4;
    %pushi/vec4 1, 0, 2;
    %cmp/u;
    %jmp/1 T_13.1, 6;
    %dup/vec4;
    %pushi/vec4 2, 0, 2;
    %cmp/u;
    %jmp/1 T_13.2, 6;
    %dup/vec4;
    %pushi/vec4 3, 0, 2;
    %cmp/u;
    %jmp/1 T_13.3, 6;
    %pushi/vec4 0, 0, 32;
    %store/vec4 v0x16d55d0_0, 0, 32;
    %jmp T_13.5;
T_13.0 ;
    %load/vec4 v0x16d57a0_0;
    %parti/s 1, 31, 6;
    %replicate 20;
    %load/vec4 v0x16d57a0_0;
    %parti/s 12, 20, 6;
    %concat/vec4; draw_concat_vec4
    %store/vec4 v0x16d55d0_0, 0, 32;
    %jmp T_13.5;
T_13.1 ;
    %load/vec4 v0x16d57a0_0;
    %parti/s 1, 31, 6;
    %replicate 20;
    %load/vec4 v0x16d57a0_0;
    %parti/s 7, 25, 6;
    %concat/vec4; draw_concat_vec4
    %load/vec4 v0x16d57a0_0;
    %parti/s 5, 7, 4;
    %concat/vec4; draw_concat_vec4
    %store/vec4 v0x16d55d0_0, 0, 32;
    %jmp T_13.5;
T_13.2 ;
    %load/vec4 v0x16d57a0_0;
    %parti/s 1, 31, 6;
    %replicate 20;
    %load/vec4 v0x16d57a0_0;
    %parti/s 1, 7, 4;
    %concat/vec4; draw_concat_vec4
    %load/vec4 v0x16d57a0_0;
    %parti/s 6, 25, 6;
    %concat/vec4; draw_concat_vec4
    %load/vec4 v0x16d57a0_0;
    %parti/s 4, 8, 5;
    %concat/vec4; draw_concat_vec4
    %concati/vec4 0, 0, 1;
    %store/vec4 v0x16d55d0_0, 0, 32;
    %jmp T_13.5;
T_13.3 ;
    %load/vec4 v0x16d57a0_0;
    %parti/s 1, 31, 6;
    %replicate 12;
    %load/vec4 v0x16d57a0_0;
    %parti/s 8, 12, 5;
    %concat/vec4; draw_concat_vec4
    %load/vec4 v0x16d57a0_0;
    %parti/s 1, 20, 6;
    %concat/vec4; draw_concat_vec4
    %load/vec4 v0x16d57a0_0;
    %parti/s 10, 21, 6;
    %concat/vec4; draw_concat_vec4
    %concati/vec4 0, 0, 1;
    %store/vec4 v0x16d55d0_0, 0, 32;
    %jmp T_13.5;
T_13.5 ;
    %pop/vec4 1;
    %jmp T_13;
    .thread T_13, $push;
    .scope S_0x16d4c90;
T_14 ;
    %wait E_0x16d4ea0;
    %load/vec4 v0x16d51d0_0;
    %flag_set/vec4 8;
    %jmp/0xz  T_14.0, 8;
    %pushi/vec4 0, 0, 32;
    %assign/vec4 v0x16d4f00_0, 0;
    %jmp T_14.1;
T_14.0 ;
    %load/vec4 v0x16d5010_0;
    %assign/vec4 v0x16d4f00_0, 0;
T_14.1 ;
    %jmp T_14;
    .thread T_14;
    .scope S_0x16d6990;
T_15 ;
    %pushi/vec4 0, 0, 32;
    %store/vec4 v0x16d83f0_0, 0, 32;
T_15.0 ;
    %load/vec4 v0x16d83f0_0;
    %cmpi/s 32, 0, 32;
    %jmp/0xz T_15.1, 5;
    %pushi/vec4 0, 0, 32;
    %ix/getv/s 4, v0x16d83f0_0;
    %store/vec4a v0x16d84d0, 4, 0;
    %load/vec4 v0x16d83f0_0;
    %addi 1, 0, 32;
    %store/vec4 v0x16d83f0_0, 0, 32;
    %jmp T_15.0;
T_15.1 ;
    %end;
    .thread T_15;
    .scope S_0x16d6990;
T_16 ;
    %wait E_0x16d0150;
    %load/vec4 v0x16d7220_0;
    %flag_set/vec4 9;
    %flag_get/vec4 9;
    %jmp/0 T_16.2, 9;
    %load/vec4 v0x16d7030_0;
    %pad/u 32;
    %pushi/vec4 0, 0, 32;
    %cmp/ne;
    %flag_get/vec4 4;
    %and;
T_16.2;
    %flag_set/vec4 8;
    %jmp/0xz  T_16.0, 8;
    %load/vec4 v0x16d7140_0;
    %load/vec4 v0x16d7030_0;
    %pad/u 7;
    %ix/vec4 3;
    %ix/load 4, 0, 0; Constant delay
    %assign/vec4/a/d v0x16d84d0, 0, 4;
T_16.0 ;
    %jmp T_16;
    .thread T_16;
    .scope S_0x16d3840;
T_17 ;
    %wait E_0x16d3b60;
    %load/vec4 v0x16d3c00_0;
    %parti/s 1, 31, 6;
    %load/vec4 v0x16d3f10_0;
    %parti/s 1, 31, 6;
    %cmp/e;
    %flag_mov 8, 4;
    %jmp/0 T_17.0, 8;
    %load/vec4 v0x16d3c00_0;
    %load/vec4 v0x16d3f10_0;
    %cmp/u;
    %flag_get/vec4 5;
    %jmp/1 T_17.1, 8;
T_17.0 ; End of true expr.
    %load/vec4 v0x16d3c00_0;
    %parti/s 1, 31, 6;
    %jmp/0 T_17.1, 8;
 ; End of false expr.
    %blend;
T_17.1;
    %store/vec4 v0x16d4300_0, 0, 1;
    %load/vec4 v0x16d3c00_0;
    %load/vec4 v0x16d3f10_0;
    %cmp/u;
    %flag_get/vec4 5;
    %store/vec4 v0x16d4430_0, 0, 1;
    %pushi/vec4 0, 0, 1;
    %store/vec4 v0x16d3fd0_0, 0, 1;
    %pushi/vec4 0, 0, 1;
    %store/vec4 v0x16d41a0_0, 0, 1;
    %pushi/vec4 0, 0, 1;
    %store/vec4 v0x16d4260_0, 0, 1;
    %pushi/vec4 0, 0, 32;
    %store/vec4 v0x16d3d00_0, 0, 32;
    %pushi/vec4 0, 0, 1;
    %store/vec4 v0x16d40e0_0, 0, 1;
    %load/vec4 v0x16d3df0_0;
    %dup/vec4;
    %pushi/vec4 0, 0, 4;
    %cmp/u;
    %jmp/1 T_17.2, 6;
    %dup/vec4;
    %pushi/vec4 1, 0, 4;
    %cmp/u;
    %jmp/1 T_17.3, 6;
    %dup/vec4;
    %pushi/vec4 2, 0, 4;
    %cmp/u;
    %jmp/1 T_17.4, 6;
    %dup/vec4;
    %pushi/vec4 3, 0, 4;
    %cmp/u;
    %jmp/1 T_17.5, 6;
    %dup/vec4;
    %pushi/vec4 4, 0, 4;
    %cmp/u;
    %jmp/1 T_17.6, 6;
    %dup/vec4;
    %pushi/vec4 5, 0, 4;
    %cmp/u;
    %jmp/1 T_17.7, 6;
    %dup/vec4;
    %pushi/vec4 6, 0, 4;
    %cmp/u;
    %jmp/1 T_17.8, 6;
    %dup/vec4;
    %pushi/vec4 7, 0, 4;
    %cmp/u;
    %jmp/1 T_17.9, 6;
    %dup/vec4;
    %pushi/vec4 8, 0, 4;
    %cmp/u;
    %jmp/1 T_17.10, 6;
    %dup/vec4;
    %pushi/vec4 9, 0, 4;
    %cmp/u;
    %jmp/1 T_17.11, 6;
    %dup/vec4;
    %pushi/vec4 10, 0, 4;
    %cmp/u;
    %jmp/1 T_17.12, 6;
    %dup/vec4;
    %pushi/vec4 11, 0, 4;
    %cmp/u;
    %jmp/1 T_17.13, 6;
    %pushi/vec4 4294967295, 4294967295, 32;
    %store/vec4 v0x16d3d00_0, 0, 32;
    %jmp T_17.15;
T_17.2 ;
    %pushi/vec4 0, 0, 1;
    %load/vec4 v0x16d3c00_0;
    %concat/vec4; draw_concat_vec4
    %pushi/vec4 0, 0, 1;
    %load/vec4 v0x16d3f10_0;
    %concat/vec4; draw_concat_vec4
    %add;
    %store/vec4 v0x16d44f0_0, 0, 33;
    %load/vec4 v0x16d44f0_0;
    %parti/s 32, 0, 2;
    %store/vec4 v0x16d3d00_0, 0, 32;
    %load/vec4 v0x16d44f0_0;
    %parti/s 1, 32, 7;
    %store/vec4 v0x16d3fd0_0, 0, 1;
    %load/vec4 v0x16d3c00_0;
    %parti/s 1, 31, 6;
    %inv;
    %load/vec4 v0x16d3f10_0;
    %parti/s 1, 31, 6;
    %and;
    %load/vec4 v0x16d3d00_0;
    %parti/s 1, 31, 6;
    %and;
    %load/vec4 v0x16d3c00_0;
    %parti/s 1, 31, 6;
    %load/vec4 v0x16d3f10_0;
    %parti/s 1, 31, 6;
    %and;
    %load/vec4 v0x16d3d00_0;
    %parti/s 1, 31, 6;
    %inv;
    %and;
    %or;
    %store/vec4 v0x16d41a0_0, 0, 1;
    %jmp T_17.15;
T_17.3 ;
    %load/vec4 v0x16d3c00_0;
    %load/vec4 v0x16d3f10_0;
    %sub;
    %store/vec4 v0x16d3d00_0, 0, 32;
    %load/vec4 v0x16d3d00_0;
    %parti/s 1, 31, 6;
    %store/vec4 v0x16d40e0_0, 0, 1;
    %load/vec4 v0x16d3c00_0;
    %parti/s 1, 31, 6;
    %load/vec4 v0x16d3f10_0;
    %parti/s 1, 31, 6;
    %inv;
    %and;
    %load/vec4 v0x16d3d00_0;
    %parti/s 1, 31, 6;
    %inv;
    %and;
    %load/vec4 v0x16d3c00_0;
    %parti/s 1, 31, 6;
    %inv;
    %load/vec4 v0x16d3f10_0;
    %parti/s 1, 31, 6;
    %and;
    %load/vec4 v0x16d3d00_0;
    %parti/s 1, 31, 6;
    %and;
    %or;
    %store/vec4 v0x16d41a0_0, 0, 1;
    %jmp T_17.15;
T_17.4 ;
    %load/vec4 v0x16d3c00_0;
    %load/vec4 v0x16d3f10_0;
    %and;
    %store/vec4 v0x16d3d00_0, 0, 32;
    %jmp T_17.15;
T_17.5 ;
    %load/vec4 v0x16d3c00_0;
    %load/vec4 v0x16d3f10_0;
    %or;
    %store/vec4 v0x16d3d00_0, 0, 32;
    %jmp T_17.15;
T_17.6 ;
    %load/vec4 v0x16d3c00_0;
    %load/vec4 v0x16d3f10_0;
    %xor;
    %store/vec4 v0x16d3d00_0, 0, 32;
    %jmp T_17.15;
T_17.7 ;
    %pushi/vec4 0, 0, 31;
    %load/vec4 v0x16d4300_0;
    %concat/vec4; draw_concat_vec4
    %store/vec4 v0x16d3d00_0, 0, 32;
    %jmp T_17.15;
T_17.8 ;
    %pushi/vec4 0, 0, 31;
    %load/vec4 v0x16d4430_0;
    %concat/vec4; draw_concat_vec4
    %store/vec4 v0x16d3d00_0, 0, 32;
    %jmp T_17.15;
T_17.9 ;
    %load/vec4 v0x16d3c00_0;
    %parti/s 20, 12, 5;
    %concati/vec4 0, 0, 12;
    %store/vec4 v0x16d3d00_0, 0, 32;
    %jmp T_17.15;
T_17.10 ;
    %load/vec4 v0x16d3c00_0;
    %load/vec4 v0x16d3f10_0;
    %parti/s 20, 12, 5;
    %concati/vec4 0, 0, 12;
    %add;
    %store/vec4 v0x16d3d00_0, 0, 32;
    %jmp T_17.15;
T_17.11 ;
    %load/vec4 v0x16d3f10_0;
    %parti/s 20, 12, 5;
    %concati/vec4 0, 0, 12;
    %store/vec4 v0x16d3d00_0, 0, 32;
    %jmp T_17.15;
T_17.12 ;
    %load/vec4 v0x16d3c00_0;
    %ix/getv 4, v0x16d3f10_0;
    %shiftr 4;
    %store/vec4 v0x16d3d00_0, 0, 32;
    %jmp T_17.15;
T_17.13 ;
    %load/vec4 v0x16d3c00_0;
    %ix/getv 4, v0x16d3f10_0;
    %shiftl 4;
    %store/vec4 v0x16d3d00_0, 0, 32;
    %jmp T_17.15;
T_17.15 ;
    %pop/vec4 1;
    %load/vec4 v0x16d3d00_0;
    %pushi/vec4 0, 0, 32;
    %cmp/e;
    %flag_get/vec4 4;
    %store/vec4 v0x16d4260_0, 0, 1;
    %jmp T_17;
    .thread T_17, $push;
    .scope S_0x16d1c40;
T_18 ;
    %wait E_0x16d1f70;
    %load/vec4 v0x16d2600_0;
    %dup/vec4;
    %pushi/vec4 0, 0, 7;
    %cmp/u;
    %jmp/1 T_18.0, 6;
    %dup/vec4;
    %pushi/vec4 3, 0, 7;
    %cmp/u;
    %jmp/1 T_18.1, 6;
    %dup/vec4;
    %pushi/vec4 35, 0, 7;
    %cmp/u;
    %jmp/1 T_18.2, 6;
    %dup/vec4;
    %pushi/vec4 51, 0, 7;
    %cmp/u;
    %jmp/1 T_18.3, 6;
    %dup/vec4;
    %pushi/vec4 19, 0, 7;
    %cmp/u;
    %jmp/1 T_18.4, 6;
    %dup/vec4;
    %pushi/vec4 99, 0, 7;
    %cmp/u;
    %jmp/1 T_18.5, 6;
    %dup/vec4;
    %pushi/vec4 111, 0, 7;
    %cmp/u;
    %jmp/1 T_18.6, 6;
    %dup/vec4;
    %pushi/vec4 103, 0, 7;
    %cmp/u;
    %jmp/1 T_18.7, 6;
    %dup/vec4;
    %pushi/vec4 55, 0, 7;
    %cmp/u;
    %jmp/1 T_18.8, 6;
    %dup/vec4;
    %pushi/vec4 23, 0, 7;
    %cmp/u;
    %jmp/1 T_18.9, 6;
    %jmp T_18.10;
T_18.0 ;
    %pushi/vec4 0, 0, 1;
    %store/vec4 v0x16d2480_0, 0, 1;
    %pushi/vec4 0, 0, 2;
    %store/vec4 v0x16d2210_0, 0, 2;
    %pushi/vec4 0, 0, 1;
    %store/vec4 v0x16d1fd0_0, 0, 1;
    %pushi/vec4 0, 0, 1;
    %store/vec4 v0x16d23e0_0, 0, 1;
    %pushi/vec4 0, 0, 2;
    %store/vec4 v0x16d2520_0, 0, 2;
    %pushi/vec4 0, 0, 1;
    %store/vec4 v0x16d2170_0, 0, 1;
    %pushi/vec4 0, 0, 2;
    %store/vec4 v0x16d20b0_0, 0, 2;
    %pushi/vec4 0, 0, 1;
    %store/vec4 v0x16d22d0_0, 0, 1;
    %jmp T_18.10;
T_18.1 ;
    %pushi/vec4 1, 0, 1;
    %store/vec4 v0x16d2480_0, 0, 1;
    %pushi/vec4 0, 0, 2;
    %store/vec4 v0x16d2210_0, 0, 2;
    %pushi/vec4 1, 0, 1;
    %store/vec4 v0x16d1fd0_0, 0, 1;
    %pushi/vec4 0, 0, 1;
    %store/vec4 v0x16d23e0_0, 0, 1;
    %pushi/vec4 1, 0, 2;
    %store/vec4 v0x16d2520_0, 0, 2;
    %pushi/vec4 0, 0, 1;
    %store/vec4 v0x16d2170_0, 0, 1;
    %pushi/vec4 0, 0, 2;
    %store/vec4 v0x16d20b0_0, 0, 2;
    %pushi/vec4 0, 0, 1;
    %store/vec4 v0x16d22d0_0, 0, 1;
    %jmp T_18.10;
T_18.2 ;
    %pushi/vec4 0, 0, 1;
    %store/vec4 v0x16d2480_0, 0, 1;
    %pushi/vec4 1, 0, 2;
    %store/vec4 v0x16d2210_0, 0, 2;
    %pushi/vec4 1, 0, 1;
    %store/vec4 v0x16d1fd0_0, 0, 1;
    %pushi/vec4 1, 0, 1;
    %store/vec4 v0x16d23e0_0, 0, 1;
    %pushi/vec4 0, 0, 2;
    %store/vec4 v0x16d2520_0, 0, 2;
    %pushi/vec4 0, 0, 1;
    %store/vec4 v0x16d2170_0, 0, 1;
    %pushi/vec4 0, 0, 2;
    %store/vec4 v0x16d20b0_0, 0, 2;
    %pushi/vec4 0, 0, 1;
    %store/vec4 v0x16d22d0_0, 0, 1;
    %jmp T_18.10;
T_18.3 ;
    %pushi/vec4 1, 0, 1;
    %store/vec4 v0x16d2480_0, 0, 1;
    %pushi/vec4 3, 3, 2;
    %store/vec4 v0x16d2210_0, 0, 2;
    %pushi/vec4 0, 0, 1;
    %store/vec4 v0x16d1fd0_0, 0, 1;
    %pushi/vec4 0, 0, 1;
    %store/vec4 v0x16d23e0_0, 0, 1;
    %pushi/vec4 0, 0, 2;
    %store/vec4 v0x16d2520_0, 0, 2;
    %pushi/vec4 0, 0, 1;
    %store/vec4 v0x16d2170_0, 0, 1;
    %pushi/vec4 2, 0, 2;
    %store/vec4 v0x16d20b0_0, 0, 2;
    %pushi/vec4 0, 0, 1;
    %store/vec4 v0x16d22d0_0, 0, 1;
    %jmp T_18.10;
T_18.4 ;
    %pushi/vec4 1, 0, 1;
    %store/vec4 v0x16d2480_0, 0, 1;
    %pushi/vec4 0, 0, 2;
    %store/vec4 v0x16d2210_0, 0, 2;
    %pushi/vec4 1, 0, 1;
    %store/vec4 v0x16d1fd0_0, 0, 1;
    %pushi/vec4 0, 0, 1;
    %store/vec4 v0x16d23e0_0, 0, 1;
    %pushi/vec4 0, 0, 2;
    %store/vec4 v0x16d2520_0, 0, 2;
    %pushi/vec4 0, 0, 1;
    %store/vec4 v0x16d2170_0, 0, 1;
    %pushi/vec4 2, 0, 2;
    %store/vec4 v0x16d20b0_0, 0, 2;
    %pushi/vec4 0, 0, 1;
    %store/vec4 v0x16d22d0_0, 0, 1;
    %jmp T_18.10;
T_18.5 ;
    %pushi/vec4 0, 0, 1;
    %store/vec4 v0x16d2480_0, 0, 1;
    %pushi/vec4 2, 0, 2;
    %store/vec4 v0x16d2210_0, 0, 2;
    %pushi/vec4 0, 0, 1;
    %store/vec4 v0x16d1fd0_0, 0, 1;
    %pushi/vec4 0, 0, 1;
    %store/vec4 v0x16d23e0_0, 0, 1;
    %pushi/vec4 0, 0, 2;
    %store/vec4 v0x16d2520_0, 0, 2;
    %pushi/vec4 1, 0, 1;
    %store/vec4 v0x16d2170_0, 0, 1;
    %pushi/vec4 1, 0, 2;
    %store/vec4 v0x16d20b0_0, 0, 2;
    %pushi/vec4 0, 0, 1;
    %store/vec4 v0x16d22d0_0, 0, 1;
    %jmp T_18.10;
T_18.6 ;
    %pushi/vec4 1, 0, 1;
    %store/vec4 v0x16d2480_0, 0, 1;
    %pushi/vec4 3, 0, 2;
    %store/vec4 v0x16d2210_0, 0, 2;
    %pushi/vec4 0, 0, 1;
    %store/vec4 v0x16d1fd0_0, 0, 1;
    %pushi/vec4 0, 0, 1;
    %store/vec4 v0x16d23e0_0, 0, 1;
    %pushi/vec4 2, 0, 2;
    %store/vec4 v0x16d2520_0, 0, 2;
    %pushi/vec4 0, 0, 1;
    %store/vec4 v0x16d2170_0, 0, 1;
    %pushi/vec4 0, 0, 2;
    %store/vec4 v0x16d20b0_0, 0, 2;
    %pushi/vec4 1, 0, 1;
    %store/vec4 v0x16d22d0_0, 0, 1;
    %jmp T_18.10;
T_18.7 ;
    %pushi/vec4 1, 0, 1;
    %store/vec4 v0x16d2480_0, 0, 1;
    %pushi/vec4 0, 0, 2;
    %store/vec4 v0x16d2210_0, 0, 2;
    %pushi/vec4 1, 0, 1;
    %store/vec4 v0x16d1fd0_0, 0, 1;
    %pushi/vec4 0, 0, 1;
    %store/vec4 v0x16d23e0_0, 0, 1;
    %pushi/vec4 2, 0, 2;
    %store/vec4 v0x16d2520_0, 0, 2;
    %pushi/vec4 0, 0, 1;
    %store/vec4 v0x16d2170_0, 0, 1;
    %pushi/vec4 0, 0, 2;
    %store/vec4 v0x16d20b0_0, 0, 2;
    %pushi/vec4 1, 0, 1;
    %store/vec4 v0x16d22d0_0, 0, 1;
    %jmp T_18.10;
T_18.8 ;
    %pushi/vec4 1, 0, 1;
    %store/vec4 v0x16d2480_0, 0, 1;
    %pushi/vec4 0, 0, 2;
    %store/vec4 v0x16d2210_0, 0, 2;
    %pushi/vec4 1, 0, 1;
    %store/vec4 v0x16d1fd0_0, 0, 1;
    %pushi/vec4 0, 0, 1;
    %store/vec4 v0x16d23e0_0, 0, 1;
    %pushi/vec4 0, 0, 2;
    %store/vec4 v0x16d2520_0, 0, 2;
    %pushi/vec4 0, 0, 1;
    %store/vec4 v0x16d2170_0, 0, 1;
    %pushi/vec4 1, 0, 2;
    %store/vec4 v0x16d20b0_0, 0, 2;
    %pushi/vec4 0, 0, 1;
    %store/vec4 v0x16d22d0_0, 0, 1;
    %jmp T_18.10;
T_18.9 ;
    %pushi/vec4 1, 0, 1;
    %store/vec4 v0x16d2480_0, 0, 1;
    %pushi/vec4 0, 0, 2;
    %store/vec4 v0x16d2210_0, 0, 2;
    %pushi/vec4 1, 0, 1;
    %store/vec4 v0x16d1fd0_0, 0, 1;
    %pushi/vec4 0, 0, 1;
    %store/vec4 v0x16d23e0_0, 0, 1;
    %pushi/vec4 0, 0, 2;
    %store/vec4 v0x16d2520_0, 0, 2;
    %pushi/vec4 0, 0, 1;
    %store/vec4 v0x16d2170_0, 0, 1;
    %pushi/vec4 1, 0, 2;
    %store/vec4 v0x16d20b0_0, 0, 2;
    %pushi/vec4 0, 0, 1;
    %store/vec4 v0x16d22d0_0, 0, 1;
    %jmp T_18.10;
T_18.10 ;
    %pop/vec4 1;
    %jmp T_18;
    .thread T_18, $push;
    .scope S_0x16d1490;
T_19 ;
    %wait E_0x16d16f0;
    %load/vec4 v0x16d1730_0;
    %cmpi/e 0, 0, 2;
    %jmp/0xz  T_19.0, 4;
    %pushi/vec4 0, 0, 4;
    %store/vec4 v0x16d1830_0, 0, 4;
    %jmp T_19.1;
T_19.0 ;
    %load/vec4 v0x16d1730_0;
    %cmpi/e 1, 0, 2;
    %jmp/0xz  T_19.2, 4;
    %pushi/vec4 1, 0, 4;
    %store/vec4 v0x16d1830_0, 0, 4;
    %jmp T_19.3;
T_19.2 ;
    %load/vec4 v0x16d1730_0;
    %cmpi/e 2, 0, 2;
    %jmp/0xz  T_19.4, 4;
    %load/vec4 v0x16d1910_0;
    %dup/vec4;
    %pushi/vec4 0, 0, 3;
    %cmp/u;
    %jmp/1 T_19.6, 6;
    %dup/vec4;
    %pushi/vec4 1, 0, 3;
    %cmp/u;
    %jmp/1 T_19.7, 6;
    %dup/vec4;
    %pushi/vec4 2, 0, 3;
    %cmp/u;
    %jmp/1 T_19.8, 6;
    %dup/vec4;
    %pushi/vec4 3, 0, 3;
    %cmp/u;
    %jmp/1 T_19.9, 6;
    %dup/vec4;
    %pushi/vec4 4, 0, 3;
    %cmp/u;
    %jmp/1 T_19.10, 6;
    %dup/vec4;
    %pushi/vec4 5, 0, 3;
    %cmp/u;
    %jmp/1 T_19.11, 6;
    %dup/vec4;
    %pushi/vec4 6, 0, 3;
    %cmp/u;
    %jmp/1 T_19.12, 6;
    %dup/vec4;
    %pushi/vec4 7, 0, 3;
    %cmp/u;
    %jmp/1 T_19.13, 6;
    %pushi/vec4 15, 15, 4;
    %store/vec4 v0x16d1830_0, 0, 4;
    %jmp T_19.15;
T_19.6 ;
    %load/vec4 v0x16d19d0_0;
    %load/vec4 v0x16d1a90_0;
    %and;
    %flag_set/vec4 8;
    %jmp/0 T_19.16, 8;
    %pushi/vec4 1, 0, 4;
    %jmp/1 T_19.17, 8;
T_19.16 ; End of true expr.
    %pushi/vec4 0, 0, 4;
    %jmp/0 T_19.17, 8;
 ; End of false expr.
    %blend;
T_19.17;
    %store/vec4 v0x16d1830_0, 0, 4;
    %jmp T_19.15;
T_19.7 ;
    %pushi/vec4 10, 0, 4;
    %store/vec4 v0x16d1830_0, 0, 4;
    %jmp T_19.15;
T_19.8 ;
    %pushi/vec4 5, 0, 4;
    %store/vec4 v0x16d1830_0, 0, 4;
    %jmp T_19.15;
T_19.9 ;
    %pushi/vec4 6, 0, 4;
    %store/vec4 v0x16d1830_0, 0, 4;
    %jmp T_19.15;
T_19.10 ;
    %pushi/vec4 4, 0, 4;
    %store/vec4 v0x16d1830_0, 0, 4;
    %jmp T_19.15;
T_19.11 ;
    %load/vec4 v0x16d19d0_0;
    %flag_set/vec4 8;
    %jmp/0 T_19.18, 8;
    %pushi/vec4 11, 0, 4;
    %jmp/1 T_19.19, 8;
T_19.18 ; End of true expr.
    %pushi/vec4 12, 0, 4;
    %jmp/0 T_19.19, 8;
 ; End of false expr.
    %blend;
T_19.19;
    %store/vec4 v0x16d1830_0, 0, 4;
    %jmp T_19.15;
T_19.12 ;
    %pushi/vec4 3, 0, 4;
    %store/vec4 v0x16d1830_0, 0, 4;
    %jmp T_19.15;
T_19.13 ;
    %pushi/vec4 2, 0, 4;
    %store/vec4 v0x16d1830_0, 0, 4;
    %jmp T_19.15;
T_19.15 ;
    %pop/vec4 1;
    %jmp T_19.5;
T_19.4 ;
    %load/vec4 v0x16d1730_0;
    %cmpi/e 3, 0, 2;
    %jmp/0xz  T_19.20, 4;
    %load/vec4 v0x16d1910_0;
    %dup/vec4;
    %pushi/vec4 0, 0, 3;
    %cmp/u;
    %jmp/1 T_19.22, 6;
    %dup/vec4;
    %pushi/vec4 1, 0, 3;
    %cmp/u;
    %jmp/1 T_19.23, 6;
    %pushi/vec4 15, 15, 4;
    %store/vec4 v0x16d1830_0, 0, 4;
    %jmp T_19.25;
T_19.22 ;
    %pushi/vec4 8, 0, 4;
    %store/vec4 v0x16d1830_0, 0, 4;
    %jmp T_19.25;
T_19.23 ;
    %pushi/vec4 9, 0, 4;
    %store/vec4 v0x16d1830_0, 0, 4;
    %jmp T_19.25;
T_19.25 ;
    %pop/vec4 1;
    %jmp T_19.21;
T_19.20 ;
    %pushi/vec4 15, 15, 4;
    %store/vec4 v0x16d1830_0, 0, 4;
T_19.21 ;
T_19.5 ;
T_19.3 ;
T_19.1 ;
    %jmp T_19;
    .thread T_19, $push;
    .scope S_0x16d0ad0;
T_20 ;
    %pushi/vec4 179, 0, 32;
    %ix/load 4, 0, 0;
    %flag_set/imm 4, 0;
    %store/vec4a v0x16d1040, 4, 0;
    %pushi/vec4 563, 0, 32;
    %ix/load 4, 1, 0;
    %flag_set/imm 4, 0;
    %store/vec4a v0x16d1040, 4, 0;
    %pushi/vec4 10518803, 0, 32;
    %ix/load 4, 2, 0;
    %flag_set/imm 4, 0;
    %store/vec4a v0x16d1040, 4, 0;
    %pushi/vec4 33203, 0, 32;
    %ix/load 4, 3, 0;
    %flag_set/imm 4, 0;
    %store/vec4a v0x16d1040, 4, 0;
    %pushi/vec4 2197603, 0, 32;
    %ix/load 4, 4, 0;
    %flag_set/imm 4, 0;
    %store/vec4a v0x16d1040, 4, 0;
    %pushi/vec4 4293171, 0, 32;
    %ix/load 4, 5, 0;
    %flag_set/imm 4, 0;
    %store/vec4a v0x16d1040, 4, 0;
    %pushi/vec4 1147283, 0, 32;
    %ix/load 4, 6, 0;
    %flag_set/imm 4, 0;
    %store/vec4a v0x16d1040, 4, 0;
    %pushi/vec4 4261415651, 0, 32;
    %ix/load 4, 7, 0;
    %flag_set/imm 4, 0;
    %store/vec4a v0x16d1040, 4, 0;
    %pushi/vec4 131251, 0, 32;
    %ix/load 4, 8, 0;
    %flag_set/imm 4, 0;
    %store/vec4a v0x16d1040, 4, 0;
    %pushi/vec4 10526755, 0, 32;
    %ix/load 4, 9, 0;
    %flag_set/imm 4, 0;
    %store/vec4a v0x16d1040, 4, 0;
    %pushi/vec4 41091, 0, 32;
    %ix/load 4, 10, 0;
    %flag_set/imm 4, 0;
    %store/vec4a v0x16d1040, 4, 0;
    %end;
    .thread T_20;
    .scope S_0x16cfed0;
T_21 ;
    %pushi/vec4 0, 0, 32;
    %store/vec4 v0x16d0800_0, 0, 32;
T_21.0 ;
    %load/vec4 v0x16d0800_0;
    %cmpi/s 64, 0, 32;
    %jmp/0xz T_21.1, 5;
    %pushi/vec4 0, 0, 32;
    %ix/getv/s 4, v0x16d0800_0;
    %store/vec4a v0x16d08e0, 4, 0;
    %load/vec4 v0x16d0800_0;
    %addi 1, 0, 32;
    %store/vec4 v0x16d0800_0, 0, 32;
    %jmp T_21.0;
T_21.1 ;
    %end;
    .thread T_21;
    .scope S_0x16cfed0;
T_22 ;
    %wait E_0x16d0150;
    %load/vec4 v0x16d0470_0;
    %flag_set/vec4 8;
    %jmp/0xz  T_22.0, 8;
    %load/vec4 v0x16d03b0_0;
    %load/vec4 v0x16d01d0_0;
    %parti/s 30, 2, 3;
    %ix/vec4 3;
    %ix/load 4, 0, 0; Constant delay
    %assign/vec4/a/d v0x16d08e0, 0, 4;
T_22.0 ;
    %jmp T_22;
    .thread T_22;
    .scope S_0x16a9500;
T_23 ;
    %wait E_0x16cfc50;
    %load/vec4 v0x16dce50_0;
    %flag_set/vec4 8;
    %jmp/0xz  T_23.0, 8;
    %pushi/vec4 0, 0, 1;
    %assign/vec4 v0x16dca80_0, 0;
    %pushi/vec4 0, 0, 32;
    %assign/vec4 v0x16dcb20_0, 0;
    %jmp T_23.1;
T_23.0 ;
    %load/vec4 v0x16dcb20_0;
    %cmpi/e 49999999, 0, 32;
    %jmp/0xz  T_23.2, 4;
    %load/vec4 v0x16dca80_0;
    %inv;
    %assign/vec4 v0x16dca80_0, 0;
    %pushi/vec4 0, 0, 32;
    %assign/vec4 v0x16dcb20_0, 0;
    %jmp T_23.3;
T_23.2 ;
    %load/vec4 v0x16dcb20_0;
    %addi 1, 0, 32;
    %assign/vec4 v0x16dcb20_0, 0;
T_23.3 ;
T_23.1 ;
    %jmp T_23;
    .thread T_23;
    .scope S_0x16a9500;
T_24 ;
    %wait E_0x16cfc50;
    %load/vec4 v0x16dce50_0;
    %flag_set/vec4 8;
    %jmp/0xz  T_24.0, 8;
    %pushi/vec4 0, 0, 16;
    %assign/vec4 v0x16dcc00_0, 0;
    %jmp T_24.1;
T_24.0 ;
    %load/vec4 v0x16dcef0_0;
    %parti/s 16, 0, 2;
    %assign/vec4 v0x16dcc00_0, 0;
T_24.1 ;
    %jmp T_24;
    .thread T_24;
    .scope S_0x16a9500;
T_25 ;
    %wait E_0x16cfc50;
    %load/vec4 v0x16dce50_0;
    %flag_set/vec4 8;
    %jmp/0xz  T_25.0, 8;
    %pushi/vec4 0, 0, 20;
    %assign/vec4 v0x16dcce0_0, 0;
    %jmp T_25.1;
T_25.0 ;
    %load/vec4 v0x16dcce0_0;
    %addi 1, 0, 20;
    %assign/vec4 v0x16dcce0_0, 0;
T_25.1 ;
    %jmp T_25;
    .thread T_25;
    .scope S_0x16a9500;
T_26 ;
    %wait E_0x16cfbf0;
    %load/vec4 v0x16dc820_0;
    %dup/vec4;
    %pushi/vec4 0, 0, 2;
    %cmp/u;
    %jmp/1 T_26.0, 6;
    %dup/vec4;
    %pushi/vec4 1, 0, 2;
    %cmp/u;
    %jmp/1 T_26.1, 6;
    %dup/vec4;
    %pushi/vec4 2, 0, 2;
    %cmp/u;
    %jmp/1 T_26.2, 6;
    %dup/vec4;
    %pushi/vec4 3, 0, 2;
    %cmp/u;
    %jmp/1 T_26.3, 6;
    %jmp T_26.4;
T_26.0 ;
    %pushi/vec4 7, 0, 4;
    %store/vec4 v0x16dc660_0, 0, 4;
    %load/vec4 v0x16dcc00_0;
    %pad/u 32;
    %pushi/vec4 1000, 0, 32;
    %div;
    %pad/u 4;
    %store/vec4 v0x16dc740_0, 0, 4;
    %jmp T_26.4;
T_26.1 ;
    %pushi/vec4 11, 0, 4;
    %store/vec4 v0x16dc660_0, 0, 4;
    %load/vec4 v0x16dcc00_0;
    %pad/u 32;
    %pushi/vec4 1000, 0, 32;
    %mod;
    %pushi/vec4 100, 0, 32;
    %div;
    %pad/u 4;
    %store/vec4 v0x16dc740_0, 0, 4;
    %jmp T_26.4;
T_26.2 ;
    %pushi/vec4 13, 0, 4;
    %store/vec4 v0x16dc660_0, 0, 4;
    %load/vec4 v0x16dcc00_0;
    %pad/u 32;
    %pushi/vec4 1000, 0, 32;
    %mod;
    %pushi/vec4 100, 0, 32;
    %mod;
    %pushi/vec4 10, 0, 32;
    %div;
    %pad/u 4;
    %store/vec4 v0x16dc740_0, 0, 4;
    %jmp T_26.4;
T_26.3 ;
    %pushi/vec4 14, 0, 4;
    %store/vec4 v0x16dc660_0, 0, 4;
    %load/vec4 v0x16dcc00_0;
    %pad/u 32;
    %pushi/vec4 1000, 0, 32;
    %mod;
    %pushi/vec4 100, 0, 32;
    %mod;
    %pushi/vec4 10, 0, 32;
    %mod;
    %pad/u 4;
    %store/vec4 v0x16dc740_0, 0, 4;
    %jmp T_26.4;
T_26.4 ;
    %pop/vec4 1;
    %jmp T_26;
    .thread T_26, $push;
    .scope S_0x16a9500;
T_27 ;
    %wait E_0x16cfb90;
    %load/vec4 v0x16dc740_0;
    %dup/vec4;
    %pushi/vec4 0, 0, 4;
    %cmp/u;
    %jmp/1 T_27.0, 6;
    %dup/vec4;
    %pushi/vec4 1, 0, 4;
    %cmp/u;
    %jmp/1 T_27.1, 6;
    %dup/vec4;
    %pushi/vec4 2, 0, 4;
    %cmp/u;
    %jmp/1 T_27.2, 6;
    %dup/vec4;
    %pushi/vec4 3, 0, 4;
    %cmp/u;
    %jmp/1 T_27.3, 6;
    %dup/vec4;
    %pushi/vec4 4, 0, 4;
    %cmp/u;
    %jmp/1 T_27.4, 6;
    %dup/vec4;
    %pushi/vec4 5, 0, 4;
    %cmp/u;
    %jmp/1 T_27.5, 6;
    %dup/vec4;
    %pushi/vec4 6, 0, 4;
    %cmp/u;
    %jmp/1 T_27.6, 6;
    %dup/vec4;
    %pushi/vec4 7, 0, 4;
    %cmp/u;
    %jmp/1 T_27.7, 6;
    %dup/vec4;
    %pushi/vec4 8, 0, 4;
    %cmp/u;
    %jmp/1 T_27.8, 6;
    %dup/vec4;
    %pushi/vec4 9, 0, 4;
    %cmp/u;
    %jmp/1 T_27.9, 6;
    %pushi/vec4 1, 0, 7;
    %store/vec4 v0x16dc8e0_0, 0, 7;
    %jmp T_27.11;
T_27.0 ;
    %pushi/vec4 1, 0, 7;
    %store/vec4 v0x16dc8e0_0, 0, 7;
    %jmp T_27.11;
T_27.1 ;
    %pushi/vec4 79, 0, 7;
    %store/vec4 v0x16dc8e0_0, 0, 7;
    %jmp T_27.11;
T_27.2 ;
    %pushi/vec4 18, 0, 7;
    %store/vec4 v0x16dc8e0_0, 0, 7;
    %jmp T_27.11;
T_27.3 ;
    %pushi/vec4 6, 0, 7;
    %store/vec4 v0x16dc8e0_0, 0, 7;
    %jmp T_27.11;
T_27.4 ;
    %pushi/vec4 76, 0, 7;
    %store/vec4 v0x16dc8e0_0, 0, 7;
    %jmp T_27.11;
T_27.5 ;
    %pushi/vec4 36, 0, 7;
    %store/vec4 v0x16dc8e0_0, 0, 7;
    %jmp T_27.11;
T_27.6 ;
    %pushi/vec4 32, 0, 7;
    %store/vec4 v0x16dc8e0_0, 0, 7;
    %jmp T_27.11;
T_27.7 ;
    %pushi/vec4 15, 0, 7;
    %store/vec4 v0x16dc8e0_0, 0, 7;
    %jmp T_27.11;
T_27.8 ;
    %pushi/vec4 0, 0, 7;
    %store/vec4 v0x16dc8e0_0, 0, 7;
    %jmp T_27.11;
T_27.9 ;
    %pushi/vec4 4, 0, 7;
    %store/vec4 v0x16dc8e0_0, 0, 7;
    %jmp T_27.11;
T_27.11 ;
    %pop/vec4 1;
    %jmp T_27;
    .thread T_27, $push;
# The file index is used to find the file name in the following table.
:file_names 20;
    "N/A";
    "<interactive>";
    "RISCV_TopModule_tb.v";
    "RISCV_TopModule.v";
    "Data_Memory.v";
    "Instruction_Memory.v";
    "controlpath.v";
    "ALUDecoder.v";
    "Main_Decoder.v";
    "datapath.v";
    "ALU32.v";
    "ALU_Mux.v";
    "Dff.v";
    "Extend.v";
    "PC_Mux.v";
    "PC_Plus_4.v";
    "PC_Target.v";
    "ResgisterFile.v";
    "Result_Mux.v";
    "LCDSEVEN.v";
