#! /c/Source/iverilog-install/bin/vvp
:ivl_version "12.0 (devel)" "(s20150603-1539-g2693dd32b)";
:ivl_delay_selection "TYPICAL";
:vpi_time_precision + 0;
:vpi_module "C:\iverilog\lib\ivl\system.vpi";
:vpi_module "C:\iverilog\lib\ivl\vhdl_sys.vpi";
:vpi_module "C:\iverilog\lib\ivl\vhdl_textio.vpi";
:vpi_module "C:\iverilog\lib\ivl\v2005_math.vpi";
:vpi_module "C:\iverilog\lib\ivl\va_math.vpi";
S_000002495861d630 .scope module, "tb_demux" "tb_demux" 2 1;
 .timescale 0 0;
v000002495861bc00_0 .var "S", 2 0;
v000002495861bca0_0 .net "a", 0 0, v0000024958616960_0;  1 drivers
v000002495861bd40_0 .net "b", 0 0, v0000024958616d30_0;  1 drivers
v000002495861bde0_0 .net "c", 0 0, v000002495861ba20_0;  1 drivers
v0000024958524d40_0 .net "d", 0 0, v000002495861bac0_0;  1 drivers
v0000024958524de0_0 .var/i "i", 31 0;
v0000024958524e80_0 .var "y", 3 0;
S_000002495861d7c0 .scope module, "DUT" "demux" 2 6, 3 1 0, S_000002495861d630;
 .timescale 0 0;
    .port_info 0 /INPUT 4 "y";
    .port_info 1 /INPUT 3 "S";
    .port_info 2 /OUTPUT 1 "a";
    .port_info 3 /OUTPUT 1 "b";
    .port_info 4 /OUTPUT 1 "c";
    .port_info 5 /OUTPUT 1 "d";
v00000249586170c0_0 .net "S", 2 0, v000002495861bc00_0;  1 drivers
v0000024958616960_0 .var "a", 0 0;
v0000024958616d30_0 .var "b", 0 0;
v000002495861ba20_0 .var "c", 0 0;
v000002495861bac0_0 .var "d", 0 0;
v000002495861bb60_0 .net "y", 3 0, v0000024958524e80_0;  1 drivers
E_000002495861afc0 .event anyedge, v00000249586170c0_0;
    .scope S_000002495861d7c0;
T_0 ;
    %wait E_000002495861afc0;
    %load/vec4 v00000249586170c0_0;
    %dup/vec4;
    %pushi/vec4 0, 0, 3;
    %cmp/u;
    %jmp/1 T_0.0, 6;
    %dup/vec4;
    %pushi/vec4 1, 0, 3;
    %cmp/u;
    %jmp/1 T_0.1, 6;
    %dup/vec4;
    %pushi/vec4 2, 0, 3;
    %cmp/u;
    %jmp/1 T_0.2, 6;
    %dup/vec4;
    %pushi/vec4 3, 0, 3;
    %cmp/u;
    %jmp/1 T_0.3, 6;
    %pushi/vec4 0, 0, 1;
    %store/vec4 v0000024958616960_0, 0, 1;
    %pushi/vec4 0, 0, 1;
    %store/vec4 v0000024958616d30_0, 0, 1;
    %pushi/vec4 0, 0, 1;
    %store/vec4 v000002495861ba20_0, 0, 1;
    %pushi/vec4 0, 0, 1;
    %store/vec4 v000002495861bac0_0, 0, 1;
    %jmp T_0.5;
T_0.0 ;
    %load/vec4 v000002495861bb60_0;
    %parti/s 1, 0, 2;
    %store/vec4 v0000024958616960_0, 0, 1;
    %jmp T_0.5;
T_0.1 ;
    %load/vec4 v000002495861bb60_0;
    %parti/s 1, 1, 2;
    %store/vec4 v0000024958616d30_0, 0, 1;
    %jmp T_0.5;
T_0.2 ;
    %load/vec4 v000002495861bb60_0;
    %parti/s 1, 2, 3;
    %store/vec4 v000002495861ba20_0, 0, 1;
    %jmp T_0.5;
T_0.3 ;
    %load/vec4 v000002495861bb60_0;
    %parti/s 1, 3, 3;
    %store/vec4 v000002495861bac0_0, 0, 1;
    %jmp T_0.5;
T_0.5 ;
    %pop/vec4 1;
    %jmp T_0;
    .thread T_0, $push;
    .scope S_000002495861d630;
T_1 ;
    %pushi/vec4 0, 0, 4;
    %store/vec4 v0000024958524e80_0, 0, 4;
    %delay 5, 0;
    %pushi/vec4 11, 0, 4;
    %store/vec4 v0000024958524e80_0, 0, 4;
    %pushi/vec4 0, 0, 32;
    %store/vec4 v0000024958524de0_0, 0, 32;
T_1.0 ;
    %load/vec4 v0000024958524de0_0;
    %cmpi/s 4, 0, 32;
    %jmp/0xz T_1.1, 5;
    %load/vec4 v0000024958524de0_0;
    %pad/s 3;
    %store/vec4 v000002495861bc00_0, 0, 3;
    %delay 5, 0;
    %load/vec4 v0000024958524de0_0;
    %addi 1, 0, 32;
    %store/vec4 v0000024958524de0_0, 0, 32;
    %jmp T_1.0;
T_1.1 ;
    %delay 5, 0;
    %pushi/vec4 0, 0, 4;
    %store/vec4 v0000024958524e80_0, 0, 4;
    %pushi/vec4 4, 0, 32;
    %store/vec4 v0000024958524de0_0, 0, 32;
T_1.2 ;
    %load/vec4 v0000024958524de0_0;
    %cmpi/s 0, 0, 32;
    %flag_inv 5; GE is !LT
    %jmp/0xz T_1.3, 5;
    %load/vec4 v0000024958524de0_0;
    %cmpi/e 5, 0, 32;
    %jmp/0xz  T_1.4, 4;
    %delay 5, 0;
    %jmp T_1.5;
T_1.4 ;
    %load/vec4 v0000024958524de0_0;
    %pad/s 3;
    %store/vec4 v000002495861bc00_0, 0, 3;
    %delay 5, 0;
T_1.5 ;
    %load/vec4 v0000024958524de0_0;
    %subi 1, 0, 32;
    %store/vec4 v0000024958524de0_0, 0, 32;
    %jmp T_1.2;
T_1.3 ;
    %delay 5, 0;
    %vpi_call 2 26 "$finish" {0 0 0};
    %end;
    .thread T_1;
    .scope S_000002495861d630;
T_2 ;
    %vpi_call 2 30 "$monitor", "Time = %d, S=%d | a=%d, b=%d, c=%d, d=%d", $time, v000002495861bc00_0, v000002495861bca0_0, v000002495861bd40_0, v000002495861bde0_0, v0000024958524d40_0 {0 0 0};
    %end;
    .thread T_2;
# The file index is used to find the file name in the following table.
:file_names 4;
    "N/A";
    "<interactive>";
    ".\tb_demux.v";
    "demux.v";
