#! /c/Source/iverilog-install/bin/vvp
:ivl_version "12.0 (devel)" "(s20150603-1539-g2693dd32b)";
:ivl_delay_selection "TYPICAL";
:vpi_time_precision + 0;
:vpi_module "C:\iverilog\lib\ivl\system.vpi";
:vpi_module "C:\iverilog\lib\ivl\vhdl_sys.vpi";
:vpi_module "C:\iverilog\lib\ivl\vhdl_textio.vpi";
:vpi_module "C:\iverilog\lib\ivl\v2005_math.vpi";
:vpi_module "C:\iverilog\lib\ivl\va_math.vpi";
S_0000022a9fff57c0 .scope module, "seven_seg" "seven_seg" 2 1;
 .timescale 0 0;
    .port_info 0 /INPUT 1 "clk_100mhz";
    .port_info 1 /INPUT 1 "reset";
    .port_info 2 /OUTPUT 4 "Anode_Activate";
    .port_info 3 /OUTPUT 7 "LED_out";
v0000022aa004cdc0_0 .var "Anode_Activate", 3 0;
v0000022aa004b880_0 .var "LED_BCD", 3 0;
v0000022aa004b9c0_0 .net "LED_activating_counter", 1 0, L_0000022aa00c1f60;  1 drivers
v0000022aa004c140_0 .var "LED_out", 6 0;
o0000022a9fff81b8 .functor BUFZ 1, C4<z>; HiZ drive
v0000022aa004b060_0 .net "clk_100mhz", 0 0, o0000022a9fff81b8;  0 drivers
v0000022aa004ba60_0 .var "clk_1hz", 0 0;
v0000022aa004bb00_0 .var "count", 31 0;
v0000022aa004bec0_0 .var "displayed_number", 15 0;
v0000022aa004bf60_0 .var "refresh_counter", 19 0;
o0000022a9fff72b8 .functor BUFZ 1, C4<z>; HiZ drive
v0000022aa004c320_0 .net "reset", 0 0, o0000022a9fff72b8;  0 drivers
v0000022aa004c3c0_0 .net "result", 31 0, L_0000022a9fede5b0;  1 drivers
E_0000022a9fece080 .event anyedge, v0000022aa004b880_0;
E_0000022a9feceb80 .event anyedge, v0000022aa004b9c0_0, v0000022aa004bec0_0;
E_0000022a9fece6c0 .event posedge, v0000022aa00471b0_0, v0000022aa004b060_0;
L_0000022aa00c1f60 .part v0000022aa004bf60_0, 18, 2;
S_0000022a9fe72780 .scope module, "uut" "Top_Module" 2 21, 3 1 0, S_0000022a9fff57c0;
 .timescale 0 0;
    .port_info 0 /INPUT 1 "clk";
    .port_info 1 /INPUT 1 "reset";
    .port_info 2 /OUTPUT 32 "display_result";
L_0000022a9fede5b0 .functor BUFZ 32, L_0000022a9feddeb0, C4<00000000000000000000000000000000>, C4<00000000000000000000000000000000>, C4<00000000000000000000000000000000>;
v0000022aa004caa0_0 .net "ALUControl", 3 0, v0000022a9fec27f0_0;  1 drivers
v0000022aa004bc40_0 .net "ALUResult", 31 0, L_0000022aa00654c0;  1 drivers
v0000022aa004cb40_0 .net "ALUSrc", 0 0, v0000022aa0044480_0;  1 drivers
v0000022aa004cbe0_0 .net "ImmSrc", 1 0, v0000022aa00457e0_0;  1 drivers
v0000022aa004b4c0_0 .net "Instr", 31 0, L_0000022a9fedde40;  1 drivers
v0000022aa004b920_0 .net "MemWrite", 0 0, v0000022aa0044700_0;  1 drivers
v0000022aa004b740_0 .net "PC", 31 0, v0000022aa0046a30_0;  1 drivers
v0000022aa004be20_0 .net "PCSrc", 0 0, L_0000022a9fede690;  1 drivers
v0000022aa004cc80_0 .net "ReadData", 31 0, L_0000022aa00be420;  1 drivers
v0000022aa004afc0_0 .net "RegWrite", 0 0, v0000022aa0045880_0;  1 drivers
v0000022aa004b560_0 .net "ResultSrc", 1 0, v0000022aa0044de0_0;  1 drivers
v0000022aa004b7e0_0 .net "WriteData", 31 0, L_0000022a9feddeb0;  1 drivers
v0000022aa004c6e0_0 .net "Zero", 0 0, L_0000022aa0065060;  1 drivers
v0000022aa004c1e0_0 .net "clk", 0 0, v0000022aa004ba60_0;  1 drivers
v0000022aa004c820_0 .net "display_result", 31 0, L_0000022a9fede5b0;  alias, 1 drivers
v0000022aa004cd20_0 .net "reset", 0 0, o0000022a9fff72b8;  alias, 0 drivers
S_0000022a9fe72910 .scope module, "ctrl" "control_path" 3 28, 4 1 0, S_0000022a9fe72780;
 .timescale 0 0;
    .port_info 0 /INPUT 32 "Instr";
    .port_info 1 /INPUT 1 "zero";
    .port_info 2 /OUTPUT 1 "RegWrite";
    .port_info 3 /OUTPUT 1 "ALUSrc";
    .port_info 4 /OUTPUT 1 "PCSrc";
    .port_info 5 /OUTPUT 2 "ResultSrc";
    .port_info 6 /OUTPUT 2 "ImmSrc";
    .port_info 7 /OUTPUT 4 "ALUControl";
    .port_info 8 /OUTPUT 1 "MemWrite";
L_0000022a9fede620 .functor AND 1, L_0000022aa0065060, v0000022aa0044160_0, C4<1>, C4<1>;
L_0000022a9fede690 .functor OR 1, L_0000022a9fede620, v0000022aa00459c0_0, C4<0>, C4<0>;
v0000022aa0044ac0_0 .net "ALUControl", 3 0, v0000022a9fec27f0_0;  alias, 1 drivers
v0000022aa0044d40_0 .net "ALUOp", 1 0, v0000022aa0044660_0;  1 drivers
v0000022aa0045560_0 .net "ALUSrc", 0 0, v0000022aa0044480_0;  alias, 1 drivers
v0000022aa00445c0_0 .net "Branch", 0 0, v0000022aa0044160_0;  1 drivers
v0000022aa0045100_0 .net "ImmSrc", 1 0, v0000022aa00457e0_0;  alias, 1 drivers
v0000022aa0044b60_0 .net "Instr", 31 0, L_0000022a9fedde40;  alias, 1 drivers
v0000022aa0044840_0 .net "Jump", 0 0, v0000022aa00459c0_0;  1 drivers
v0000022aa0045420_0 .net "MemWrite", 0 0, v0000022aa0044700_0;  alias, 1 drivers
v0000022aa0043ee0_0 .net "PCSrc", 0 0, L_0000022a9fede690;  alias, 1 drivers
v0000022aa0044200_0 .net "RegWrite", 0 0, v0000022aa0045880_0;  alias, 1 drivers
v0000022aa0045600_0 .net "ResultSrc", 1 0, v0000022aa0044de0_0;  alias, 1 drivers
v0000022aa0045a60_0 .net *"_ivl_2", 0 0, L_0000022a9fede620;  1 drivers
v0000022aa0045920_0 .net "zero", 0 0, L_0000022aa0065060;  alias, 1 drivers
L_0000022aa0062400 .part L_0000022a9fedde40, 0, 7;
L_0000022aa0063bc0 .part L_0000022a9fedde40, 12, 3;
L_0000022aa00636c0 .part L_0000022a9fedde40, 30, 1;
L_0000022aa0062360 .part L_0000022a9fedde40, 5, 1;
S_0000022a9fe63a80 .scope module, "aludec" "ALUDecoder" 4 32, 5 1 0, S_0000022a9fe72910;
 .timescale 0 0;
    .port_info 0 /INPUT 2 "ALUOp";
    .port_info 1 /INPUT 3 "funct3";
    .port_info 2 /INPUT 1 "funct7b5";
    .port_info 3 /INPUT 1 "opb5";
    .port_info 4 /OUTPUT 4 "ALUControl";
v0000022a9fec27f0_0 .var "ALUControl", 3 0;
v0000022a9fec1d50_0 .net "ALUOp", 1 0, v0000022aa0044660_0;  alias, 1 drivers
v0000022a9fec2d90_0 .net "funct3", 2 0, L_0000022aa0063bc0;  1 drivers
v0000022a9fec3290_0 .net "funct7b5", 0 0, L_0000022aa00636c0;  1 drivers
v0000022a9fec33d0_0 .net "opb5", 0 0, L_0000022aa0062360;  1 drivers
E_0000022a9fecdd80 .event anyedge, v0000022a9fec1d50_0, v0000022a9fec2d90_0, v0000022a9fec3290_0, v0000022a9fec33d0_0;
S_0000022a9fe63c10 .scope module, "decoder" "Main_Decoder" 4 18, 6 1 0, S_0000022a9fe72910;
 .timescale 0 0;
    .port_info 0 /INPUT 7 "op";
    .port_info 1 /OUTPUT 1 "RegWrite";
    .port_info 2 /OUTPUT 2 "ImmSrc";
    .port_info 3 /OUTPUT 1 "ALUSrc";
    .port_info 4 /OUTPUT 1 "MemWrite";
    .port_info 5 /OUTPUT 2 "ResultSrc";
    .port_info 6 /OUTPUT 1 "Branch";
    .port_info 7 /OUTPUT 2 "ALUOp";
    .port_info 8 /OUTPUT 1 "Jump";
v0000022aa0044660_0 .var "ALUOp", 1 0;
v0000022aa0044480_0 .var "ALUSrc", 0 0;
v0000022aa0044160_0 .var "Branch", 0 0;
v0000022aa00457e0_0 .var "ImmSrc", 1 0;
v0000022aa00459c0_0 .var "Jump", 0 0;
v0000022aa0044700_0 .var "MemWrite", 0 0;
v0000022aa0045880_0 .var "RegWrite", 0 0;
v0000022aa0044de0_0 .var "ResultSrc", 1 0;
v0000022aa00447a0_0 .net "op", 6 0, L_0000022aa0062400;  1 drivers
E_0000022a9fecde00 .event anyedge, v0000022aa00447a0_0;
S_0000022a9fe3f000 .scope module, "dmem" "data_memory" 3 55, 7 1 0, S_0000022a9fe72780;
 .timescale 0 0;
    .port_info 0 /INPUT 1 "clk";
    .port_info 1 /INPUT 1 "we";
    .port_info 2 /INPUT 32 "a";
    .port_info 3 /INPUT 32 "wd";
    .port_info 4 /OUTPUT 32 "rd";
L_0000022aa00be420 .functor BUFZ 32, L_0000022aa00c21e0, C4<00000000000000000000000000000000>, C4<00000000000000000000000000000000>, C4<00000000000000000000000000000000>;
v0000022aa00442a0 .array "RAM", 63 0, 31 0;
v0000022aa00456a0_0 .net *"_ivl_0", 31 0, L_0000022aa00c21e0;  1 drivers
v0000022aa00454c0_0 .net *"_ivl_3", 29 0, L_0000022aa00c25a0;  1 drivers
v0000022aa0043bc0_0 .net "a", 31 0, L_0000022aa00654c0;  alias, 1 drivers
v0000022aa0043f80_0 .net "clk", 0 0, v0000022aa004ba60_0;  alias, 1 drivers
v0000022aa00448e0_0 .var/i "i", 31 0;
v0000022aa0043da0_0 .net "rd", 31 0, L_0000022aa00be420;  alias, 1 drivers
v0000022aa0044980_0 .net "wd", 31 0, L_0000022a9feddeb0;  alias, 1 drivers
v0000022aa0044e80_0 .net "we", 0 0, v0000022aa0044700_0;  alias, 1 drivers
E_0000022a9fece980 .event posedge, v0000022aa0043f80_0;
L_0000022aa00c21e0 .array/port v0000022aa00442a0, L_0000022aa00c25a0;
L_0000022aa00c25a0 .part L_0000022aa00654c0, 2, 30;
S_0000022a9fe3f190 .scope module, "dp" "datapath" 3 39, 8 1 0, S_0000022a9fe72780;
 .timescale 0 0;
    .port_info 0 /INPUT 1 "clk";
    .port_info 1 /INPUT 1 "reset";
    .port_info 2 /INPUT 1 "RegWrite";
    .port_info 3 /INPUT 1 "ALUSrc";
    .port_info 4 /INPUT 1 "PCSrc";
    .port_info 5 /INPUT 2 "ResultSrc";
    .port_info 6 /INPUT 2 "ImmSrc";
    .port_info 7 /INPUT 4 "ALUControl";
    .port_info 8 /INPUT 32 "Instr";
    .port_info 9 /INPUT 32 "ReadData";
    .port_info 10 /OUTPUT 32 "PC";
    .port_info 11 /OUTPUT 32 "ALUResult";
    .port_info 12 /OUTPUT 32 "WriteData";
    .port_info 13 /OUTPUT 1 "Zero";
L_0000022a9feddeb0 .functor BUFZ 32, L_0000022aa00c28c0, C4<00000000000000000000000000000000>, C4<00000000000000000000000000000000>, C4<00000000000000000000000000000000>;
v0000022aa0049440_0 .net "ALUControl", 3 0, v0000022a9fec27f0_0;  alias, 1 drivers
v0000022aa00494e0_0 .net "ALUResult", 31 0, L_0000022aa00654c0;  alias, 1 drivers
v0000022aa0049580_0 .net "ALUSrc", 0 0, v0000022aa0044480_0;  alias, 1 drivers
v0000022aa0049800_0 .net "ImmExt", 31 0, v0000022aa0046e90_0;  1 drivers
v0000022aa00498a0_0 .net "ImmShift", 31 0, L_0000022aa0062540;  1 drivers
v0000022aa00499e0_0 .net "ImmSrc", 1 0, v0000022aa00457e0_0;  alias, 1 drivers
v0000022aa0049a80_0 .net "Instr", 31 0, L_0000022a9fedde40;  alias, 1 drivers
v0000022aa0049bc0_0 .net "PC", 31 0, v0000022aa0046a30_0;  alias, 1 drivers
v0000022aa004b2e0_0 .net "PCNext", 31 0, L_0000022aa00634e0;  1 drivers
v0000022aa004c000_0 .net "PCPlus4", 31 0, L_0000022aa0063c60;  1 drivers
v0000022aa004b600_0 .net "PCSrc", 0 0, L_0000022a9fede690;  alias, 1 drivers
v0000022aa004b6a0_0 .net "PCTarget", 31 0, L_0000022aa0063260;  1 drivers
v0000022aa004c5a0_0 .net "RD1", 31 0, L_0000022aa0063760;  1 drivers
v0000022aa004c280_0 .net "RD2", 31 0, L_0000022aa0064a20;  1 drivers
v0000022aa004af20_0 .net "ReadData", 31 0, L_0000022aa00be420;  alias, 1 drivers
v0000022aa004b380_0 .net "RegWrite", 0 0, v0000022aa0045880_0;  alias, 1 drivers
v0000022aa004c8c0_0 .net "Result", 31 0, L_0000022aa00c28c0;  1 drivers
v0000022aa004b420_0 .net "ResultSrc", 1 0, v0000022aa0044de0_0;  alias, 1 drivers
v0000022aa004c960_0 .net "SrcB", 31 0, L_0000022aa0064ac0;  1 drivers
v0000022aa004c0a0_0 .net "WriteData", 31 0, L_0000022a9feddeb0;  alias, 1 drivers
v0000022aa004bce0_0 .net "Zero", 0 0, L_0000022aa0065060;  alias, 1 drivers
v0000022aa004b240_0 .net *"_ivl_2", 30 0, L_0000022aa00624a0;  1 drivers
L_0000022aa0065fa0 .functor BUFT 1, C4<0>, C4<0>, C4<0>, C4<0>;
v0000022aa004bba0_0 .net *"_ivl_4", 0 0, L_0000022aa0065fa0;  1 drivers
v0000022aa004c500_0 .net "clk", 0 0, v0000022aa004ba60_0;  alias, 1 drivers
v0000022aa004b1a0_0 .net "reset", 0 0, o0000022a9fff72b8;  alias, 0 drivers
L_0000022aa00624a0 .part v0000022aa0046e90_0, 0, 31;
L_0000022aa0062540 .concat [ 1 31 0 0], L_0000022aa0065fa0, L_0000022aa00624a0;
L_0000022aa00657e0 .part L_0000022a9fedde40, 15, 5;
L_0000022aa0065100 .part L_0000022a9fedde40, 20, 5;
L_0000022aa0064980 .part L_0000022a9fedde40, 7, 5;
S_0000022a9fe38100 .scope module, "alu" "ALU" 8 89, 9 1 0, S_0000022a9fe3f190;
 .timescale 0 0;
    .port_info 0 /INPUT 32 "A";
    .port_info 1 /INPUT 32 "B";
    .port_info 2 /INPUT 4 "ALUControl";
    .port_info 3 /OUTPUT 32 "Result";
    .port_info 4 /OUTPUT 1 "Zero";
    .port_info 5 /OUTPUT 1 "Carry";
    .port_info 6 /OUTPUT 1 "Overflow";
    .port_info 7 /OUTPUT 1 "Negative";
L_0000022a9feddf20 .functor XNOR 1, L_0000022aa0064e80, L_0000022aa0065600, C4<0>, C4<0>;
L_0000022a9fede0e0 .functor NOT 1, L_0000022aa0065920, C4<0>, C4<0>, C4<0>;
L_0000022a9fede460 .functor NOT 1, L_0000022aa0065d80, C4<0>, C4<0>, C4<0>;
L_0000022a9fede700 .functor AND 1, L_0000022a9fede0e0, L_0000022a9fede460, C4<1>, C4<1>;
L_0000022a9fede540 .functor AND 1, L_0000022a9fede700, L_0000022aa0064ca0, C4<1>, C4<1>;
L_0000022a9fede930 .functor AND 1, L_0000022aa0064d40, L_0000022aa0064c00, C4<1>, C4<1>;
L_0000022a9fede9a0 .functor NOT 1, L_0000022aa0064de0, C4<0>, C4<0>, C4<0>;
L_0000022a9fedea80 .functor AND 1, L_0000022a9fede930, L_0000022a9fede9a0, C4<1>, C4<1>;
L_0000022a9fea3070 .functor OR 1, L_0000022a9fede540, L_0000022a9fedea80, C4<0>, C4<0>;
L_0000022a9fea3c40 .functor NOT 1, L_0000022aa0065ce0, C4<0>, C4<0>, C4<0>;
L_0000022a9fea35b0 .functor AND 1, L_0000022aa0065560, L_0000022a9fea3c40, C4<1>, C4<1>;
L_0000022a9fea31c0 .functor NOT 1, L_0000022aa0064f20, C4<0>, C4<0>, C4<0>;
L_0000022aa00be8f0 .functor AND 1, L_0000022a9fea35b0, L_0000022a9fea31c0, C4<1>, C4<1>;
L_0000022aa00be650 .functor NOT 1, L_0000022aa0064840, C4<0>, C4<0>, C4<0>;
L_0000022aa00be0a0 .functor AND 1, L_0000022aa00be650, L_0000022aa0065a60, C4<1>, C4<1>;
L_0000022aa00beb90 .functor AND 1, L_0000022aa00be0a0, L_0000022aa0065e20, C4<1>, C4<1>;
L_0000022aa00be9d0 .functor OR 1, L_0000022aa00be8f0, L_0000022aa00beb90, C4<0>, C4<0>;
v0000022aa0044f20_0 .net "A", 31 0, L_0000022aa0063760;  alias, 1 drivers
v0000022aa0044340_0 .net "ALUControl", 3 0, v0000022a9fec27f0_0;  alias, 1 drivers
v0000022aa00452e0_0 .net "B", 31 0, L_0000022aa0064ac0;  alias, 1 drivers
v0000022aa0043c60_0 .net "Carry", 0 0, L_0000022aa0065ba0;  1 drivers
v0000022aa0043e40_0 .net "Negative", 0 0, L_0000022aa0065880;  1 drivers
v0000022aa0045740_0 .net "Overflow", 0 0, L_0000022aa0065b00;  1 drivers
v0000022aa00443e0_0 .net "Result", 31 0, L_0000022aa00654c0;  alias, 1 drivers
v0000022aa0044ca0_0 .net "Zero", 0 0, L_0000022aa0065060;  alias, 1 drivers
v0000022aa0044fc0_0 .net *"_ivl_1", 0 0, L_0000022aa0064e80;  1 drivers
L_0000022aa0066228 .functor BUFT 1, C4<00000000000000000000000000000000>, C4<0>, C4<0>, C4<0>;
v0000022aa0045240_0 .net/2u *"_ivl_18", 31 0, L_0000022aa0066228;  1 drivers
L_0000022aa0066270 .functor BUFT 1, C4<0000>, C4<0>, C4<0>, C4<0>;
v0000022aa0044520_0 .net/2u *"_ivl_24", 3 0, L_0000022aa0066270;  1 drivers
v0000022aa0043d00_0 .net *"_ivl_26", 0 0, L_0000022aa0065240;  1 drivers
v0000022aa0044020_0 .net *"_ivl_29", 0 0, L_0000022aa0065920;  1 drivers
v0000022aa00440c0_0 .net *"_ivl_3", 0 0, L_0000022aa0065600;  1 drivers
v0000022aa0044a20_0 .net *"_ivl_30", 0 0, L_0000022a9fede0e0;  1 drivers
v0000022aa0045060_0 .net *"_ivl_33", 0 0, L_0000022aa0065d80;  1 drivers
v0000022aa0044c00_0 .net *"_ivl_34", 0 0, L_0000022a9fede460;  1 drivers
v0000022aa00451a0_0 .net *"_ivl_36", 0 0, L_0000022a9fede700;  1 drivers
v0000022aa0045380_0 .net *"_ivl_39", 0 0, L_0000022aa0064ca0;  1 drivers
v0000022aa00467b0_0 .net *"_ivl_4", 0 0, L_0000022a9feddf20;  1 drivers
v0000022aa00460d0_0 .net *"_ivl_40", 0 0, L_0000022a9fede540;  1 drivers
v0000022aa0047430_0 .net *"_ivl_43", 0 0, L_0000022aa0064d40;  1 drivers
v0000022aa0045ef0_0 .net *"_ivl_45", 0 0, L_0000022aa0064c00;  1 drivers
v0000022aa0045f90_0 .net *"_ivl_46", 0 0, L_0000022a9fede930;  1 drivers
v0000022aa0046df0_0 .net *"_ivl_49", 0 0, L_0000022aa0064de0;  1 drivers
v0000022aa0047750_0 .net *"_ivl_50", 0 0, L_0000022a9fede9a0;  1 drivers
v0000022aa0047610_0 .net *"_ivl_52", 0 0, L_0000022a9fedea80;  1 drivers
v0000022aa0046030_0 .net *"_ivl_54", 0 0, L_0000022a9fea3070;  1 drivers
L_0000022aa00662b8 .functor BUFT 1, C4<0001>, C4<0>, C4<0>, C4<0>;
v0000022aa0045e50_0 .net/2u *"_ivl_56", 3 0, L_0000022aa00662b8;  1 drivers
v0000022aa00468f0_0 .net *"_ivl_58", 0 0, L_0000022aa00659c0;  1 drivers
v0000022aa0046850_0 .net *"_ivl_6", 0 0, L_0000022aa0064b60;  1 drivers
v0000022aa0046b70_0 .net *"_ivl_61", 0 0, L_0000022aa0065560;  1 drivers
v0000022aa0046c10_0 .net *"_ivl_63", 0 0, L_0000022aa0065ce0;  1 drivers
v0000022aa0046530_0 .net *"_ivl_64", 0 0, L_0000022a9fea3c40;  1 drivers
v0000022aa0046ad0_0 .net *"_ivl_66", 0 0, L_0000022a9fea35b0;  1 drivers
v0000022aa00476b0_0 .net *"_ivl_69", 0 0, L_0000022aa0064f20;  1 drivers
v0000022aa0046cb0_0 .net *"_ivl_70", 0 0, L_0000022a9fea31c0;  1 drivers
v0000022aa00477f0_0 .net *"_ivl_72", 0 0, L_0000022aa00be8f0;  1 drivers
v0000022aa0045db0_0 .net *"_ivl_75", 0 0, L_0000022aa0064840;  1 drivers
v0000022aa0046990_0 .net *"_ivl_76", 0 0, L_0000022aa00be650;  1 drivers
v0000022aa0046170_0 .net *"_ivl_79", 0 0, L_0000022aa0065a60;  1 drivers
v0000022aa0047890_0 .net *"_ivl_80", 0 0, L_0000022aa00be0a0;  1 drivers
v0000022aa00472f0_0 .net *"_ivl_83", 0 0, L_0000022aa0065e20;  1 drivers
v0000022aa0046210_0 .net *"_ivl_84", 0 0, L_0000022aa00beb90;  1 drivers
v0000022aa00462b0_0 .net *"_ivl_86", 0 0, L_0000022aa00be9d0;  1 drivers
L_0000022aa0066300 .functor BUFT 1, C4<0>, C4<0>, C4<0>, C4<0>;
v0000022aa0047570_0 .net/2u *"_ivl_88", 0 0, L_0000022aa0066300;  1 drivers
v0000022aa0046350_0 .net *"_ivl_9", 0 0, L_0000022aa00651a0;  1 drivers
v0000022aa00474d0_0 .net *"_ivl_90", 0 0, L_0000022aa00652e0;  1 drivers
v0000022aa00463f0_0 .net "slt", 0 0, L_0000022aa00648e0;  1 drivers
v0000022aa0047390_0 .net "sltu", 0 0, L_0000022aa00656a0;  1 drivers
v0000022aa00479d0_0 .var "tmp", 32 0;
E_0000022a9fece480/0 .event anyedge, v0000022a9fec27f0_0, v0000022aa0044f20_0, v0000022aa00452e0_0, v0000022aa00463f0_0;
E_0000022a9fece480/1 .event anyedge, v0000022aa0047390_0;
E_0000022a9fece480 .event/or E_0000022a9fece480/0, E_0000022a9fece480/1;
L_0000022aa0064e80 .part L_0000022aa0063760, 31, 1;
L_0000022aa0065600 .part L_0000022aa0064ac0, 31, 1;
L_0000022aa0064b60 .cmp/gt 32, L_0000022aa0064ac0, L_0000022aa0063760;
L_0000022aa00651a0 .part L_0000022aa0063760, 31, 1;
L_0000022aa00648e0 .functor MUXZ 1, L_0000022aa00651a0, L_0000022aa0064b60, L_0000022a9feddf20, C4<>;
L_0000022aa00656a0 .cmp/gt 32, L_0000022aa0064ac0, L_0000022aa0063760;
L_0000022aa00654c0 .part v0000022aa00479d0_0, 0, 32;
L_0000022aa0065ba0 .part v0000022aa00479d0_0, 32, 1;
L_0000022aa0065060 .cmp/eq 32, L_0000022aa00654c0, L_0000022aa0066228;
L_0000022aa0065880 .part L_0000022aa00654c0, 31, 1;
L_0000022aa0065240 .cmp/eq 4, v0000022a9fec27f0_0, L_0000022aa0066270;
L_0000022aa0065920 .part L_0000022aa0063760, 31, 1;
L_0000022aa0065d80 .part L_0000022aa0064ac0, 31, 1;
L_0000022aa0064ca0 .part L_0000022aa00654c0, 31, 1;
L_0000022aa0064d40 .part L_0000022aa0063760, 31, 1;
L_0000022aa0064c00 .part L_0000022aa0064ac0, 31, 1;
L_0000022aa0064de0 .part L_0000022aa00654c0, 31, 1;
L_0000022aa00659c0 .cmp/eq 4, v0000022a9fec27f0_0, L_0000022aa00662b8;
L_0000022aa0065560 .part L_0000022aa0063760, 31, 1;
L_0000022aa0065ce0 .part L_0000022aa0064ac0, 31, 1;
L_0000022aa0064f20 .part L_0000022aa00654c0, 31, 1;
L_0000022aa0064840 .part L_0000022aa0063760, 31, 1;
L_0000022aa0065a60 .part L_0000022aa0064ac0, 31, 1;
L_0000022aa0065e20 .part L_0000022aa00654c0, 31, 1;
L_0000022aa00652e0 .functor MUXZ 1, L_0000022aa0066300, L_0000022aa00be9d0, L_0000022aa00659c0, C4<>;
L_0000022aa0065b00 .functor MUXZ 1, L_0000022aa00652e0, L_0000022a9fea3070, L_0000022aa0065240, C4<>;
S_0000022aa0047b90 .scope module, "alusrc" "ALUSrcMux" 8 82, 10 1 0, S_0000022a9fe3f190;
 .timescale 0 0;
    .port_info 0 /INPUT 32 "RD2";
    .port_info 1 /INPUT 32 "ImmExt";
    .port_info 2 /INPUT 1 "ALUSrc";
    .port_info 3 /OUTPUT 32 "SrcB";
v0000022aa0045d10_0 .net "ALUSrc", 0 0, v0000022aa0044480_0;  alias, 1 drivers
v0000022aa0046490_0 .net "ImmExt", 31 0, v0000022aa0046e90_0;  alias, 1 drivers
v0000022aa0047110_0 .net "RD2", 31 0, L_0000022aa0064a20;  alias, 1 drivers
v0000022aa0045c70_0 .net "SrcB", 31 0, L_0000022aa0064ac0;  alias, 1 drivers
L_0000022aa0064ac0 .functor MUXZ 32, L_0000022aa0064a20, v0000022aa0046e90_0, v0000022aa0044480_0, C4<>;
S_0000022aa0047d20 .scope module, "immgen" "sign_extension" 8 54, 11 1 0, S_0000022a9fe3f190;
 .timescale 0 0;
    .port_info 0 /INPUT 32 "Instr";
    .port_info 1 /INPUT 2 "ImmSrc";
    .port_info 2 /OUTPUT 32 "ImmExt";
v0000022aa0046e90_0 .var "ImmExt", 31 0;
v0000022aa0047930_0 .net "ImmSrc", 1 0, v0000022aa00457e0_0;  alias, 1 drivers
v0000022aa0046710_0 .net "Instr", 31 0, L_0000022a9fedde40;  alias, 1 drivers
E_0000022a9fecdf80 .event anyedge, v0000022aa00457e0_0, v0000022aa0044b60_0;
S_0000022a9fe348d0 .scope module, "pc4" "pc_plus_4" 8 43, 12 1 0, S_0000022a9fe3f190;
 .timescale 0 0;
    .port_info 0 /INPUT 32 "PC";
    .port_info 1 /OUTPUT 32 "PCPlus4";
v0000022aa00465d0_0 .net "PC", 31 0, v0000022aa0046a30_0;  alias, 1 drivers
v0000022aa0046670_0 .net "PCPlus4", 31 0, L_0000022aa0063c60;  alias, 1 drivers
L_0000022aa0065f58 .functor BUFT 1, C4<00000000000000000000000000000100>, C4<0>, C4<0>, C4<0>;
v0000022aa0046f30_0 .net/2u *"_ivl_0", 31 0, L_0000022aa0065f58;  1 drivers
L_0000022aa0063c60 .arith/sum 32, v0000022aa0046a30_0, L_0000022aa0065f58;
S_0000022a9fe34a60 .scope module, "pc_adder" "Adder" 8 48, 13 1 0, S_0000022a9fe3f190;
 .timescale 0 0;
    .port_info 0 /INPUT 32 "PC";
    .port_info 1 /INPUT 32 "ImmExt";
    .port_info 2 /OUTPUT 32 "PCTarget";
v0000022aa0045bd0_0 .net "ImmExt", 31 0, v0000022aa0046e90_0;  alias, 1 drivers
v0000022aa0046d50_0 .net "PC", 31 0, v0000022aa0046a30_0;  alias, 1 drivers
v0000022aa0047a70_0 .net "PCTarget", 31 0, L_0000022aa0063260;  alias, 1 drivers
L_0000022aa0063260 .arith/sum 32, v0000022aa0046a30_0, v0000022aa0046e90_0;
S_0000022a9fe73c90 .scope module, "pc_reg" "PC" 8 35, 14 1 0, S_0000022a9fe3f190;
 .timescale 0 0;
    .port_info 0 /INPUT 1 "clk";
    .port_info 1 /INPUT 1 "reset";
    .port_info 2 /INPUT 32 "PCNext";
    .port_info 3 /OUTPUT 32 "PC";
v0000022aa0046a30_0 .var "PC", 31 0;
v0000022aa0046fd0_0 .net "PCNext", 31 0, L_0000022aa00634e0;  alias, 1 drivers
v0000022aa0047070_0 .net "clk", 0 0, v0000022aa004ba60_0;  alias, 1 drivers
v0000022aa00471b0_0 .net "reset", 0 0, o0000022a9fff72b8;  alias, 0 drivers
E_0000022a9fecf680 .event posedge, v0000022aa00471b0_0, v0000022aa0043f80_0;
S_0000022a9fe73e20 .scope module, "pcmux" "PCMux" 8 61, 15 1 0, S_0000022a9fe3f190;
 .timescale 0 0;
    .port_info 0 /INPUT 32 "PCPlus4";
    .port_info 1 /INPUT 32 "PCTarget";
    .port_info 2 /INPUT 1 "PCSrc";
    .port_info 3 /OUTPUT 32 "PCNext";
v0000022aa0047250_0 .net "PCNext", 31 0, L_0000022aa00634e0;  alias, 1 drivers
v0000022aa00487c0_0 .net "PCPlus4", 31 0, L_0000022aa0063c60;  alias, 1 drivers
v0000022aa0048180_0 .net "PCSrc", 0 0, L_0000022a9fede690;  alias, 1 drivers
v0000022aa0048860_0 .net "PCTarget", 31 0, L_0000022aa0063260;  alias, 1 drivers
L_0000022aa00634e0 .functor MUXZ 32, L_0000022aa0063c60, L_0000022aa0063260, L_0000022a9fede690, C4<>;
S_0000022a9fe615e0 .scope module, "resultmux" "ResultMux" 8 100, 16 1 0, S_0000022a9fe3f190;
 .timescale 0 0;
    .port_info 0 /INPUT 32 "ALUResult";
    .port_info 1 /INPUT 32 "ReadData";
    .port_info 2 /INPUT 32 "PCPlus4";
    .port_info 3 /INPUT 2 "ResultSrc";
    .port_info 4 /OUTPUT 32 "Result";
v0000022aa0048e00_0 .net "ALUResult", 31 0, L_0000022aa00654c0;  alias, 1 drivers
v0000022aa0047fa0_0 .net "PCPlus4", 31 0, L_0000022aa0063c60;  alias, 1 drivers
v0000022aa0049620_0 .net "ReadData", 31 0, L_0000022aa00be420;  alias, 1 drivers
v0000022aa0049c60_0 .net "Result", 31 0, L_0000022aa00c28c0;  alias, 1 drivers
v0000022aa0048cc0_0 .net "ResultSrc", 1 0, v0000022aa0044de0_0;  alias, 1 drivers
L_0000022aa0066348 .functor BUFT 1, C4<00>, C4<0>, C4<0>, C4<0>;
v0000022aa0049940_0 .net/2u *"_ivl_0", 1 0, L_0000022aa0066348;  1 drivers
v0000022aa0048680_0 .net *"_ivl_10", 0 0, L_0000022aa0065420;  1 drivers
L_0000022aa0066420 .functor BUFT 1, C4<xxxxxxxxxxxxxxxxxxxxxxxxxxxxxxxx>, C4<0>, C4<0>, C4<0>;
v0000022aa0048c20_0 .net *"_ivl_12", 31 0, L_0000022aa0066420;  1 drivers
v0000022aa0048540_0 .net *"_ivl_14", 31 0, L_0000022aa0065c40;  1 drivers
v0000022aa0048040_0 .net *"_ivl_16", 31 0, L_0000022aa00647a0;  1 drivers
v0000022aa0049da0_0 .net *"_ivl_2", 0 0, L_0000022aa0064fc0;  1 drivers
L_0000022aa0066390 .functor BUFT 1, C4<01>, C4<0>, C4<0>, C4<0>;
v0000022aa0048720_0 .net/2u *"_ivl_4", 1 0, L_0000022aa0066390;  1 drivers
v0000022aa00482c0_0 .net *"_ivl_6", 0 0, L_0000022aa0065380;  1 drivers
L_0000022aa00663d8 .functor BUFT 1, C4<10>, C4<0>, C4<0>, C4<0>;
v0000022aa0048ae0_0 .net/2u *"_ivl_8", 1 0, L_0000022aa00663d8;  1 drivers
L_0000022aa0064fc0 .cmp/eq 2, v0000022aa0044de0_0, L_0000022aa0066348;
L_0000022aa0065380 .cmp/eq 2, v0000022aa0044de0_0, L_0000022aa0066390;
L_0000022aa0065420 .cmp/eq 2, v0000022aa0044de0_0, L_0000022aa00663d8;
L_0000022aa0065c40 .functor MUXZ 32, L_0000022aa0066420, L_0000022aa0063c60, L_0000022aa0065420, C4<>;
L_0000022aa00647a0 .functor MUXZ 32, L_0000022aa0065c40, L_0000022aa00be420, L_0000022aa0065380, C4<>;
L_0000022aa00c28c0 .functor MUXZ 32, L_0000022aa00647a0, L_0000022aa00654c0, L_0000022aa0064fc0, C4<>;
S_0000022aa004a0a0 .scope module, "rf" "RegFile" 8 69, 17 2 0, S_0000022a9fe3f190;
 .timescale 0 0;
    .port_info 0 /INPUT 1 "clk";
    .port_info 1 /INPUT 1 "RegWrite";
    .port_info 2 /INPUT 5 "A1";
    .port_info 3 /INPUT 5 "A2";
    .port_info 4 /INPUT 5 "A3";
    .port_info 5 /INPUT 32 "WD3";
    .port_info 6 /OUTPUT 32 "RD1";
    .port_info 7 /OUTPUT 32 "RD2";
v0000022aa0048900_0 .net "A1", 4 0, L_0000022aa00657e0;  1 drivers
v0000022aa00489a0_0 .net "A2", 4 0, L_0000022aa0065100;  1 drivers
v0000022aa0048360_0 .net "A3", 4 0, L_0000022aa0064980;  1 drivers
v0000022aa0048d60_0 .net "RD1", 31 0, L_0000022aa0063760;  alias, 1 drivers
v0000022aa0049080_0 .net "RD2", 31 0, L_0000022aa0064a20;  alias, 1 drivers
v0000022aa0048a40_0 .net "RegWrite", 0 0, v0000022aa0045880_0;  alias, 1 drivers
v0000022aa0049d00_0 .net "WD3", 31 0, L_0000022aa00c28c0;  alias, 1 drivers
v0000022aa0048b80_0 .net *"_ivl_0", 31 0, L_0000022aa00625e0;  1 drivers
v0000022aa0048ea0_0 .net *"_ivl_10", 31 0, L_0000022aa00627c0;  1 drivers
v0000022aa0048f40_0 .net *"_ivl_12", 6 0, L_0000022aa0063620;  1 drivers
L_0000022aa00660c0 .functor BUFT 1, C4<00>, C4<0>, C4<0>, C4<0>;
v0000022aa00480e0_0 .net *"_ivl_15", 1 0, L_0000022aa00660c0;  1 drivers
v0000022aa0048fe0_0 .net *"_ivl_18", 31 0, L_0000022aa0063800;  1 drivers
L_0000022aa0066108 .functor BUFT 1, C4<000000000000000000000000000>, C4<0>, C4<0>, C4<0>;
v0000022aa00496c0_0 .net *"_ivl_21", 26 0, L_0000022aa0066108;  1 drivers
L_0000022aa0066150 .functor BUFT 1, C4<00000000000000000000000000000000>, C4<0>, C4<0>, C4<0>;
v0000022aa0049120_0 .net/2u *"_ivl_22", 31 0, L_0000022aa0066150;  1 drivers
v0000022aa00491c0_0 .net *"_ivl_24", 0 0, L_0000022aa00638a0;  1 drivers
L_0000022aa0066198 .functor BUFT 1, C4<00000000000000000000000000000000>, C4<0>, C4<0>, C4<0>;
v0000022aa0049260_0 .net/2u *"_ivl_26", 31 0, L_0000022aa0066198;  1 drivers
v0000022aa0049300_0 .net *"_ivl_28", 31 0, L_0000022aa0063940;  1 drivers
L_0000022aa0065fe8 .functor BUFT 1, C4<000000000000000000000000000>, C4<0>, C4<0>, C4<0>;
v0000022aa0048400_0 .net *"_ivl_3", 26 0, L_0000022aa0065fe8;  1 drivers
v0000022aa0048220_0 .net *"_ivl_30", 6 0, L_0000022aa0065740;  1 drivers
L_0000022aa00661e0 .functor BUFT 1, C4<00>, C4<0>, C4<0>, C4<0>;
v0000022aa0047f00_0 .net *"_ivl_33", 1 0, L_0000022aa00661e0;  1 drivers
L_0000022aa0066030 .functor BUFT 1, C4<00000000000000000000000000000000>, C4<0>, C4<0>, C4<0>;
v0000022aa0049760_0 .net/2u *"_ivl_4", 31 0, L_0000022aa0066030;  1 drivers
v0000022aa00484a0_0 .net *"_ivl_6", 0 0, L_0000022aa0062680;  1 drivers
L_0000022aa0066078 .functor BUFT 1, C4<00000000000000000000000000000000>, C4<0>, C4<0>, C4<0>;
v0000022aa00493a0_0 .net/2u *"_ivl_8", 31 0, L_0000022aa0066078;  1 drivers
v0000022aa0049b20_0 .net "clk", 0 0, v0000022aa004ba60_0;  alias, 1 drivers
v0000022aa00485e0 .array "rf", 0 31, 31 0;
L_0000022aa00625e0 .concat [ 5 27 0 0], L_0000022aa00657e0, L_0000022aa0065fe8;
L_0000022aa0062680 .cmp/eq 32, L_0000022aa00625e0, L_0000022aa0066030;
L_0000022aa00627c0 .array/port v0000022aa00485e0, L_0000022aa0063620;
L_0000022aa0063620 .concat [ 5 2 0 0], L_0000022aa00657e0, L_0000022aa00660c0;
L_0000022aa0063760 .functor MUXZ 32, L_0000022aa00627c0, L_0000022aa0066078, L_0000022aa0062680, C4<>;
L_0000022aa0063800 .concat [ 5 27 0 0], L_0000022aa0065100, L_0000022aa0066108;
L_0000022aa00638a0 .cmp/eq 32, L_0000022aa0063800, L_0000022aa0066150;
L_0000022aa0063940 .array/port v0000022aa00485e0, L_0000022aa0065740;
L_0000022aa0065740 .concat [ 5 2 0 0], L_0000022aa0065100, L_0000022aa00661e0;
L_0000022aa0064a20 .functor MUXZ 32, L_0000022aa0063940, L_0000022aa0066198, L_0000022aa00638a0, C4<>;
S_0000022aa004a230 .scope module, "imem" "InstrMem" 3 24, 18 1 0, S_0000022a9fe72780;
 .timescale 0 0;
    .port_info 0 /INPUT 32 "A";
    .port_info 1 /OUTPUT 32 "RD";
L_0000022a9fedde40 .functor BUFZ 32, L_0000022aa0062cc0, C4<00000000000000000000000000000000>, C4<00000000000000000000000000000000>, C4<00000000000000000000000000000000>;
v0000022aa004ca00_0 .net "A", 31 0, v0000022aa0046a30_0;  alias, 1 drivers
v0000022aa004c640_0 .net "RD", 31 0, L_0000022a9fedde40;  alias, 1 drivers
v0000022aa004bd80_0 .net *"_ivl_0", 31 0, L_0000022aa0062cc0;  1 drivers
v0000022aa004c780_0 .net *"_ivl_3", 29 0, L_0000022aa00622c0;  1 drivers
v0000022aa004b100 .array "mem", 9 0, 31 0;
L_0000022aa0062cc0 .array/port v0000022aa004b100, L_0000022aa00622c0;
L_0000022aa00622c0 .part v0000022aa0046a30_0, 2, 30;
S_0000022a9fe1bd70 .scope module, "top_tb" "top_tb" 19 1;
 .timescale 0 0;
v0000022aa0064480_0 .var "clk", 0 0;
v0000022aa0062c20_0 .var "reset", 0 0;
S_0000022aa004a6e0 .scope module, "dut" "Top_Module" 19 5, 3 1 0, S_0000022a9fe1bd70;
 .timescale 0 0;
    .port_info 0 /INPUT 1 "clk";
    .port_info 1 /INPUT 1 "reset";
    .port_info 2 /OUTPUT 32 "display_result";
L_0000022aa00be490 .functor BUFZ 32, L_0000022aa00bec70, C4<00000000000000000000000000000000>, C4<00000000000000000000000000000000>, C4<00000000000000000000000000000000>;
v0000022aa0062860_0 .net "ALUControl", 3 0, v0000022aa004f200_0;  1 drivers
v0000022aa0062fe0_0 .net "ALUResult", 31 0, L_0000022aa00c2780;  1 drivers
v0000022aa00620e0_0 .net "ALUSrc", 0 0, v0000022aa004eee0_0;  1 drivers
v0000022aa0062900_0 .net "ImmSrc", 1 0, v0000022aa004f660_0;  1 drivers
v0000022aa00629a0_0 .net "Instr", 31 0, L_0000022aa00be730;  1 drivers
v0000022aa0063a80_0 .net "MemWrite", 0 0, v0000022aa004f160_0;  1 drivers
v0000022aa00640c0_0 .net "PC", 31 0, v0000022aa0050780_0;  1 drivers
v0000022aa0062220_0 .net "PCSrc", 0 0, L_0000022aa00be5e0;  1 drivers
v0000022aa0063b20_0 .net "ReadData", 31 0, L_0000022aa00be2d0;  1 drivers
v0000022aa0062f40_0 .net "RegWrite", 0 0, v0000022aa004e8a0_0;  1 drivers
v0000022aa0064160_0 .net "ResultSrc", 1 0, v0000022aa004e260_0;  1 drivers
v0000022aa0062a40_0 .net "WriteData", 31 0, L_0000022aa00bec70;  1 drivers
v0000022aa0064200_0 .net "Zero", 0 0, L_0000022aa00bf6c0;  1 drivers
v0000022aa0064340_0 .net "clk", 0 0, v0000022aa0064480_0;  1 drivers
v0000022aa0063580_0 .net "display_result", 31 0, L_0000022aa00be490;  1 drivers
v0000022aa0063080_0 .net "reset", 0 0, v0000022aa0062c20_0;  1 drivers
S_0000022aa0049f10 .scope module, "ctrl" "control_path" 3 28, 4 1 0, S_0000022aa004a6e0;
 .timescale 0 0;
    .port_info 0 /INPUT 32 "Instr";
    .port_info 1 /INPUT 1 "zero";
    .port_info 2 /OUTPUT 1 "RegWrite";
    .port_info 3 /OUTPUT 1 "ALUSrc";
    .port_info 4 /OUTPUT 1 "PCSrc";
    .port_info 5 /OUTPUT 2 "ResultSrc";
    .port_info 6 /OUTPUT 2 "ImmSrc";
    .port_info 7 /OUTPUT 4 "ALUControl";
    .port_info 8 /OUTPUT 1 "MemWrite";
L_0000022aa00be810 .functor AND 1, L_0000022aa00bf6c0, v0000022aa004f980_0, C4<1>, C4<1>;
L_0000022aa00be5e0 .functor OR 1, L_0000022aa00be810, v0000022aa004ec60_0, C4<0>, C4<0>;
v0000022aa004f0c0_0 .net "ALUControl", 3 0, v0000022aa004f200_0;  alias, 1 drivers
v0000022aa004ebc0_0 .net "ALUOp", 1 0, v0000022aa004e800_0;  1 drivers
v0000022aa004fca0_0 .net "ALUSrc", 0 0, v0000022aa004eee0_0;  alias, 1 drivers
v0000022aa004fc00_0 .net "Branch", 0 0, v0000022aa004f980_0;  1 drivers
v0000022aa004ea80_0 .net "ImmSrc", 1 0, v0000022aa004f660_0;  alias, 1 drivers
v0000022aa004e3a0_0 .net "Instr", 31 0, L_0000022aa00be730;  alias, 1 drivers
v0000022aa004ee40_0 .net "Jump", 0 0, v0000022aa004ec60_0;  1 drivers
v0000022aa004eda0_0 .net "MemWrite", 0 0, v0000022aa004f160_0;  alias, 1 drivers
v0000022aa004f2a0_0 .net "PCSrc", 0 0, L_0000022aa00be5e0;  alias, 1 drivers
v0000022aa004e120_0 .net "RegWrite", 0 0, v0000022aa004e8a0_0;  alias, 1 drivers
v0000022aa004e440_0 .net "ResultSrc", 1 0, v0000022aa004e260_0;  alias, 1 drivers
v0000022aa004fac0_0 .net *"_ivl_2", 0 0, L_0000022aa00be810;  1 drivers
v0000022aa004e4e0_0 .net "zero", 0 0, L_0000022aa00bf6c0;  alias, 1 drivers
L_0000022aa00c2b40 .part L_0000022aa00be730, 0, 7;
L_0000022aa00c1920 .part L_0000022aa00be730, 12, 3;
L_0000022aa00c2e60 .part L_0000022aa00be730, 30, 1;
L_0000022aa00c2d20 .part L_0000022aa00be730, 5, 1;
S_0000022aa004a3c0 .scope module, "aludec" "ALUDecoder" 4 32, 5 1 0, S_0000022aa0049f10;
 .timescale 0 0;
    .port_info 0 /INPUT 2 "ALUOp";
    .port_info 1 /INPUT 3 "funct3";
    .port_info 2 /INPUT 1 "funct7b5";
    .port_info 3 /INPUT 1 "opb5";
    .port_info 4 /OUTPUT 4 "ALUControl";
v0000022aa004f200_0 .var "ALUControl", 3 0;
v0000022aa004e080_0 .net "ALUOp", 1 0, v0000022aa004e800_0;  alias, 1 drivers
v0000022aa004f5c0_0 .net "funct3", 2 0, L_0000022aa00c1920;  1 drivers
v0000022aa004fb60_0 .net "funct7b5", 0 0, L_0000022aa00c2e60;  1 drivers
v0000022aa004dfe0_0 .net "opb5", 0 0, L_0000022aa00c2d20;  1 drivers
E_0000022a9fec8380 .event anyedge, v0000022aa004e080_0, v0000022aa004f5c0_0, v0000022aa004fb60_0, v0000022aa004dfe0_0;
S_0000022aa004ab90 .scope module, "decoder" "Main_Decoder" 4 18, 6 1 0, S_0000022aa0049f10;
 .timescale 0 0;
    .port_info 0 /INPUT 7 "op";
    .port_info 1 /OUTPUT 1 "RegWrite";
    .port_info 2 /OUTPUT 2 "ImmSrc";
    .port_info 3 /OUTPUT 1 "ALUSrc";
    .port_info 4 /OUTPUT 1 "MemWrite";
    .port_info 5 /OUTPUT 2 "ResultSrc";
    .port_info 6 /OUTPUT 1 "Branch";
    .port_info 7 /OUTPUT 2 "ALUOp";
    .port_info 8 /OUTPUT 1 "Jump";
v0000022aa004e800_0 .var "ALUOp", 1 0;
v0000022aa004eee0_0 .var "ALUSrc", 0 0;
v0000022aa004f980_0 .var "Branch", 0 0;
v0000022aa004f660_0 .var "ImmSrc", 1 0;
v0000022aa004ec60_0 .var "Jump", 0 0;
v0000022aa004f160_0 .var "MemWrite", 0 0;
v0000022aa004e8a0_0 .var "RegWrite", 0 0;
v0000022aa004e260_0 .var "ResultSrc", 1 0;
v0000022aa004eb20_0 .net "op", 6 0, L_0000022aa00c2b40;  1 drivers
E_0000022a9fec7ec0 .event anyedge, v0000022aa004eb20_0;
S_0000022aa004ad20 .scope module, "dmem" "data_memory" 3 55, 7 1 0, S_0000022aa004a6e0;
 .timescale 0 0;
    .port_info 0 /INPUT 1 "clk";
    .port_info 1 /INPUT 1 "we";
    .port_info 2 /INPUT 32 "a";
    .port_info 3 /INPUT 32 "wd";
    .port_info 4 /OUTPUT 32 "rd";
L_0000022aa00be2d0 .functor BUFZ 32, L_0000022aa00c0b60, C4<00000000000000000000000000000000>, C4<00000000000000000000000000000000>, C4<00000000000000000000000000000000>;
v0000022aa004e940 .array "RAM", 63 0, 31 0;
v0000022aa004f840_0 .net *"_ivl_0", 31 0, L_0000022aa00c0b60;  1 drivers
v0000022aa004e1c0_0 .net *"_ivl_3", 29 0, L_0000022aa00c0020;  1 drivers
v0000022aa004ef80_0 .net "a", 31 0, L_0000022aa00c2780;  alias, 1 drivers
v0000022aa004f340_0 .net "clk", 0 0, v0000022aa0064480_0;  alias, 1 drivers
v0000022aa004e6c0_0 .var/i "i", 31 0;
v0000022aa004fd40_0 .net "rd", 31 0, L_0000022aa00be2d0;  alias, 1 drivers
v0000022aa004f8e0_0 .net "wd", 31 0, L_0000022aa00bec70;  alias, 1 drivers
v0000022aa004f020_0 .net "we", 0 0, v0000022aa004f160_0;  alias, 1 drivers
E_0000022a9fec8fc0 .event posedge, v0000022aa004f340_0;
L_0000022aa00c0b60 .array/port v0000022aa004e940, L_0000022aa00c0020;
L_0000022aa00c0020 .part L_0000022aa00c2780, 2, 30;
S_0000022aa004a550 .scope module, "dp" "datapath" 3 39, 8 1 0, S_0000022aa004a6e0;
 .timescale 0 0;
    .port_info 0 /INPUT 1 "clk";
    .port_info 1 /INPUT 1 "reset";
    .port_info 2 /INPUT 1 "RegWrite";
    .port_info 3 /INPUT 1 "ALUSrc";
    .port_info 4 /INPUT 1 "PCSrc";
    .port_info 5 /INPUT 2 "ResultSrc";
    .port_info 6 /INPUT 2 "ImmSrc";
    .port_info 7 /INPUT 4 "ALUControl";
    .port_info 8 /INPUT 32 "Instr";
    .port_info 9 /INPUT 32 "ReadData";
    .port_info 10 /OUTPUT 32 "PC";
    .port_info 11 /OUTPUT 32 "ALUResult";
    .port_info 12 /OUTPUT 32 "WriteData";
    .port_info 13 /OUTPUT 1 "Zero";
L_0000022aa00bec70 .functor BUFZ 32, L_0000022aa00bfda0, C4<00000000000000000000000000000000>, C4<00000000000000000000000000000000>, C4<00000000000000000000000000000000>;
v0000022aa0052ee0_0 .net "ALUControl", 3 0, v0000022aa004f200_0;  alias, 1 drivers
v0000022aa0052f80_0 .net "ALUResult", 31 0, L_0000022aa00c2780;  alias, 1 drivers
v0000022aa0053520_0 .net "ALUSrc", 0 0, v0000022aa004eee0_0;  alias, 1 drivers
v0000022aa00645c0_0 .net "ImmExt", 31 0, v0000022aa0050140_0;  1 drivers
v0000022aa0064520_0 .net "ImmShift", 31 0, L_0000022aa00c2640;  1 drivers
v0000022aa00631c0_0 .net "ImmSrc", 1 0, v0000022aa004f660_0;  alias, 1 drivers
v0000022aa0063d00_0 .net "Instr", 31 0, L_0000022aa00be730;  alias, 1 drivers
v0000022aa0063da0_0 .net "PC", 31 0, v0000022aa0050780_0;  alias, 1 drivers
v0000022aa0062b80_0 .net "PCNext", 31 0, L_0000022aa00c2c80;  1 drivers
v0000022aa0062d60_0 .net "PCPlus4", 31 0, L_0000022aa00c19c0;  1 drivers
v0000022aa0063f80_0 .net "PCSrc", 0 0, L_0000022aa00be5e0;  alias, 1 drivers
v0000022aa0062ae0_0 .net "PCTarget", 31 0, L_0000022aa00c2be0;  1 drivers
v0000022aa0062720_0 .net "RD1", 31 0, L_0000022aa00c23c0;  1 drivers
v0000022aa00643e0_0 .net "RD2", 31 0, L_0000022aa00c1d80;  1 drivers
v0000022aa0064660_0 .net "ReadData", 31 0, L_0000022aa00be2d0;  alias, 1 drivers
v0000022aa0062e00_0 .net "RegWrite", 0 0, v0000022aa004e8a0_0;  alias, 1 drivers
v0000022aa0063e40_0 .net "Result", 31 0, L_0000022aa00bfda0;  1 drivers
v0000022aa0064700_0 .net "ResultSrc", 1 0, v0000022aa004e260_0;  alias, 1 drivers
v0000022aa0062ea0_0 .net "SrcB", 31 0, L_0000022aa00c20a0;  1 drivers
v0000022aa0062040_0 .net "WriteData", 31 0, L_0000022aa00bec70;  alias, 1 drivers
v0000022aa0063120_0 .net "Zero", 0 0, L_0000022aa00bf6c0;  alias, 1 drivers
v0000022aa0063ee0_0 .net *"_ivl_2", 30 0, L_0000022aa00c2140;  1 drivers
L_0000022aa00664b0 .functor BUFT 1, C4<0>, C4<0>, C4<0>, C4<0>;
v0000022aa00639e0_0 .net *"_ivl_4", 0 0, L_0000022aa00664b0;  1 drivers
v0000022aa0063300_0 .net "clk", 0 0, v0000022aa0064480_0;  alias, 1 drivers
v0000022aa0061fa0_0 .net "reset", 0 0, v0000022aa0062c20_0;  alias, 1 drivers
L_0000022aa00c2140 .part v0000022aa0050140_0, 0, 31;
L_0000022aa00c2640 .concat [ 1 31 0 0], L_0000022aa00664b0, L_0000022aa00c2140;
L_0000022aa00c2000 .part L_0000022aa00be730, 15, 5;
L_0000022aa00c1b00 .part L_0000022aa00be730, 20, 5;
L_0000022aa00c1880 .part L_0000022aa00be730, 7, 5;
S_0000022aa004a870 .scope module, "alu" "ALU" 8 89, 9 1 0, S_0000022aa004a550;
 .timescale 0 0;
    .port_info 0 /INPUT 32 "A";
    .port_info 1 /INPUT 32 "B";
    .port_info 2 /INPUT 4 "ALUControl";
    .port_info 3 /OUTPUT 32 "Result";
    .port_info 4 /OUTPUT 1 "Zero";
    .port_info 5 /OUTPUT 1 "Carry";
    .port_info 6 /OUTPUT 1 "Overflow";
    .port_info 7 /OUTPUT 1 "Negative";
L_0000022aa00beea0 .functor XNOR 1, L_0000022aa00c26e0, L_0000022aa00c1ce0, C4<0>, C4<0>;
L_0000022aa00bec00 .functor NOT 1, L_0000022aa00c11a0, C4<0>, C4<0>, C4<0>;
L_0000022aa00be030 .functor NOT 1, L_0000022aa00c0e80, C4<0>, C4<0>, C4<0>;
L_0000022aa00be3b0 .functor AND 1, L_0000022aa00bec00, L_0000022aa00be030, C4<1>, C4<1>;
L_0000022aa00be110 .functor AND 1, L_0000022aa00be3b0, L_0000022aa00c0480, C4<1>, C4<1>;
L_0000022aa00be1f0 .functor AND 1, L_0000022aa00c03e0, L_0000022aa00c1060, C4<1>, C4<1>;
L_0000022aa00bedc0 .functor NOT 1, L_0000022aa00bfc60, C4<0>, C4<0>, C4<0>;
L_0000022aa00be180 .functor AND 1, L_0000022aa00be1f0, L_0000022aa00bedc0, C4<1>, C4<1>;
L_0000022aa00bece0 .functor OR 1, L_0000022aa00be110, L_0000022aa00be180, C4<0>, C4<0>;
L_0000022aa00be260 .functor NOT 1, L_0000022aa00bfee0, C4<0>, C4<0>, C4<0>;
L_0000022aa00be340 .functor AND 1, L_0000022aa00bf1c0, L_0000022aa00be260, C4<1>, C4<1>;
L_0000022aa00be6c0 .functor NOT 1, L_0000022aa00bfb20, C4<0>, C4<0>, C4<0>;
L_0000022aa00be500 .functor AND 1, L_0000022aa00be340, L_0000022aa00be6c0, C4<1>, C4<1>;
L_0000022aa00bea40 .functor NOT 1, L_0000022aa00c0200, C4<0>, C4<0>, C4<0>;
L_0000022aa00be570 .functor AND 1, L_0000022aa00bea40, L_0000022aa00befe0, C4<1>, C4<1>;
L_0000022aa00bed50 .functor AND 1, L_0000022aa00be570, L_0000022aa00bf4e0, C4<1>, C4<1>;
L_0000022aa00be7a0 .functor OR 1, L_0000022aa00be500, L_0000022aa00bed50, C4<0>, C4<0>;
v0000022aa004e300_0 .net "A", 31 0, L_0000022aa00c23c0;  alias, 1 drivers
v0000022aa004fde0_0 .net "ALUControl", 3 0, v0000022aa004f200_0;  alias, 1 drivers
v0000022aa004f3e0_0 .net "B", 31 0, L_0000022aa00c20a0;  alias, 1 drivers
v0000022aa004f520_0 .net "Carry", 0 0, L_0000022aa00c2aa0;  1 drivers
v0000022aa004f480_0 .net "Negative", 0 0, L_0000022aa00bf760;  1 drivers
v0000022aa004e760_0 .net "Overflow", 0 0, L_0000022aa00bfd00;  1 drivers
v0000022aa004f700_0 .net "Result", 31 0, L_0000022aa00c2780;  alias, 1 drivers
v0000022aa004f7a0_0 .net "Zero", 0 0, L_0000022aa00bf6c0;  alias, 1 drivers
v0000022aa004e580_0 .net *"_ivl_1", 0 0, L_0000022aa00c26e0;  1 drivers
L_0000022aa0066738 .functor BUFT 1, C4<00000000000000000000000000000000>, C4<0>, C4<0>, C4<0>;
v0000022aa004ed00_0 .net/2u *"_ivl_18", 31 0, L_0000022aa0066738;  1 drivers
L_0000022aa0066780 .functor BUFT 1, C4<0000>, C4<0>, C4<0>, C4<0>;
v0000022aa004e620_0 .net/2u *"_ivl_24", 3 0, L_0000022aa0066780;  1 drivers
v0000022aa004e9e0_0 .net *"_ivl_26", 0 0, L_0000022aa00c0160;  1 drivers
v0000022aa004fa20_0 .net *"_ivl_29", 0 0, L_0000022aa00c11a0;  1 drivers
v0000022aa0051b80_0 .net *"_ivl_3", 0 0, L_0000022aa00c1ce0;  1 drivers
v0000022aa0051400_0 .net *"_ivl_30", 0 0, L_0000022aa00bec00;  1 drivers
v0000022aa0052580_0 .net *"_ivl_33", 0 0, L_0000022aa00c0e80;  1 drivers
v0000022aa0052620_0 .net *"_ivl_34", 0 0, L_0000022aa00be030;  1 drivers
v0000022aa0050000_0 .net *"_ivl_36", 0 0, L_0000022aa00be3b0;  1 drivers
v0000022aa0052120_0 .net *"_ivl_39", 0 0, L_0000022aa00c0480;  1 drivers
v0000022aa0050960_0 .net *"_ivl_4", 0 0, L_0000022aa00beea0;  1 drivers
v0000022aa0051040_0 .net *"_ivl_40", 0 0, L_0000022aa00be110;  1 drivers
v0000022aa0050820_0 .net *"_ivl_43", 0 0, L_0000022aa00c03e0;  1 drivers
v0000022aa00526c0_0 .net *"_ivl_45", 0 0, L_0000022aa00c1060;  1 drivers
v0000022aa0051a40_0 .net *"_ivl_46", 0 0, L_0000022aa00be1f0;  1 drivers
v0000022aa0050a00_0 .net *"_ivl_49", 0 0, L_0000022aa00bfc60;  1 drivers
v0000022aa0050460_0 .net *"_ivl_50", 0 0, L_0000022aa00bedc0;  1 drivers
v0000022aa00514a0_0 .net *"_ivl_52", 0 0, L_0000022aa00be180;  1 drivers
v0000022aa0052300_0 .net *"_ivl_54", 0 0, L_0000022aa00bece0;  1 drivers
L_0000022aa00667c8 .functor BUFT 1, C4<0001>, C4<0>, C4<0>, C4<0>;
v0000022aa00523a0_0 .net/2u *"_ivl_56", 3 0, L_0000022aa00667c8;  1 drivers
v0000022aa0050500_0 .net *"_ivl_58", 0 0, L_0000022aa00c0840;  1 drivers
v0000022aa0051680_0 .net *"_ivl_6", 0 0, L_0000022aa00c2960;  1 drivers
v0000022aa0050be0_0 .net *"_ivl_61", 0 0, L_0000022aa00bf1c0;  1 drivers
v0000022aa0050f00_0 .net *"_ivl_63", 0 0, L_0000022aa00bfee0;  1 drivers
v0000022aa0052080_0 .net *"_ivl_64", 0 0, L_0000022aa00be260;  1 drivers
v0000022aa00505a0_0 .net *"_ivl_66", 0 0, L_0000022aa00be340;  1 drivers
v0000022aa0050640_0 .net *"_ivl_69", 0 0, L_0000022aa00bfb20;  1 drivers
v0000022aa0051cc0_0 .net *"_ivl_70", 0 0, L_0000022aa00be6c0;  1 drivers
v0000022aa0051d60_0 .net *"_ivl_72", 0 0, L_0000022aa00be500;  1 drivers
v0000022aa0051e00_0 .net *"_ivl_75", 0 0, L_0000022aa00c0200;  1 drivers
v0000022aa0050d20_0 .net *"_ivl_76", 0 0, L_0000022aa00bea40;  1 drivers
v0000022aa0052440_0 .net *"_ivl_79", 0 0, L_0000022aa00befe0;  1 drivers
v0000022aa00506e0_0 .net *"_ivl_80", 0 0, L_0000022aa00be570;  1 drivers
v0000022aa0051720_0 .net *"_ivl_83", 0 0, L_0000022aa00bf4e0;  1 drivers
v0000022aa0050b40_0 .net *"_ivl_84", 0 0, L_0000022aa00bed50;  1 drivers
v0000022aa0051360_0 .net *"_ivl_86", 0 0, L_0000022aa00be7a0;  1 drivers
L_0000022aa0066810 .functor BUFT 1, C4<0>, C4<0>, C4<0>, C4<0>;
v0000022aa00524e0_0 .net/2u *"_ivl_88", 0 0, L_0000022aa0066810;  1 drivers
v0000022aa004ff60_0 .net *"_ivl_9", 0 0, L_0000022aa00c1ba0;  1 drivers
v0000022aa0050dc0_0 .net *"_ivl_90", 0 0, L_0000022aa00c1380;  1 drivers
v0000022aa0051540_0 .net "slt", 0 0, L_0000022aa00c2a00;  1 drivers
v0000022aa00521c0_0 .net "sltu", 0 0, L_0000022aa00c1c40;  1 drivers
v0000022aa00500a0_0 .var "tmp", 32 0;
E_0000022a9fec9a00/0 .event anyedge, v0000022aa004f200_0, v0000022aa004e300_0, v0000022aa004f3e0_0, v0000022aa0051540_0;
E_0000022a9fec9a00/1 .event anyedge, v0000022aa00521c0_0;
E_0000022a9fec9a00 .event/or E_0000022a9fec9a00/0, E_0000022a9fec9a00/1;
L_0000022aa00c26e0 .part L_0000022aa00c23c0, 31, 1;
L_0000022aa00c1ce0 .part L_0000022aa00c20a0, 31, 1;
L_0000022aa00c2960 .cmp/gt 32, L_0000022aa00c20a0, L_0000022aa00c23c0;
L_0000022aa00c1ba0 .part L_0000022aa00c23c0, 31, 1;
L_0000022aa00c2a00 .functor MUXZ 1, L_0000022aa00c1ba0, L_0000022aa00c2960, L_0000022aa00beea0, C4<>;
L_0000022aa00c1c40 .cmp/gt 32, L_0000022aa00c20a0, L_0000022aa00c23c0;
L_0000022aa00c2780 .part v0000022aa00500a0_0, 0, 32;
L_0000022aa00c2aa0 .part v0000022aa00500a0_0, 32, 1;
L_0000022aa00bf6c0 .cmp/eq 32, L_0000022aa00c2780, L_0000022aa0066738;
L_0000022aa00bf760 .part L_0000022aa00c2780, 31, 1;
L_0000022aa00c0160 .cmp/eq 4, v0000022aa004f200_0, L_0000022aa0066780;
L_0000022aa00c11a0 .part L_0000022aa00c23c0, 31, 1;
L_0000022aa00c0e80 .part L_0000022aa00c20a0, 31, 1;
L_0000022aa00c0480 .part L_0000022aa00c2780, 31, 1;
L_0000022aa00c03e0 .part L_0000022aa00c23c0, 31, 1;
L_0000022aa00c1060 .part L_0000022aa00c20a0, 31, 1;
L_0000022aa00bfc60 .part L_0000022aa00c2780, 31, 1;
L_0000022aa00c0840 .cmp/eq 4, v0000022aa004f200_0, L_0000022aa00667c8;
L_0000022aa00bf1c0 .part L_0000022aa00c23c0, 31, 1;
L_0000022aa00bfee0 .part L_0000022aa00c20a0, 31, 1;
L_0000022aa00bfb20 .part L_0000022aa00c2780, 31, 1;
L_0000022aa00c0200 .part L_0000022aa00c23c0, 31, 1;
L_0000022aa00befe0 .part L_0000022aa00c20a0, 31, 1;
L_0000022aa00bf4e0 .part L_0000022aa00c2780, 31, 1;
L_0000022aa00c1380 .functor MUXZ 1, L_0000022aa0066810, L_0000022aa00be7a0, L_0000022aa00c0840, C4<>;
L_0000022aa00bfd00 .functor MUXZ 1, L_0000022aa00c1380, L_0000022aa00bece0, L_0000022aa00c0160, C4<>;
S_0000022aa004aa00 .scope module, "alusrc" "ALUSrcMux" 8 82, 10 1 0, S_0000022aa004a550;
 .timescale 0 0;
    .port_info 0 /INPUT 32 "RD2";
    .port_info 1 /INPUT 32 "ImmExt";
    .port_info 2 /INPUT 1 "ALUSrc";
    .port_info 3 /OUTPUT 32 "SrcB";
v0000022aa0050c80_0 .net "ALUSrc", 0 0, v0000022aa004eee0_0;  alias, 1 drivers
v0000022aa0052260_0 .net "ImmExt", 31 0, v0000022aa0050140_0;  alias, 1 drivers
v0000022aa0051f40_0 .net "RD2", 31 0, L_0000022aa00c1d80;  alias, 1 drivers
v0000022aa00515e0_0 .net "SrcB", 31 0, L_0000022aa00c20a0;  alias, 1 drivers
L_0000022aa00c20a0 .functor MUXZ 32, L_0000022aa00c1d80, v0000022aa0050140_0, v0000022aa004eee0_0, C4<>;
S_0000022aa0055220 .scope module, "immgen" "sign_extension" 8 54, 11 1 0, S_0000022aa004a550;
 .timescale 0 0;
    .port_info 0 /INPUT 32 "Instr";
    .port_info 1 /INPUT 2 "ImmSrc";
    .port_info 2 /OUTPUT 32 "ImmExt";
v0000022aa0050140_0 .var "ImmExt", 31 0;
v0000022aa00517c0_0 .net "ImmSrc", 1 0, v0000022aa004f660_0;  alias, 1 drivers
v0000022aa00501e0_0 .net "Instr", 31 0, L_0000022aa00be730;  alias, 1 drivers
E_0000022a9fec9400 .event anyedge, v0000022aa004f660_0, v0000022aa004e3a0_0;
S_0000022aa0054730 .scope module, "pc4" "pc_plus_4" 8 43, 12 1 0, S_0000022aa004a550;
 .timescale 0 0;
    .port_info 0 /INPUT 32 "PC";
    .port_info 1 /OUTPUT 32 "PCPlus4";
v0000022aa0050280_0 .net "PC", 31 0, v0000022aa0050780_0;  alias, 1 drivers
v0000022aa0051860_0 .net "PCPlus4", 31 0, L_0000022aa00c19c0;  alias, 1 drivers
L_0000022aa0066468 .functor BUFT 1, C4<00000000000000000000000000000100>, C4<0>, C4<0>, C4<0>;
v0000022aa00508c0_0 .net/2u *"_ivl_0", 31 0, L_0000022aa0066468;  1 drivers
L_0000022aa00c19c0 .arith/sum 32, v0000022aa0050780_0, L_0000022aa0066468;
S_0000022aa00545a0 .scope module, "pc_adder" "Adder" 8 48, 13 1 0, S_0000022aa004a550;
 .timescale 0 0;
    .port_info 0 /INPUT 32 "PC";
    .port_info 1 /INPUT 32 "ImmExt";
    .port_info 2 /OUTPUT 32 "PCTarget";
v0000022aa0051fe0_0 .net "ImmExt", 31 0, v0000022aa0050140_0;  alias, 1 drivers
v0000022aa0050320_0 .net "PC", 31 0, v0000022aa0050780_0;  alias, 1 drivers
v0000022aa00503c0_0 .net "PCTarget", 31 0, L_0000022aa00c2be0;  alias, 1 drivers
L_0000022aa00c2be0 .arith/sum 32, v0000022aa0050780_0, v0000022aa0050140_0;
S_0000022aa00548c0 .scope module, "pc_reg" "PC" 8 35, 14 1 0, S_0000022aa004a550;
 .timescale 0 0;
    .port_info 0 /INPUT 1 "clk";
    .port_info 1 /INPUT 1 "reset";
    .port_info 2 /INPUT 32 "PCNext";
    .port_info 3 /OUTPUT 32 "PC";
v0000022aa0050780_0 .var "PC", 31 0;
v0000022aa0050aa0_0 .net "PCNext", 31 0, L_0000022aa00c2c80;  alias, 1 drivers
v0000022aa0051c20_0 .net "clk", 0 0, v0000022aa0064480_0;  alias, 1 drivers
v0000022aa0050e60_0 .net "reset", 0 0, v0000022aa0062c20_0;  alias, 1 drivers
E_0000022a9fec92c0 .event posedge, v0000022aa0050e60_0, v0000022aa004f340_0;
S_0000022aa00559f0 .scope module, "pcmux" "PCMux" 8 61, 15 1 0, S_0000022aa004a550;
 .timescale 0 0;
    .port_info 0 /INPUT 32 "PCPlus4";
    .port_info 1 /INPUT 32 "PCTarget";
    .port_info 2 /INPUT 1 "PCSrc";
    .port_info 3 /OUTPUT 32 "PCNext";
v0000022aa0050fa0_0 .net "PCNext", 31 0, L_0000022aa00c2c80;  alias, 1 drivers
v0000022aa00510e0_0 .net "PCPlus4", 31 0, L_0000022aa00c19c0;  alias, 1 drivers
v0000022aa0051180_0 .net "PCSrc", 0 0, L_0000022aa00be5e0;  alias, 1 drivers
v0000022aa0051220_0 .net "PCTarget", 31 0, L_0000022aa00c2be0;  alias, 1 drivers
L_0000022aa00c2c80 .functor MUXZ 32, L_0000022aa00c19c0, L_0000022aa00c2be0, L_0000022aa00be5e0, C4<>;
S_0000022aa0054d70 .scope module, "resultmux" "ResultMux" 8 100, 16 1 0, S_0000022aa004a550;
 .timescale 0 0;
    .port_info 0 /INPUT 32 "ALUResult";
    .port_info 1 /INPUT 32 "ReadData";
    .port_info 2 /INPUT 32 "PCPlus4";
    .port_info 3 /INPUT 2 "ResultSrc";
    .port_info 4 /OUTPUT 32 "Result";
v0000022aa00512c0_0 .net "ALUResult", 31 0, L_0000022aa00c2780;  alias, 1 drivers
v0000022aa0051900_0 .net "PCPlus4", 31 0, L_0000022aa00c19c0;  alias, 1 drivers
v0000022aa00519a0_0 .net "ReadData", 31 0, L_0000022aa00be2d0;  alias, 1 drivers
v0000022aa0051ae0_0 .net "Result", 31 0, L_0000022aa00bfda0;  alias, 1 drivers
v0000022aa0051ea0_0 .net "ResultSrc", 1 0, v0000022aa004e260_0;  alias, 1 drivers
L_0000022aa0066858 .functor BUFT 1, C4<00>, C4<0>, C4<0>, C4<0>;
v0000022aa0052b20_0 .net/2u *"_ivl_0", 1 0, L_0000022aa0066858;  1 drivers
v0000022aa0052bc0_0 .net *"_ivl_10", 0 0, L_0000022aa00c02a0;  1 drivers
L_0000022aa0066930 .functor BUFT 1, C4<xxxxxxxxxxxxxxxxxxxxxxxxxxxxxxxx>, C4<0>, C4<0>, C4<0>;
v0000022aa0052c60_0 .net *"_ivl_12", 31 0, L_0000022aa0066930;  1 drivers
v0000022aa0052760_0 .net *"_ivl_14", 31 0, L_0000022aa00bfa80;  1 drivers
v0000022aa0052940_0 .net *"_ivl_16", 31 0, L_0000022aa00bfbc0;  1 drivers
v0000022aa0053a20_0 .net *"_ivl_2", 0 0, L_0000022aa00bf3a0;  1 drivers
L_0000022aa00668a0 .functor BUFT 1, C4<01>, C4<0>, C4<0>, C4<0>;
v0000022aa00532a0_0 .net/2u *"_ivl_4", 1 0, L_0000022aa00668a0;  1 drivers
v0000022aa0053980_0 .net *"_ivl_6", 0 0, L_0000022aa00bf440;  1 drivers
L_0000022aa00668e8 .functor BUFT 1, C4<10>, C4<0>, C4<0>, C4<0>;
v0000022aa0053de0_0 .net/2u *"_ivl_8", 1 0, L_0000022aa00668e8;  1 drivers
L_0000022aa00bf3a0 .cmp/eq 2, v0000022aa004e260_0, L_0000022aa0066858;
L_0000022aa00bf440 .cmp/eq 2, v0000022aa004e260_0, L_0000022aa00668a0;
L_0000022aa00c02a0 .cmp/eq 2, v0000022aa004e260_0, L_0000022aa00668e8;
L_0000022aa00bfa80 .functor MUXZ 32, L_0000022aa0066930, L_0000022aa00c19c0, L_0000022aa00c02a0, C4<>;
L_0000022aa00bfbc0 .functor MUXZ 32, L_0000022aa00bfa80, L_0000022aa00be2d0, L_0000022aa00bf440, C4<>;
L_0000022aa00bfda0 .functor MUXZ 32, L_0000022aa00bfbc0, L_0000022aa00c2780, L_0000022aa00bf3a0, C4<>;
S_0000022aa0054280 .scope module, "rf" "RegFile" 8 69, 17 2 0, S_0000022aa004a550;
 .timescale 0 0;
    .port_info 0 /INPUT 1 "clk";
    .port_info 1 /INPUT 1 "RegWrite";
    .port_info 2 /INPUT 5 "A1";
    .port_info 3 /INPUT 5 "A2";
    .port_info 4 /INPUT 5 "A3";
    .port_info 5 /INPUT 32 "WD3";
    .port_info 6 /OUTPUT 32 "RD1";
    .port_info 7 /OUTPUT 32 "RD2";
v0000022aa0053340_0 .net "A1", 4 0, L_0000022aa00c2000;  1 drivers
v0000022aa0053ca0_0 .net "A2", 4 0, L_0000022aa00c1b00;  1 drivers
v0000022aa00533e0_0 .net "A3", 4 0, L_0000022aa00c1880;  1 drivers
v0000022aa0052da0_0 .net "RD1", 31 0, L_0000022aa00c23c0;  alias, 1 drivers
v0000022aa0053d40_0 .net "RD2", 31 0, L_0000022aa00c1d80;  alias, 1 drivers
v0000022aa00538e0_0 .net "RegWrite", 0 0, v0000022aa004e8a0_0;  alias, 1 drivers
v0000022aa0052800_0 .net "WD3", 31 0, L_0000022aa00bfda0;  alias, 1 drivers
v0000022aa00530c0_0 .net *"_ivl_0", 31 0, L_0000022aa00c1a60;  1 drivers
v0000022aa0053660_0 .net *"_ivl_10", 31 0, L_0000022aa00c2280;  1 drivers
v0000022aa0053ac0_0 .net *"_ivl_12", 6 0, L_0000022aa00c17e0;  1 drivers
L_0000022aa00665d0 .functor BUFT 1, C4<00>, C4<0>, C4<0>, C4<0>;
v0000022aa0053020_0 .net *"_ivl_15", 1 0, L_0000022aa00665d0;  1 drivers
v0000022aa00528a0_0 .net *"_ivl_18", 31 0, L_0000022aa00c2820;  1 drivers
L_0000022aa0066618 .functor BUFT 1, C4<000000000000000000000000000>, C4<0>, C4<0>, C4<0>;
v0000022aa0052d00_0 .net *"_ivl_21", 26 0, L_0000022aa0066618;  1 drivers
L_0000022aa0066660 .functor BUFT 1, C4<00000000000000000000000000000000>, C4<0>, C4<0>, C4<0>;
v0000022aa0053700_0 .net/2u *"_ivl_22", 31 0, L_0000022aa0066660;  1 drivers
v0000022aa0053160_0 .net *"_ivl_24", 0 0, L_0000022aa00c1e20;  1 drivers
L_0000022aa00666a8 .functor BUFT 1, C4<00000000000000000000000000000000>, C4<0>, C4<0>, C4<0>;
v0000022aa00535c0_0 .net/2u *"_ivl_26", 31 0, L_0000022aa00666a8;  1 drivers
v0000022aa0053b60_0 .net *"_ivl_28", 31 0, L_0000022aa00c2500;  1 drivers
L_0000022aa00664f8 .functor BUFT 1, C4<000000000000000000000000000>, C4<0>, C4<0>, C4<0>;
v0000022aa00529e0_0 .net *"_ivl_3", 26 0, L_0000022aa00664f8;  1 drivers
v0000022aa0053480_0 .net *"_ivl_30", 6 0, L_0000022aa00c2460;  1 drivers
L_0000022aa00666f0 .functor BUFT 1, C4<00>, C4<0>, C4<0>, C4<0>;
v0000022aa00537a0_0 .net *"_ivl_33", 1 0, L_0000022aa00666f0;  1 drivers
L_0000022aa0066540 .functor BUFT 1, C4<00000000000000000000000000000000>, C4<0>, C4<0>, C4<0>;
v0000022aa0052a80_0 .net/2u *"_ivl_4", 31 0, L_0000022aa0066540;  1 drivers
v0000022aa0052e40_0 .net *"_ivl_6", 0 0, L_0000022aa00c2dc0;  1 drivers
L_0000022aa0066588 .functor BUFT 1, C4<00000000000000000000000000000000>, C4<0>, C4<0>, C4<0>;
v0000022aa0053200_0 .net/2u *"_ivl_8", 31 0, L_0000022aa0066588;  1 drivers
v0000022aa0053840_0 .net "clk", 0 0, v0000022aa0064480_0;  alias, 1 drivers
v0000022aa0053c00 .array "rf", 0 31, 31 0;
L_0000022aa00c1a60 .concat [ 5 27 0 0], L_0000022aa00c2000, L_0000022aa00664f8;
L_0000022aa00c2dc0 .cmp/eq 32, L_0000022aa00c1a60, L_0000022aa0066540;
L_0000022aa00c2280 .array/port v0000022aa0053c00, L_0000022aa00c17e0;
L_0000022aa00c17e0 .concat [ 5 2 0 0], L_0000022aa00c2000, L_0000022aa00665d0;
L_0000022aa00c23c0 .functor MUXZ 32, L_0000022aa00c2280, L_0000022aa0066588, L_0000022aa00c2dc0, C4<>;
L_0000022aa00c2820 .concat [ 5 27 0 0], L_0000022aa00c1b00, L_0000022aa0066618;
L_0000022aa00c1e20 .cmp/eq 32, L_0000022aa00c2820, L_0000022aa0066660;
L_0000022aa00c2500 .array/port v0000022aa0053c00, L_0000022aa00c2460;
L_0000022aa00c2460 .concat [ 5 2 0 0], L_0000022aa00c1b00, L_0000022aa00666f0;
L_0000022aa00c1d80 .functor MUXZ 32, L_0000022aa00c2500, L_0000022aa00666a8, L_0000022aa00c1e20, C4<>;
S_0000022aa0055860 .scope module, "imem" "InstrMem" 3 24, 18 1 0, S_0000022aa004a6e0;
 .timescale 0 0;
    .port_info 0 /INPUT 32 "A";
    .port_info 1 /OUTPUT 32 "RD";
L_0000022aa00be730 .functor BUFZ 32, L_0000022aa00c2320, C4<00000000000000000000000000000000>, C4<00000000000000000000000000000000>, C4<00000000000000000000000000000000>;
v0000022aa00633a0_0 .net "A", 31 0, v0000022aa0050780_0;  alias, 1 drivers
v0000022aa0064020_0 .net "RD", 31 0, L_0000022aa00be730;  alias, 1 drivers
v0000022aa00642a0_0 .net *"_ivl_0", 31 0, L_0000022aa00c2320;  1 drivers
v0000022aa0062180_0 .net *"_ivl_3", 29 0, L_0000022aa00c1ec0;  1 drivers
v0000022aa0063440 .array "mem", 9 0, 31 0;
L_0000022aa00c2320 .array/port v0000022aa0063440, L_0000022aa00c1ec0;
L_0000022aa00c1ec0 .part v0000022aa0050780_0, 2, 30;
    .scope S_0000022aa004a230;
T_0 ;
    %pushi/vec4 179, 0, 32;
    %ix/load 4, 0, 0;
    %flag_set/imm 4, 0;
    %store/vec4a v0000022aa004b100, 4, 0;
    %pushi/vec4 563, 0, 32;
    %ix/load 4, 1, 0;
    %flag_set/imm 4, 0;
    %store/vec4a v0000022aa004b100, 4, 0;
    %pushi/vec4 10518803, 0, 32;
    %ix/load 4, 2, 0;
    %flag_set/imm 4, 0;
    %store/vec4a v0000022aa004b100, 4, 0;
    %pushi/vec4 33203, 0, 32;
    %ix/load 4, 3, 0;
    %flag_set/imm 4, 0;
    %store/vec4a v0000022aa004b100, 4, 0;
    %pushi/vec4 2197603, 0, 32;
    %ix/load 4, 4, 0;
    %flag_set/imm 4, 0;
    %store/vec4a v0000022aa004b100, 4, 0;
    %pushi/vec4 4293171, 0, 32;
    %ix/load 4, 5, 0;
    %flag_set/imm 4, 0;
    %store/vec4a v0000022aa004b100, 4, 0;
    %pushi/vec4 1147283, 0, 32;
    %ix/load 4, 6, 0;
    %flag_set/imm 4, 0;
    %store/vec4a v0000022aa004b100, 4, 0;
    %pushi/vec4 4261415651, 0, 32;
    %ix/load 4, 7, 0;
    %flag_set/imm 4, 0;
    %store/vec4a v0000022aa004b100, 4, 0;
    %pushi/vec4 131251, 0, 32;
    %ix/load 4, 8, 0;
    %flag_set/imm 4, 0;
    %store/vec4a v0000022aa004b100, 4, 0;
    %end;
    .thread T_0;
    .scope S_0000022a9fe63c10;
T_1 ;
    %wait E_0000022a9fecde00;
    %pushi/vec4 0, 0, 1;
    %store/vec4 v0000022aa0045880_0, 0, 1;
    %pushi/vec4 0, 0, 2;
    %store/vec4 v0000022aa00457e0_0, 0, 2;
    %pushi/vec4 0, 0, 1;
    %store/vec4 v0000022aa0044480_0, 0, 1;
    %pushi/vec4 0, 0, 1;
    %store/vec4 v0000022aa0044700_0, 0, 1;
    %pushi/vec4 0, 0, 2;
    %store/vec4 v0000022aa0044de0_0, 0, 2;
    %pushi/vec4 0, 0, 1;
    %store/vec4 v0000022aa0044160_0, 0, 1;
    %pushi/vec4 0, 0, 2;
    %store/vec4 v0000022aa0044660_0, 0, 2;
    %pushi/vec4 0, 0, 1;
    %store/vec4 v0000022aa00459c0_0, 0, 1;
    %load/vec4 v0000022aa00447a0_0;
    %dup/vec4;
    %pushi/vec4 3, 0, 7;
    %cmp/u;
    %jmp/1 T_1.0, 6;
    %dup/vec4;
    %pushi/vec4 35, 0, 7;
    %cmp/u;
    %jmp/1 T_1.1, 6;
    %dup/vec4;
    %pushi/vec4 51, 0, 7;
    %cmp/u;
    %jmp/1 T_1.2, 6;
    %dup/vec4;
    %pushi/vec4 19, 0, 7;
    %cmp/u;
    %jmp/1 T_1.3, 6;
    %dup/vec4;
    %pushi/vec4 99, 0, 7;
    %cmp/u;
    %jmp/1 T_1.4, 6;
    %dup/vec4;
    %pushi/vec4 111, 0, 7;
    %cmp/u;
    %jmp/1 T_1.5, 6;
    %dup/vec4;
    %pushi/vec4 103, 0, 7;
    %cmp/u;
    %jmp/1 T_1.6, 6;
    %dup/vec4;
    %pushi/vec4 55, 0, 7;
    %cmp/u;
    %jmp/1 T_1.7, 6;
    %dup/vec4;
    %pushi/vec4 23, 0, 7;
    %cmp/u;
    %jmp/1 T_1.8, 6;
    %jmp T_1.10;
T_1.0 ;
    %pushi/vec4 1, 0, 1;
    %store/vec4 v0000022aa0045880_0, 0, 1;
    %pushi/vec4 0, 0, 2;
    %store/vec4 v0000022aa00457e0_0, 0, 2;
    %pushi/vec4 1, 0, 1;
    %store/vec4 v0000022aa0044480_0, 0, 1;
    %pushi/vec4 0, 0, 1;
    %store/vec4 v0000022aa0044700_0, 0, 1;
    %pushi/vec4 1, 0, 2;
    %store/vec4 v0000022aa0044de0_0, 0, 2;
    %pushi/vec4 0, 0, 2;
    %store/vec4 v0000022aa0044660_0, 0, 2;
    %jmp T_1.10;
T_1.1 ;
    %pushi/vec4 0, 0, 1;
    %store/vec4 v0000022aa0045880_0, 0, 1;
    %pushi/vec4 1, 0, 2;
    %store/vec4 v0000022aa00457e0_0, 0, 2;
    %pushi/vec4 1, 0, 1;
    %store/vec4 v0000022aa0044480_0, 0, 1;
    %pushi/vec4 1, 0, 1;
    %store/vec4 v0000022aa0044700_0, 0, 1;
    %pushi/vec4 0, 0, 2;
    %store/vec4 v0000022aa0044de0_0, 0, 2;
    %pushi/vec4 0, 0, 2;
    %store/vec4 v0000022aa0044660_0, 0, 2;
    %jmp T_1.10;
T_1.2 ;
    %pushi/vec4 1, 0, 1;
    %store/vec4 v0000022aa0045880_0, 0, 1;
    %pushi/vec4 0, 0, 1;
    %store/vec4 v0000022aa0044480_0, 0, 1;
    %pushi/vec4 2, 0, 2;
    %store/vec4 v0000022aa0044660_0, 0, 2;
    %jmp T_1.10;
T_1.3 ;
    %pushi/vec4 1, 0, 1;
    %store/vec4 v0000022aa0045880_0, 0, 1;
    %pushi/vec4 0, 0, 2;
    %store/vec4 v0000022aa00457e0_0, 0, 2;
    %pushi/vec4 1, 0, 1;
    %store/vec4 v0000022aa0044480_0, 0, 1;
    %pushi/vec4 2, 0, 2;
    %store/vec4 v0000022aa0044660_0, 0, 2;
    %jmp T_1.10;
T_1.4 ;
    %pushi/vec4 0, 0, 1;
    %store/vec4 v0000022aa0045880_0, 0, 1;
    %pushi/vec4 2, 0, 2;
    %store/vec4 v0000022aa00457e0_0, 0, 2;
    %pushi/vec4 0, 0, 1;
    %store/vec4 v0000022aa0044480_0, 0, 1;
    %pushi/vec4 1, 0, 1;
    %store/vec4 v0000022aa0044160_0, 0, 1;
    %pushi/vec4 1, 0, 2;
    %store/vec4 v0000022aa0044660_0, 0, 2;
    %jmp T_1.10;
T_1.5 ;
    %pushi/vec4 1, 0, 1;
    %store/vec4 v0000022aa0045880_0, 0, 1;
    %pushi/vec4 3, 0, 2;
    %store/vec4 v0000022aa00457e0_0, 0, 2;
    %pushi/vec4 2, 0, 2;
    %store/vec4 v0000022aa0044de0_0, 0, 2;
    %pushi/vec4 1, 0, 1;
    %store/vec4 v0000022aa00459c0_0, 0, 1;
    %jmp T_1.10;
T_1.6 ;
    %pushi/vec4 1, 0, 1;
    %store/vec4 v0000022aa0045880_0, 0, 1;
    %pushi/vec4 0, 0, 2;
    %store/vec4 v0000022aa00457e0_0, 0, 2;
    %pushi/vec4 1, 0, 1;
    %store/vec4 v0000022aa0044480_0, 0, 1;
    %pushi/vec4 2, 0, 2;
    %store/vec4 v0000022aa0044de0_0, 0, 2;
    %pushi/vec4 1, 0, 1;
    %store/vec4 v0000022aa00459c0_0, 0, 1;
    %jmp T_1.10;
T_1.7 ;
    %pushi/vec4 1, 0, 1;
    %store/vec4 v0000022aa0045880_0, 0, 1;
    %pushi/vec4 1, 0, 1;
    %store/vec4 v0000022aa0044480_0, 0, 1;
    %pushi/vec4 3, 0, 2;
    %store/vec4 v0000022aa0044660_0, 0, 2;
    %jmp T_1.10;
T_1.8 ;
    %pushi/vec4 1, 0, 1;
    %store/vec4 v0000022aa0045880_0, 0, 1;
    %pushi/vec4 1, 0, 1;
    %store/vec4 v0000022aa0044480_0, 0, 1;
    %pushi/vec4 1, 0, 2;
    %store/vec4 v0000022aa0044660_0, 0, 2;
    %jmp T_1.10;
T_1.10 ;
    %pop/vec4 1;
    %jmp T_1;
    .thread T_1, $push;
    .scope S_0000022a9fe63a80;
T_2 ;
    %wait E_0000022a9fecdd80;
    %load/vec4 v0000022a9fec1d50_0;
    %dup/vec4;
    %pushi/vec4 0, 0, 2;
    %cmp/u;
    %jmp/1 T_2.0, 6;
    %dup/vec4;
    %pushi/vec4 1, 0, 2;
    %cmp/u;
    %jmp/1 T_2.1, 6;
    %dup/vec4;
    %pushi/vec4 2, 0, 2;
    %cmp/u;
    %jmp/1 T_2.2, 6;
    %dup/vec4;
    %pushi/vec4 3, 0, 2;
    %cmp/u;
    %jmp/1 T_2.3, 6;
    %pushi/vec4 15, 15, 4;
    %store/vec4 v0000022a9fec27f0_0, 0, 4;
    %jmp T_2.5;
T_2.0 ;
    %pushi/vec4 0, 0, 4;
    %store/vec4 v0000022a9fec27f0_0, 0, 4;
    %jmp T_2.5;
T_2.1 ;
    %pushi/vec4 1, 0, 4;
    %store/vec4 v0000022a9fec27f0_0, 0, 4;
    %jmp T_2.5;
T_2.2 ;
    %load/vec4 v0000022a9fec2d90_0;
    %dup/vec4;
    %pushi/vec4 0, 0, 3;
    %cmp/u;
    %jmp/1 T_2.6, 6;
    %dup/vec4;
    %pushi/vec4 1, 0, 3;
    %cmp/u;
    %jmp/1 T_2.7, 6;
    %dup/vec4;
    %pushi/vec4 2, 0, 3;
    %cmp/u;
    %jmp/1 T_2.8, 6;
    %dup/vec4;
    %pushi/vec4 3, 0, 3;
    %cmp/u;
    %jmp/1 T_2.9, 6;
    %dup/vec4;
    %pushi/vec4 4, 0, 3;
    %cmp/u;
    %jmp/1 T_2.10, 6;
    %dup/vec4;
    %pushi/vec4 5, 0, 3;
    %cmp/u;
    %jmp/1 T_2.11, 6;
    %dup/vec4;
    %pushi/vec4 6, 0, 3;
    %cmp/u;
    %jmp/1 T_2.12, 6;
    %dup/vec4;
    %pushi/vec4 7, 0, 3;
    %cmp/u;
    %jmp/1 T_2.13, 6;
    %pushi/vec4 15, 15, 4;
    %store/vec4 v0000022a9fec27f0_0, 0, 4;
    %jmp T_2.15;
T_2.6 ;
    %load/vec4 v0000022a9fec3290_0;
    %load/vec4 v0000022a9fec33d0_0;
    %and;
    %flag_set/vec4 8;
    %jmp/0 T_2.16, 8;
    %pushi/vec4 1, 0, 4;
    %jmp/1 T_2.17, 8;
T_2.16 ; End of true expr.
    %pushi/vec4 0, 0, 4;
    %jmp/0 T_2.17, 8;
 ; End of false expr.
    %blend;
T_2.17;
    %store/vec4 v0000022a9fec27f0_0, 0, 4;
    %jmp T_2.15;
T_2.7 ;
    %pushi/vec4 10, 0, 4;
    %store/vec4 v0000022a9fec27f0_0, 0, 4;
    %jmp T_2.15;
T_2.8 ;
    %pushi/vec4 5, 0, 4;
    %store/vec4 v0000022a9fec27f0_0, 0, 4;
    %jmp T_2.15;
T_2.9 ;
    %pushi/vec4 6, 0, 4;
    %store/vec4 v0000022a9fec27f0_0, 0, 4;
    %jmp T_2.15;
T_2.10 ;
    %pushi/vec4 4, 0, 4;
    %store/vec4 v0000022a9fec27f0_0, 0, 4;
    %jmp T_2.15;
T_2.11 ;
    %load/vec4 v0000022a9fec3290_0;
    %flag_set/vec4 8;
    %jmp/0 T_2.18, 8;
    %pushi/vec4 11, 0, 4;
    %jmp/1 T_2.19, 8;
T_2.18 ; End of true expr.
    %pushi/vec4 12, 0, 4;
    %jmp/0 T_2.19, 8;
 ; End of false expr.
    %blend;
T_2.19;
    %store/vec4 v0000022a9fec27f0_0, 0, 4;
    %jmp T_2.15;
T_2.12 ;
    %pushi/vec4 3, 0, 4;
    %store/vec4 v0000022a9fec27f0_0, 0, 4;
    %jmp T_2.15;
T_2.13 ;
    %pushi/vec4 2, 0, 4;
    %store/vec4 v0000022a9fec27f0_0, 0, 4;
    %jmp T_2.15;
T_2.15 ;
    %pop/vec4 1;
    %jmp T_2.5;
T_2.3 ;
    %load/vec4 v0000022a9fec2d90_0;
    %dup/vec4;
    %pushi/vec4 0, 0, 3;
    %cmp/u;
    %jmp/1 T_2.20, 6;
    %dup/vec4;
    %pushi/vec4 1, 0, 3;
    %cmp/u;
    %jmp/1 T_2.21, 6;
    %pushi/vec4 15, 15, 4;
    %store/vec4 v0000022a9fec27f0_0, 0, 4;
    %jmp T_2.23;
T_2.20 ;
    %pushi/vec4 8, 0, 4;
    %store/vec4 v0000022a9fec27f0_0, 0, 4;
    %jmp T_2.23;
T_2.21 ;
    %pushi/vec4 9, 0, 4;
    %store/vec4 v0000022a9fec27f0_0, 0, 4;
    %jmp T_2.23;
T_2.23 ;
    %pop/vec4 1;
    %jmp T_2.5;
T_2.5 ;
    %pop/vec4 1;
    %jmp T_2;
    .thread T_2, $push;
    .scope S_0000022a9fe73c90;
T_3 ;
    %wait E_0000022a9fecf680;
    %load/vec4 v0000022aa00471b0_0;
    %flag_set/vec4 8;
    %jmp/0xz  T_3.0, 8;
    %pushi/vec4 0, 0, 32;
    %assign/vec4 v0000022aa0046a30_0, 0;
    %jmp T_3.1;
T_3.0 ;
    %load/vec4 v0000022aa0046fd0_0;
    %assign/vec4 v0000022aa0046a30_0, 0;
T_3.1 ;
    %jmp T_3;
    .thread T_3;
    .scope S_0000022aa0047d20;
T_4 ;
    %wait E_0000022a9fecdf80;
    %load/vec4 v0000022aa0047930_0;
    %dup/vec4;
    %pushi/vec4 0, 0, 2;
    %cmp/u;
    %jmp/1 T_4.0, 6;
    %dup/vec4;
    %pushi/vec4 1, 0, 2;
    %cmp/u;
    %jmp/1 T_4.1, 6;
    %dup/vec4;
    %pushi/vec4 2, 0, 2;
    %cmp/u;
    %jmp/1 T_4.2, 6;
    %dup/vec4;
    %pushi/vec4 3, 0, 2;
    %cmp/u;
    %jmp/1 T_4.3, 6;
    %pushi/vec4 4294967295, 4294967295, 32;
    %store/vec4 v0000022aa0046e90_0, 0, 32;
    %jmp T_4.5;
T_4.0 ;
    %load/vec4 v0000022aa0046710_0;
    %parti/s 1, 31, 6;
    %replicate 20;
    %load/vec4 v0000022aa0046710_0;
    %parti/s 12, 20, 6;
    %concat/vec4; draw_concat_vec4
    %store/vec4 v0000022aa0046e90_0, 0, 32;
    %jmp T_4.5;
T_4.1 ;
    %load/vec4 v0000022aa0046710_0;
    %parti/s 1, 31, 6;
    %replicate 20;
    %load/vec4 v0000022aa0046710_0;
    %parti/s 7, 25, 6;
    %concat/vec4; draw_concat_vec4
    %load/vec4 v0000022aa0046710_0;
    %parti/s 5, 7, 4;
    %concat/vec4; draw_concat_vec4
    %store/vec4 v0000022aa0046e90_0, 0, 32;
    %jmp T_4.5;
T_4.2 ;
    %load/vec4 v0000022aa0046710_0;
    %parti/s 1, 31, 6;
    %replicate 20;
    %load/vec4 v0000022aa0046710_0;
    %parti/s 1, 7, 4;
    %concat/vec4; draw_concat_vec4
    %load/vec4 v0000022aa0046710_0;
    %parti/s 6, 25, 6;
    %concat/vec4; draw_concat_vec4
    %load/vec4 v0000022aa0046710_0;
    %parti/s 4, 8, 5;
    %concat/vec4; draw_concat_vec4
    %concati/vec4 0, 0, 1;
    %store/vec4 v0000022aa0046e90_0, 0, 32;
    %jmp T_4.5;
T_4.3 ;
    %load/vec4 v0000022aa0046710_0;
    %parti/s 1, 31, 6;
    %replicate 12;
    %load/vec4 v0000022aa0046710_0;
    %parti/s 8, 12, 5;
    %concat/vec4; draw_concat_vec4
    %load/vec4 v0000022aa0046710_0;
    %parti/s 1, 20, 6;
    %concat/vec4; draw_concat_vec4
    %load/vec4 v0000022aa0046710_0;
    %parti/s 10, 21, 6;
    %concat/vec4; draw_concat_vec4
    %concati/vec4 0, 0, 1;
    %store/vec4 v0000022aa0046e90_0, 0, 32;
    %jmp T_4.5;
T_4.5 ;
    %pop/vec4 1;
    %jmp T_4;
    .thread T_4, $push;
    .scope S_0000022aa004a0a0;
T_5 ;
    %wait E_0000022a9fece980;
    %load/vec4 v0000022aa0048a40_0;
    %flag_set/vec4 9;
    %flag_get/vec4 9;
    %jmp/0 T_5.2, 9;
    %load/vec4 v0000022aa0048360_0;
    %pushi/vec4 0, 0, 5;
    %cmp/ne;
    %flag_get/vec4 4;
    %and;
T_5.2;
    %flag_set/vec4 8;
    %jmp/0xz  T_5.0, 8;
    %load/vec4 v0000022aa0049d00_0;
    %load/vec4 v0000022aa0048360_0;
    %pad/u 7;
    %ix/vec4 3;
    %ix/load 4, 0, 0; Constant delay
    %assign/vec4/a/d v0000022aa00485e0, 0, 4;
T_5.0 ;
    %jmp T_5;
    .thread T_5;
    .scope S_0000022a9fe38100;
T_6 ;
    %wait E_0000022a9fece480;
    %load/vec4 v0000022aa0044340_0;
    %dup/vec4;
    %pushi/vec4 0, 0, 4;
    %cmp/u;
    %jmp/1 T_6.0, 6;
    %dup/vec4;
    %pushi/vec4 1, 0, 4;
    %cmp/u;
    %jmp/1 T_6.1, 6;
    %dup/vec4;
    %pushi/vec4 2, 0, 4;
    %cmp/u;
    %jmp/1 T_6.2, 6;
    %dup/vec4;
    %pushi/vec4 3, 0, 4;
    %cmp/u;
    %jmp/1 T_6.3, 6;
    %dup/vec4;
    %pushi/vec4 4, 0, 4;
    %cmp/u;
    %jmp/1 T_6.4, 6;
    %dup/vec4;
    %pushi/vec4 5, 0, 4;
    %cmp/u;
    %jmp/1 T_6.5, 6;
    %dup/vec4;
    %pushi/vec4 6, 0, 4;
    %cmp/u;
    %jmp/1 T_6.6, 6;
    %dup/vec4;
    %pushi/vec4 7, 0, 4;
    %cmp/u;
    %jmp/1 T_6.7, 6;
    %dup/vec4;
    %pushi/vec4 8, 0, 4;
    %cmp/u;
    %jmp/1 T_6.8, 6;
    %dup/vec4;
    %pushi/vec4 9, 0, 4;
    %cmp/u;
    %jmp/1 T_6.9, 6;
    %dup/vec4;
    %pushi/vec4 10, 0, 4;
    %cmp/u;
    %jmp/1 T_6.10, 6;
    %dup/vec4;
    %pushi/vec4 11, 0, 4;
    %cmp/u;
    %jmp/1 T_6.11, 6;
    %dup/vec4;
    %pushi/vec4 12, 0, 4;
    %cmp/u;
    %jmp/1 T_6.12, 6;
    %pushi/vec4 4294967295, 4294967295, 32;
    %concati/vec4 1, 1, 1;
    %store/vec4 v0000022aa00479d0_0, 0, 33;
    %jmp T_6.14;
T_6.0 ;
    %load/vec4 v0000022aa0044f20_0;
    %pad/u 33;
    %load/vec4 v0000022aa00452e0_0;
    %pad/u 33;
    %add;
    %store/vec4 v0000022aa00479d0_0, 0, 33;
    %jmp T_6.14;
T_6.1 ;
    %load/vec4 v0000022aa0044f20_0;
    %pad/u 33;
    %load/vec4 v0000022aa00452e0_0;
    %pad/u 33;
    %sub;
    %store/vec4 v0000022aa00479d0_0, 0, 33;
    %jmp T_6.14;
T_6.2 ;
    %pushi/vec4 0, 0, 1;
    %load/vec4 v0000022aa0044f20_0;
    %load/vec4 v0000022aa00452e0_0;
    %and;
    %concat/vec4; draw_concat_vec4
    %store/vec4 v0000022aa00479d0_0, 0, 33;
    %jmp T_6.14;
T_6.3 ;
    %pushi/vec4 0, 0, 1;
    %load/vec4 v0000022aa0044f20_0;
    %load/vec4 v0000022aa00452e0_0;
    %or;
    %concat/vec4; draw_concat_vec4
    %store/vec4 v0000022aa00479d0_0, 0, 33;
    %jmp T_6.14;
T_6.4 ;
    %pushi/vec4 0, 0, 1;
    %load/vec4 v0000022aa0044f20_0;
    %load/vec4 v0000022aa00452e0_0;
    %xor;
    %concat/vec4; draw_concat_vec4
    %store/vec4 v0000022aa00479d0_0, 0, 33;
    %jmp T_6.14;
T_6.5 ;
    %pushi/vec4 0, 0, 31;
    %load/vec4 v0000022aa00463f0_0;
    %concat/vec4; draw_concat_vec4
    %pad/u 33;
    %store/vec4 v0000022aa00479d0_0, 0, 33;
    %jmp T_6.14;
T_6.6 ;
    %pushi/vec4 0, 0, 31;
    %load/vec4 v0000022aa0047390_0;
    %concat/vec4; draw_concat_vec4
    %pad/u 33;
    %store/vec4 v0000022aa00479d0_0, 0, 33;
    %jmp T_6.14;
T_6.7 ;
    %load/vec4 v0000022aa0044f20_0;
    %parti/s 20, 12, 5;
    %concati/vec4 0, 0, 12;
    %pad/u 33;
    %store/vec4 v0000022aa00479d0_0, 0, 33;
    %jmp T_6.14;
T_6.8 ;
    %load/vec4 v0000022aa0044f20_0;
    %pad/u 33;
    %load/vec4 v0000022aa00452e0_0;
    %parti/s 20, 12, 5;
    %concati/vec4 0, 0, 12;
    %pad/u 33;
    %add;
    %store/vec4 v0000022aa00479d0_0, 0, 33;
    %jmp T_6.14;
T_6.9 ;
    %load/vec4 v0000022aa00452e0_0;
    %parti/s 20, 12, 5;
    %concati/vec4 0, 0, 12;
    %pad/u 33;
    %store/vec4 v0000022aa00479d0_0, 0, 33;
    %jmp T_6.14;
T_6.10 ;
    %pushi/vec4 0, 0, 1;
    %load/vec4 v0000022aa0044f20_0;
    %ix/getv 4, v0000022aa00452e0_0;
    %shiftl 4;
    %concat/vec4; draw_concat_vec4
    %store/vec4 v0000022aa00479d0_0, 0, 33;
    %jmp T_6.14;
T_6.11 ;
    %pushi/vec4 0, 0, 1;
    %load/vec4 v0000022aa0044f20_0;
    %ix/getv 4, v0000022aa00452e0_0;
    %shiftr 4;
    %concat/vec4; draw_concat_vec4
    %store/vec4 v0000022aa00479d0_0, 0, 33;
    %jmp T_6.14;
T_6.12 ;
    %pushi/vec4 0, 0, 1;
    %load/vec4 v0000022aa0044f20_0;
    %ix/getv 4, v0000022aa00452e0_0;
    %shiftr/s 4;
    %concat/vec4; draw_concat_vec4
    %store/vec4 v0000022aa00479d0_0, 0, 33;
    %jmp T_6.14;
T_6.14 ;
    %pop/vec4 1;
    %jmp T_6;
    .thread T_6, $push;
    .scope S_0000022a9fe3f000;
T_7 ;
    %pushi/vec4 0, 0, 32;
    %store/vec4 v0000022aa00448e0_0, 0, 32;
T_7.0 ;
    %load/vec4 v0000022aa00448e0_0;
    %cmpi/s 64, 0, 32;
    %jmp/0xz T_7.1, 5;
    %pushi/vec4 0, 0, 32;
    %ix/getv/s 4, v0000022aa00448e0_0;
    %store/vec4a v0000022aa00442a0, 4, 0;
    %load/vec4 v0000022aa00448e0_0;
    %addi 1, 0, 32;
    %store/vec4 v0000022aa00448e0_0, 0, 32;
    %jmp T_7.0;
T_7.1 ;
    %end;
    .thread T_7;
    .scope S_0000022a9fe3f000;
T_8 ;
    %wait E_0000022a9fece980;
    %load/vec4 v0000022aa0044e80_0;
    %flag_set/vec4 8;
    %jmp/0xz  T_8.0, 8;
    %load/vec4 v0000022aa0044980_0;
    %load/vec4 v0000022aa0043bc0_0;
    %parti/s 30, 2, 3;
    %ix/vec4 3;
    %ix/load 4, 0, 0; Constant delay
    %assign/vec4/a/d v0000022aa00442a0, 0, 4;
T_8.0 ;
    %jmp T_8;
    .thread T_8;
    .scope S_0000022a9fff57c0;
T_9 ;
    %wait E_0000022a9fece6c0;
    %load/vec4 v0000022aa004c320_0;
    %flag_set/vec4 8;
    %jmp/0xz  T_9.0, 8;
    %pushi/vec4 0, 0, 1;
    %assign/vec4 v0000022aa004ba60_0, 0;
    %pushi/vec4 0, 0, 32;
    %assign/vec4 v0000022aa004bb00_0, 0;
    %jmp T_9.1;
T_9.0 ;
    %load/vec4 v0000022aa004bb00_0;
    %cmpi/e 49999999, 0, 32;
    %jmp/0xz  T_9.2, 4;
    %load/vec4 v0000022aa004ba60_0;
    %inv;
    %assign/vec4 v0000022aa004ba60_0, 0;
    %pushi/vec4 0, 0, 32;
    %assign/vec4 v0000022aa004bb00_0, 0;
    %jmp T_9.3;
T_9.2 ;
    %load/vec4 v0000022aa004bb00_0;
    %addi 1, 0, 32;
    %assign/vec4 v0000022aa004bb00_0, 0;
T_9.3 ;
T_9.1 ;
    %jmp T_9;
    .thread T_9;
    .scope S_0000022a9fff57c0;
T_10 ;
    %wait E_0000022a9fece6c0;
    %load/vec4 v0000022aa004c320_0;
    %flag_set/vec4 8;
    %jmp/0xz  T_10.0, 8;
    %pushi/vec4 0, 0, 16;
    %assign/vec4 v0000022aa004bec0_0, 0;
    %jmp T_10.1;
T_10.0 ;
    %load/vec4 v0000022aa004c3c0_0;
    %parti/s 16, 0, 2;
    %assign/vec4 v0000022aa004bec0_0, 0;
T_10.1 ;
    %jmp T_10;
    .thread T_10;
    .scope S_0000022a9fff57c0;
T_11 ;
    %wait E_0000022a9fece6c0;
    %load/vec4 v0000022aa004c320_0;
    %flag_set/vec4 8;
    %jmp/0xz  T_11.0, 8;
    %pushi/vec4 0, 0, 20;
    %assign/vec4 v0000022aa004bf60_0, 0;
    %jmp T_11.1;
T_11.0 ;
    %load/vec4 v0000022aa004bf60_0;
    %addi 1, 0, 20;
    %assign/vec4 v0000022aa004bf60_0, 0;
T_11.1 ;
    %jmp T_11;
    .thread T_11;
    .scope S_0000022a9fff57c0;
T_12 ;
    %wait E_0000022a9feceb80;
    %load/vec4 v0000022aa004b9c0_0;
    %dup/vec4;
    %pushi/vec4 0, 0, 2;
    %cmp/u;
    %jmp/1 T_12.0, 6;
    %dup/vec4;
    %pushi/vec4 1, 0, 2;
    %cmp/u;
    %jmp/1 T_12.1, 6;
    %dup/vec4;
    %pushi/vec4 2, 0, 2;
    %cmp/u;
    %jmp/1 T_12.2, 6;
    %dup/vec4;
    %pushi/vec4 3, 0, 2;
    %cmp/u;
    %jmp/1 T_12.3, 6;
    %jmp T_12.4;
T_12.0 ;
    %pushi/vec4 7, 0, 4;
    %store/vec4 v0000022aa004cdc0_0, 0, 4;
    %load/vec4 v0000022aa004bec0_0;
    %pad/u 32;
    %pushi/vec4 1000, 0, 32;
    %div;
    %pad/u 4;
    %store/vec4 v0000022aa004b880_0, 0, 4;
    %jmp T_12.4;
T_12.1 ;
    %pushi/vec4 11, 0, 4;
    %store/vec4 v0000022aa004cdc0_0, 0, 4;
    %load/vec4 v0000022aa004bec0_0;
    %pad/u 32;
    %pushi/vec4 1000, 0, 32;
    %mod;
    %pushi/vec4 100, 0, 32;
    %div;
    %pad/u 4;
    %store/vec4 v0000022aa004b880_0, 0, 4;
    %jmp T_12.4;
T_12.2 ;
    %pushi/vec4 13, 0, 4;
    %store/vec4 v0000022aa004cdc0_0, 0, 4;
    %load/vec4 v0000022aa004bec0_0;
    %pad/u 32;
    %pushi/vec4 1000, 0, 32;
    %mod;
    %pushi/vec4 100, 0, 32;
    %mod;
    %pushi/vec4 10, 0, 32;
    %div;
    %pad/u 4;
    %store/vec4 v0000022aa004b880_0, 0, 4;
    %jmp T_12.4;
T_12.3 ;
    %pushi/vec4 14, 0, 4;
    %store/vec4 v0000022aa004cdc0_0, 0, 4;
    %load/vec4 v0000022aa004bec0_0;
    %pad/u 32;
    %pushi/vec4 1000, 0, 32;
    %mod;
    %pushi/vec4 100, 0, 32;
    %mod;
    %pushi/vec4 10, 0, 32;
    %mod;
    %pad/u 4;
    %store/vec4 v0000022aa004b880_0, 0, 4;
    %jmp T_12.4;
T_12.4 ;
    %pop/vec4 1;
    %jmp T_12;
    .thread T_12, $push;
    .scope S_0000022a9fff57c0;
T_13 ;
    %wait E_0000022a9fece080;
    %load/vec4 v0000022aa004b880_0;
    %dup/vec4;
    %pushi/vec4 0, 0, 4;
    %cmp/u;
    %jmp/1 T_13.0, 6;
    %dup/vec4;
    %pushi/vec4 1, 0, 4;
    %cmp/u;
    %jmp/1 T_13.1, 6;
    %dup/vec4;
    %pushi/vec4 2, 0, 4;
    %cmp/u;
    %jmp/1 T_13.2, 6;
    %dup/vec4;
    %pushi/vec4 3, 0, 4;
    %cmp/u;
    %jmp/1 T_13.3, 6;
    %dup/vec4;
    %pushi/vec4 4, 0, 4;
    %cmp/u;
    %jmp/1 T_13.4, 6;
    %dup/vec4;
    %pushi/vec4 5, 0, 4;
    %cmp/u;
    %jmp/1 T_13.5, 6;
    %dup/vec4;
    %pushi/vec4 6, 0, 4;
    %cmp/u;
    %jmp/1 T_13.6, 6;
    %dup/vec4;
    %pushi/vec4 7, 0, 4;
    %cmp/u;
    %jmp/1 T_13.7, 6;
    %dup/vec4;
    %pushi/vec4 8, 0, 4;
    %cmp/u;
    %jmp/1 T_13.8, 6;
    %dup/vec4;
    %pushi/vec4 9, 0, 4;
    %cmp/u;
    %jmp/1 T_13.9, 6;
    %pushi/vec4 1, 0, 7;
    %store/vec4 v0000022aa004c140_0, 0, 7;
    %jmp T_13.11;
T_13.0 ;
    %pushi/vec4 1, 0, 7;
    %store/vec4 v0000022aa004c140_0, 0, 7;
    %jmp T_13.11;
T_13.1 ;
    %pushi/vec4 79, 0, 7;
    %store/vec4 v0000022aa004c140_0, 0, 7;
    %jmp T_13.11;
T_13.2 ;
    %pushi/vec4 18, 0, 7;
    %store/vec4 v0000022aa004c140_0, 0, 7;
    %jmp T_13.11;
T_13.3 ;
    %pushi/vec4 6, 0, 7;
    %store/vec4 v0000022aa004c140_0, 0, 7;
    %jmp T_13.11;
T_13.4 ;
    %pushi/vec4 76, 0, 7;
    %store/vec4 v0000022aa004c140_0, 0, 7;
    %jmp T_13.11;
T_13.5 ;
    %pushi/vec4 36, 0, 7;
    %store/vec4 v0000022aa004c140_0, 0, 7;
    %jmp T_13.11;
T_13.6 ;
    %pushi/vec4 32, 0, 7;
    %store/vec4 v0000022aa004c140_0, 0, 7;
    %jmp T_13.11;
T_13.7 ;
    %pushi/vec4 15, 0, 7;
    %store/vec4 v0000022aa004c140_0, 0, 7;
    %jmp T_13.11;
T_13.8 ;
    %pushi/vec4 0, 0, 7;
    %store/vec4 v0000022aa004c140_0, 0, 7;
    %jmp T_13.11;
T_13.9 ;
    %pushi/vec4 4, 0, 7;
    %store/vec4 v0000022aa004c140_0, 0, 7;
    %jmp T_13.11;
T_13.11 ;
    %pop/vec4 1;
    %jmp T_13;
    .thread T_13, $push;
    .scope S_0000022aa0055860;
T_14 ;
    %pushi/vec4 179, 0, 32;
    %ix/load 4, 0, 0;
    %flag_set/imm 4, 0;
    %store/vec4a v0000022aa0063440, 4, 0;
    %pushi/vec4 563, 0, 32;
    %ix/load 4, 1, 0;
    %flag_set/imm 4, 0;
    %store/vec4a v0000022aa0063440, 4, 0;
    %pushi/vec4 10518803, 0, 32;
    %ix/load 4, 2, 0;
    %flag_set/imm 4, 0;
    %store/vec4a v0000022aa0063440, 4, 0;
    %pushi/vec4 33203, 0, 32;
    %ix/load 4, 3, 0;
    %flag_set/imm 4, 0;
    %store/vec4a v0000022aa0063440, 4, 0;
    %pushi/vec4 2197603, 0, 32;
    %ix/load 4, 4, 0;
    %flag_set/imm 4, 0;
    %store/vec4a v0000022aa0063440, 4, 0;
    %pushi/vec4 4293171, 0, 32;
    %ix/load 4, 5, 0;
    %flag_set/imm 4, 0;
    %store/vec4a v0000022aa0063440, 4, 0;
    %pushi/vec4 1147283, 0, 32;
    %ix/load 4, 6, 0;
    %flag_set/imm 4, 0;
    %store/vec4a v0000022aa0063440, 4, 0;
    %pushi/vec4 4261415651, 0, 32;
    %ix/load 4, 7, 0;
    %flag_set/imm 4, 0;
    %store/vec4a v0000022aa0063440, 4, 0;
    %pushi/vec4 131251, 0, 32;
    %ix/load 4, 8, 0;
    %flag_set/imm 4, 0;
    %store/vec4a v0000022aa0063440, 4, 0;
    %end;
    .thread T_14;
    .scope S_0000022aa004ab90;
T_15 ;
    %wait E_0000022a9fec7ec0;
    %pushi/vec4 0, 0, 1;
    %store/vec4 v0000022aa004e8a0_0, 0, 1;
    %pushi/vec4 0, 0, 2;
    %store/vec4 v0000022aa004f660_0, 0, 2;
    %pushi/vec4 0, 0, 1;
    %store/vec4 v0000022aa004eee0_0, 0, 1;
    %pushi/vec4 0, 0, 1;
    %store/vec4 v0000022aa004f160_0, 0, 1;
    %pushi/vec4 0, 0, 2;
    %store/vec4 v0000022aa004e260_0, 0, 2;
    %pushi/vec4 0, 0, 1;
    %store/vec4 v0000022aa004f980_0, 0, 1;
    %pushi/vec4 0, 0, 2;
    %store/vec4 v0000022aa004e800_0, 0, 2;
    %pushi/vec4 0, 0, 1;
    %store/vec4 v0000022aa004ec60_0, 0, 1;
    %load/vec4 v0000022aa004eb20_0;
    %dup/vec4;
    %pushi/vec4 3, 0, 7;
    %cmp/u;
    %jmp/1 T_15.0, 6;
    %dup/vec4;
    %pushi/vec4 35, 0, 7;
    %cmp/u;
    %jmp/1 T_15.1, 6;
    %dup/vec4;
    %pushi/vec4 51, 0, 7;
    %cmp/u;
    %jmp/1 T_15.2, 6;
    %dup/vec4;
    %pushi/vec4 19, 0, 7;
    %cmp/u;
    %jmp/1 T_15.3, 6;
    %dup/vec4;
    %pushi/vec4 99, 0, 7;
    %cmp/u;
    %jmp/1 T_15.4, 6;
    %dup/vec4;
    %pushi/vec4 111, 0, 7;
    %cmp/u;
    %jmp/1 T_15.5, 6;
    %dup/vec4;
    %pushi/vec4 103, 0, 7;
    %cmp/u;
    %jmp/1 T_15.6, 6;
    %dup/vec4;
    %pushi/vec4 55, 0, 7;
    %cmp/u;
    %jmp/1 T_15.7, 6;
    %dup/vec4;
    %pushi/vec4 23, 0, 7;
    %cmp/u;
    %jmp/1 T_15.8, 6;
    %jmp T_15.10;
T_15.0 ;
    %pushi/vec4 1, 0, 1;
    %store/vec4 v0000022aa004e8a0_0, 0, 1;
    %pushi/vec4 0, 0, 2;
    %store/vec4 v0000022aa004f660_0, 0, 2;
    %pushi/vec4 1, 0, 1;
    %store/vec4 v0000022aa004eee0_0, 0, 1;
    %pushi/vec4 0, 0, 1;
    %store/vec4 v0000022aa004f160_0, 0, 1;
    %pushi/vec4 1, 0, 2;
    %store/vec4 v0000022aa004e260_0, 0, 2;
    %pushi/vec4 0, 0, 2;
    %store/vec4 v0000022aa004e800_0, 0, 2;
    %jmp T_15.10;
T_15.1 ;
    %pushi/vec4 0, 0, 1;
    %store/vec4 v0000022aa004e8a0_0, 0, 1;
    %pushi/vec4 1, 0, 2;
    %store/vec4 v0000022aa004f660_0, 0, 2;
    %pushi/vec4 1, 0, 1;
    %store/vec4 v0000022aa004eee0_0, 0, 1;
    %pushi/vec4 1, 0, 1;
    %store/vec4 v0000022aa004f160_0, 0, 1;
    %pushi/vec4 0, 0, 2;
    %store/vec4 v0000022aa004e260_0, 0, 2;
    %pushi/vec4 0, 0, 2;
    %store/vec4 v0000022aa004e800_0, 0, 2;
    %jmp T_15.10;
T_15.2 ;
    %pushi/vec4 1, 0, 1;
    %store/vec4 v0000022aa004e8a0_0, 0, 1;
    %pushi/vec4 0, 0, 1;
    %store/vec4 v0000022aa004eee0_0, 0, 1;
    %pushi/vec4 2, 0, 2;
    %store/vec4 v0000022aa004e800_0, 0, 2;
    %jmp T_15.10;
T_15.3 ;
    %pushi/vec4 1, 0, 1;
    %store/vec4 v0000022aa004e8a0_0, 0, 1;
    %pushi/vec4 0, 0, 2;
    %store/vec4 v0000022aa004f660_0, 0, 2;
    %pushi/vec4 1, 0, 1;
    %store/vec4 v0000022aa004eee0_0, 0, 1;
    %pushi/vec4 2, 0, 2;
    %store/vec4 v0000022aa004e800_0, 0, 2;
    %jmp T_15.10;
T_15.4 ;
    %pushi/vec4 0, 0, 1;
    %store/vec4 v0000022aa004e8a0_0, 0, 1;
    %pushi/vec4 2, 0, 2;
    %store/vec4 v0000022aa004f660_0, 0, 2;
    %pushi/vec4 0, 0, 1;
    %store/vec4 v0000022aa004eee0_0, 0, 1;
    %pushi/vec4 1, 0, 1;
    %store/vec4 v0000022aa004f980_0, 0, 1;
    %pushi/vec4 1, 0, 2;
    %store/vec4 v0000022aa004e800_0, 0, 2;
    %jmp T_15.10;
T_15.5 ;
    %pushi/vec4 1, 0, 1;
    %store/vec4 v0000022aa004e8a0_0, 0, 1;
    %pushi/vec4 3, 0, 2;
    %store/vec4 v0000022aa004f660_0, 0, 2;
    %pushi/vec4 2, 0, 2;
    %store/vec4 v0000022aa004e260_0, 0, 2;
    %pushi/vec4 1, 0, 1;
    %store/vec4 v0000022aa004ec60_0, 0, 1;
    %jmp T_15.10;
T_15.6 ;
    %pushi/vec4 1, 0, 1;
    %store/vec4 v0000022aa004e8a0_0, 0, 1;
    %pushi/vec4 0, 0, 2;
    %store/vec4 v0000022aa004f660_0, 0, 2;
    %pushi/vec4 1, 0, 1;
    %store/vec4 v0000022aa004eee0_0, 0, 1;
    %pushi/vec4 2, 0, 2;
    %store/vec4 v0000022aa004e260_0, 0, 2;
    %pushi/vec4 1, 0, 1;
    %store/vec4 v0000022aa004ec60_0, 0, 1;
    %jmp T_15.10;
T_15.7 ;
    %pushi/vec4 1, 0, 1;
    %store/vec4 v0000022aa004e8a0_0, 0, 1;
    %pushi/vec4 1, 0, 1;
    %store/vec4 v0000022aa004eee0_0, 0, 1;
    %pushi/vec4 3, 0, 2;
    %store/vec4 v0000022aa004e800_0, 0, 2;
    %jmp T_15.10;
T_15.8 ;
    %pushi/vec4 1, 0, 1;
    %store/vec4 v0000022aa004e8a0_0, 0, 1;
    %pushi/vec4 1, 0, 1;
    %store/vec4 v0000022aa004eee0_0, 0, 1;
    %pushi/vec4 1, 0, 2;
    %store/vec4 v0000022aa004e800_0, 0, 2;
    %jmp T_15.10;
T_15.10 ;
    %pop/vec4 1;
    %jmp T_15;
    .thread T_15, $push;
    .scope S_0000022aa004a3c0;
T_16 ;
    %wait E_0000022a9fec8380;
    %load/vec4 v0000022aa004e080_0;
    %dup/vec4;
    %pushi/vec4 0, 0, 2;
    %cmp/u;
    %jmp/1 T_16.0, 6;
    %dup/vec4;
    %pushi/vec4 1, 0, 2;
    %cmp/u;
    %jmp/1 T_16.1, 6;
    %dup/vec4;
    %pushi/vec4 2, 0, 2;
    %cmp/u;
    %jmp/1 T_16.2, 6;
    %dup/vec4;
    %pushi/vec4 3, 0, 2;
    %cmp/u;
    %jmp/1 T_16.3, 6;
    %pushi/vec4 15, 15, 4;
    %store/vec4 v0000022aa004f200_0, 0, 4;
    %jmp T_16.5;
T_16.0 ;
    %pushi/vec4 0, 0, 4;
    %store/vec4 v0000022aa004f200_0, 0, 4;
    %jmp T_16.5;
T_16.1 ;
    %pushi/vec4 1, 0, 4;
    %store/vec4 v0000022aa004f200_0, 0, 4;
    %jmp T_16.5;
T_16.2 ;
    %load/vec4 v0000022aa004f5c0_0;
    %dup/vec4;
    %pushi/vec4 0, 0, 3;
    %cmp/u;
    %jmp/1 T_16.6, 6;
    %dup/vec4;
    %pushi/vec4 1, 0, 3;
    %cmp/u;
    %jmp/1 T_16.7, 6;
    %dup/vec4;
    %pushi/vec4 2, 0, 3;
    %cmp/u;
    %jmp/1 T_16.8, 6;
    %dup/vec4;
    %pushi/vec4 3, 0, 3;
    %cmp/u;
    %jmp/1 T_16.9, 6;
    %dup/vec4;
    %pushi/vec4 4, 0, 3;
    %cmp/u;
    %jmp/1 T_16.10, 6;
    %dup/vec4;
    %pushi/vec4 5, 0, 3;
    %cmp/u;
    %jmp/1 T_16.11, 6;
    %dup/vec4;
    %pushi/vec4 6, 0, 3;
    %cmp/u;
    %jmp/1 T_16.12, 6;
    %dup/vec4;
    %pushi/vec4 7, 0, 3;
    %cmp/u;
    %jmp/1 T_16.13, 6;
    %pushi/vec4 15, 15, 4;
    %store/vec4 v0000022aa004f200_0, 0, 4;
    %jmp T_16.15;
T_16.6 ;
    %load/vec4 v0000022aa004fb60_0;
    %load/vec4 v0000022aa004dfe0_0;
    %and;
    %flag_set/vec4 8;
    %jmp/0 T_16.16, 8;
    %pushi/vec4 1, 0, 4;
    %jmp/1 T_16.17, 8;
T_16.16 ; End of true expr.
    %pushi/vec4 0, 0, 4;
    %jmp/0 T_16.17, 8;
 ; End of false expr.
    %blend;
T_16.17;
    %store/vec4 v0000022aa004f200_0, 0, 4;
    %jmp T_16.15;
T_16.7 ;
    %pushi/vec4 10, 0, 4;
    %store/vec4 v0000022aa004f200_0, 0, 4;
    %jmp T_16.15;
T_16.8 ;
    %pushi/vec4 5, 0, 4;
    %store/vec4 v0000022aa004f200_0, 0, 4;
    %jmp T_16.15;
T_16.9 ;
    %pushi/vec4 6, 0, 4;
    %store/vec4 v0000022aa004f200_0, 0, 4;
    %jmp T_16.15;
T_16.10 ;
    %pushi/vec4 4, 0, 4;
    %store/vec4 v0000022aa004f200_0, 0, 4;
    %jmp T_16.15;
T_16.11 ;
    %load/vec4 v0000022aa004fb60_0;
    %flag_set/vec4 8;
    %jmp/0 T_16.18, 8;
    %pushi/vec4 11, 0, 4;
    %jmp/1 T_16.19, 8;
T_16.18 ; End of true expr.
    %pushi/vec4 12, 0, 4;
    %jmp/0 T_16.19, 8;
 ; End of false expr.
    %blend;
T_16.19;
    %store/vec4 v0000022aa004f200_0, 0, 4;
    %jmp T_16.15;
T_16.12 ;
    %pushi/vec4 3, 0, 4;
    %store/vec4 v0000022aa004f200_0, 0, 4;
    %jmp T_16.15;
T_16.13 ;
    %pushi/vec4 2, 0, 4;
    %store/vec4 v0000022aa004f200_0, 0, 4;
    %jmp T_16.15;
T_16.15 ;
    %pop/vec4 1;
    %jmp T_16.5;
T_16.3 ;
    %load/vec4 v0000022aa004f5c0_0;
    %dup/vec4;
    %pushi/vec4 0, 0, 3;
    %cmp/u;
    %jmp/1 T_16.20, 6;
    %dup/vec4;
    %pushi/vec4 1, 0, 3;
    %cmp/u;
    %jmp/1 T_16.21, 6;
    %pushi/vec4 15, 15, 4;
    %store/vec4 v0000022aa004f200_0, 0, 4;
    %jmp T_16.23;
T_16.20 ;
    %pushi/vec4 8, 0, 4;
    %store/vec4 v0000022aa004f200_0, 0, 4;
    %jmp T_16.23;
T_16.21 ;
    %pushi/vec4 9, 0, 4;
    %store/vec4 v0000022aa004f200_0, 0, 4;
    %jmp T_16.23;
T_16.23 ;
    %pop/vec4 1;
    %jmp T_16.5;
T_16.5 ;
    %pop/vec4 1;
    %jmp T_16;
    .thread T_16, $push;
    .scope S_0000022aa00548c0;
T_17 ;
    %wait E_0000022a9fec92c0;
    %load/vec4 v0000022aa0050e60_0;
    %flag_set/vec4 8;
    %jmp/0xz  T_17.0, 8;
    %pushi/vec4 0, 0, 32;
    %assign/vec4 v0000022aa0050780_0, 0;
    %jmp T_17.1;
T_17.0 ;
    %load/vec4 v0000022aa0050aa0_0;
    %assign/vec4 v0000022aa0050780_0, 0;
T_17.1 ;
    %jmp T_17;
    .thread T_17;
    .scope S_0000022aa0055220;
T_18 ;
    %wait E_0000022a9fec9400;
    %load/vec4 v0000022aa00517c0_0;
    %dup/vec4;
    %pushi/vec4 0, 0, 2;
    %cmp/u;
    %jmp/1 T_18.0, 6;
    %dup/vec4;
    %pushi/vec4 1, 0, 2;
    %cmp/u;
    %jmp/1 T_18.1, 6;
    %dup/vec4;
    %pushi/vec4 2, 0, 2;
    %cmp/u;
    %jmp/1 T_18.2, 6;
    %dup/vec4;
    %pushi/vec4 3, 0, 2;
    %cmp/u;
    %jmp/1 T_18.3, 6;
    %pushi/vec4 4294967295, 4294967295, 32;
    %store/vec4 v0000022aa0050140_0, 0, 32;
    %jmp T_18.5;
T_18.0 ;
    %load/vec4 v0000022aa00501e0_0;
    %parti/s 1, 31, 6;
    %replicate 20;
    %load/vec4 v0000022aa00501e0_0;
    %parti/s 12, 20, 6;
    %concat/vec4; draw_concat_vec4
    %store/vec4 v0000022aa0050140_0, 0, 32;
    %jmp T_18.5;
T_18.1 ;
    %load/vec4 v0000022aa00501e0_0;
    %parti/s 1, 31, 6;
    %replicate 20;
    %load/vec4 v0000022aa00501e0_0;
    %parti/s 7, 25, 6;
    %concat/vec4; draw_concat_vec4
    %load/vec4 v0000022aa00501e0_0;
    %parti/s 5, 7, 4;
    %concat/vec4; draw_concat_vec4
    %store/vec4 v0000022aa0050140_0, 0, 32;
    %jmp T_18.5;
T_18.2 ;
    %load/vec4 v0000022aa00501e0_0;
    %parti/s 1, 31, 6;
    %replicate 20;
    %load/vec4 v0000022aa00501e0_0;
    %parti/s 1, 7, 4;
    %concat/vec4; draw_concat_vec4
    %load/vec4 v0000022aa00501e0_0;
    %parti/s 6, 25, 6;
    %concat/vec4; draw_concat_vec4
    %load/vec4 v0000022aa00501e0_0;
    %parti/s 4, 8, 5;
    %concat/vec4; draw_concat_vec4
    %concati/vec4 0, 0, 1;
    %store/vec4 v0000022aa0050140_0, 0, 32;
    %jmp T_18.5;
T_18.3 ;
    %load/vec4 v0000022aa00501e0_0;
    %parti/s 1, 31, 6;
    %replicate 12;
    %load/vec4 v0000022aa00501e0_0;
    %parti/s 8, 12, 5;
    %concat/vec4; draw_concat_vec4
    %load/vec4 v0000022aa00501e0_0;
    %parti/s 1, 20, 6;
    %concat/vec4; draw_concat_vec4
    %load/vec4 v0000022aa00501e0_0;
    %parti/s 10, 21, 6;
    %concat/vec4; draw_concat_vec4
    %concati/vec4 0, 0, 1;
    %store/vec4 v0000022aa0050140_0, 0, 32;
    %jmp T_18.5;
T_18.5 ;
    %pop/vec4 1;
    %jmp T_18;
    .thread T_18, $push;
    .scope S_0000022aa0054280;
T_19 ;
    %wait E_0000022a9fec8fc0;
    %load/vec4 v0000022aa00538e0_0;
    %flag_set/vec4 9;
    %flag_get/vec4 9;
    %jmp/0 T_19.2, 9;
    %load/vec4 v0000022aa00533e0_0;
    %pushi/vec4 0, 0, 5;
    %cmp/ne;
    %flag_get/vec4 4;
    %and;
T_19.2;
    %flag_set/vec4 8;
    %jmp/0xz  T_19.0, 8;
    %load/vec4 v0000022aa0052800_0;
    %load/vec4 v0000022aa00533e0_0;
    %pad/u 7;
    %ix/vec4 3;
    %ix/load 4, 0, 0; Constant delay
    %assign/vec4/a/d v0000022aa0053c00, 0, 4;
T_19.0 ;
    %jmp T_19;
    .thread T_19;
    .scope S_0000022aa004a870;
T_20 ;
    %wait E_0000022a9fec9a00;
    %load/vec4 v0000022aa004fde0_0;
    %dup/vec4;
    %pushi/vec4 0, 0, 4;
    %cmp/u;
    %jmp/1 T_20.0, 6;
    %dup/vec4;
    %pushi/vec4 1, 0, 4;
    %cmp/u;
    %jmp/1 T_20.1, 6;
    %dup/vec4;
    %pushi/vec4 2, 0, 4;
    %cmp/u;
    %jmp/1 T_20.2, 6;
    %dup/vec4;
    %pushi/vec4 3, 0, 4;
    %cmp/u;
    %jmp/1 T_20.3, 6;
    %dup/vec4;
    %pushi/vec4 4, 0, 4;
    %cmp/u;
    %jmp/1 T_20.4, 6;
    %dup/vec4;
    %pushi/vec4 5, 0, 4;
    %cmp/u;
    %jmp/1 T_20.5, 6;
    %dup/vec4;
    %pushi/vec4 6, 0, 4;
    %cmp/u;
    %jmp/1 T_20.6, 6;
    %dup/vec4;
    %pushi/vec4 7, 0, 4;
    %cmp/u;
    %jmp/1 T_20.7, 6;
    %dup/vec4;
    %pushi/vec4 8, 0, 4;
    %cmp/u;
    %jmp/1 T_20.8, 6;
    %dup/vec4;
    %pushi/vec4 9, 0, 4;
    %cmp/u;
    %jmp/1 T_20.9, 6;
    %dup/vec4;
    %pushi/vec4 10, 0, 4;
    %cmp/u;
    %jmp/1 T_20.10, 6;
    %dup/vec4;
    %pushi/vec4 11, 0, 4;
    %cmp/u;
    %jmp/1 T_20.11, 6;
    %dup/vec4;
    %pushi/vec4 12, 0, 4;
    %cmp/u;
    %jmp/1 T_20.12, 6;
    %pushi/vec4 4294967295, 4294967295, 32;
    %concati/vec4 1, 1, 1;
    %store/vec4 v0000022aa00500a0_0, 0, 33;
    %jmp T_20.14;
T_20.0 ;
    %load/vec4 v0000022aa004e300_0;
    %pad/u 33;
    %load/vec4 v0000022aa004f3e0_0;
    %pad/u 33;
    %add;
    %store/vec4 v0000022aa00500a0_0, 0, 33;
    %jmp T_20.14;
T_20.1 ;
    %load/vec4 v0000022aa004e300_0;
    %pad/u 33;
    %load/vec4 v0000022aa004f3e0_0;
    %pad/u 33;
    %sub;
    %store/vec4 v0000022aa00500a0_0, 0, 33;
    %jmp T_20.14;
T_20.2 ;
    %pushi/vec4 0, 0, 1;
    %load/vec4 v0000022aa004e300_0;
    %load/vec4 v0000022aa004f3e0_0;
    %and;
    %concat/vec4; draw_concat_vec4
    %store/vec4 v0000022aa00500a0_0, 0, 33;
    %jmp T_20.14;
T_20.3 ;
    %pushi/vec4 0, 0, 1;
    %load/vec4 v0000022aa004e300_0;
    %load/vec4 v0000022aa004f3e0_0;
    %or;
    %concat/vec4; draw_concat_vec4
    %store/vec4 v0000022aa00500a0_0, 0, 33;
    %jmp T_20.14;
T_20.4 ;
    %pushi/vec4 0, 0, 1;
    %load/vec4 v0000022aa004e300_0;
    %load/vec4 v0000022aa004f3e0_0;
    %xor;
    %concat/vec4; draw_concat_vec4
    %store/vec4 v0000022aa00500a0_0, 0, 33;
    %jmp T_20.14;
T_20.5 ;
    %pushi/vec4 0, 0, 31;
    %load/vec4 v0000022aa0051540_0;
    %concat/vec4; draw_concat_vec4
    %pad/u 33;
    %store/vec4 v0000022aa00500a0_0, 0, 33;
    %jmp T_20.14;
T_20.6 ;
    %pushi/vec4 0, 0, 31;
    %load/vec4 v0000022aa00521c0_0;
    %concat/vec4; draw_concat_vec4
    %pad/u 33;
    %store/vec4 v0000022aa00500a0_0, 0, 33;
    %jmp T_20.14;
T_20.7 ;
    %load/vec4 v0000022aa004e300_0;
    %parti/s 20, 12, 5;
    %concati/vec4 0, 0, 12;
    %pad/u 33;
    %store/vec4 v0000022aa00500a0_0, 0, 33;
    %jmp T_20.14;
T_20.8 ;
    %load/vec4 v0000022aa004e300_0;
    %pad/u 33;
    %load/vec4 v0000022aa004f3e0_0;
    %parti/s 20, 12, 5;
    %concati/vec4 0, 0, 12;
    %pad/u 33;
    %add;
    %store/vec4 v0000022aa00500a0_0, 0, 33;
    %jmp T_20.14;
T_20.9 ;
    %load/vec4 v0000022aa004f3e0_0;
    %parti/s 20, 12, 5;
    %concati/vec4 0, 0, 12;
    %pad/u 33;
    %store/vec4 v0000022aa00500a0_0, 0, 33;
    %jmp T_20.14;
T_20.10 ;
    %pushi/vec4 0, 0, 1;
    %load/vec4 v0000022aa004e300_0;
    %ix/getv 4, v0000022aa004f3e0_0;
    %shiftl 4;
    %concat/vec4; draw_concat_vec4
    %store/vec4 v0000022aa00500a0_0, 0, 33;
    %jmp T_20.14;
T_20.11 ;
    %pushi/vec4 0, 0, 1;
    %load/vec4 v0000022aa004e300_0;
    %ix/getv 4, v0000022aa004f3e0_0;
    %shiftr 4;
    %concat/vec4; draw_concat_vec4
    %store/vec4 v0000022aa00500a0_0, 0, 33;
    %jmp T_20.14;
T_20.12 ;
    %pushi/vec4 0, 0, 1;
    %load/vec4 v0000022aa004e300_0;
    %ix/getv 4, v0000022aa004f3e0_0;
    %shiftr/s 4;
    %concat/vec4; draw_concat_vec4
    %store/vec4 v0000022aa00500a0_0, 0, 33;
    %jmp T_20.14;
T_20.14 ;
    %pop/vec4 1;
    %jmp T_20;
    .thread T_20, $push;
    .scope S_0000022aa004ad20;
T_21 ;
    %pushi/vec4 0, 0, 32;
    %store/vec4 v0000022aa004e6c0_0, 0, 32;
T_21.0 ;
    %load/vec4 v0000022aa004e6c0_0;
    %cmpi/s 64, 0, 32;
    %jmp/0xz T_21.1, 5;
    %pushi/vec4 0, 0, 32;
    %ix/getv/s 4, v0000022aa004e6c0_0;
    %store/vec4a v0000022aa004e940, 4, 0;
    %load/vec4 v0000022aa004e6c0_0;
    %addi 1, 0, 32;
    %store/vec4 v0000022aa004e6c0_0, 0, 32;
    %jmp T_21.0;
T_21.1 ;
    %end;
    .thread T_21;
    .scope S_0000022aa004ad20;
T_22 ;
    %wait E_0000022a9fec8fc0;
    %load/vec4 v0000022aa004f020_0;
    %flag_set/vec4 8;
    %jmp/0xz  T_22.0, 8;
    %load/vec4 v0000022aa004f8e0_0;
    %load/vec4 v0000022aa004ef80_0;
    %parti/s 30, 2, 3;
    %ix/vec4 3;
    %ix/load 4, 0, 0; Constant delay
    %assign/vec4/a/d v0000022aa004e940, 0, 4;
T_22.0 ;
    %jmp T_22;
    .thread T_22;
    .scope S_0000022a9fe1bd70;
T_23 ;
    %delay 5, 0;
    %load/vec4 v0000022aa0064480_0;
    %inv;
    %store/vec4 v0000022aa0064480_0, 0, 1;
    %jmp T_23;
    .thread T_23;
    .scope S_0000022a9fe1bd70;
T_24 ;
    %pushi/vec4 0, 0, 1;
    %store/vec4 v0000022aa0064480_0, 0, 1;
    %pushi/vec4 1, 0, 1;
    %store/vec4 v0000022aa0062c20_0, 0, 1;
    %delay 20, 0;
    %pushi/vec4 0, 0, 1;
    %store/vec4 v0000022aa0062c20_0, 0, 1;
    %delay 2000, 0;
    %vpi_call 19 18 "$display", "Simulation finished" {0 0 0};
    %vpi_call 19 19 "$finish" {0 0 0};
    %end;
    .thread T_24;
    .scope S_0000022a9fe1bd70;
T_25 ;
    %vpi_call 19 23 "$monitor", "%0t\011%h\011%h", $time, v0000022aa00640c0_0, v0000022aa0062fe0_0 {0 0 0};
    %end;
    .thread T_25;
    .scope S_0000022a9fe1bd70;
T_26 ;
    %vpi_call 19 29 "$dumpfile", "cpu_wave.vcd" {0 0 0};
    %vpi_call 19 30 "$dumpvars", 32'sb00000000000000000000000000000000, S_0000022a9fe1bd70 {0 0 0};
    %end;
    .thread T_26;
# The file index is used to find the file name in the following table.
:file_names 20;
    "N/A";
    "<interactive>";
    "Seven_segment.v";
    "Top_Module.v";
    "ControlPath.v";
    "ALUDecoder.v";
    "Main_Decoder.v";
    "data_memory.v";
    "datapath.v";
    "ALU.v";
    "ALUSrc_mux.v";
    "sign_extension.v";
    "PC_plus4.v";
    "PC_Target.v";
    "program_counter.v";
    "PCmux.v";
    "ResultSrc_mux.v";
    "register_file.v";
    "instr_mem.v";
    "top_tb.v";
