#! /c/Source/iverilog-install/bin/vvp
:ivl_version "12.0 (devel)" "(s20150603-1539-g2693dd32b)";
:ivl_delay_selection "TYPICAL";
:vpi_time_precision + 0;
:vpi_module "C:\iverilog\lib\ivl\system.vpi";
:vpi_module "C:\iverilog\lib\ivl\vhdl_sys.vpi";
:vpi_module "C:\iverilog\lib\ivl\vhdl_textio.vpi";
:vpi_module "C:\iverilog\lib\ivl\v2005_math.vpi";
:vpi_module "C:\iverilog\lib\ivl\va_math.vpi";
S_000002091e776620 .scope module, "PBWC" "PBWC" 2 1;
 .timescale 0 0;
    .port_info 0 /INPUT 1 "clock";
    .port_info 1 /INPUT 1 "reset";
    .port_info 2 /INPUT 1 "Press";
    .port_info 3 /OUTPUT 1 "Open_CW";
    .port_info 4 /OUTPUT 1 "Close_CCW";
P_000002091e7770c0 .param/l "w_closed" 0 2 10, C4<0>;
P_000002091e7770f8 .param/l "w_open" 0 2 10, C4<1>;
v000002091e77ace0_0 .var "Close_CCW", 0 0;
v000002091e776ea0_0 .var "Open_CW", 0 0;
o000002091e80bff8 .functor BUFZ 1, C4<z>; HiZ drive
v000002091e77be60_0 .net "Press", 0 0, o000002091e80bff8;  0 drivers
o000002091e80c028 .functor BUFZ 1, C4<z>; HiZ drive
v000002091e77bf00_0 .net "clock", 0 0, o000002091e80c028;  0 drivers
v000002091e776940_0 .var "current_state", 0 0;
v000002091e7769e0_0 .var "next_state", 0 0;
o000002091e80c0b8 .functor BUFZ 1, C4<z>; HiZ drive
v000002091e8045c0_0 .net "reset", 0 0, o000002091e80c0b8;  0 drivers
E_000002091e778710 .event anyedge, v000002091e77be60_0, v000002091e776940_0;
E_000002091e778f90/0 .event negedge, v000002091e8045c0_0;
E_000002091e778f90/1 .event posedge, v000002091e77bf00_0;
E_000002091e778f90 .event/or E_000002091e778f90/0, E_000002091e778f90/1;
S_000002091e7767b0 .scope begin, "NEXT_STATE_LOGIC" "NEXT_STATE_LOGIC" 2 23, 2 23 0, S_000002091e776620;
 .timescale 0 0;
S_000002091e77b740 .scope begin, "OUTPUT_LOGIC" "OUTPUT_LOGIC" 2 43, 2 43 0, S_000002091e776620;
 .timescale 0 0;
S_000002091e77b8d0 .scope begin, "STATE_MEMORY" "STATE_MEMORY" 2 14, 2 14 0, S_000002091e776620;
 .timescale 0 0;
    .scope S_000002091e776620;
T_0 ;
    %wait E_000002091e778f90;
    %fork t_1, S_000002091e77b8d0;
    %jmp t_0;
    .scope S_000002091e77b8d0;
t_1 ;
    %load/vec4 v000002091e8045c0_0;
    %nor/r;
    %flag_set/vec4 8;
    %jmp/0xz  T_0.0, 8;
    %pushi/vec4 0, 0, 1;
    %assign/vec4 v000002091e776940_0, 0;
    %jmp T_0.1;
T_0.0 ;
    %load/vec4 v000002091e7769e0_0;
    %assign/vec4 v000002091e776940_0, 0;
T_0.1 ;
    %end;
    .scope S_000002091e776620;
t_0 %join;
    %jmp T_0;
    .thread T_0;
    .scope S_000002091e776620;
T_1 ;
    %wait E_000002091e778710;
    %fork t_3, S_000002091e7767b0;
    %jmp t_2;
    .scope S_000002091e7767b0;
t_3 ;
    %load/vec4 v000002091e776940_0;
    %dup/vec4;
    %pushi/vec4 0, 0, 1;
    %cmp/u;
    %jmp/1 T_1.0, 6;
    %dup/vec4;
    %pushi/vec4 1, 0, 1;
    %cmp/u;
    %jmp/1 T_1.1, 6;
    %pushi/vec4 0, 0, 1;
    %store/vec4 v000002091e7769e0_0, 0, 1;
    %jmp T_1.3;
T_1.0 ;
    %load/vec4 v000002091e77be60_0;
    %cmpi/e 1, 0, 1;
    %jmp/0xz  T_1.4, 4;
    %pushi/vec4 1, 0, 1;
    %store/vec4 v000002091e7769e0_0, 0, 1;
    %jmp T_1.5;
T_1.4 ;
    %pushi/vec4 0, 0, 1;
    %store/vec4 v000002091e7769e0_0, 0, 1;
T_1.5 ;
    %jmp T_1.3;
T_1.1 ;
    %load/vec4 v000002091e77be60_0;
    %cmpi/e 1, 0, 1;
    %jmp/0xz  T_1.6, 4;
    %pushi/vec4 0, 0, 1;
    %store/vec4 v000002091e7769e0_0, 0, 1;
    %jmp T_1.7;
T_1.6 ;
    %pushi/vec4 1, 0, 1;
    %store/vec4 v000002091e7769e0_0, 0, 1;
T_1.7 ;
    %jmp T_1.3;
T_1.3 ;
    %pop/vec4 1;
    %end;
    .scope S_000002091e776620;
t_2 %join;
    %jmp T_1;
    .thread T_1, $push;
    .scope S_000002091e776620;
T_2 ;
    %wait E_000002091e778710;
    %fork t_5, S_000002091e77b740;
    %jmp t_4;
    .scope S_000002091e77b740;
t_5 ;
    %load/vec4 v000002091e776940_0;
    %dup/vec4;
    %pushi/vec4 0, 0, 1;
    %cmp/u;
    %jmp/1 T_2.0, 6;
    %dup/vec4;
    %pushi/vec4 1, 0, 1;
    %cmp/u;
    %jmp/1 T_2.1, 6;
    %pushi/vec4 0, 0, 1;
    %store/vec4 v000002091e776ea0_0, 0, 1;
    %pushi/vec4 0, 0, 1;
    %store/vec4 v000002091e77ace0_0, 0, 1;
    %jmp T_2.3;
T_2.0 ;
    %load/vec4 v000002091e77be60_0;
    %cmpi/e 1, 0, 1;
    %jmp/0xz  T_2.4, 4;
    %pushi/vec4 1, 0, 1;
    %store/vec4 v000002091e776ea0_0, 0, 1;
    %pushi/vec4 0, 0, 1;
    %store/vec4 v000002091e77ace0_0, 0, 1;
    %jmp T_2.5;
T_2.4 ;
    %pushi/vec4 0, 0, 1;
    %store/vec4 v000002091e776ea0_0, 0, 1;
    %pushi/vec4 0, 0, 1;
    %store/vec4 v000002091e77ace0_0, 0, 1;
T_2.5 ;
    %jmp T_2.3;
T_2.1 ;
    %load/vec4 v000002091e77be60_0;
    %cmpi/e 1, 0, 1;
    %jmp/0xz  T_2.6, 4;
    %pushi/vec4 0, 0, 1;
    %store/vec4 v000002091e776ea0_0, 0, 1;
    %pushi/vec4 1, 0, 1;
    %store/vec4 v000002091e77ace0_0, 0, 1;
    %jmp T_2.7;
T_2.6 ;
    %pushi/vec4 0, 0, 1;
    %store/vec4 v000002091e776ea0_0, 0, 1;
    %pushi/vec4 0, 0, 1;
    %store/vec4 v000002091e77ace0_0, 0, 1;
T_2.7 ;
    %jmp T_2.3;
T_2.3 ;
    %pop/vec4 1;
    %end;
    .scope S_000002091e776620;
t_4 %join;
    %jmp T_2;
    .thread T_2, $push;
# The file index is used to find the file name in the following table.
:file_names 3;
    "N/A";
    "<interactive>";
    ".\Push_Button_Window_controller.v";
