#! /c/Source/iverilog-install/bin/vvp
:ivl_version "12.0 (devel)" "(s20150603-1539-g2693dd32b)";
:ivl_delay_selection "TYPICAL";
:vpi_time_precision + 0;
:vpi_module "C:\iverilog\lib\ivl\system.vpi";
:vpi_module "C:\iverilog\lib\ivl\vhdl_sys.vpi";
:vpi_module "C:\iverilog\lib\ivl\vhdl_textio.vpi";
:vpi_module "C:\iverilog\lib\ivl\v2005_math.vpi";
:vpi_module "C:\iverilog\lib\ivl\va_math.vpi";
S_0000018a5657bcd0 .scope module, "gcd" "gcd" 2 2;
 .timescale 0 0;
    .port_info 0 /INPUT 16 "inA";
    .port_info 1 /INPUT 16 "inB";
    .port_info 2 /OUTPUT 16 "vout";
P_0000018a5657ccf0 .param/l "W" 0 2 2, +C4<00000000000000000000000000010000>;
v0000018a564238b0_0 .var "A", 15 0;
v0000018a56423700_0 .var "B", 15 0;
v0000018a5657be60_0 .var/i "done", 31 0;
o0000018a56457068 .functor BUFZ 16, C4<zzzzzzzzzzzzzzzz>; HiZ drive
v0000018a5657bf00_0 .net "inA", 15 0, o0000018a56457068;  0 drivers
o0000018a56457098 .functor BUFZ 16, C4<zzzzzzzzzzzzzzzz>; HiZ drive
v0000018a5649bc40_0 .net "inB", 15 0, o0000018a56457098;  0 drivers
v0000018a5649bce0_0 .var "vout", 15 0;
E_0000018a5657cd30/0 .event anyedge, v0000018a5657bf00_0, v0000018a5649bc40_0, v0000018a5657be60_0, v0000018a56423700_0;
E_0000018a5657cd30/1 .event anyedge, v0000018a564238b0_0;
E_0000018a5657cd30 .event/or E_0000018a5657cd30/0, E_0000018a5657cd30/1;
    .scope S_0000018a5657bcd0;
T_0 ;
    %wait E_0000018a5657cd30;
    %load/vec4 v0000018a5657bf00_0;
    %store/vec4 v0000018a564238b0_0, 0, 16;
    %load/vec4 v0000018a5649bc40_0;
    %store/vec4 v0000018a56423700_0, 0, 16;
    %pushi/vec4 0, 0, 32;
    %store/vec4 v0000018a5657be60_0, 0, 32;
T_0.0 ;
    %load/vec4 v0000018a5657be60_0;
    %nor/r;
    %flag_set/vec4 8;
    %jmp/0xz T_0.1, 8;
    %load/vec4 v0000018a56423700_0;
    %load/vec4 v0000018a564238b0_0;
    %cmp/u;
    %jmp/0xz  T_0.2, 5;
    %load/vec4 v0000018a56423700_0;
    %assign/vec4 v0000018a564238b0_0, 0;
    %load/vec4 v0000018a564238b0_0;
    %assign/vec4 v0000018a56423700_0, 0;
    %jmp T_0.3;
T_0.2 ;
    %load/vec4 v0000018a564238b0_0;
    %pad/u 32;
    %cmpi/ne 0, 0, 32;
    %jmp/0xz  T_0.4, 4;
    %load/vec4 v0000018a56423700_0;
    %load/vec4 v0000018a564238b0_0;
    %sub;
    %store/vec4 v0000018a56423700_0, 0, 16;
    %jmp T_0.5;
T_0.4 ;
    %pushi/vec4 1, 0, 32;
    %store/vec4 v0000018a5657be60_0, 0, 32;
T_0.5 ;
T_0.3 ;
    %jmp T_0.0;
T_0.1 ;
    %load/vec4 v0000018a56423700_0;
    %store/vec4 v0000018a5649bce0_0, 0, 16;
    %jmp T_0;
    .thread T_0, $push;
# The file index is used to find the file name in the following table.
:file_names 3;
    "N/A";
    "<interactive>";
    "gcd.v";
