#! /home/cad/xilinx/iverilog/bin/vvp
:ivl_version "12.0 (stable)";
:ivl_delay_selection "TYPICAL";
:vpi_time_precision + 0;
:vpi_module "/home/cad/iverilog/lib/ivl/system.vpi";
:vpi_module "/home/cad/iverilog/lib/ivl/vhdl_sys.vpi";
:vpi_module "/home/cad/iverilog/lib/ivl/vhdl_textio.vpi";
:vpi_module "/home/cad/iverilog/lib/ivl/v2005_math.vpi";
:vpi_module "/home/cad/iverilog/lib/ivl/va_math.vpi";
S_0x24b4f50 .scope module, "RISCV_TopModule_tb" "RISCV_TopModule_tb" 2 1;
 .timescale 0 0;
v0x25bcb40_0 .var "clk", 0 0;
v0x25bcbe0_0 .var "reset", 0 0;
S_0x2544ee0 .scope module, "u_RISCV_TopModule" "RISCV_TopModule" 2 4, 3 1 0, S_0x24b4f50;
 .timescale 0 0;
    .port_info 0 /INPUT 1 "reset";
    .port_info 1 /INPUT 1 "clk";
    .port_info 2 /OUTPUT 32 "display_data";
v0x25b3d00_0 .net "ALUResult", 31 0, v0x25b4220_0;  1 drivers
v0x25bb900_0 .net "ALUSrc", 0 0, v0x25b25b0_0;  1 drivers
v0x25bba50_0 .net "ALU_Control", 3 0, v0x25b1e50_0;  1 drivers
v0x25bbb80_0 .net "Carry", 0 0, v0x25b44f0_0;  1 drivers
v0x25bbc20_0 .net "ImmSrc", 1 0, v0x25b2820_0;  1 drivers
v0x25bbd50_0 .net "Instr", 31 0, L_0x25dc380;  1 drivers
v0x25bbea0_0 .net "MemWrite", 0 0, v0x25b29f0_0;  1 drivers
v0x25bbf40_0 .net "Negative", 0 0, v0x25b4600_0;  1 drivers
v0x25bbfe0_0 .net "Overflow", 0 0, v0x25b46c0_0;  1 drivers
v0x25bc110_0 .net "PC", 31 0, v0x25b53e0_0;  1 drivers
v0x25bc1d0_0 .net "PCSrc", 0 0, L_0x25dbe20;  1 drivers
v0x25bc270_0 .net "ReadData", 31 0, L_0x25dc5d0;  1 drivers
o0x7fce536f48b8 .functor BUFZ 1, C4<z>; HiZ drive
v0x25bc330_0 .net "RegSrc", 0 0, o0x7fce536f48b8;  0 drivers
v0x25bc3d0_0 .net "RegWrite", 0 0, v0x25b2a90_0;  1 drivers
v0x25bc500_0 .net "ResultSrc", 1 0, v0x25b2b30_0;  1 drivers
v0x25bc650_0 .net "WriteData", 31 0, L_0x25db3c0;  1 drivers
v0x25bc710_0 .net "Zero", 0 0, v0x25b4780_0;  1 drivers
v0x25bc8c0_0 .net "clk", 0 0, v0x25bcb40_0;  1 drivers
v0x25bc960_0 .net "display_data", 31 0, L_0x25da1f0;  1 drivers
v0x25bca20_0 .net "reset", 0 0, v0x25bcbe0_0;  1 drivers
S_0x2545a20 .scope module, "u_Data_Memory" "Data_Memory" 3 24, 4 1 0, S_0x2544ee0;
 .timescale 0 0;
    .port_info 0 /INPUT 32 "A";
    .port_info 1 /INPUT 32 "WD";
    .port_info 2 /INPUT 1 "clk";
    .port_info 3 /INPUT 1 "WE";
    .port_info 4 /OUTPUT 32 "RD";
L_0x25dc5d0 .functor BUFZ 32, L_0x25dc440, C4<00000000000000000000000000000000>, C4<00000000000000000000000000000000>, C4<00000000000000000000000000000000>;
v0x259af80_0 .net "A", 31 0, v0x25b4220_0;  alias, 1 drivers
v0x259b080_0 .net "RD", 31 0, L_0x25dc5d0;  alias, 1 drivers
v0x259b7f0_0 .net "WD", 31 0, L_0x25db3c0;  alias, 1 drivers
v0x259b890_0 .net "WE", 0 0, v0x25b29f0_0;  alias, 1 drivers
v0x2582f50_0 .net *"_ivl_0", 31 0, L_0x25dc440;  1 drivers
v0x2560d80_0 .net *"_ivl_3", 29 0, L_0x25dc4e0;  1 drivers
v0x24b4050_0 .net "clk", 0 0, v0x25bcb40_0;  alias, 1 drivers
v0x25b0f00_0 .var/i "i", 31 0;
v0x25b0fe0 .array "mem", 63 0, 31 0;
E_0x24ec750 .event posedge, v0x24b4050_0;
L_0x25dc440 .array/port v0x25b0fe0, L_0x25dc4e0;
L_0x25dc4e0 .part v0x25b4220_0, 2, 30;
S_0x25b1140 .scope module, "u_Instruction_Memory" "Instruction_Memory" 3 22, 5 1 0, S_0x2544ee0;
 .timescale 0 0;
    .port_info 0 /INPUT 32 "A";
    .port_info 1 /OUTPUT 32 "RD";
L_0x25dc380 .functor BUFZ 32, L_0x25dc130, C4<00000000000000000000000000000000>, C4<00000000000000000000000000000000>, C4<00000000000000000000000000000000>;
v0x25b12f0_0 .net "A", 31 0, v0x25b53e0_0;  alias, 1 drivers
v0x25b13f0_0 .net "RD", 31 0, L_0x25dc380;  alias, 1 drivers
v0x25b14d0_0 .net *"_ivl_0", 31 0, L_0x25dc130;  1 drivers
v0x25b1590_0 .net *"_ivl_3", 29 0, L_0x25dc1d0;  1 drivers
v0x25b1670 .array "mem", 10 0, 31 0;
L_0x25dc130 .array/port v0x25b1670, L_0x25dc1d0;
L_0x25dc1d0 .part v0x25b53e0_0, 2, 30;
S_0x25b17e0 .scope module, "u_controlpath" "controlpath" 3 20, 6 1 0, S_0x2544ee0;
 .timescale 0 0;
    .port_info 0 /INPUT 1 "Zero";
    .port_info 1 /INPUT 32 "Instr";
    .port_info 2 /OUTPUT 1 "MemWrite";
    .port_info 3 /OUTPUT 1 "RegWrite";
    .port_info 4 /OUTPUT 1 "ALUSrc";
    .port_info 5 /OUTPUT 1 "RegSrc";
    .port_info 6 /OUTPUT 1 "PCSrc";
    .port_info 7 /OUTPUT 4 "ALU_Control";
    .port_info 8 /OUTPUT 2 "ResultSrc";
    .port_info 9 /OUTPUT 2 "ImmSrc";
L_0x25dbdb0 .functor BUFZ 1, v0x25b29f0_0, C4<0>, C4<0>, C4<0>;
L_0x25dbe20 .functor AND 1, v0x25b2750_0, v0x25b4780_0, C4<1>, C4<1>;
v0x25b2ea0_0 .net "ALUOp", 1 0, v0x25b2690_0;  1 drivers
v0x25b2f80_0 .net "ALUSrc", 0 0, v0x25b25b0_0;  alias, 1 drivers
v0x25b3040_0 .net "ALU_Control", 3 0, v0x25b1e50_0;  alias, 1 drivers
v0x25b3140_0 .net "Branch", 0 0, v0x25b2750_0;  1 drivers
v0x25b3210_0 .net "ImmSrc", 1 0, v0x25b2820_0;  alias, 1 drivers
v0x25b3300_0 .net "Instr", 31 0, L_0x25dc380;  alias, 1 drivers
v0x25b33d0_0 .net "Jump", 0 0, v0x25b28e0_0;  1 drivers
v0x25b34a0_0 .net "MemWrite", 0 0, v0x25b29f0_0;  alias, 1 drivers
v0x25b3590_0 .net "PCSrc", 0 0, L_0x25dbe20;  alias, 1 drivers
v0x25b36c0_0 .net "RegSrc", 0 0, o0x7fce536f48b8;  alias, 0 drivers
v0x25b3760_0 .net "RegWrite", 0 0, v0x25b2a90_0;  alias, 1 drivers
v0x25b3800_0 .net "ResultSrc", 1 0, v0x25b2b30_0;  alias, 1 drivers
v0x25b38d0_0 .net "WE", 0 0, L_0x25dbdb0;  1 drivers
v0x25b3970_0 .net "Zero", 0 0, v0x25b4780_0;  alias, 1 drivers
L_0x25dbc00 .part L_0x25dc380, 0, 7;
L_0x25dbf20 .part L_0x25dc380, 12, 3;
L_0x25dbfc0 .part L_0x25dc380, 30, 1;
L_0x25dc060 .part L_0x25dc380, 4, 1;
S_0x25b1ac0 .scope module, "u_ALUDecoder" "ALUDecoder" 6 27, 7 1 0, S_0x25b17e0;
 .timescale 0 0;
    .port_info 0 /OUTPUT 4 "ALU_Control";
    .port_info 1 /INPUT 2 "ALUOp";
    .port_info 2 /INPUT 3 "funct3";
    .port_info 3 /INPUT 1 "funct7b5";
    .port_info 4 /INPUT 1 "opb5";
v0x25b1d50_0 .net "ALUOp", 1 0, v0x25b2690_0;  alias, 1 drivers
v0x25b1e50_0 .var "ALU_Control", 3 0;
v0x25b1f30_0 .net "funct3", 2 0, L_0x25dbf20;  1 drivers
v0x25b1ff0_0 .net "funct7b5", 0 0, L_0x25dbfc0;  1 drivers
v0x25b20b0_0 .net "opb5", 0 0, L_0x25dc060;  1 drivers
E_0x24ed510 .event anyedge, v0x25b1d50_0, v0x25b1f30_0, v0x25b1ff0_0, v0x25b20b0_0;
S_0x25b2260 .scope module, "u_Main_Decoder" "Main_Decoder" 6 21, 8 1 0, S_0x25b17e0;
 .timescale 0 0;
    .port_info 0 /INPUT 7 "op";
    .port_info 1 /OUTPUT 1 "RegWrite";
    .port_info 2 /OUTPUT 2 "ImmSrc";
    .port_info 3 /OUTPUT 1 "ALUSrc";
    .port_info 4 /OUTPUT 1 "MemWrite";
    .port_info 5 /OUTPUT 2 "ResultSrc";
    .port_info 6 /OUTPUT 1 "Branch";
    .port_info 7 /OUTPUT 2 "ALUop";
    .port_info 8 /OUTPUT 1 "Jump";
v0x25b25b0_0 .var "ALUSrc", 0 0;
v0x25b2690_0 .var "ALUop", 1 0;
v0x25b2750_0 .var "Branch", 0 0;
v0x25b2820_0 .var "ImmSrc", 1 0;
v0x25b28e0_0 .var "Jump", 0 0;
v0x25b29f0_0 .var "MemWrite", 0 0;
v0x25b2a90_0 .var "RegWrite", 0 0;
v0x25b2b30_0 .var "ResultSrc", 1 0;
v0x25b2c10_0 .net "op", 6 0, L_0x25dbc00;  1 drivers
E_0x24ed120 .event anyedge, v0x25b2c10_0;
S_0x25b3b70 .scope module, "u_datapath" "datapath" 3 15, 9 1 0, S_0x2544ee0;
 .timescale 0 0;
    .port_info 0 /INPUT 1 "clk";
    .port_info 1 /INPUT 1 "reset";
    .port_info 2 /INPUT 1 "RegSrc";
    .port_info 3 /INPUT 1 "PCSrc";
    .port_info 4 /INPUT 1 "ALUSrc";
    .port_info 5 /INPUT 1 "RegWrite";
    .port_info 6 /INPUT 2 "ResultSrc";
    .port_info 7 /INPUT 2 "ImmSrc";
    .port_info 8 /INPUT 4 "ALU_Control";
    .port_info 9 /INPUT 32 "Instr";
    .port_info 10 /INPUT 32 "ReadData";
    .port_info 11 /OUTPUT 1 "Zero";
    .port_info 12 /OUTPUT 1 "Overflow";
    .port_info 13 /OUTPUT 1 "Carry";
    .port_info 14 /OUTPUT 1 "Negative";
    .port_info 15 /OUTPUT 32 "display_data";
    .port_info 16 /OUTPUT 32 "PC";
    .port_info 17 /OUTPUT 32 "ALUResult";
    .port_info 18 /OUTPUT 32 "WriteData";
L_0x25db3c0 .functor BUFZ 32, L_0x25db090, C4<00000000000000000000000000000000>, C4<00000000000000000000000000000000>, C4<00000000000000000000000000000000>;
v0x25b9f40_0 .net "ALUResult", 31 0, v0x25b4220_0;  alias, 1 drivers
v0x25ba020_0 .net "ALUSrc", 0 0, v0x25b25b0_0;  alias, 1 drivers
v0x25ba0e0_0 .net "ALU_Control", 3 0, v0x25b1e50_0;  alias, 1 drivers
v0x25ba180_0 .net "B", 31 0, L_0x25db4c0;  1 drivers
v0x25ba220_0 .net "Carry", 0 0, v0x25b44f0_0;  alias, 1 drivers
v0x25ba310_0 .net "ImmExt", 31 0, v0x25b5ab0_0;  1 drivers
v0x25ba3b0_0 .net "ImmSrc", 1 0, v0x25b2820_0;  alias, 1 drivers
v0x25ba470_0 .net "Instr", 31 0, L_0x25dc380;  alias, 1 drivers
v0x25ba530_0 .net "Negative", 0 0, v0x25b4600_0;  alias, 1 drivers
v0x25ba660_0 .net "Overflow", 0 0, v0x25b46c0_0;  alias, 1 drivers
v0x25ba700_0 .net "PC", 31 0, v0x25b53e0_0;  alias, 1 drivers
v0x25ba830_0 .net "PCSrc", 0 0, L_0x25dbe20;  alias, 1 drivers
v0x25ba8d0_0 .net "PC_Next", 31 0, L_0x25da420;  1 drivers
v0x25ba970_0 .net "PC_Plus_4", 31 0, L_0x25da150;  1 drivers
v0x25baa30_0 .net "PC_Target", 31 0, L_0x25da2f0;  1 drivers
v0x25bab40_0 .net "RD1", 31 0, L_0x25da980;  1 drivers
v0x25bac50_0 .net "RD2", 31 0, L_0x25db090;  1 drivers
v0x25bae70_0 .net "ReadData", 31 0, L_0x25dc5d0;  alias, 1 drivers
v0x25baf80_0 .net "RegSrc", 0 0, o0x7fce536f48b8;  alias, 0 drivers
v0x25bb020_0 .net "RegWrite", 0 0, v0x25b2a90_0;  alias, 1 drivers
v0x25bb0c0_0 .net "Result", 31 0, L_0x25dba80;  1 drivers
v0x25bb1b0_0 .net "ResultSrc", 1 0, v0x25b2b30_0;  alias, 1 drivers
v0x25bb270_0 .net "WriteData", 31 0, L_0x25db3c0;  alias, 1 drivers
v0x25bb330_0 .net "Zero", 0 0, v0x25b4780_0;  alias, 1 drivers
v0x25bb420_0 .net "clk", 0 0, v0x25bcb40_0;  alias, 1 drivers
v0x25bb4c0_0 .net "display_data", 31 0, L_0x25da1f0;  alias, 1 drivers
v0x25bb560_0 .net "reset", 0 0, v0x25bcbe0_0;  alias, 1 drivers
L_0x25db1e0 .part L_0x25dc380, 15, 5;
L_0x25db280 .part L_0x25dc380, 20, 5;
L_0x25db320 .part L_0x25dc380, 7, 5;
S_0x25b3da0 .scope module, "u_ALU32" "ALU32" 9 35, 10 1 0, S_0x25b3b70;
 .timescale 0 0;
    .port_info 0 /INPUT 32 "A";
    .port_info 1 /INPUT 32 "B";
    .port_info 2 /INPUT 4 "ALU_Control";
    .port_info 3 /OUTPUT 1 "Zero";
    .port_info 4 /OUTPUT 1 "Overflow";
    .port_info 5 /OUTPUT 1 "Carry";
    .port_info 6 /OUTPUT 1 "Negative";
    .port_info 7 /OUTPUT 32 "ALUResult";
v0x25b4120_0 .net "A", 31 0, L_0x25da980;  alias, 1 drivers
v0x25b4220_0 .var "ALUResult", 31 0;
v0x25b4310_0 .net "ALU_Control", 3 0, v0x25b1e50_0;  alias, 1 drivers
v0x25b4430_0 .net "B", 31 0, L_0x25db4c0;  alias, 1 drivers
v0x25b44f0_0 .var "Carry", 0 0;
v0x25b4600_0 .var "Negative", 0 0;
v0x25b46c0_0 .var "Overflow", 0 0;
v0x25b4780_0 .var "Zero", 0 0;
v0x25b4820_0 .var "slt", 0 0;
v0x25b4950_0 .var "sltu", 0 0;
v0x25b4a10_0 .var "sum", 32 0;
E_0x24d7b90/0 .event anyedge, v0x25b4120_0, v0x25b4430_0, v0x25b1e50_0, v0x25b4a10_0;
E_0x24d7b90/1 .event anyedge, v0x259af80_0, v0x25b4820_0, v0x25b4950_0;
E_0x24d7b90 .event/or E_0x24d7b90/0, E_0x24d7b90/1;
S_0x25b4bf0 .scope module, "u_ALU_Mux" "ALU_Mux" 9 32, 11 1 0, S_0x25b3b70;
 .timescale 0 0;
    .port_info 0 /OUTPUT 32 "B";
    .port_info 1 /INPUT 32 "WD";
    .port_info 2 /INPUT 32 "ImmExt";
    .port_info 3 /INPUT 1 "ALUSrc";
v0x25b4da0_0 .net "ALUSrc", 0 0, v0x25b25b0_0;  alias, 1 drivers
v0x25b4e90_0 .net "B", 31 0, L_0x25db4c0;  alias, 1 drivers
v0x25b4f50_0 .net "ImmExt", 31 0, v0x25b5ab0_0;  alias, 1 drivers
v0x25b5020_0 .net "WD", 31 0, L_0x25db090;  alias, 1 drivers
L_0x25db4c0 .functor MUXZ 32, L_0x25db090, v0x25b5ab0_0, v0x25b25b0_0, C4<>;
S_0x25b51b0 .scope module, "u_Dff" "Dff" 9 23, 12 1 0, S_0x25b3b70;
 .timescale 0 0;
    .port_info 0 /INPUT 32 "PC_Next";
    .port_info 1 /INPUT 1 "clk";
    .port_info 2 /INPUT 1 "reset";
    .port_info 3 /OUTPUT 32 "PC";
v0x25b53e0_0 .var "PC", 31 0;
v0x25b54f0_0 .net "PC_Next", 31 0, L_0x25da420;  alias, 1 drivers
v0x25b55b0_0 .net "clk", 0 0, v0x25bcb40_0;  alias, 1 drivers
v0x25b56b0_0 .net "reset", 0 0, v0x25bcbe0_0;  alias, 1 drivers
E_0x259e7d0 .event posedge, v0x25b56b0_0, v0x24b4050_0;
S_0x25b57e0 .scope module, "u_Extend" "Extend" 9 21, 13 1 0, S_0x25b3b70;
 .timescale 0 0;
    .port_info 0 /OUTPUT 32 "ImmExt";
    .port_info 1 /INPUT 2 "ImmSrc";
    .port_info 2 /INPUT 32 "Instr";
v0x25b5ab0_0 .var "ImmExt", 31 0;
v0x25b5b90_0 .net "ImmSrc", 1 0, v0x25b2820_0;  alias, 1 drivers
v0x25b5c80_0 .net "Instr", 31 0, L_0x25dc380;  alias, 1 drivers
E_0x25b5a30 .event anyedge, v0x25b2820_0, v0x25b13f0_0;
S_0x25b5df0 .scope module, "u_PC_Mux" "PC_Mux" 9 20, 14 1 0, S_0x25b3b70;
 .timescale 0 0;
    .port_info 0 /OUTPUT 32 "PC_Next";
    .port_info 1 /INPUT 32 "PC_Target";
    .port_info 2 /INPUT 32 "PC_Plus_4";
    .port_info 3 /INPUT 1 "PCSrc";
v0x25b6020_0 .net "PCSrc", 0 0, L_0x25dbe20;  alias, 1 drivers
v0x25b60c0_0 .net "PC_Next", 31 0, L_0x25da420;  alias, 1 drivers
v0x25b6190_0 .net "PC_Plus_4", 31 0, L_0x25da150;  alias, 1 drivers
v0x25b6260_0 .net "PC_Target", 31 0, L_0x25da2f0;  alias, 1 drivers
L_0x25da420 .functor MUXZ 32, L_0x25da150, L_0x25da2f0, L_0x25dbe20, C4<>;
S_0x25b63f0 .scope module, "u_PC_Plus_4" "PC_Plus_4" 9 18, 15 1 0, S_0x25b3b70;
 .timescale 0 0;
    .port_info 0 /OUTPUT 32 "PC_Plus_4";
    .port_info 1 /INPUT 32 "PC";
v0x25b6630_0 .net "PC", 31 0, v0x25b53e0_0;  alias, 1 drivers
v0x25b6760_0 .net "PC_Plus_4", 31 0, L_0x25da150;  alias, 1 drivers
L_0x7fce536ab018 .functor BUFT 1, C4<00000000000000000000000000000100>, C4<0>, C4<0>, C4<0>;
v0x25b6820_0 .net/2u *"_ivl_0", 31 0, L_0x7fce536ab018;  1 drivers
L_0x25da150 .arith/sum 32, v0x25b53e0_0, L_0x7fce536ab018;
S_0x25b6920 .scope module, "u_PC_Target" "PC_Target" 9 19, 16 1 0, S_0x25b3b70;
 .timescale 0 0;
    .port_info 0 /OUTPUT 32 "PC_Target";
    .port_info 1 /INPUT 32 "PC";
    .port_info 2 /INPUT 32 "ImmExt";
v0x25b6b50_0 .net "ImmExt", 31 0, v0x25b5ab0_0;  alias, 1 drivers
v0x25b6c80_0 .net "PC", 31 0, v0x25b53e0_0;  alias, 1 drivers
v0x25b6d40_0 .net "PC_Target", 31 0, L_0x25da2f0;  alias, 1 drivers
L_0x25da2f0 .arith/sum 32, v0x25b53e0_0, v0x25b5ab0_0;
S_0x25b6e70 .scope module, "u_Register_File" "Register_File" 9 26, 17 1 0, S_0x25b3b70;
 .timescale 0 0;
    .port_info 0 /INPUT 5 "RA1";
    .port_info 1 /INPUT 5 "RA2";
    .port_info 2 /INPUT 5 "WA3";
    .port_info 3 /INPUT 32 "WD3";
    .port_info 4 /INPUT 1 "WE3";
    .port_info 5 /INPUT 1 "clk";
    .port_info 6 /OUTPUT 32 "RD1";
    .port_info 7 /OUTPUT 32 "RD2";
    .port_info 8 /OUTPUT 32 "display_data";
v0x25b89b0_4 .array/port v0x25b89b0, 4;
L_0x25da1f0 .functor BUFZ 32, v0x25b89b0_4, C4<00000000000000000000000000000000>, C4<00000000000000000000000000000000>, C4<00000000000000000000000000000000>;
v0x25b7180_0 .net "RA1", 4 0, L_0x25db1e0;  1 drivers
v0x25b7260_0 .net "RA2", 4 0, L_0x25db280;  1 drivers
v0x25b7340_0 .net "RD1", 31 0, L_0x25da980;  alias, 1 drivers
v0x25b7440_0 .net "RD2", 31 0, L_0x25db090;  alias, 1 drivers
v0x25b7510_0 .net "WA3", 4 0, L_0x25db320;  1 drivers
v0x25b7620_0 .net "WD3", 31 0, L_0x25dba80;  alias, 1 drivers
v0x25b7700_0 .net "WE3", 0 0, v0x25b2a90_0;  alias, 1 drivers
v0x25b77f0_0 .net *"_ivl_0", 31 0, L_0x25da5e0;  1 drivers
v0x25b78d0_0 .net *"_ivl_10", 31 0, L_0x25da720;  1 drivers
v0x25b7a40_0 .net *"_ivl_12", 6 0, L_0x25da7c0;  1 drivers
L_0x7fce536ab138 .functor BUFT 1, C4<00>, C4<0>, C4<0>, C4<0>;
v0x25b7b20_0 .net *"_ivl_15", 1 0, L_0x7fce536ab138;  1 drivers
v0x25b7c00_0 .net *"_ivl_18", 31 0, L_0x25dab10;  1 drivers
L_0x7fce536ab180 .functor BUFT 1, C4<000000000000000000000000000>, C4<0>, C4<0>, C4<0>;
v0x25b7ce0_0 .net *"_ivl_21", 26 0, L_0x7fce536ab180;  1 drivers
L_0x7fce536ab1c8 .functor BUFT 1, C4<00000000000000000000000000000000>, C4<0>, C4<0>, C4<0>;
v0x25b7dc0_0 .net/2u *"_ivl_22", 31 0, L_0x7fce536ab1c8;  1 drivers
v0x25b7ea0_0 .net *"_ivl_24", 0 0, L_0x25dac40;  1 drivers
L_0x7fce536ab210 .functor BUFT 1, C4<00000000000000000000000000000000>, C4<0>, C4<0>, C4<0>;
v0x25b7f60_0 .net/2u *"_ivl_26", 31 0, L_0x7fce536ab210;  1 drivers
v0x25b8040_0 .net *"_ivl_28", 31 0, L_0x25dad80;  1 drivers
L_0x7fce536ab060 .functor BUFT 1, C4<000000000000000000000000000>, C4<0>, C4<0>, C4<0>;
v0x25b8230_0 .net *"_ivl_3", 26 0, L_0x7fce536ab060;  1 drivers
v0x25b8310_0 .net *"_ivl_30", 6 0, L_0x25dae70;  1 drivers
L_0x7fce536ab258 .functor BUFT 1, C4<00>, C4<0>, C4<0>, C4<0>;
v0x25b83f0_0 .net *"_ivl_33", 1 0, L_0x7fce536ab258;  1 drivers
L_0x7fce536ab0a8 .functor BUFT 1, C4<00000000000000000000000000000000>, C4<0>, C4<0>, C4<0>;
v0x25b84d0_0 .net/2u *"_ivl_4", 31 0, L_0x7fce536ab0a8;  1 drivers
v0x25b85b0_0 .net *"_ivl_6", 0 0, L_0x25da680;  1 drivers
L_0x7fce536ab0f0 .functor BUFT 1, C4<00000000000000000000000000000000>, C4<0>, C4<0>, C4<0>;
v0x25b8670_0 .net/2u *"_ivl_8", 31 0, L_0x7fce536ab0f0;  1 drivers
v0x25b8750_0 .net "clk", 0 0, v0x25bcb40_0;  alias, 1 drivers
v0x25b87f0_0 .net "display_data", 31 0, L_0x25da1f0;  alias, 1 drivers
v0x25b88d0_0 .var/i "i", 31 0;
v0x25b89b0 .array "regfile", 31 0, 31 0;
L_0x25da5e0 .concat [ 5 27 0 0], L_0x25db1e0, L_0x7fce536ab060;
L_0x25da680 .cmp/eq 32, L_0x25da5e0, L_0x7fce536ab0a8;
L_0x25da720 .array/port v0x25b89b0, L_0x25da7c0;
L_0x25da7c0 .concat [ 5 2 0 0], L_0x25db1e0, L_0x7fce536ab138;
L_0x25da980 .functor MUXZ 32, L_0x25da720, L_0x7fce536ab0f0, L_0x25da680, C4<>;
L_0x25dab10 .concat [ 5 27 0 0], L_0x25db280, L_0x7fce536ab180;
L_0x25dac40 .cmp/eq 32, L_0x25dab10, L_0x7fce536ab1c8;
L_0x25dad80 .array/port v0x25b89b0, L_0x25dae70;
L_0x25dae70 .concat [ 5 2 0 0], L_0x25db280, L_0x7fce536ab258;
L_0x25db090 .functor MUXZ 32, L_0x25dad80, L_0x7fce536ab210, L_0x25dac40, C4<>;
S_0x25b90f0 .scope module, "u_Result_Mux" "Result_Mux" 9 38, 18 1 0, S_0x25b3b70;
 .timescale 0 0;
    .port_info 0 /OUTPUT 32 "Result";
    .port_info 1 /INPUT 2 "ResultSrc";
    .port_info 2 /INPUT 32 "ALUResult";
    .port_info 3 /INPUT 32 "ReadData";
    .port_info 4 /INPUT 32 "PC_Plus_4";
v0x25b9300_0 .net "ALUResult", 31 0, v0x25b4220_0;  alias, 1 drivers
v0x25b93e0_0 .net "PC_Plus_4", 31 0, L_0x25da150;  alias, 1 drivers
v0x25b94f0_0 .net "ReadData", 31 0, L_0x25dc5d0;  alias, 1 drivers
v0x25b9590_0 .net "Result", 31 0, L_0x25dba80;  alias, 1 drivers
v0x25b9630_0 .net "ResultSrc", 1 0, v0x25b2b30_0;  alias, 1 drivers
L_0x7fce536ab2a0 .functor BUFT 1, C4<11>, C4<0>, C4<0>, C4<0>;
v0x25b9770_0 .net/2u *"_ivl_0", 1 0, L_0x7fce536ab2a0;  1 drivers
v0x25b9850_0 .net *"_ivl_10", 0 0, L_0x25db6f0;  1 drivers
v0x25b9910_0 .net *"_ivl_12", 31 0, L_0x25db7e0;  1 drivers
v0x25b99f0_0 .net *"_ivl_14", 31 0, L_0x25db990;  1 drivers
v0x25b9b60_0 .net *"_ivl_2", 0 0, L_0x25db560;  1 drivers
L_0x7fce536ab2e8 .functor BUFT 1, C4<10>, C4<0>, C4<0>, C4<0>;
v0x25b9c20_0 .net/2u *"_ivl_4", 1 0, L_0x7fce536ab2e8;  1 drivers
v0x25b9d00_0 .net *"_ivl_6", 0 0, L_0x25db600;  1 drivers
L_0x7fce536ab330 .functor BUFT 1, C4<01>, C4<0>, C4<0>, C4<0>;
v0x25b9dc0_0 .net/2u *"_ivl_8", 1 0, L_0x7fce536ab330;  1 drivers
L_0x25db560 .cmp/eq 2, v0x25b2b30_0, L_0x7fce536ab2a0;
L_0x25db600 .cmp/eq 2, v0x25b2b30_0, L_0x7fce536ab2e8;
L_0x25db6f0 .cmp/eq 2, v0x25b2b30_0, L_0x7fce536ab330;
L_0x25db7e0 .functor MUXZ 32, v0x25b4220_0, L_0x25dc5d0, L_0x25db6f0, C4<>;
L_0x25db990 .functor MUXZ 32, L_0x25db7e0, L_0x25da150, L_0x25db600, C4<>;
L_0x25dba80 .functor MUXZ 32, L_0x25db990, L_0x25da150, L_0x25db560, C4<>;
S_0x2598e70 .scope module, "seven_seg" "seven_seg" 19 1;
 .timescale 0 0;
    .port_info 0 /INPUT 1 "clk_100mhz";
    .port_info 1 /INPUT 1 "reset";
    .port_info 2 /OUTPUT 4 "Anode_Activate";
    .port_info 3 /OUTPUT 7 "LED_out";
v0x25c9770_0 .var "Anode_Activate", 3 0;
v0x25c9850_0 .var "LED_BCD", 3 0;
v0x25c9930_0 .net "LED_activating_counter", 1 0, L_0x25dec80;  1 drivers
v0x25c99f0_0 .var "LED_out", 6 0;
o0x7fce536f8bd8 .functor BUFZ 1, C4<z>; HiZ drive
v0x25c9ad0_0 .net "clk_100mhz", 0 0, o0x7fce536f8bd8;  0 drivers
v0x25c9b90_0 .var "clk_1hz", 0 0;
v0x25c9c30_0 .var "count", 31 0;
v0x25c9d10_0 .var "displayed_number", 15 0;
v0x25c9df0_0 .var "refresh_counter", 19 0;
o0x7fce536f74f8 .functor BUFZ 1, C4<z>; HiZ drive
v0x25c9f60_0 .net "reset", 0 0, o0x7fce536f74f8;  0 drivers
v0x25ca000_0 .net "result", 31 0, L_0x25dc730;  1 drivers
E_0x25bcca0 .event anyedge, v0x25c9850_0;
E_0x25bcd00 .event anyedge, v0x25c9930_0, v0x25c9d10_0;
E_0x25bcd60 .event posedge, v0x25c22e0_0, v0x25c9ad0_0;
L_0x25dec80 .part v0x25c9df0_0, 18, 2;
S_0x25bcdc0 .scope module, "uut" "RISCV_TopModule" 19 21, 3 1 0, S_0x2598e70;
 .timescale 0 0;
    .port_info 0 /INPUT 1 "reset";
    .port_info 1 /INPUT 1 "clk";
    .port_info 2 /OUTPUT 32 "display_data";
v0x25c06e0_0 .net "ALUResult", 31 0, v0x25c0e10_0;  1 drivers
v0x25c8530_0 .net "ALUSrc", 0 0, v0x25bf0e0_0;  1 drivers
v0x25c8680_0 .net "ALU_Control", 3 0, v0x25be940_0;  1 drivers
v0x25c87b0_0 .net "Carry", 0 0, v0x25c10e0_0;  1 drivers
v0x25c8850_0 .net "ImmSrc", 1 0, v0x25bf320_0;  1 drivers
v0x25c8980_0 .net "Instr", 31 0, L_0x25de970;  1 drivers
v0x25c8ad0_0 .net "MemWrite", 0 0, v0x25bf4f0_0;  1 drivers
v0x25c8b70_0 .net "Negative", 0 0, v0x25c11f0_0;  1 drivers
v0x25c8c10_0 .net "Overflow", 0 0, v0x25c12b0_0;  1 drivers
v0x25c8d40_0 .net "PC", 31 0, v0x25c2010_0;  1 drivers
v0x25c8e00_0 .net "PCSrc", 0 0, L_0x25de3e0;  1 drivers
v0x25c8ea0_0 .net "ReadData", 31 0, L_0x25debc0;  1 drivers
o0x7fce536f6e38 .functor BUFZ 1, C4<z>; HiZ drive
v0x25c8f60_0 .net "RegSrc", 0 0, o0x7fce536f6e38;  0 drivers
v0x25c9000_0 .net "RegWrite", 0 0, v0x25bf590_0;  1 drivers
v0x25c9130_0 .net "ResultSrc", 1 0, v0x25bf630_0;  1 drivers
v0x25c9280_0 .net "WriteData", 31 0, L_0x25dd9d0;  1 drivers
v0x25c9340_0 .net "Zero", 0 0, v0x25c1370_0;  1 drivers
v0x25c94f0_0 .net "clk", 0 0, v0x25c9b90_0;  1 drivers
v0x25c9590_0 .net "display_data", 31 0, L_0x25dc730;  alias, 1 drivers
v0x25c9650_0 .net "reset", 0 0, o0x7fce536f74f8;  alias, 0 drivers
S_0x25bcfe0 .scope module, "u_Data_Memory" "Data_Memory" 3 24, 4 1 0, S_0x25bcdc0;
 .timescale 0 0;
    .port_info 0 /INPUT 32 "A";
    .port_info 1 /INPUT 32 "WD";
    .port_info 2 /INPUT 1 "clk";
    .port_info 3 /INPUT 1 "WE";
    .port_info 4 /OUTPUT 32 "RD";
L_0x25debc0 .functor BUFZ 32, L_0x25dea30, C4<00000000000000000000000000000000>, C4<00000000000000000000000000000000>, C4<00000000000000000000000000000000>;
v0x25bd2e0_0 .net "A", 31 0, v0x25c0e10_0;  alias, 1 drivers
v0x25bd3e0_0 .net "RD", 31 0, L_0x25debc0;  alias, 1 drivers
v0x25bd4c0_0 .net "WD", 31 0, L_0x25dd9d0;  alias, 1 drivers
v0x25bd580_0 .net "WE", 0 0, v0x25bf4f0_0;  alias, 1 drivers
v0x25bd640_0 .net *"_ivl_0", 31 0, L_0x25dea30;  1 drivers
v0x25bd770_0 .net *"_ivl_3", 29 0, L_0x25dead0;  1 drivers
v0x25bd850_0 .net "clk", 0 0, v0x25c9b90_0;  alias, 1 drivers
v0x25bd910_0 .var/i "i", 31 0;
v0x25bd9f0 .array "mem", 63 0, 31 0;
E_0x25bd260 .event posedge, v0x25bd850_0;
L_0x25dea30 .array/port v0x25bd9f0, L_0x25dead0;
L_0x25dead0 .part v0x25c0e10_0, 2, 30;
S_0x25bdbe0 .scope module, "u_Instruction_Memory" "Instruction_Memory" 3 22, 5 1 0, S_0x25bcdc0;
 .timescale 0 0;
    .port_info 0 /INPUT 32 "A";
    .port_info 1 /OUTPUT 32 "RD";
L_0x25de970 .functor BUFZ 32, L_0x25de6f0, C4<00000000000000000000000000000000>, C4<00000000000000000000000000000000>, C4<00000000000000000000000000000000>;
v0x25bddd0_0 .net "A", 31 0, v0x25c2010_0;  alias, 1 drivers
v0x25bded0_0 .net "RD", 31 0, L_0x25de970;  alias, 1 drivers
v0x25bdfb0_0 .net *"_ivl_0", 31 0, L_0x25de6f0;  1 drivers
v0x25be070_0 .net *"_ivl_3", 29 0, L_0x25de7c0;  1 drivers
v0x25be150 .array "mem", 10 0, 31 0;
L_0x25de6f0 .array/port v0x25be150, L_0x25de7c0;
L_0x25de7c0 .part v0x25c2010_0, 2, 30;
S_0x25be2c0 .scope module, "u_controlpath" "controlpath" 3 20, 6 1 0, S_0x25bcdc0;
 .timescale 0 0;
    .port_info 0 /INPUT 1 "Zero";
    .port_info 1 /INPUT 32 "Instr";
    .port_info 2 /OUTPUT 1 "MemWrite";
    .port_info 3 /OUTPUT 1 "RegWrite";
    .port_info 4 /OUTPUT 1 "ALUSrc";
    .port_info 5 /OUTPUT 1 "RegSrc";
    .port_info 6 /OUTPUT 1 "PCSrc";
    .port_info 7 /OUTPUT 4 "ALU_Control";
    .port_info 8 /OUTPUT 2 "ResultSrc";
    .port_info 9 /OUTPUT 2 "ImmSrc";
L_0x25de370 .functor BUFZ 1, v0x25bf4f0_0, C4<0>, C4<0>, C4<0>;
L_0x25de3e0 .functor AND 1, v0x25bf280_0, v0x25c1370_0, C4<1>, C4<1>;
v0x25bf9a0_0 .net "ALUOp", 1 0, v0x25bf1c0_0;  1 drivers
v0x25bfa80_0 .net "ALUSrc", 0 0, v0x25bf0e0_0;  alias, 1 drivers
v0x25bfb40_0 .net "ALU_Control", 3 0, v0x25be940_0;  alias, 1 drivers
v0x25bfbe0_0 .net "Branch", 0 0, v0x25bf280_0;  1 drivers
v0x25bfc80_0 .net "ImmSrc", 1 0, v0x25bf320_0;  alias, 1 drivers
v0x25bfd70_0 .net "Instr", 31 0, L_0x25de970;  alias, 1 drivers
v0x25bfe10_0 .net "Jump", 0 0, v0x25bf3e0_0;  1 drivers
v0x25bfeb0_0 .net "MemWrite", 0 0, v0x25bf4f0_0;  alias, 1 drivers
v0x25bffa0_0 .net "PCSrc", 0 0, L_0x25de3e0;  alias, 1 drivers
v0x25c00d0_0 .net "RegSrc", 0 0, o0x7fce536f6e38;  alias, 0 drivers
v0x25c0170_0 .net "RegWrite", 0 0, v0x25bf590_0;  alias, 1 drivers
v0x25c0210_0 .net "ResultSrc", 1 0, v0x25bf630_0;  alias, 1 drivers
v0x25c02b0_0 .net "WE", 0 0, L_0x25de370;  1 drivers
v0x25c0350_0 .net "Zero", 0 0, v0x25c1370_0;  alias, 1 drivers
L_0x25de1c0 .part L_0x25de970, 0, 7;
L_0x25de4e0 .part L_0x25de970, 12, 3;
L_0x25de580 .part L_0x25de970, 30, 1;
L_0x25de620 .part L_0x25de970, 4, 1;
S_0x25be5a0 .scope module, "u_ALUDecoder" "ALUDecoder" 6 27, 7 1 0, S_0x25be2c0;
 .timescale 0 0;
    .port_info 0 /OUTPUT 4 "ALU_Control";
    .port_info 1 /INPUT 2 "ALUOp";
    .port_info 2 /INPUT 3 "funct3";
    .port_info 3 /INPUT 1 "funct7b5";
    .port_info 4 /INPUT 1 "opb5";
v0x25be840_0 .net "ALUOp", 1 0, v0x25bf1c0_0;  alias, 1 drivers
v0x25be940_0 .var "ALU_Control", 3 0;
v0x25bea20_0 .net "funct3", 2 0, L_0x25de4e0;  1 drivers
v0x25beae0_0 .net "funct7b5", 0 0, L_0x25de580;  1 drivers
v0x25beba0_0 .net "opb5", 0 0, L_0x25de620;  1 drivers
E_0x25be800 .event anyedge, v0x25be840_0, v0x25bea20_0, v0x25beae0_0, v0x25beba0_0;
S_0x25bed50 .scope module, "u_Main_Decoder" "Main_Decoder" 6 21, 8 1 0, S_0x25be2c0;
 .timescale 0 0;
    .port_info 0 /INPUT 7 "op";
    .port_info 1 /OUTPUT 1 "RegWrite";
    .port_info 2 /OUTPUT 2 "ImmSrc";
    .port_info 3 /OUTPUT 1 "ALUSrc";
    .port_info 4 /OUTPUT 1 "MemWrite";
    .port_info 5 /OUTPUT 2 "ResultSrc";
    .port_info 6 /OUTPUT 1 "Branch";
    .port_info 7 /OUTPUT 2 "ALUop";
    .port_info 8 /OUTPUT 1 "Jump";
v0x25bf0e0_0 .var "ALUSrc", 0 0;
v0x25bf1c0_0 .var "ALUop", 1 0;
v0x25bf280_0 .var "Branch", 0 0;
v0x25bf320_0 .var "ImmSrc", 1 0;
v0x25bf3e0_0 .var "Jump", 0 0;
v0x25bf4f0_0 .var "MemWrite", 0 0;
v0x25bf590_0 .var "RegWrite", 0 0;
v0x25bf630_0 .var "ResultSrc", 1 0;
v0x25bf710_0 .net "op", 6 0, L_0x25de1c0;  1 drivers
E_0x25bf080 .event anyedge, v0x25bf710_0;
S_0x25c0550 .scope module, "u_datapath" "datapath" 3 15, 9 1 0, S_0x25bcdc0;
 .timescale 0 0;
    .port_info 0 /INPUT 1 "clk";
    .port_info 1 /INPUT 1 "reset";
    .port_info 2 /INPUT 1 "RegSrc";
    .port_info 3 /INPUT 1 "PCSrc";
    .port_info 4 /INPUT 1 "ALUSrc";
    .port_info 5 /INPUT 1 "RegWrite";
    .port_info 6 /INPUT 2 "ResultSrc";
    .port_info 7 /INPUT 2 "ImmSrc";
    .port_info 8 /INPUT 4 "ALU_Control";
    .port_info 9 /INPUT 32 "Instr";
    .port_info 10 /INPUT 32 "ReadData";
    .port_info 11 /OUTPUT 1 "Zero";
    .port_info 12 /OUTPUT 1 "Overflow";
    .port_info 13 /OUTPUT 1 "Carry";
    .port_info 14 /OUTPUT 1 "Negative";
    .port_info 15 /OUTPUT 32 "display_data";
    .port_info 16 /OUTPUT 32 "PC";
    .port_info 17 /OUTPUT 32 "ALUResult";
    .port_info 18 /OUTPUT 32 "WriteData";
L_0x25dd9d0 .functor BUFZ 32, L_0x25dd650, C4<00000000000000000000000000000000>, C4<00000000000000000000000000000000>, C4<00000000000000000000000000000000>;
v0x25c6b70_0 .net "ALUResult", 31 0, v0x25c0e10_0;  alias, 1 drivers
v0x25c6c50_0 .net "ALUSrc", 0 0, v0x25bf0e0_0;  alias, 1 drivers
v0x25c6d10_0 .net "ALU_Control", 3 0, v0x25be940_0;  alias, 1 drivers
v0x25c6db0_0 .net "B", 31 0, L_0x25ddad0;  1 drivers
v0x25c6e50_0 .net "Carry", 0 0, v0x25c10e0_0;  alias, 1 drivers
v0x25c6f40_0 .net "ImmExt", 31 0, v0x25c26e0_0;  1 drivers
v0x25c6fe0_0 .net "ImmSrc", 1 0, v0x25bf320_0;  alias, 1 drivers
v0x25c70a0_0 .net "Instr", 31 0, L_0x25de970;  alias, 1 drivers
v0x25c7160_0 .net "Negative", 0 0, v0x25c11f0_0;  alias, 1 drivers
v0x25c7290_0 .net "Overflow", 0 0, v0x25c12b0_0;  alias, 1 drivers
v0x25c7330_0 .net "PC", 31 0, v0x25c2010_0;  alias, 1 drivers
v0x25c7460_0 .net "PCSrc", 0 0, L_0x25de3e0;  alias, 1 drivers
v0x25c7500_0 .net "PC_Next", 31 0, L_0x25dc8d0;  1 drivers
v0x25c75a0_0 .net "PC_Plus_4", 31 0, L_0x25dc690;  1 drivers
v0x25c7660_0 .net "PC_Target", 31 0, L_0x25dc7a0;  1 drivers
v0x25c7770_0 .net "RD1", 31 0, L_0x25dcfd0;  1 drivers
v0x25c7880_0 .net "RD2", 31 0, L_0x25dd650;  1 drivers
v0x25c7aa0_0 .net "ReadData", 31 0, L_0x25debc0;  alias, 1 drivers
v0x25c7bb0_0 .net "RegSrc", 0 0, o0x7fce536f6e38;  alias, 0 drivers
v0x25c7c50_0 .net "RegWrite", 0 0, v0x25bf590_0;  alias, 1 drivers
v0x25c7cf0_0 .net "Result", 31 0, L_0x25de040;  1 drivers
v0x25c7de0_0 .net "ResultSrc", 1 0, v0x25bf630_0;  alias, 1 drivers
v0x25c7ea0_0 .net "WriteData", 31 0, L_0x25dd9d0;  alias, 1 drivers
v0x25c7f60_0 .net "Zero", 0 0, v0x25c1370_0;  alias, 1 drivers
v0x25c8050_0 .net "clk", 0 0, v0x25c9b90_0;  alias, 1 drivers
v0x25c80f0_0 .net "display_data", 31 0, L_0x25dc730;  alias, 1 drivers
v0x25c8190_0 .net "reset", 0 0, o0x7fce536f74f8;  alias, 0 drivers
L_0x25dd7f0 .part L_0x25de970, 15, 5;
L_0x25dd890 .part L_0x25de970, 20, 5;
L_0x25dd930 .part L_0x25de970, 7, 5;
S_0x25c0950 .scope module, "u_ALU32" "ALU32" 9 35, 10 1 0, S_0x25c0550;
 .timescale 0 0;
    .port_info 0 /INPUT 32 "A";
    .port_info 1 /INPUT 32 "B";
    .port_info 2 /INPUT 4 "ALU_Control";
    .port_info 3 /OUTPUT 1 "Zero";
    .port_info 4 /OUTPUT 1 "Overflow";
    .port_info 5 /OUTPUT 1 "Carry";
    .port_info 6 /OUTPUT 1 "Negative";
    .port_info 7 /OUTPUT 32 "ALUResult";
v0x25c0d10_0 .net "A", 31 0, L_0x25dcfd0;  alias, 1 drivers
v0x25c0e10_0 .var "ALUResult", 31 0;
v0x25c0f00_0 .net "ALU_Control", 3 0, v0x25be940_0;  alias, 1 drivers
v0x25c1020_0 .net "B", 31 0, L_0x25ddad0;  alias, 1 drivers
v0x25c10e0_0 .var "Carry", 0 0;
v0x25c11f0_0 .var "Negative", 0 0;
v0x25c12b0_0 .var "Overflow", 0 0;
v0x25c1370_0 .var "Zero", 0 0;
v0x25c1410_0 .var "slt", 0 0;
v0x25c1540_0 .var "sltu", 0 0;
v0x25c1600_0 .var "sum", 32 0;
E_0x25c0c70/0 .event anyedge, v0x25c0d10_0, v0x25c1020_0, v0x25be940_0, v0x25c1600_0;
E_0x25c0c70/1 .event anyedge, v0x25bd2e0_0, v0x25c1410_0, v0x25c1540_0;
E_0x25c0c70 .event/or E_0x25c0c70/0, E_0x25c0c70/1;
S_0x25c17e0 .scope module, "u_ALU_Mux" "ALU_Mux" 9 32, 11 1 0, S_0x25c0550;
 .timescale 0 0;
    .port_info 0 /OUTPUT 32 "B";
    .port_info 1 /INPUT 32 "WD";
    .port_info 2 /INPUT 32 "ImmExt";
    .port_info 3 /INPUT 1 "ALUSrc";
v0x25c1990_0 .net "ALUSrc", 0 0, v0x25bf0e0_0;  alias, 1 drivers
v0x25c1a80_0 .net "B", 31 0, L_0x25ddad0;  alias, 1 drivers
v0x25c1b40_0 .net "ImmExt", 31 0, v0x25c26e0_0;  alias, 1 drivers
v0x25c1c10_0 .net "WD", 31 0, L_0x25dd650;  alias, 1 drivers
L_0x25ddad0 .functor MUXZ 32, L_0x25dd650, v0x25c26e0_0, v0x25bf0e0_0, C4<>;
S_0x25c1da0 .scope module, "u_Dff" "Dff" 9 23, 12 1 0, S_0x25c0550;
 .timescale 0 0;
    .port_info 0 /INPUT 32 "PC_Next";
    .port_info 1 /INPUT 1 "clk";
    .port_info 2 /INPUT 1 "reset";
    .port_info 3 /OUTPUT 32 "PC";
v0x25c2010_0 .var "PC", 31 0;
v0x25c2120_0 .net "PC_Next", 31 0, L_0x25dc8d0;  alias, 1 drivers
v0x25c21e0_0 .net "clk", 0 0, v0x25c9b90_0;  alias, 1 drivers
v0x25c22e0_0 .net "reset", 0 0, o0x7fce536f74f8;  alias, 0 drivers
E_0x25c1fb0 .event posedge, v0x25c22e0_0, v0x25bd850_0;
S_0x25c2410 .scope module, "u_Extend" "Extend" 9 21, 13 1 0, S_0x25c0550;
 .timescale 0 0;
    .port_info 0 /OUTPUT 32 "ImmExt";
    .port_info 1 /INPUT 2 "ImmSrc";
    .port_info 2 /INPUT 32 "Instr";
v0x25c26e0_0 .var "ImmExt", 31 0;
v0x25c27c0_0 .net "ImmSrc", 1 0, v0x25bf320_0;  alias, 1 drivers
v0x25c28b0_0 .net "Instr", 31 0, L_0x25de970;  alias, 1 drivers
E_0x25c2660 .event anyedge, v0x25bf320_0, v0x25bded0_0;
S_0x25c2a20 .scope module, "u_PC_Mux" "PC_Mux" 9 20, 14 1 0, S_0x25c0550;
 .timescale 0 0;
    .port_info 0 /OUTPUT 32 "PC_Next";
    .port_info 1 /INPUT 32 "PC_Target";
    .port_info 2 /INPUT 32 "PC_Plus_4";
    .port_info 3 /INPUT 1 "PCSrc";
v0x25c2c50_0 .net "PCSrc", 0 0, L_0x25de3e0;  alias, 1 drivers
v0x25c2cf0_0 .net "PC_Next", 31 0, L_0x25dc8d0;  alias, 1 drivers
v0x25c2dc0_0 .net "PC_Plus_4", 31 0, L_0x25dc690;  alias, 1 drivers
v0x25c2e90_0 .net "PC_Target", 31 0, L_0x25dc7a0;  alias, 1 drivers
L_0x25dc8d0 .functor MUXZ 32, L_0x25dc690, L_0x25dc7a0, L_0x25de3e0, C4<>;
S_0x25c3020 .scope module, "u_PC_Plus_4" "PC_Plus_4" 9 18, 15 1 0, S_0x25c0550;
 .timescale 0 0;
    .port_info 0 /OUTPUT 32 "PC_Plus_4";
    .port_info 1 /INPUT 32 "PC";
v0x25c3260_0 .net "PC", 31 0, v0x25c2010_0;  alias, 1 drivers
v0x25c3390_0 .net "PC_Plus_4", 31 0, L_0x25dc690;  alias, 1 drivers
L_0x7fce536ab378 .functor BUFT 1, C4<00000000000000000000000000000100>, C4<0>, C4<0>, C4<0>;
v0x25c3450_0 .net/2u *"_ivl_0", 31 0, L_0x7fce536ab378;  1 drivers
L_0x25dc690 .arith/sum 32, v0x25c2010_0, L_0x7fce536ab378;
S_0x25c3550 .scope module, "u_PC_Target" "PC_Target" 9 19, 16 1 0, S_0x25c0550;
 .timescale 0 0;
    .port_info 0 /OUTPUT 32 "PC_Target";
    .port_info 1 /INPUT 32 "PC";
    .port_info 2 /INPUT 32 "ImmExt";
v0x25c3780_0 .net "ImmExt", 31 0, v0x25c26e0_0;  alias, 1 drivers
v0x25c38b0_0 .net "PC", 31 0, v0x25c2010_0;  alias, 1 drivers
v0x25c3970_0 .net "PC_Target", 31 0, L_0x25dc7a0;  alias, 1 drivers
L_0x25dc7a0 .arith/sum 32, v0x25c2010_0, v0x25c26e0_0;
S_0x25c3aa0 .scope module, "u_Register_File" "Register_File" 9 26, 17 1 0, S_0x25c0550;
 .timescale 0 0;
    .port_info 0 /INPUT 5 "RA1";
    .port_info 1 /INPUT 5 "RA2";
    .port_info 2 /INPUT 5 "WA3";
    .port_info 3 /INPUT 32 "WD3";
    .port_info 4 /INPUT 1 "WE3";
    .port_info 5 /INPUT 1 "clk";
    .port_info 6 /OUTPUT 32 "RD1";
    .port_info 7 /OUTPUT 32 "RD2";
    .port_info 8 /OUTPUT 32 "display_data";
v0x25c55e0_4 .array/port v0x25c55e0, 4;
L_0x25dc730 .functor BUFZ 32, v0x25c55e0_4, C4<00000000000000000000000000000000>, C4<00000000000000000000000000000000>, C4<00000000000000000000000000000000>;
v0x25c3db0_0 .net "RA1", 4 0, L_0x25dd7f0;  1 drivers
v0x25c3e90_0 .net "RA2", 4 0, L_0x25dd890;  1 drivers
v0x25c3f70_0 .net "RD1", 31 0, L_0x25dcfd0;  alias, 1 drivers
v0x25c4070_0 .net "RD2", 31 0, L_0x25dd650;  alias, 1 drivers
v0x25c4140_0 .net "WA3", 4 0, L_0x25dd930;  1 drivers
v0x25c4250_0 .net "WD3", 31 0, L_0x25de040;  alias, 1 drivers
v0x25c4330_0 .net "WE3", 0 0, v0x25bf590_0;  alias, 1 drivers
v0x25c4420_0 .net *"_ivl_0", 31 0, L_0x25dca90;  1 drivers
v0x25c4500_0 .net *"_ivl_10", 31 0, L_0x25dcc30;  1 drivers
v0x25c4670_0 .net *"_ivl_12", 6 0, L_0x25dcd00;  1 drivers
L_0x7fce536ab498 .functor BUFT 1, C4<00>, C4<0>, C4<0>, C4<0>;
v0x25c4750_0 .net *"_ivl_15", 1 0, L_0x7fce536ab498;  1 drivers
v0x25c4830_0 .net *"_ivl_18", 31 0, L_0x25dd160;  1 drivers
L_0x7fce536ab4e0 .functor BUFT 1, C4<000000000000000000000000000>, C4<0>, C4<0>, C4<0>;
v0x25c4910_0 .net *"_ivl_21", 26 0, L_0x7fce536ab4e0;  1 drivers
L_0x7fce536ab528 .functor BUFT 1, C4<00000000000000000000000000000000>, C4<0>, C4<0>, C4<0>;
v0x25c49f0_0 .net/2u *"_ivl_22", 31 0, L_0x7fce536ab528;  1 drivers
v0x25c4ad0_0 .net *"_ivl_24", 0 0, L_0x25dd290;  1 drivers
L_0x7fce536ab570 .functor BUFT 1, C4<00000000000000000000000000000000>, C4<0>, C4<0>, C4<0>;
v0x25c4b90_0 .net/2u *"_ivl_26", 31 0, L_0x7fce536ab570;  1 drivers
v0x25c4c70_0 .net *"_ivl_28", 31 0, L_0x25dd3d0;  1 drivers
L_0x7fce536ab3c0 .functor BUFT 1, C4<000000000000000000000000000>, C4<0>, C4<0>, C4<0>;
v0x25c4e60_0 .net *"_ivl_3", 26 0, L_0x7fce536ab3c0;  1 drivers
v0x25c4f40_0 .net *"_ivl_30", 6 0, L_0x25dd4c0;  1 drivers
L_0x7fce536ab5b8 .functor BUFT 1, C4<00>, C4<0>, C4<0>, C4<0>;
v0x25c5020_0 .net *"_ivl_33", 1 0, L_0x7fce536ab5b8;  1 drivers
L_0x7fce536ab408 .functor BUFT 1, C4<00000000000000000000000000000000>, C4<0>, C4<0>, C4<0>;
v0x25c5100_0 .net/2u *"_ivl_4", 31 0, L_0x7fce536ab408;  1 drivers
v0x25c51e0_0 .net *"_ivl_6", 0 0, L_0x25dcb60;  1 drivers
L_0x7fce536ab450 .functor BUFT 1, C4<00000000000000000000000000000000>, C4<0>, C4<0>, C4<0>;
v0x25c52a0_0 .net/2u *"_ivl_8", 31 0, L_0x7fce536ab450;  1 drivers
v0x25c5380_0 .net "clk", 0 0, v0x25c9b90_0;  alias, 1 drivers
v0x25c5420_0 .net "display_data", 31 0, L_0x25dc730;  alias, 1 drivers
v0x25c5500_0 .var/i "i", 31 0;
v0x25c55e0 .array "regfile", 31 0, 31 0;
L_0x25dca90 .concat [ 5 27 0 0], L_0x25dd7f0, L_0x7fce536ab3c0;
L_0x25dcb60 .cmp/eq 32, L_0x25dca90, L_0x7fce536ab408;
L_0x25dcc30 .array/port v0x25c55e0, L_0x25dcd00;
L_0x25dcd00 .concat [ 5 2 0 0], L_0x25dd7f0, L_0x7fce536ab498;
L_0x25dcfd0 .functor MUXZ 32, L_0x25dcc30, L_0x7fce536ab450, L_0x25dcb60, C4<>;
L_0x25dd160 .concat [ 5 27 0 0], L_0x25dd890, L_0x7fce536ab4e0;
L_0x25dd290 .cmp/eq 32, L_0x25dd160, L_0x7fce536ab528;
L_0x25dd3d0 .array/port v0x25c55e0, L_0x25dd4c0;
L_0x25dd4c0 .concat [ 5 2 0 0], L_0x25dd890, L_0x7fce536ab5b8;
L_0x25dd650 .functor MUXZ 32, L_0x25dd3d0, L_0x7fce536ab570, L_0x25dd290, C4<>;
S_0x25c5d20 .scope module, "u_Result_Mux" "Result_Mux" 9 38, 18 1 0, S_0x25c0550;
 .timescale 0 0;
    .port_info 0 /OUTPUT 32 "Result";
    .port_info 1 /INPUT 2 "ResultSrc";
    .port_info 2 /INPUT 32 "ALUResult";
    .port_info 3 /INPUT 32 "ReadData";
    .port_info 4 /INPUT 32 "PC_Plus_4";
v0x25c5f30_0 .net "ALUResult", 31 0, v0x25c0e10_0;  alias, 1 drivers
v0x25c6010_0 .net "PC_Plus_4", 31 0, L_0x25dc690;  alias, 1 drivers
v0x25c6120_0 .net "ReadData", 31 0, L_0x25debc0;  alias, 1 drivers
v0x25c61c0_0 .net "Result", 31 0, L_0x25de040;  alias, 1 drivers
v0x25c6260_0 .net "ResultSrc", 1 0, v0x25bf630_0;  alias, 1 drivers
L_0x7fce536ab600 .functor BUFT 1, C4<11>, C4<0>, C4<0>, C4<0>;
v0x25c63a0_0 .net/2u *"_ivl_0", 1 0, L_0x7fce536ab600;  1 drivers
v0x25c6480_0 .net *"_ivl_10", 0 0, L_0x25ddcb0;  1 drivers
v0x25c6540_0 .net *"_ivl_12", 31 0, L_0x25ddda0;  1 drivers
v0x25c6620_0 .net *"_ivl_14", 31 0, L_0x25ddf50;  1 drivers
v0x25c6790_0 .net *"_ivl_2", 0 0, L_0x25ddb70;  1 drivers
L_0x7fce536ab648 .functor BUFT 1, C4<10>, C4<0>, C4<0>, C4<0>;
v0x25c6850_0 .net/2u *"_ivl_4", 1 0, L_0x7fce536ab648;  1 drivers
v0x25c6930_0 .net *"_ivl_6", 0 0, L_0x25ddc10;  1 drivers
L_0x7fce536ab690 .functor BUFT 1, C4<01>, C4<0>, C4<0>, C4<0>;
v0x25c69f0_0 .net/2u *"_ivl_8", 1 0, L_0x7fce536ab690;  1 drivers
L_0x25ddb70 .cmp/eq 2, v0x25bf630_0, L_0x7fce536ab600;
L_0x25ddc10 .cmp/eq 2, v0x25bf630_0, L_0x7fce536ab648;
L_0x25ddcb0 .cmp/eq 2, v0x25bf630_0, L_0x7fce536ab690;
L_0x25ddda0 .functor MUXZ 32, v0x25c0e10_0, L_0x25debc0, L_0x25ddcb0, C4<>;
L_0x25ddf50 .functor MUXZ 32, L_0x25ddda0, L_0x25dc690, L_0x25ddc10, C4<>;
L_0x25de040 .functor MUXZ 32, L_0x25ddf50, L_0x25dc690, L_0x25ddb70, C4<>;
    .scope S_0x25b57e0;
T_0 ;
    %wait E_0x25b5a30;
    %load/vec4 v0x25b5b90_0;
    %dup/vec4;
    %pushi/vec4 0, 0, 2;
    %cmp/u;
    %jmp/1 T_0.0, 6;
    %dup/vec4;
    %pushi/vec4 1, 0, 2;
    %cmp/u;
    %jmp/1 T_0.1, 6;
    %dup/vec4;
    %pushi/vec4 2, 0, 2;
    %cmp/u;
    %jmp/1 T_0.2, 6;
    %dup/vec4;
    %pushi/vec4 3, 0, 2;
    %cmp/u;
    %jmp/1 T_0.3, 6;
    %pushi/vec4 0, 0, 32;
    %store/vec4 v0x25b5ab0_0, 0, 32;
    %jmp T_0.5;
T_0.0 ;
    %load/vec4 v0x25b5c80_0;
    %parti/s 1, 31, 6;
    %replicate 20;
    %load/vec4 v0x25b5c80_0;
    %parti/s 12, 20, 6;
    %concat/vec4; draw_concat_vec4
    %store/vec4 v0x25b5ab0_0, 0, 32;
    %jmp T_0.5;
T_0.1 ;
    %load/vec4 v0x25b5c80_0;
    %parti/s 1, 31, 6;
    %replicate 20;
    %load/vec4 v0x25b5c80_0;
    %parti/s 7, 25, 6;
    %concat/vec4; draw_concat_vec4
    %load/vec4 v0x25b5c80_0;
    %parti/s 5, 7, 4;
    %concat/vec4; draw_concat_vec4
    %store/vec4 v0x25b5ab0_0, 0, 32;
    %jmp T_0.5;
T_0.2 ;
    %load/vec4 v0x25b5c80_0;
    %parti/s 1, 31, 6;
    %replicate 20;
    %load/vec4 v0x25b5c80_0;
    %parti/s 1, 7, 4;
    %concat/vec4; draw_concat_vec4
    %load/vec4 v0x25b5c80_0;
    %parti/s 6, 25, 6;
    %concat/vec4; draw_concat_vec4
    %load/vec4 v0x25b5c80_0;
    %parti/s 4, 8, 5;
    %concat/vec4; draw_concat_vec4
    %concati/vec4 0, 0, 1;
    %store/vec4 v0x25b5ab0_0, 0, 32;
    %jmp T_0.5;
T_0.3 ;
    %load/vec4 v0x25b5c80_0;
    %parti/s 1, 31, 6;
    %replicate 12;
    %load/vec4 v0x25b5c80_0;
    %parti/s 8, 12, 5;
    %concat/vec4; draw_concat_vec4
    %load/vec4 v0x25b5c80_0;
    %parti/s 1, 20, 6;
    %concat/vec4; draw_concat_vec4
    %load/vec4 v0x25b5c80_0;
    %parti/s 10, 21, 6;
    %concat/vec4; draw_concat_vec4
    %concati/vec4 0, 0, 1;
    %store/vec4 v0x25b5ab0_0, 0, 32;
    %jmp T_0.5;
T_0.5 ;
    %pop/vec4 1;
    %jmp T_0;
    .thread T_0, $push;
    .scope S_0x25b51b0;
T_1 ;
    %wait E_0x259e7d0;
    %load/vec4 v0x25b56b0_0;
    %flag_set/vec4 8;
    %jmp/0xz  T_1.0, 8;
    %pushi/vec4 0, 0, 32;
    %assign/vec4 v0x25b53e0_0, 0;
    %jmp T_1.1;
T_1.0 ;
    %load/vec4 v0x25b54f0_0;
    %assign/vec4 v0x25b53e0_0, 0;
T_1.1 ;
    %jmp T_1;
    .thread T_1;
    .scope S_0x25b6e70;
T_2 ;
    %pushi/vec4 0, 0, 32;
    %store/vec4 v0x25b88d0_0, 0, 32;
T_2.0 ;
    %load/vec4 v0x25b88d0_0;
    %cmpi/s 32, 0, 32;
    %jmp/0xz T_2.1, 5;
    %pushi/vec4 0, 0, 32;
    %ix/getv/s 4, v0x25b88d0_0;
    %store/vec4a v0x25b89b0, 4, 0;
    %load/vec4 v0x25b88d0_0;
    %addi 1, 0, 32;
    %store/vec4 v0x25b88d0_0, 0, 32;
    %jmp T_2.0;
T_2.1 ;
    %end;
    .thread T_2;
    .scope S_0x25b6e70;
T_3 ;
    %wait E_0x24ec750;
    %load/vec4 v0x25b7700_0;
    %flag_set/vec4 9;
    %flag_get/vec4 9;
    %jmp/0 T_3.2, 9;
    %load/vec4 v0x25b7510_0;
    %pad/u 32;
    %pushi/vec4 0, 0, 32;
    %cmp/ne;
    %flag_get/vec4 4;
    %and;
T_3.2;
    %flag_set/vec4 8;
    %jmp/0xz  T_3.0, 8;
    %load/vec4 v0x25b7620_0;
    %load/vec4 v0x25b7510_0;
    %pad/u 7;
    %ix/vec4 3;
    %ix/load 4, 0, 0; Constant delay
    %assign/vec4/a/d v0x25b89b0, 0, 4;
T_3.0 ;
    %jmp T_3;
    .thread T_3;
    .scope S_0x25b3da0;
T_4 ;
    %wait E_0x24d7b90;
    %load/vec4 v0x25b4120_0;
    %parti/s 1, 31, 6;
    %load/vec4 v0x25b4430_0;
    %parti/s 1, 31, 6;
    %cmp/e;
    %flag_mov 8, 4;
    %jmp/0 T_4.0, 8;
    %load/vec4 v0x25b4120_0;
    %load/vec4 v0x25b4430_0;
    %cmp/u;
    %flag_get/vec4 5;
    %jmp/1 T_4.1, 8;
T_4.0 ; End of true expr.
    %load/vec4 v0x25b4120_0;
    %parti/s 1, 31, 6;
    %jmp/0 T_4.1, 8;
 ; End of false expr.
    %blend;
T_4.1;
    %store/vec4 v0x25b4820_0, 0, 1;
    %load/vec4 v0x25b4120_0;
    %load/vec4 v0x25b4430_0;
    %cmp/u;
    %flag_get/vec4 5;
    %store/vec4 v0x25b4950_0, 0, 1;
    %pushi/vec4 0, 0, 1;
    %store/vec4 v0x25b44f0_0, 0, 1;
    %pushi/vec4 0, 0, 1;
    %store/vec4 v0x25b46c0_0, 0, 1;
    %pushi/vec4 0, 0, 1;
    %store/vec4 v0x25b4780_0, 0, 1;
    %pushi/vec4 0, 0, 32;
    %store/vec4 v0x25b4220_0, 0, 32;
    %pushi/vec4 0, 0, 1;
    %store/vec4 v0x25b4600_0, 0, 1;
    %load/vec4 v0x25b4310_0;
    %dup/vec4;
    %pushi/vec4 0, 0, 4;
    %cmp/u;
    %jmp/1 T_4.2, 6;
    %dup/vec4;
    %pushi/vec4 1, 0, 4;
    %cmp/u;
    %jmp/1 T_4.3, 6;
    %dup/vec4;
    %pushi/vec4 2, 0, 4;
    %cmp/u;
    %jmp/1 T_4.4, 6;
    %dup/vec4;
    %pushi/vec4 3, 0, 4;
    %cmp/u;
    %jmp/1 T_4.5, 6;
    %dup/vec4;
    %pushi/vec4 4, 0, 4;
    %cmp/u;
    %jmp/1 T_4.6, 6;
    %dup/vec4;
    %pushi/vec4 5, 0, 4;
    %cmp/u;
    %jmp/1 T_4.7, 6;
    %dup/vec4;
    %pushi/vec4 6, 0, 4;
    %cmp/u;
    %jmp/1 T_4.8, 6;
    %dup/vec4;
    %pushi/vec4 7, 0, 4;
    %cmp/u;
    %jmp/1 T_4.9, 6;
    %dup/vec4;
    %pushi/vec4 8, 0, 4;
    %cmp/u;
    %jmp/1 T_4.10, 6;
    %dup/vec4;
    %pushi/vec4 9, 0, 4;
    %cmp/u;
    %jmp/1 T_4.11, 6;
    %dup/vec4;
    %pushi/vec4 10, 0, 4;
    %cmp/u;
    %jmp/1 T_4.12, 6;
    %dup/vec4;
    %pushi/vec4 11, 0, 4;
    %cmp/u;
    %jmp/1 T_4.13, 6;
    %pushi/vec4 4294967295, 4294967295, 32;
    %store/vec4 v0x25b4220_0, 0, 32;
    %jmp T_4.15;
T_4.2 ;
    %pushi/vec4 0, 0, 1;
    %load/vec4 v0x25b4120_0;
    %concat/vec4; draw_concat_vec4
    %pushi/vec4 0, 0, 1;
    %load/vec4 v0x25b4430_0;
    %concat/vec4; draw_concat_vec4
    %add;
    %store/vec4 v0x25b4a10_0, 0, 33;
    %load/vec4 v0x25b4a10_0;
    %parti/s 32, 0, 2;
    %store/vec4 v0x25b4220_0, 0, 32;
    %load/vec4 v0x25b4a10_0;
    %parti/s 1, 32, 7;
    %store/vec4 v0x25b44f0_0, 0, 1;
    %load/vec4 v0x25b4120_0;
    %parti/s 1, 31, 6;
    %inv;
    %load/vec4 v0x25b4430_0;
    %parti/s 1, 31, 6;
    %and;
    %load/vec4 v0x25b4220_0;
    %parti/s 1, 31, 6;
    %and;
    %load/vec4 v0x25b4120_0;
    %parti/s 1, 31, 6;
    %load/vec4 v0x25b4430_0;
    %parti/s 1, 31, 6;
    %and;
    %load/vec4 v0x25b4220_0;
    %parti/s 1, 31, 6;
    %inv;
    %and;
    %or;
    %store/vec4 v0x25b46c0_0, 0, 1;
    %jmp T_4.15;
T_4.3 ;
    %load/vec4 v0x25b4120_0;
    %load/vec4 v0x25b4430_0;
    %sub;
    %store/vec4 v0x25b4220_0, 0, 32;
    %load/vec4 v0x25b4220_0;
    %parti/s 1, 31, 6;
    %store/vec4 v0x25b4600_0, 0, 1;
    %load/vec4 v0x25b4120_0;
    %parti/s 1, 31, 6;
    %load/vec4 v0x25b4430_0;
    %parti/s 1, 31, 6;
    %inv;
    %and;
    %load/vec4 v0x25b4220_0;
    %parti/s 1, 31, 6;
    %inv;
    %and;
    %load/vec4 v0x25b4120_0;
    %parti/s 1, 31, 6;
    %inv;
    %load/vec4 v0x25b4430_0;
    %parti/s 1, 31, 6;
    %and;
    %load/vec4 v0x25b4220_0;
    %parti/s 1, 31, 6;
    %and;
    %or;
    %store/vec4 v0x25b46c0_0, 0, 1;
    %jmp T_4.15;
T_4.4 ;
    %load/vec4 v0x25b4120_0;
    %load/vec4 v0x25b4430_0;
    %and;
    %store/vec4 v0x25b4220_0, 0, 32;
    %jmp T_4.15;
T_4.5 ;
    %load/vec4 v0x25b4120_0;
    %load/vec4 v0x25b4430_0;
    %or;
    %store/vec4 v0x25b4220_0, 0, 32;
    %jmp T_4.15;
T_4.6 ;
    %load/vec4 v0x25b4120_0;
    %load/vec4 v0x25b4430_0;
    %xor;
    %store/vec4 v0x25b4220_0, 0, 32;
    %jmp T_4.15;
T_4.7 ;
    %pushi/vec4 0, 0, 31;
    %load/vec4 v0x25b4820_0;
    %concat/vec4; draw_concat_vec4
    %store/vec4 v0x25b4220_0, 0, 32;
    %jmp T_4.15;
T_4.8 ;
    %pushi/vec4 0, 0, 31;
    %load/vec4 v0x25b4950_0;
    %concat/vec4; draw_concat_vec4
    %store/vec4 v0x25b4220_0, 0, 32;
    %jmp T_4.15;
T_4.9 ;
    %load/vec4 v0x25b4120_0;
    %parti/s 20, 12, 5;
    %concati/vec4 0, 0, 12;
    %store/vec4 v0x25b4220_0, 0, 32;
    %jmp T_4.15;
T_4.10 ;
    %load/vec4 v0x25b4120_0;
    %load/vec4 v0x25b4430_0;
    %parti/s 20, 12, 5;
    %concati/vec4 0, 0, 12;
    %add;
    %store/vec4 v0x25b4220_0, 0, 32;
    %jmp T_4.15;
T_4.11 ;
    %load/vec4 v0x25b4430_0;
    %parti/s 20, 12, 5;
    %concati/vec4 0, 0, 12;
    %store/vec4 v0x25b4220_0, 0, 32;
    %jmp T_4.15;
T_4.12 ;
    %load/vec4 v0x25b4120_0;
    %ix/getv 4, v0x25b4430_0;
    %shiftr 4;
    %store/vec4 v0x25b4220_0, 0, 32;
    %jmp T_4.15;
T_4.13 ;
    %load/vec4 v0x25b4120_0;
    %ix/getv 4, v0x25b4430_0;
    %shiftl 4;
    %store/vec4 v0x25b4220_0, 0, 32;
    %jmp T_4.15;
T_4.15 ;
    %pop/vec4 1;
    %load/vec4 v0x25b4220_0;
    %pushi/vec4 0, 0, 32;
    %cmp/e;
    %flag_get/vec4 4;
    %store/vec4 v0x25b4780_0, 0, 1;
    %jmp T_4;
    .thread T_4, $push;
    .scope S_0x25b2260;
T_5 ;
    %wait E_0x24ed120;
    %load/vec4 v0x25b2c10_0;
    %dup/vec4;
    %pushi/vec4 0, 0, 7;
    %cmp/u;
    %jmp/1 T_5.0, 6;
    %dup/vec4;
    %pushi/vec4 3, 0, 7;
    %cmp/u;
    %jmp/1 T_5.1, 6;
    %dup/vec4;
    %pushi/vec4 35, 0, 7;
    %cmp/u;
    %jmp/1 T_5.2, 6;
    %dup/vec4;
    %pushi/vec4 51, 0, 7;
    %cmp/u;
    %jmp/1 T_5.3, 6;
    %dup/vec4;
    %pushi/vec4 19, 0, 7;
    %cmp/u;
    %jmp/1 T_5.4, 6;
    %dup/vec4;
    %pushi/vec4 99, 0, 7;
    %cmp/u;
    %jmp/1 T_5.5, 6;
    %dup/vec4;
    %pushi/vec4 111, 0, 7;
    %cmp/u;
    %jmp/1 T_5.6, 6;
    %dup/vec4;
    %pushi/vec4 103, 0, 7;
    %cmp/u;
    %jmp/1 T_5.7, 6;
    %dup/vec4;
    %pushi/vec4 55, 0, 7;
    %cmp/u;
    %jmp/1 T_5.8, 6;
    %dup/vec4;
    %pushi/vec4 23, 0, 7;
    %cmp/u;
    %jmp/1 T_5.9, 6;
    %jmp T_5.10;
T_5.0 ;
    %pushi/vec4 0, 0, 1;
    %store/vec4 v0x25b2a90_0, 0, 1;
    %pushi/vec4 0, 0, 2;
    %store/vec4 v0x25b2820_0, 0, 2;
    %pushi/vec4 0, 0, 1;
    %store/vec4 v0x25b25b0_0, 0, 1;
    %pushi/vec4 0, 0, 1;
    %store/vec4 v0x25b29f0_0, 0, 1;
    %pushi/vec4 0, 0, 2;
    %store/vec4 v0x25b2b30_0, 0, 2;
    %pushi/vec4 0, 0, 1;
    %store/vec4 v0x25b2750_0, 0, 1;
    %pushi/vec4 0, 0, 2;
    %store/vec4 v0x25b2690_0, 0, 2;
    %pushi/vec4 0, 0, 1;
    %store/vec4 v0x25b28e0_0, 0, 1;
    %jmp T_5.10;
T_5.1 ;
    %pushi/vec4 1, 0, 1;
    %store/vec4 v0x25b2a90_0, 0, 1;
    %pushi/vec4 0, 0, 2;
    %store/vec4 v0x25b2820_0, 0, 2;
    %pushi/vec4 1, 0, 1;
    %store/vec4 v0x25b25b0_0, 0, 1;
    %pushi/vec4 0, 0, 1;
    %store/vec4 v0x25b29f0_0, 0, 1;
    %pushi/vec4 1, 0, 2;
    %store/vec4 v0x25b2b30_0, 0, 2;
    %pushi/vec4 0, 0, 1;
    %store/vec4 v0x25b2750_0, 0, 1;
    %pushi/vec4 0, 0, 2;
    %store/vec4 v0x25b2690_0, 0, 2;
    %pushi/vec4 0, 0, 1;
    %store/vec4 v0x25b28e0_0, 0, 1;
    %jmp T_5.10;
T_5.2 ;
    %pushi/vec4 0, 0, 1;
    %store/vec4 v0x25b2a90_0, 0, 1;
    %pushi/vec4 1, 0, 2;
    %store/vec4 v0x25b2820_0, 0, 2;
    %pushi/vec4 1, 0, 1;
    %store/vec4 v0x25b25b0_0, 0, 1;
    %pushi/vec4 1, 0, 1;
    %store/vec4 v0x25b29f0_0, 0, 1;
    %pushi/vec4 0, 0, 2;
    %store/vec4 v0x25b2b30_0, 0, 2;
    %pushi/vec4 0, 0, 1;
    %store/vec4 v0x25b2750_0, 0, 1;
    %pushi/vec4 0, 0, 2;
    %store/vec4 v0x25b2690_0, 0, 2;
    %pushi/vec4 0, 0, 1;
    %store/vec4 v0x25b28e0_0, 0, 1;
    %jmp T_5.10;
T_5.3 ;
    %pushi/vec4 1, 0, 1;
    %store/vec4 v0x25b2a90_0, 0, 1;
    %pushi/vec4 3, 3, 2;
    %store/vec4 v0x25b2820_0, 0, 2;
    %pushi/vec4 0, 0, 1;
    %store/vec4 v0x25b25b0_0, 0, 1;
    %pushi/vec4 0, 0, 1;
    %store/vec4 v0x25b29f0_0, 0, 1;
    %pushi/vec4 0, 0, 2;
    %store/vec4 v0x25b2b30_0, 0, 2;
    %pushi/vec4 0, 0, 1;
    %store/vec4 v0x25b2750_0, 0, 1;
    %pushi/vec4 2, 0, 2;
    %store/vec4 v0x25b2690_0, 0, 2;
    %pushi/vec4 0, 0, 1;
    %store/vec4 v0x25b28e0_0, 0, 1;
    %jmp T_5.10;
T_5.4 ;
    %pushi/vec4 1, 0, 1;
    %store/vec4 v0x25b2a90_0, 0, 1;
    %pushi/vec4 0, 0, 2;
    %store/vec4 v0x25b2820_0, 0, 2;
    %pushi/vec4 1, 0, 1;
    %store/vec4 v0x25b25b0_0, 0, 1;
    %pushi/vec4 0, 0, 1;
    %store/vec4 v0x25b29f0_0, 0, 1;
    %pushi/vec4 0, 0, 2;
    %store/vec4 v0x25b2b30_0, 0, 2;
    %pushi/vec4 0, 0, 1;
    %store/vec4 v0x25b2750_0, 0, 1;
    %pushi/vec4 2, 0, 2;
    %store/vec4 v0x25b2690_0, 0, 2;
    %pushi/vec4 0, 0, 1;
    %store/vec4 v0x25b28e0_0, 0, 1;
    %jmp T_5.10;
T_5.5 ;
    %pushi/vec4 0, 0, 1;
    %store/vec4 v0x25b2a90_0, 0, 1;
    %pushi/vec4 2, 0, 2;
    %store/vec4 v0x25b2820_0, 0, 2;
    %pushi/vec4 0, 0, 1;
    %store/vec4 v0x25b25b0_0, 0, 1;
    %pushi/vec4 0, 0, 1;
    %store/vec4 v0x25b29f0_0, 0, 1;
    %pushi/vec4 0, 0, 2;
    %store/vec4 v0x25b2b30_0, 0, 2;
    %pushi/vec4 1, 0, 1;
    %store/vec4 v0x25b2750_0, 0, 1;
    %pushi/vec4 1, 0, 2;
    %store/vec4 v0x25b2690_0, 0, 2;
    %pushi/vec4 0, 0, 1;
    %store/vec4 v0x25b28e0_0, 0, 1;
    %jmp T_5.10;
T_5.6 ;
    %pushi/vec4 1, 0, 1;
    %store/vec4 v0x25b2a90_0, 0, 1;
    %pushi/vec4 3, 0, 2;
    %store/vec4 v0x25b2820_0, 0, 2;
    %pushi/vec4 0, 0, 1;
    %store/vec4 v0x25b25b0_0, 0, 1;
    %pushi/vec4 0, 0, 1;
    %store/vec4 v0x25b29f0_0, 0, 1;
    %pushi/vec4 2, 0, 2;
    %store/vec4 v0x25b2b30_0, 0, 2;
    %pushi/vec4 0, 0, 1;
    %store/vec4 v0x25b2750_0, 0, 1;
    %pushi/vec4 0, 0, 2;
    %store/vec4 v0x25b2690_0, 0, 2;
    %pushi/vec4 1, 0, 1;
    %store/vec4 v0x25b28e0_0, 0, 1;
    %jmp T_5.10;
T_5.7 ;
    %pushi/vec4 1, 0, 1;
    %store/vec4 v0x25b2a90_0, 0, 1;
    %pushi/vec4 0, 0, 2;
    %store/vec4 v0x25b2820_0, 0, 2;
    %pushi/vec4 1, 0, 1;
    %store/vec4 v0x25b25b0_0, 0, 1;
    %pushi/vec4 0, 0, 1;
    %store/vec4 v0x25b29f0_0, 0, 1;
    %pushi/vec4 2, 0, 2;
    %store/vec4 v0x25b2b30_0, 0, 2;
    %pushi/vec4 0, 0, 1;
    %store/vec4 v0x25b2750_0, 0, 1;
    %pushi/vec4 0, 0, 2;
    %store/vec4 v0x25b2690_0, 0, 2;
    %pushi/vec4 1, 0, 1;
    %store/vec4 v0x25b28e0_0, 0, 1;
    %jmp T_5.10;
T_5.8 ;
    %pushi/vec4 1, 0, 1;
    %store/vec4 v0x25b2a90_0, 0, 1;
    %pushi/vec4 0, 0, 2;
    %store/vec4 v0x25b2820_0, 0, 2;
    %pushi/vec4 1, 0, 1;
    %store/vec4 v0x25b25b0_0, 0, 1;
    %pushi/vec4 0, 0, 1;
    %store/vec4 v0x25b29f0_0, 0, 1;
    %pushi/vec4 0, 0, 2;
    %store/vec4 v0x25b2b30_0, 0, 2;
    %pushi/vec4 0, 0, 1;
    %store/vec4 v0x25b2750_0, 0, 1;
    %pushi/vec4 1, 0, 2;
    %store/vec4 v0x25b2690_0, 0, 2;
    %pushi/vec4 0, 0, 1;
    %store/vec4 v0x25b28e0_0, 0, 1;
    %jmp T_5.10;
T_5.9 ;
    %pushi/vec4 1, 0, 1;
    %store/vec4 v0x25b2a90_0, 0, 1;
    %pushi/vec4 0, 0, 2;
    %store/vec4 v0x25b2820_0, 0, 2;
    %pushi/vec4 1, 0, 1;
    %store/vec4 v0x25b25b0_0, 0, 1;
    %pushi/vec4 0, 0, 1;
    %store/vec4 v0x25b29f0_0, 0, 1;
    %pushi/vec4 0, 0, 2;
    %store/vec4 v0x25b2b30_0, 0, 2;
    %pushi/vec4 0, 0, 1;
    %store/vec4 v0x25b2750_0, 0, 1;
    %pushi/vec4 1, 0, 2;
    %store/vec4 v0x25b2690_0, 0, 2;
    %pushi/vec4 0, 0, 1;
    %store/vec4 v0x25b28e0_0, 0, 1;
    %jmp T_5.10;
T_5.10 ;
    %pop/vec4 1;
    %jmp T_5;
    .thread T_5, $push;
    .scope S_0x25b1ac0;
T_6 ;
    %wait E_0x24ed510;
    %load/vec4 v0x25b1d50_0;
    %cmpi/e 0, 0, 2;
    %jmp/0xz  T_6.0, 4;
    %pushi/vec4 0, 0, 4;
    %store/vec4 v0x25b1e50_0, 0, 4;
    %jmp T_6.1;
T_6.0 ;
    %load/vec4 v0x25b1d50_0;
    %cmpi/e 1, 0, 2;
    %jmp/0xz  T_6.2, 4;
    %pushi/vec4 1, 0, 4;
    %store/vec4 v0x25b1e50_0, 0, 4;
    %jmp T_6.3;
T_6.2 ;
    %load/vec4 v0x25b1d50_0;
    %cmpi/e 2, 0, 2;
    %jmp/0xz  T_6.4, 4;
    %load/vec4 v0x25b1f30_0;
    %dup/vec4;
    %pushi/vec4 0, 0, 3;
    %cmp/u;
    %jmp/1 T_6.6, 6;
    %dup/vec4;
    %pushi/vec4 1, 0, 3;
    %cmp/u;
    %jmp/1 T_6.7, 6;
    %dup/vec4;
    %pushi/vec4 2, 0, 3;
    %cmp/u;
    %jmp/1 T_6.8, 6;
    %dup/vec4;
    %pushi/vec4 3, 0, 3;
    %cmp/u;
    %jmp/1 T_6.9, 6;
    %dup/vec4;
    %pushi/vec4 4, 0, 3;
    %cmp/u;
    %jmp/1 T_6.10, 6;
    %dup/vec4;
    %pushi/vec4 5, 0, 3;
    %cmp/u;
    %jmp/1 T_6.11, 6;
    %dup/vec4;
    %pushi/vec4 6, 0, 3;
    %cmp/u;
    %jmp/1 T_6.12, 6;
    %dup/vec4;
    %pushi/vec4 7, 0, 3;
    %cmp/u;
    %jmp/1 T_6.13, 6;
    %pushi/vec4 15, 15, 4;
    %store/vec4 v0x25b1e50_0, 0, 4;
    %jmp T_6.15;
T_6.6 ;
    %load/vec4 v0x25b1ff0_0;
    %load/vec4 v0x25b20b0_0;
    %and;
    %flag_set/vec4 8;
    %jmp/0 T_6.16, 8;
    %pushi/vec4 1, 0, 4;
    %jmp/1 T_6.17, 8;
T_6.16 ; End of true expr.
    %pushi/vec4 0, 0, 4;
    %jmp/0 T_6.17, 8;
 ; End of false expr.
    %blend;
T_6.17;
    %store/vec4 v0x25b1e50_0, 0, 4;
    %jmp T_6.15;
T_6.7 ;
    %pushi/vec4 10, 0, 4;
    %store/vec4 v0x25b1e50_0, 0, 4;
    %jmp T_6.15;
T_6.8 ;
    %pushi/vec4 5, 0, 4;
    %store/vec4 v0x25b1e50_0, 0, 4;
    %jmp T_6.15;
T_6.9 ;
    %pushi/vec4 6, 0, 4;
    %store/vec4 v0x25b1e50_0, 0, 4;
    %jmp T_6.15;
T_6.10 ;
    %pushi/vec4 4, 0, 4;
    %store/vec4 v0x25b1e50_0, 0, 4;
    %jmp T_6.15;
T_6.11 ;
    %load/vec4 v0x25b1ff0_0;
    %flag_set/vec4 8;
    %jmp/0 T_6.18, 8;
    %pushi/vec4 11, 0, 4;
    %jmp/1 T_6.19, 8;
T_6.18 ; End of true expr.
    %pushi/vec4 12, 0, 4;
    %jmp/0 T_6.19, 8;
 ; End of false expr.
    %blend;
T_6.19;
    %store/vec4 v0x25b1e50_0, 0, 4;
    %jmp T_6.15;
T_6.12 ;
    %pushi/vec4 3, 0, 4;
    %store/vec4 v0x25b1e50_0, 0, 4;
    %jmp T_6.15;
T_6.13 ;
    %pushi/vec4 2, 0, 4;
    %store/vec4 v0x25b1e50_0, 0, 4;
    %jmp T_6.15;
T_6.15 ;
    %pop/vec4 1;
    %jmp T_6.5;
T_6.4 ;
    %load/vec4 v0x25b1d50_0;
    %cmpi/e 3, 0, 2;
    %jmp/0xz  T_6.20, 4;
    %load/vec4 v0x25b1f30_0;
    %dup/vec4;
    %pushi/vec4 0, 0, 3;
    %cmp/u;
    %jmp/1 T_6.22, 6;
    %dup/vec4;
    %pushi/vec4 1, 0, 3;
    %cmp/u;
    %jmp/1 T_6.23, 6;
    %pushi/vec4 15, 15, 4;
    %store/vec4 v0x25b1e50_0, 0, 4;
    %jmp T_6.25;
T_6.22 ;
    %pushi/vec4 8, 0, 4;
    %store/vec4 v0x25b1e50_0, 0, 4;
    %jmp T_6.25;
T_6.23 ;
    %pushi/vec4 9, 0, 4;
    %store/vec4 v0x25b1e50_0, 0, 4;
    %jmp T_6.25;
T_6.25 ;
    %pop/vec4 1;
    %jmp T_6.21;
T_6.20 ;
    %pushi/vec4 15, 15, 4;
    %store/vec4 v0x25b1e50_0, 0, 4;
T_6.21 ;
T_6.5 ;
T_6.3 ;
T_6.1 ;
    %jmp T_6;
    .thread T_6, $push;
    .scope S_0x25b1140;
T_7 ;
    %pushi/vec4 179, 0, 32;
    %ix/load 4, 0, 0;
    %flag_set/imm 4, 0;
    %store/vec4a v0x25b1670, 4, 0;
    %pushi/vec4 563, 0, 32;
    %ix/load 4, 1, 0;
    %flag_set/imm 4, 0;
    %store/vec4a v0x25b1670, 4, 0;
    %pushi/vec4 10518803, 0, 32;
    %ix/load 4, 2, 0;
    %flag_set/imm 4, 0;
    %store/vec4a v0x25b1670, 4, 0;
    %pushi/vec4 33203, 0, 32;
    %ix/load 4, 3, 0;
    %flag_set/imm 4, 0;
    %store/vec4a v0x25b1670, 4, 0;
    %pushi/vec4 2197603, 0, 32;
    %ix/load 4, 4, 0;
    %flag_set/imm 4, 0;
    %store/vec4a v0x25b1670, 4, 0;
    %pushi/vec4 4293171, 0, 32;
    %ix/load 4, 5, 0;
    %flag_set/imm 4, 0;
    %store/vec4a v0x25b1670, 4, 0;
    %pushi/vec4 1147283, 0, 32;
    %ix/load 4, 6, 0;
    %flag_set/imm 4, 0;
    %store/vec4a v0x25b1670, 4, 0;
    %pushi/vec4 4261415651, 0, 32;
    %ix/load 4, 7, 0;
    %flag_set/imm 4, 0;
    %store/vec4a v0x25b1670, 4, 0;
    %pushi/vec4 131251, 0, 32;
    %ix/load 4, 8, 0;
    %flag_set/imm 4, 0;
    %store/vec4a v0x25b1670, 4, 0;
    %pushi/vec4 10526755, 0, 32;
    %ix/load 4, 9, 0;
    %flag_set/imm 4, 0;
    %store/vec4a v0x25b1670, 4, 0;
    %pushi/vec4 41091, 0, 32;
    %ix/load 4, 10, 0;
    %flag_set/imm 4, 0;
    %store/vec4a v0x25b1670, 4, 0;
    %end;
    .thread T_7;
    .scope S_0x2545a20;
T_8 ;
    %pushi/vec4 0, 0, 32;
    %store/vec4 v0x25b0f00_0, 0, 32;
T_8.0 ;
    %load/vec4 v0x25b0f00_0;
    %cmpi/s 64, 0, 32;
    %jmp/0xz T_8.1, 5;
    %pushi/vec4 0, 0, 32;
    %ix/getv/s 4, v0x25b0f00_0;
    %store/vec4a v0x25b0fe0, 4, 0;
    %load/vec4 v0x25b0f00_0;
    %addi 1, 0, 32;
    %store/vec4 v0x25b0f00_0, 0, 32;
    %jmp T_8.0;
T_8.1 ;
    %end;
    .thread T_8;
    .scope S_0x2545a20;
T_9 ;
    %wait E_0x24ec750;
    %load/vec4 v0x259b890_0;
    %flag_set/vec4 8;
    %jmp/0xz  T_9.0, 8;
    %load/vec4 v0x259b7f0_0;
    %load/vec4 v0x259af80_0;
    %parti/s 30, 2, 3;
    %ix/vec4 3;
    %ix/load 4, 0, 0; Constant delay
    %assign/vec4/a/d v0x25b0fe0, 0, 4;
T_9.0 ;
    %jmp T_9;
    .thread T_9;
    .scope S_0x24b4f50;
T_10 ;
    %pushi/vec4 1, 0, 1;
    %store/vec4 v0x25bcbe0_0, 0, 1;
    %pushi/vec4 0, 0, 1;
    %store/vec4 v0x25bcb40_0, 0, 1;
    %delay 10, 0;
    %pushi/vec4 0, 0, 1;
    %store/vec4 v0x25bcbe0_0, 0, 1;
    %delay 1000, 0;
    %vpi_call 2 14 "$finish" {0 0 0};
    %end;
    .thread T_10;
    .scope S_0x24b4f50;
T_11 ;
    %vpi_call 2 18 "$dumpfile", "RISCV_TopModule_tb.vcd" {0 0 0};
    %vpi_call 2 19 "$dumpvars", 32'sb00000000000000000000000000000000, S_0x24b4f50 {0 0 0};
    %end;
    .thread T_11;
    .scope S_0x24b4f50;
T_12 ;
T_12.0 ;
    %delay 5, 0;
    %load/vec4 v0x25bcb40_0;
    %inv;
    %store/vec4 v0x25bcb40_0, 0, 1;
    %jmp T_12.0;
    %end;
    .thread T_12;
    .scope S_0x25c2410;
T_13 ;
    %wait E_0x25c2660;
    %load/vec4 v0x25c27c0_0;
    %dup/vec4;
    %pushi/vec4 0, 0, 2;
    %cmp/u;
    %jmp/1 T_13.0, 6;
    %dup/vec4;
    %pushi/vec4 1, 0, 2;
    %cmp/u;
    %jmp/1 T_13.1, 6;
    %dup/vec4;
    %pushi/vec4 2, 0, 2;
    %cmp/u;
    %jmp/1 T_13.2, 6;
    %dup/vec4;
    %pushi/vec4 3, 0, 2;
    %cmp/u;
    %jmp/1 T_13.3, 6;
    %pushi/vec4 0, 0, 32;
    %store/vec4 v0x25c26e0_0, 0, 32;
    %jmp T_13.5;
T_13.0 ;
    %load/vec4 v0x25c28b0_0;
    %parti/s 1, 31, 6;
    %replicate 20;
    %load/vec4 v0x25c28b0_0;
    %parti/s 12, 20, 6;
    %concat/vec4; draw_concat_vec4
    %store/vec4 v0x25c26e0_0, 0, 32;
    %jmp T_13.5;
T_13.1 ;
    %load/vec4 v0x25c28b0_0;
    %parti/s 1, 31, 6;
    %replicate 20;
    %load/vec4 v0x25c28b0_0;
    %parti/s 7, 25, 6;
    %concat/vec4; draw_concat_vec4
    %load/vec4 v0x25c28b0_0;
    %parti/s 5, 7, 4;
    %concat/vec4; draw_concat_vec4
    %store/vec4 v0x25c26e0_0, 0, 32;
    %jmp T_13.5;
T_13.2 ;
    %load/vec4 v0x25c28b0_0;
    %parti/s 1, 31, 6;
    %replicate 20;
    %load/vec4 v0x25c28b0_0;
    %parti/s 1, 7, 4;
    %concat/vec4; draw_concat_vec4
    %load/vec4 v0x25c28b0_0;
    %parti/s 6, 25, 6;
    %concat/vec4; draw_concat_vec4
    %load/vec4 v0x25c28b0_0;
    %parti/s 4, 8, 5;
    %concat/vec4; draw_concat_vec4
    %concati/vec4 0, 0, 1;
    %store/vec4 v0x25c26e0_0, 0, 32;
    %jmp T_13.5;
T_13.3 ;
    %load/vec4 v0x25c28b0_0;
    %parti/s 1, 31, 6;
    %replicate 12;
    %load/vec4 v0x25c28b0_0;
    %parti/s 8, 12, 5;
    %concat/vec4; draw_concat_vec4
    %load/vec4 v0x25c28b0_0;
    %parti/s 1, 20, 6;
    %concat/vec4; draw_concat_vec4
    %load/vec4 v0x25c28b0_0;
    %parti/s 10, 21, 6;
    %concat/vec4; draw_concat_vec4
    %concati/vec4 0, 0, 1;
    %store/vec4 v0x25c26e0_0, 0, 32;
    %jmp T_13.5;
T_13.5 ;
    %pop/vec4 1;
    %jmp T_13;
    .thread T_13, $push;
    .scope S_0x25c1da0;
T_14 ;
    %wait E_0x25c1fb0;
    %load/vec4 v0x25c22e0_0;
    %flag_set/vec4 8;
    %jmp/0xz  T_14.0, 8;
    %pushi/vec4 0, 0, 32;
    %assign/vec4 v0x25c2010_0, 0;
    %jmp T_14.1;
T_14.0 ;
    %load/vec4 v0x25c2120_0;
    %assign/vec4 v0x25c2010_0, 0;
T_14.1 ;
    %jmp T_14;
    .thread T_14;
    .scope S_0x25c3aa0;
T_15 ;
    %pushi/vec4 0, 0, 32;
    %store/vec4 v0x25c5500_0, 0, 32;
T_15.0 ;
    %load/vec4 v0x25c5500_0;
    %cmpi/s 32, 0, 32;
    %jmp/0xz T_15.1, 5;
    %pushi/vec4 0, 0, 32;
    %ix/getv/s 4, v0x25c5500_0;
    %store/vec4a v0x25c55e0, 4, 0;
    %load/vec4 v0x25c5500_0;
    %addi 1, 0, 32;
    %store/vec4 v0x25c5500_0, 0, 32;
    %jmp T_15.0;
T_15.1 ;
    %end;
    .thread T_15;
    .scope S_0x25c3aa0;
T_16 ;
    %wait E_0x25bd260;
    %load/vec4 v0x25c4330_0;
    %flag_set/vec4 9;
    %flag_get/vec4 9;
    %jmp/0 T_16.2, 9;
    %load/vec4 v0x25c4140_0;
    %pad/u 32;
    %pushi/vec4 0, 0, 32;
    %cmp/ne;
    %flag_get/vec4 4;
    %and;
T_16.2;
    %flag_set/vec4 8;
    %jmp/0xz  T_16.0, 8;
    %load/vec4 v0x25c4250_0;
    %load/vec4 v0x25c4140_0;
    %pad/u 7;
    %ix/vec4 3;
    %ix/load 4, 0, 0; Constant delay
    %assign/vec4/a/d v0x25c55e0, 0, 4;
T_16.0 ;
    %jmp T_16;
    .thread T_16;
    .scope S_0x25c0950;
T_17 ;
    %wait E_0x25c0c70;
    %load/vec4 v0x25c0d10_0;
    %parti/s 1, 31, 6;
    %load/vec4 v0x25c1020_0;
    %parti/s 1, 31, 6;
    %cmp/e;
    %flag_mov 8, 4;
    %jmp/0 T_17.0, 8;
    %load/vec4 v0x25c0d10_0;
    %load/vec4 v0x25c1020_0;
    %cmp/u;
    %flag_get/vec4 5;
    %jmp/1 T_17.1, 8;
T_17.0 ; End of true expr.
    %load/vec4 v0x25c0d10_0;
    %parti/s 1, 31, 6;
    %jmp/0 T_17.1, 8;
 ; End of false expr.
    %blend;
T_17.1;
    %store/vec4 v0x25c1410_0, 0, 1;
    %load/vec4 v0x25c0d10_0;
    %load/vec4 v0x25c1020_0;
    %cmp/u;
    %flag_get/vec4 5;
    %store/vec4 v0x25c1540_0, 0, 1;
    %pushi/vec4 0, 0, 1;
    %store/vec4 v0x25c10e0_0, 0, 1;
    %pushi/vec4 0, 0, 1;
    %store/vec4 v0x25c12b0_0, 0, 1;
    %pushi/vec4 0, 0, 1;
    %store/vec4 v0x25c1370_0, 0, 1;
    %pushi/vec4 0, 0, 32;
    %store/vec4 v0x25c0e10_0, 0, 32;
    %pushi/vec4 0, 0, 1;
    %store/vec4 v0x25c11f0_0, 0, 1;
    %load/vec4 v0x25c0f00_0;
    %dup/vec4;
    %pushi/vec4 0, 0, 4;
    %cmp/u;
    %jmp/1 T_17.2, 6;
    %dup/vec4;
    %pushi/vec4 1, 0, 4;
    %cmp/u;
    %jmp/1 T_17.3, 6;
    %dup/vec4;
    %pushi/vec4 2, 0, 4;
    %cmp/u;
    %jmp/1 T_17.4, 6;
    %dup/vec4;
    %pushi/vec4 3, 0, 4;
    %cmp/u;
    %jmp/1 T_17.5, 6;
    %dup/vec4;
    %pushi/vec4 4, 0, 4;
    %cmp/u;
    %jmp/1 T_17.6, 6;
    %dup/vec4;
    %pushi/vec4 5, 0, 4;
    %cmp/u;
    %jmp/1 T_17.7, 6;
    %dup/vec4;
    %pushi/vec4 6, 0, 4;
    %cmp/u;
    %jmp/1 T_17.8, 6;
    %dup/vec4;
    %pushi/vec4 7, 0, 4;
    %cmp/u;
    %jmp/1 T_17.9, 6;
    %dup/vec4;
    %pushi/vec4 8, 0, 4;
    %cmp/u;
    %jmp/1 T_17.10, 6;
    %dup/vec4;
    %pushi/vec4 9, 0, 4;
    %cmp/u;
    %jmp/1 T_17.11, 6;
    %dup/vec4;
    %pushi/vec4 10, 0, 4;
    %cmp/u;
    %jmp/1 T_17.12, 6;
    %dup/vec4;
    %pushi/vec4 11, 0, 4;
    %cmp/u;
    %jmp/1 T_17.13, 6;
    %pushi/vec4 4294967295, 4294967295, 32;
    %store/vec4 v0x25c0e10_0, 0, 32;
    %jmp T_17.15;
T_17.2 ;
    %pushi/vec4 0, 0, 1;
    %load/vec4 v0x25c0d10_0;
    %concat/vec4; draw_concat_vec4
    %pushi/vec4 0, 0, 1;
    %load/vec4 v0x25c1020_0;
    %concat/vec4; draw_concat_vec4
    %add;
    %store/vec4 v0x25c1600_0, 0, 33;
    %load/vec4 v0x25c1600_0;
    %parti/s 32, 0, 2;
    %store/vec4 v0x25c0e10_0, 0, 32;
    %load/vec4 v0x25c1600_0;
    %parti/s 1, 32, 7;
    %store/vec4 v0x25c10e0_0, 0, 1;
    %load/vec4 v0x25c0d10_0;
    %parti/s 1, 31, 6;
    %inv;
    %load/vec4 v0x25c1020_0;
    %parti/s 1, 31, 6;
    %and;
    %load/vec4 v0x25c0e10_0;
    %parti/s 1, 31, 6;
    %and;
    %load/vec4 v0x25c0d10_0;
    %parti/s 1, 31, 6;
    %load/vec4 v0x25c1020_0;
    %parti/s 1, 31, 6;
    %and;
    %load/vec4 v0x25c0e10_0;
    %parti/s 1, 31, 6;
    %inv;
    %and;
    %or;
    %store/vec4 v0x25c12b0_0, 0, 1;
    %jmp T_17.15;
T_17.3 ;
    %load/vec4 v0x25c0d10_0;
    %load/vec4 v0x25c1020_0;
    %sub;
    %store/vec4 v0x25c0e10_0, 0, 32;
    %load/vec4 v0x25c0e10_0;
    %parti/s 1, 31, 6;
    %store/vec4 v0x25c11f0_0, 0, 1;
    %load/vec4 v0x25c0d10_0;
    %parti/s 1, 31, 6;
    %load/vec4 v0x25c1020_0;
    %parti/s 1, 31, 6;
    %inv;
    %and;
    %load/vec4 v0x25c0e10_0;
    %parti/s 1, 31, 6;
    %inv;
    %and;
    %load/vec4 v0x25c0d10_0;
    %parti/s 1, 31, 6;
    %inv;
    %load/vec4 v0x25c1020_0;
    %parti/s 1, 31, 6;
    %and;
    %load/vec4 v0x25c0e10_0;
    %parti/s 1, 31, 6;
    %and;
    %or;
    %store/vec4 v0x25c12b0_0, 0, 1;
    %jmp T_17.15;
T_17.4 ;
    %load/vec4 v0x25c0d10_0;
    %load/vec4 v0x25c1020_0;
    %and;
    %store/vec4 v0x25c0e10_0, 0, 32;
    %jmp T_17.15;
T_17.5 ;
    %load/vec4 v0x25c0d10_0;
    %load/vec4 v0x25c1020_0;
    %or;
    %store/vec4 v0x25c0e10_0, 0, 32;
    %jmp T_17.15;
T_17.6 ;
    %load/vec4 v0x25c0d10_0;
    %load/vec4 v0x25c1020_0;
    %xor;
    %store/vec4 v0x25c0e10_0, 0, 32;
    %jmp T_17.15;
T_17.7 ;
    %pushi/vec4 0, 0, 31;
    %load/vec4 v0x25c1410_0;
    %concat/vec4; draw_concat_vec4
    %store/vec4 v0x25c0e10_0, 0, 32;
    %jmp T_17.15;
T_17.8 ;
    %pushi/vec4 0, 0, 31;
    %load/vec4 v0x25c1540_0;
    %concat/vec4; draw_concat_vec4
    %store/vec4 v0x25c0e10_0, 0, 32;
    %jmp T_17.15;
T_17.9 ;
    %load/vec4 v0x25c0d10_0;
    %parti/s 20, 12, 5;
    %concati/vec4 0, 0, 12;
    %store/vec4 v0x25c0e10_0, 0, 32;
    %jmp T_17.15;
T_17.10 ;
    %load/vec4 v0x25c0d10_0;
    %load/vec4 v0x25c1020_0;
    %parti/s 20, 12, 5;
    %concati/vec4 0, 0, 12;
    %add;
    %store/vec4 v0x25c0e10_0, 0, 32;
    %jmp T_17.15;
T_17.11 ;
    %load/vec4 v0x25c1020_0;
    %parti/s 20, 12, 5;
    %concati/vec4 0, 0, 12;
    %store/vec4 v0x25c0e10_0, 0, 32;
    %jmp T_17.15;
T_17.12 ;
    %load/vec4 v0x25c0d10_0;
    %ix/getv 4, v0x25c1020_0;
    %shiftr 4;
    %store/vec4 v0x25c0e10_0, 0, 32;
    %jmp T_17.15;
T_17.13 ;
    %load/vec4 v0x25c0d10_0;
    %ix/getv 4, v0x25c1020_0;
    %shiftl 4;
    %store/vec4 v0x25c0e10_0, 0, 32;
    %jmp T_17.15;
T_17.15 ;
    %pop/vec4 1;
    %load/vec4 v0x25c0e10_0;
    %pushi/vec4 0, 0, 32;
    %cmp/e;
    %flag_get/vec4 4;
    %store/vec4 v0x25c1370_0, 0, 1;
    %jmp T_17;
    .thread T_17, $push;
    .scope S_0x25bed50;
T_18 ;
    %wait E_0x25bf080;
    %load/vec4 v0x25bf710_0;
    %dup/vec4;
    %pushi/vec4 0, 0, 7;
    %cmp/u;
    %jmp/1 T_18.0, 6;
    %dup/vec4;
    %pushi/vec4 3, 0, 7;
    %cmp/u;
    %jmp/1 T_18.1, 6;
    %dup/vec4;
    %pushi/vec4 35, 0, 7;
    %cmp/u;
    %jmp/1 T_18.2, 6;
    %dup/vec4;
    %pushi/vec4 51, 0, 7;
    %cmp/u;
    %jmp/1 T_18.3, 6;
    %dup/vec4;
    %pushi/vec4 19, 0, 7;
    %cmp/u;
    %jmp/1 T_18.4, 6;
    %dup/vec4;
    %pushi/vec4 99, 0, 7;
    %cmp/u;
    %jmp/1 T_18.5, 6;
    %dup/vec4;
    %pushi/vec4 111, 0, 7;
    %cmp/u;
    %jmp/1 T_18.6, 6;
    %dup/vec4;
    %pushi/vec4 103, 0, 7;
    %cmp/u;
    %jmp/1 T_18.7, 6;
    %dup/vec4;
    %pushi/vec4 55, 0, 7;
    %cmp/u;
    %jmp/1 T_18.8, 6;
    %dup/vec4;
    %pushi/vec4 23, 0, 7;
    %cmp/u;
    %jmp/1 T_18.9, 6;
    %jmp T_18.10;
T_18.0 ;
    %pushi/vec4 0, 0, 1;
    %store/vec4 v0x25bf590_0, 0, 1;
    %pushi/vec4 0, 0, 2;
    %store/vec4 v0x25bf320_0, 0, 2;
    %pushi/vec4 0, 0, 1;
    %store/vec4 v0x25bf0e0_0, 0, 1;
    %pushi/vec4 0, 0, 1;
    %store/vec4 v0x25bf4f0_0, 0, 1;
    %pushi/vec4 0, 0, 2;
    %store/vec4 v0x25bf630_0, 0, 2;
    %pushi/vec4 0, 0, 1;
    %store/vec4 v0x25bf280_0, 0, 1;
    %pushi/vec4 0, 0, 2;
    %store/vec4 v0x25bf1c0_0, 0, 2;
    %pushi/vec4 0, 0, 1;
    %store/vec4 v0x25bf3e0_0, 0, 1;
    %jmp T_18.10;
T_18.1 ;
    %pushi/vec4 1, 0, 1;
    %store/vec4 v0x25bf590_0, 0, 1;
    %pushi/vec4 0, 0, 2;
    %store/vec4 v0x25bf320_0, 0, 2;
    %pushi/vec4 1, 0, 1;
    %store/vec4 v0x25bf0e0_0, 0, 1;
    %pushi/vec4 0, 0, 1;
    %store/vec4 v0x25bf4f0_0, 0, 1;
    %pushi/vec4 1, 0, 2;
    %store/vec4 v0x25bf630_0, 0, 2;
    %pushi/vec4 0, 0, 1;
    %store/vec4 v0x25bf280_0, 0, 1;
    %pushi/vec4 0, 0, 2;
    %store/vec4 v0x25bf1c0_0, 0, 2;
    %pushi/vec4 0, 0, 1;
    %store/vec4 v0x25bf3e0_0, 0, 1;
    %jmp T_18.10;
T_18.2 ;
    %pushi/vec4 0, 0, 1;
    %store/vec4 v0x25bf590_0, 0, 1;
    %pushi/vec4 1, 0, 2;
    %store/vec4 v0x25bf320_0, 0, 2;
    %pushi/vec4 1, 0, 1;
    %store/vec4 v0x25bf0e0_0, 0, 1;
    %pushi/vec4 1, 0, 1;
    %store/vec4 v0x25bf4f0_0, 0, 1;
    %pushi/vec4 0, 0, 2;
    %store/vec4 v0x25bf630_0, 0, 2;
    %pushi/vec4 0, 0, 1;
    %store/vec4 v0x25bf280_0, 0, 1;
    %pushi/vec4 0, 0, 2;
    %store/vec4 v0x25bf1c0_0, 0, 2;
    %pushi/vec4 0, 0, 1;
    %store/vec4 v0x25bf3e0_0, 0, 1;
    %jmp T_18.10;
T_18.3 ;
    %pushi/vec4 1, 0, 1;
    %store/vec4 v0x25bf590_0, 0, 1;
    %pushi/vec4 3, 3, 2;
    %store/vec4 v0x25bf320_0, 0, 2;
    %pushi/vec4 0, 0, 1;
    %store/vec4 v0x25bf0e0_0, 0, 1;
    %pushi/vec4 0, 0, 1;
    %store/vec4 v0x25bf4f0_0, 0, 1;
    %pushi/vec4 0, 0, 2;
    %store/vec4 v0x25bf630_0, 0, 2;
    %pushi/vec4 0, 0, 1;
    %store/vec4 v0x25bf280_0, 0, 1;
    %pushi/vec4 2, 0, 2;
    %store/vec4 v0x25bf1c0_0, 0, 2;
    %pushi/vec4 0, 0, 1;
    %store/vec4 v0x25bf3e0_0, 0, 1;
    %jmp T_18.10;
T_18.4 ;
    %pushi/vec4 1, 0, 1;
    %store/vec4 v0x25bf590_0, 0, 1;
    %pushi/vec4 0, 0, 2;
    %store/vec4 v0x25bf320_0, 0, 2;
    %pushi/vec4 1, 0, 1;
    %store/vec4 v0x25bf0e0_0, 0, 1;
    %pushi/vec4 0, 0, 1;
    %store/vec4 v0x25bf4f0_0, 0, 1;
    %pushi/vec4 0, 0, 2;
    %store/vec4 v0x25bf630_0, 0, 2;
    %pushi/vec4 0, 0, 1;
    %store/vec4 v0x25bf280_0, 0, 1;
    %pushi/vec4 2, 0, 2;
    %store/vec4 v0x25bf1c0_0, 0, 2;
    %pushi/vec4 0, 0, 1;
    %store/vec4 v0x25bf3e0_0, 0, 1;
    %jmp T_18.10;
T_18.5 ;
    %pushi/vec4 0, 0, 1;
    %store/vec4 v0x25bf590_0, 0, 1;
    %pushi/vec4 2, 0, 2;
    %store/vec4 v0x25bf320_0, 0, 2;
    %pushi/vec4 0, 0, 1;
    %store/vec4 v0x25bf0e0_0, 0, 1;
    %pushi/vec4 0, 0, 1;
    %store/vec4 v0x25bf4f0_0, 0, 1;
    %pushi/vec4 0, 0, 2;
    %store/vec4 v0x25bf630_0, 0, 2;
    %pushi/vec4 1, 0, 1;
    %store/vec4 v0x25bf280_0, 0, 1;
    %pushi/vec4 1, 0, 2;
    %store/vec4 v0x25bf1c0_0, 0, 2;
    %pushi/vec4 0, 0, 1;
    %store/vec4 v0x25bf3e0_0, 0, 1;
    %jmp T_18.10;
T_18.6 ;
    %pushi/vec4 1, 0, 1;
    %store/vec4 v0x25bf590_0, 0, 1;
    %pushi/vec4 3, 0, 2;
    %store/vec4 v0x25bf320_0, 0, 2;
    %pushi/vec4 0, 0, 1;
    %store/vec4 v0x25bf0e0_0, 0, 1;
    %pushi/vec4 0, 0, 1;
    %store/vec4 v0x25bf4f0_0, 0, 1;
    %pushi/vec4 2, 0, 2;
    %store/vec4 v0x25bf630_0, 0, 2;
    %pushi/vec4 0, 0, 1;
    %store/vec4 v0x25bf280_0, 0, 1;
    %pushi/vec4 0, 0, 2;
    %store/vec4 v0x25bf1c0_0, 0, 2;
    %pushi/vec4 1, 0, 1;
    %store/vec4 v0x25bf3e0_0, 0, 1;
    %jmp T_18.10;
T_18.7 ;
    %pushi/vec4 1, 0, 1;
    %store/vec4 v0x25bf590_0, 0, 1;
    %pushi/vec4 0, 0, 2;
    %store/vec4 v0x25bf320_0, 0, 2;
    %pushi/vec4 1, 0, 1;
    %store/vec4 v0x25bf0e0_0, 0, 1;
    %pushi/vec4 0, 0, 1;
    %store/vec4 v0x25bf4f0_0, 0, 1;
    %pushi/vec4 2, 0, 2;
    %store/vec4 v0x25bf630_0, 0, 2;
    %pushi/vec4 0, 0, 1;
    %store/vec4 v0x25bf280_0, 0, 1;
    %pushi/vec4 0, 0, 2;
    %store/vec4 v0x25bf1c0_0, 0, 2;
    %pushi/vec4 1, 0, 1;
    %store/vec4 v0x25bf3e0_0, 0, 1;
    %jmp T_18.10;
T_18.8 ;
    %pushi/vec4 1, 0, 1;
    %store/vec4 v0x25bf590_0, 0, 1;
    %pushi/vec4 0, 0, 2;
    %store/vec4 v0x25bf320_0, 0, 2;
    %pushi/vec4 1, 0, 1;
    %store/vec4 v0x25bf0e0_0, 0, 1;
    %pushi/vec4 0, 0, 1;
    %store/vec4 v0x25bf4f0_0, 0, 1;
    %pushi/vec4 0, 0, 2;
    %store/vec4 v0x25bf630_0, 0, 2;
    %pushi/vec4 0, 0, 1;
    %store/vec4 v0x25bf280_0, 0, 1;
    %pushi/vec4 1, 0, 2;
    %store/vec4 v0x25bf1c0_0, 0, 2;
    %pushi/vec4 0, 0, 1;
    %store/vec4 v0x25bf3e0_0, 0, 1;
    %jmp T_18.10;
T_18.9 ;
    %pushi/vec4 1, 0, 1;
    %store/vec4 v0x25bf590_0, 0, 1;
    %pushi/vec4 0, 0, 2;
    %store/vec4 v0x25bf320_0, 0, 2;
    %pushi/vec4 1, 0, 1;
    %store/vec4 v0x25bf0e0_0, 0, 1;
    %pushi/vec4 0, 0, 1;
    %store/vec4 v0x25bf4f0_0, 0, 1;
    %pushi/vec4 0, 0, 2;
    %store/vec4 v0x25bf630_0, 0, 2;
    %pushi/vec4 0, 0, 1;
    %store/vec4 v0x25bf280_0, 0, 1;
    %pushi/vec4 1, 0, 2;
    %store/vec4 v0x25bf1c0_0, 0, 2;
    %pushi/vec4 0, 0, 1;
    %store/vec4 v0x25bf3e0_0, 0, 1;
    %jmp T_18.10;
T_18.10 ;
    %pop/vec4 1;
    %jmp T_18;
    .thread T_18, $push;
    .scope S_0x25be5a0;
T_19 ;
    %wait E_0x25be800;
    %load/vec4 v0x25be840_0;
    %cmpi/e 0, 0, 2;
    %jmp/0xz  T_19.0, 4;
    %pushi/vec4 0, 0, 4;
    %store/vec4 v0x25be940_0, 0, 4;
    %jmp T_19.1;
T_19.0 ;
    %load/vec4 v0x25be840_0;
    %cmpi/e 1, 0, 2;
    %jmp/0xz  T_19.2, 4;
    %pushi/vec4 1, 0, 4;
    %store/vec4 v0x25be940_0, 0, 4;
    %jmp T_19.3;
T_19.2 ;
    %load/vec4 v0x25be840_0;
    %cmpi/e 2, 0, 2;
    %jmp/0xz  T_19.4, 4;
    %load/vec4 v0x25bea20_0;
    %dup/vec4;
    %pushi/vec4 0, 0, 3;
    %cmp/u;
    %jmp/1 T_19.6, 6;
    %dup/vec4;
    %pushi/vec4 1, 0, 3;
    %cmp/u;
    %jmp/1 T_19.7, 6;
    %dup/vec4;
    %pushi/vec4 2, 0, 3;
    %cmp/u;
    %jmp/1 T_19.8, 6;
    %dup/vec4;
    %pushi/vec4 3, 0, 3;
    %cmp/u;
    %jmp/1 T_19.9, 6;
    %dup/vec4;
    %pushi/vec4 4, 0, 3;
    %cmp/u;
    %jmp/1 T_19.10, 6;
    %dup/vec4;
    %pushi/vec4 5, 0, 3;
    %cmp/u;
    %jmp/1 T_19.11, 6;
    %dup/vec4;
    %pushi/vec4 6, 0, 3;
    %cmp/u;
    %jmp/1 T_19.12, 6;
    %dup/vec4;
    %pushi/vec4 7, 0, 3;
    %cmp/u;
    %jmp/1 T_19.13, 6;
    %pushi/vec4 15, 15, 4;
    %store/vec4 v0x25be940_0, 0, 4;
    %jmp T_19.15;
T_19.6 ;
    %load/vec4 v0x25beae0_0;
    %load/vec4 v0x25beba0_0;
    %and;
    %flag_set/vec4 8;
    %jmp/0 T_19.16, 8;
    %pushi/vec4 1, 0, 4;
    %jmp/1 T_19.17, 8;
T_19.16 ; End of true expr.
    %pushi/vec4 0, 0, 4;
    %jmp/0 T_19.17, 8;
 ; End of false expr.
    %blend;
T_19.17;
    %store/vec4 v0x25be940_0, 0, 4;
    %jmp T_19.15;
T_19.7 ;
    %pushi/vec4 10, 0, 4;
    %store/vec4 v0x25be940_0, 0, 4;
    %jmp T_19.15;
T_19.8 ;
    %pushi/vec4 5, 0, 4;
    %store/vec4 v0x25be940_0, 0, 4;
    %jmp T_19.15;
T_19.9 ;
    %pushi/vec4 6, 0, 4;
    %store/vec4 v0x25be940_0, 0, 4;
    %jmp T_19.15;
T_19.10 ;
    %pushi/vec4 4, 0, 4;
    %store/vec4 v0x25be940_0, 0, 4;
    %jmp T_19.15;
T_19.11 ;
    %load/vec4 v0x25beae0_0;
    %flag_set/vec4 8;
    %jmp/0 T_19.18, 8;
    %pushi/vec4 11, 0, 4;
    %jmp/1 T_19.19, 8;
T_19.18 ; End of true expr.
    %pushi/vec4 12, 0, 4;
    %jmp/0 T_19.19, 8;
 ; End of false expr.
    %blend;
T_19.19;
    %store/vec4 v0x25be940_0, 0, 4;
    %jmp T_19.15;
T_19.12 ;
    %pushi/vec4 3, 0, 4;
    %store/vec4 v0x25be940_0, 0, 4;
    %jmp T_19.15;
T_19.13 ;
    %pushi/vec4 2, 0, 4;
    %store/vec4 v0x25be940_0, 0, 4;
    %jmp T_19.15;
T_19.15 ;
    %pop/vec4 1;
    %jmp T_19.5;
T_19.4 ;
    %load/vec4 v0x25be840_0;
    %cmpi/e 3, 0, 2;
    %jmp/0xz  T_19.20, 4;
    %load/vec4 v0x25bea20_0;
    %dup/vec4;
    %pushi/vec4 0, 0, 3;
    %cmp/u;
    %jmp/1 T_19.22, 6;
    %dup/vec4;
    %pushi/vec4 1, 0, 3;
    %cmp/u;
    %jmp/1 T_19.23, 6;
    %pushi/vec4 15, 15, 4;
    %store/vec4 v0x25be940_0, 0, 4;
    %jmp T_19.25;
T_19.22 ;
    %pushi/vec4 8, 0, 4;
    %store/vec4 v0x25be940_0, 0, 4;
    %jmp T_19.25;
T_19.23 ;
    %pushi/vec4 9, 0, 4;
    %store/vec4 v0x25be940_0, 0, 4;
    %jmp T_19.25;
T_19.25 ;
    %pop/vec4 1;
    %jmp T_19.21;
T_19.20 ;
    %pushi/vec4 15, 15, 4;
    %store/vec4 v0x25be940_0, 0, 4;
T_19.21 ;
T_19.5 ;
T_19.3 ;
T_19.1 ;
    %jmp T_19;
    .thread T_19, $push;
    .scope S_0x25bdbe0;
T_20 ;
    %pushi/vec4 179, 0, 32;
    %ix/load 4, 0, 0;
    %flag_set/imm 4, 0;
    %store/vec4a v0x25be150, 4, 0;
    %pushi/vec4 563, 0, 32;
    %ix/load 4, 1, 0;
    %flag_set/imm 4, 0;
    %store/vec4a v0x25be150, 4, 0;
    %pushi/vec4 10518803, 0, 32;
    %ix/load 4, 2, 0;
    %flag_set/imm 4, 0;
    %store/vec4a v0x25be150, 4, 0;
    %pushi/vec4 33203, 0, 32;
    %ix/load 4, 3, 0;
    %flag_set/imm 4, 0;
    %store/vec4a v0x25be150, 4, 0;
    %pushi/vec4 2197603, 0, 32;
    %ix/load 4, 4, 0;
    %flag_set/imm 4, 0;
    %store/vec4a v0x25be150, 4, 0;
    %pushi/vec4 4293171, 0, 32;
    %ix/load 4, 5, 0;
    %flag_set/imm 4, 0;
    %store/vec4a v0x25be150, 4, 0;
    %pushi/vec4 1147283, 0, 32;
    %ix/load 4, 6, 0;
    %flag_set/imm 4, 0;
    %store/vec4a v0x25be150, 4, 0;
    %pushi/vec4 4261415651, 0, 32;
    %ix/load 4, 7, 0;
    %flag_set/imm 4, 0;
    %store/vec4a v0x25be150, 4, 0;
    %pushi/vec4 131251, 0, 32;
    %ix/load 4, 8, 0;
    %flag_set/imm 4, 0;
    %store/vec4a v0x25be150, 4, 0;
    %pushi/vec4 10526755, 0, 32;
    %ix/load 4, 9, 0;
    %flag_set/imm 4, 0;
    %store/vec4a v0x25be150, 4, 0;
    %pushi/vec4 41091, 0, 32;
    %ix/load 4, 10, 0;
    %flag_set/imm 4, 0;
    %store/vec4a v0x25be150, 4, 0;
    %end;
    .thread T_20;
    .scope S_0x25bcfe0;
T_21 ;
    %pushi/vec4 0, 0, 32;
    %store/vec4 v0x25bd910_0, 0, 32;
T_21.0 ;
    %load/vec4 v0x25bd910_0;
    %cmpi/s 64, 0, 32;
    %jmp/0xz T_21.1, 5;
    %pushi/vec4 0, 0, 32;
    %ix/getv/s 4, v0x25bd910_0;
    %store/vec4a v0x25bd9f0, 4, 0;
    %load/vec4 v0x25bd910_0;
    %addi 1, 0, 32;
    %store/vec4 v0x25bd910_0, 0, 32;
    %jmp T_21.0;
T_21.1 ;
    %end;
    .thread T_21;
    .scope S_0x25bcfe0;
T_22 ;
    %wait E_0x25bd260;
    %load/vec4 v0x25bd580_0;
    %flag_set/vec4 8;
    %jmp/0xz  T_22.0, 8;
    %load/vec4 v0x25bd4c0_0;
    %load/vec4 v0x25bd2e0_0;
    %parti/s 30, 2, 3;
    %ix/vec4 3;
    %ix/load 4, 0, 0; Constant delay
    %assign/vec4/a/d v0x25bd9f0, 0, 4;
T_22.0 ;
    %jmp T_22;
    .thread T_22;
    .scope S_0x2598e70;
T_23 ;
    %wait E_0x25bcd60;
    %load/vec4 v0x25c9f60_0;
    %flag_set/vec4 8;
    %jmp/0xz  T_23.0, 8;
    %pushi/vec4 0, 0, 1;
    %assign/vec4 v0x25c9b90_0, 0;
    %pushi/vec4 0, 0, 32;
    %assign/vec4 v0x25c9c30_0, 0;
    %jmp T_23.1;
T_23.0 ;
    %load/vec4 v0x25c9c30_0;
    %cmpi/e 49999999, 0, 32;
    %jmp/0xz  T_23.2, 4;
    %load/vec4 v0x25c9b90_0;
    %inv;
    %assign/vec4 v0x25c9b90_0, 0;
    %pushi/vec4 0, 0, 32;
    %assign/vec4 v0x25c9c30_0, 0;
    %jmp T_23.3;
T_23.2 ;
    %load/vec4 v0x25c9c30_0;
    %addi 1, 0, 32;
    %assign/vec4 v0x25c9c30_0, 0;
T_23.3 ;
T_23.1 ;
    %jmp T_23;
    .thread T_23;
    .scope S_0x2598e70;
T_24 ;
    %wait E_0x25bcd60;
    %load/vec4 v0x25c9f60_0;
    %flag_set/vec4 8;
    %jmp/0xz  T_24.0, 8;
    %pushi/vec4 0, 0, 16;
    %assign/vec4 v0x25c9d10_0, 0;
    %jmp T_24.1;
T_24.0 ;
    %load/vec4 v0x25ca000_0;
    %parti/s 16, 0, 2;
    %assign/vec4 v0x25c9d10_0, 0;
T_24.1 ;
    %jmp T_24;
    .thread T_24;
    .scope S_0x2598e70;
T_25 ;
    %wait E_0x25bcd60;
    %load/vec4 v0x25c9f60_0;
    %flag_set/vec4 8;
    %jmp/0xz  T_25.0, 8;
    %pushi/vec4 0, 0, 20;
    %assign/vec4 v0x25c9df0_0, 0;
    %jmp T_25.1;
T_25.0 ;
    %load/vec4 v0x25c9df0_0;
    %addi 1, 0, 20;
    %assign/vec4 v0x25c9df0_0, 0;
T_25.1 ;
    %jmp T_25;
    .thread T_25;
    .scope S_0x2598e70;
T_26 ;
    %wait E_0x25bcd00;
    %load/vec4 v0x25c9930_0;
    %dup/vec4;
    %pushi/vec4 0, 0, 2;
    %cmp/u;
    %jmp/1 T_26.0, 6;
    %dup/vec4;
    %pushi/vec4 1, 0, 2;
    %cmp/u;
    %jmp/1 T_26.1, 6;
    %dup/vec4;
    %pushi/vec4 2, 0, 2;
    %cmp/u;
    %jmp/1 T_26.2, 6;
    %dup/vec4;
    %pushi/vec4 3, 0, 2;
    %cmp/u;
    %jmp/1 T_26.3, 6;
    %jmp T_26.4;
T_26.0 ;
    %pushi/vec4 7, 0, 4;
    %store/vec4 v0x25c9770_0, 0, 4;
    %load/vec4 v0x25c9d10_0;
    %pad/u 32;
    %pushi/vec4 1000, 0, 32;
    %div;
    %pad/u 4;
    %store/vec4 v0x25c9850_0, 0, 4;
    %jmp T_26.4;
T_26.1 ;
    %pushi/vec4 11, 0, 4;
    %store/vec4 v0x25c9770_0, 0, 4;
    %load/vec4 v0x25c9d10_0;
    %pad/u 32;
    %pushi/vec4 1000, 0, 32;
    %mod;
    %pushi/vec4 100, 0, 32;
    %div;
    %pad/u 4;
    %store/vec4 v0x25c9850_0, 0, 4;
    %jmp T_26.4;
T_26.2 ;
    %pushi/vec4 13, 0, 4;
    %store/vec4 v0x25c9770_0, 0, 4;
    %load/vec4 v0x25c9d10_0;
    %pad/u 32;
    %pushi/vec4 1000, 0, 32;
    %mod;
    %pushi/vec4 100, 0, 32;
    %mod;
    %pushi/vec4 10, 0, 32;
    %div;
    %pad/u 4;
    %store/vec4 v0x25c9850_0, 0, 4;
    %jmp T_26.4;
T_26.3 ;
    %pushi/vec4 14, 0, 4;
    %store/vec4 v0x25c9770_0, 0, 4;
    %load/vec4 v0x25c9d10_0;
    %pad/u 32;
    %pushi/vec4 1000, 0, 32;
    %mod;
    %pushi/vec4 100, 0, 32;
    %mod;
    %pushi/vec4 10, 0, 32;
    %mod;
    %pad/u 4;
    %store/vec4 v0x25c9850_0, 0, 4;
    %jmp T_26.4;
T_26.4 ;
    %pop/vec4 1;
    %jmp T_26;
    .thread T_26, $push;
    .scope S_0x2598e70;
T_27 ;
    %wait E_0x25bcca0;
    %load/vec4 v0x25c9850_0;
    %dup/vec4;
    %pushi/vec4 0, 0, 4;
    %cmp/u;
    %jmp/1 T_27.0, 6;
    %dup/vec4;
    %pushi/vec4 1, 0, 4;
    %cmp/u;
    %jmp/1 T_27.1, 6;
    %dup/vec4;
    %pushi/vec4 2, 0, 4;
    %cmp/u;
    %jmp/1 T_27.2, 6;
    %dup/vec4;
    %pushi/vec4 3, 0, 4;
    %cmp/u;
    %jmp/1 T_27.3, 6;
    %dup/vec4;
    %pushi/vec4 4, 0, 4;
    %cmp/u;
    %jmp/1 T_27.4, 6;
    %dup/vec4;
    %pushi/vec4 5, 0, 4;
    %cmp/u;
    %jmp/1 T_27.5, 6;
    %dup/vec4;
    %pushi/vec4 6, 0, 4;
    %cmp/u;
    %jmp/1 T_27.6, 6;
    %dup/vec4;
    %pushi/vec4 7, 0, 4;
    %cmp/u;
    %jmp/1 T_27.7, 6;
    %dup/vec4;
    %pushi/vec4 8, 0, 4;
    %cmp/u;
    %jmp/1 T_27.8, 6;
    %dup/vec4;
    %pushi/vec4 9, 0, 4;
    %cmp/u;
    %jmp/1 T_27.9, 6;
    %pushi/vec4 1, 0, 7;
    %store/vec4 v0x25c99f0_0, 0, 7;
    %jmp T_27.11;
T_27.0 ;
    %pushi/vec4 1, 0, 7;
    %store/vec4 v0x25c99f0_0, 0, 7;
    %jmp T_27.11;
T_27.1 ;
    %pushi/vec4 79, 0, 7;
    %store/vec4 v0x25c99f0_0, 0, 7;
    %jmp T_27.11;
T_27.2 ;
    %pushi/vec4 18, 0, 7;
    %store/vec4 v0x25c99f0_0, 0, 7;
    %jmp T_27.11;
T_27.3 ;
    %pushi/vec4 6, 0, 7;
    %store/vec4 v0x25c99f0_0, 0, 7;
    %jmp T_27.11;
T_27.4 ;
    %pushi/vec4 76, 0, 7;
    %store/vec4 v0x25c99f0_0, 0, 7;
    %jmp T_27.11;
T_27.5 ;
    %pushi/vec4 36, 0, 7;
    %store/vec4 v0x25c99f0_0, 0, 7;
    %jmp T_27.11;
T_27.6 ;
    %pushi/vec4 32, 0, 7;
    %store/vec4 v0x25c99f0_0, 0, 7;
    %jmp T_27.11;
T_27.7 ;
    %pushi/vec4 15, 0, 7;
    %store/vec4 v0x25c99f0_0, 0, 7;
    %jmp T_27.11;
T_27.8 ;
    %pushi/vec4 0, 0, 7;
    %store/vec4 v0x25c99f0_0, 0, 7;
    %jmp T_27.11;
T_27.9 ;
    %pushi/vec4 4, 0, 7;
    %store/vec4 v0x25c99f0_0, 0, 7;
    %jmp T_27.11;
T_27.11 ;
    %pop/vec4 1;
    %jmp T_27;
    .thread T_27, $push;
# The file index is used to find the file name in the following table.
:file_names 20;
    "N/A";
    "<interactive>";
    "RISCV_TopModule_tb.v";
    "RISCV_TopModule.v";
    "Data_Memory.v";
    "Instruction_Memory.v";
    "controlpath.v";
    "ALUDecoder.v";
    "Main_Decoder.v";
    "datapath.v";
    "ALU32.v";
    "ALU_Mux.v";
    "Dff.v";
    "Extend.v";
    "PC_Mux.v";
    "PC_Plus_4.v";
    "PC_Target.v";
    "ResgisterFile.v";
    "Result_Mux.v";
    "LCDSEVEN.v";
