#! /c/Source/iverilog-install/bin/vvp
:ivl_version "12.0 (devel)" "(s20150603-1539-g2693dd32b)";
:ivl_delay_selection "TYPICAL";
:vpi_time_precision + 0;
:vpi_module "C:\iverilog\lib\ivl\system.vpi";
:vpi_module "C:\iverilog\lib\ivl\vhdl_sys.vpi";
:vpi_module "C:\iverilog\lib\ivl\vhdl_textio.vpi";
:vpi_module "C:\iverilog\lib\ivl\v2005_math.vpi";
:vpi_module "C:\iverilog\lib\ivl\va_math.vpi";
S_000001dfc744a2e0 .scope module, "MultiDropBus" "MultiDropBus" 2 1;
 .timescale 0 0;
    .port_info 0 /INPUT 1 "clock";
    .port_info 1 /INPUT 1 "reset";
    .port_info 2 /INPUT 8 "Data_bus";
    .port_info 3 /INPUT 1 "A_EN";
    .port_info 4 /INPUT 1 "B_EN";
    .port_info 5 /INPUT 1 "C_EN";
    .port_info 6 /OUTPUT 8 "A";
    .port_info 7 /OUTPUT 8 "B";
    .port_info 8 /OUTPUT 8 "C";
v000001dfc744bea0_0 .var "A", 7 0;
o000001dfc749b008 .functor BUFZ 1, C4<z>; HiZ drive
v000001dfc744bf40_0 .net "A_EN", 0 0, o000001dfc749b008;  0 drivers
v000001dfc7496a40_0 .var "B", 7 0;
o000001dfc749b068 .functor BUFZ 1, C4<z>; HiZ drive
v000001dfc7496ae0_0 .net "B_EN", 0 0, o000001dfc749b068;  0 drivers
v000001dfc7446990_0 .var "C", 7 0;
o000001dfc749b0c8 .functor BUFZ 1, C4<z>; HiZ drive
v000001dfc7446a30_0 .net "C_EN", 0 0, o000001dfc749b0c8;  0 drivers
o000001dfc749b0f8 .functor BUFZ 8, C4<zzzzzzzz>; HiZ drive
v000001dfc74df840_0 .net "Data_bus", 7 0, o000001dfc749b0f8;  0 drivers
o000001dfc749b128 .functor BUFZ 1, C4<z>; HiZ drive
v000001dfc74df8e0_0 .net "clock", 0 0, o000001dfc749b128;  0 drivers
o000001dfc749b158 .functor BUFZ 1, C4<z>; HiZ drive
v000001dfc74df980_0 .net "reset", 0 0, o000001dfc749b158;  0 drivers
E_000001dfc7498780/0 .event negedge, v000001dfc74df980_0;
E_000001dfc7498780/1 .event posedge, v000001dfc74df8e0_0;
E_000001dfc7498780 .event/or E_000001dfc7498780/0, E_000001dfc7498780/1;
S_000001dfc7446800 .scope begin, "A_REG" "A_REG" 2 8, 2 8 0, S_000001dfc744a2e0;
 .timescale 0 0;
S_000001dfc7496720 .scope begin, "B_REG" "B_REG" 2 14, 2 14 0, S_000001dfc744a2e0;
 .timescale 0 0;
S_000001dfc74968b0 .scope begin, "C_REG" "C_REG" 2 20, 2 20 0, S_000001dfc744a2e0;
 .timescale 0 0;
S_000001dfc7446670 .scope module, "RegX" "RegX" 3 1;
 .timescale 0 0;
    .port_info 0 /INPUT 1 "clock";
    .port_info 1 /INPUT 1 "reset";
    .port_info 2 /INPUT 1 "enable";
    .port_info 3 /INPUT 8 "Reg_in";
    .port_info 4 /OUTPUT 8 "Reg_out";
o000001dfc749b338 .functor BUFZ 8, C4<zzzzzzzz>; HiZ drive
v000001dfc74dfbb0_0 .net "Reg_in", 7 0, o000001dfc749b338;  0 drivers
v000001dfc74dfc50_0 .var "Reg_out", 7 0;
o000001dfc749b398 .functor BUFZ 1, C4<z>; HiZ drive
v000001dfc74dffc0_0 .net "clock", 0 0, o000001dfc749b398;  0 drivers
o000001dfc749b3c8 .functor BUFZ 1, C4<z>; HiZ drive
v000001dfc74e01a0_0 .net "enable", 0 0, o000001dfc749b3c8;  0 drivers
o000001dfc749b3f8 .functor BUFZ 1, C4<z>; HiZ drive
v000001dfc74e0100_0 .net "reset", 0 0, o000001dfc749b3f8;  0 drivers
E_000001dfc7498b40/0 .event negedge, v000001dfc74e0100_0;
E_000001dfc7498b40/1 .event posedge, v000001dfc74dffc0_0;
E_000001dfc7498b40 .event/or E_000001dfc7498b40/0, E_000001dfc7498b40/1;
S_000001dfc74dfa20 .scope begin, "REGISTER" "REGISTER" 3 7, 3 7 0, S_000001dfc7446670;
 .timescale 0 0;
    .scope S_000001dfc744a2e0;
T_0 ;
    %wait E_000001dfc7498780;
    %fork t_1, S_000001dfc7446800;
    %jmp t_0;
    .scope S_000001dfc7446800;
t_1 ;
    %load/vec4 v000001dfc74df980_0;
    %nor/r;
    %flag_set/vec4 8;
    %jmp/0xz  T_0.0, 8;
    %pushi/vec4 0, 0, 8;
    %assign/vec4 v000001dfc744bea0_0, 0;
    %jmp T_0.1;
T_0.0 ;
    %load/vec4 v000001dfc744bf40_0;
    %pad/u 32;
    %cmpi/e 1, 0, 32;
    %jmp/0xz  T_0.2, 4;
    %load/vec4 v000001dfc74df840_0;
    %assign/vec4 v000001dfc744bea0_0, 0;
T_0.2 ;
T_0.1 ;
    %end;
    .scope S_000001dfc744a2e0;
t_0 %join;
    %jmp T_0;
    .thread T_0;
    .scope S_000001dfc744a2e0;
T_1 ;
    %wait E_000001dfc7498780;
    %fork t_3, S_000001dfc7496720;
    %jmp t_2;
    .scope S_000001dfc7496720;
t_3 ;
    %load/vec4 v000001dfc74df980_0;
    %nor/r;
    %flag_set/vec4 8;
    %jmp/0xz  T_1.0, 8;
    %pushi/vec4 0, 0, 8;
    %assign/vec4 v000001dfc7446990_0, 0;
    %jmp T_1.1;
T_1.0 ;
    %load/vec4 v000001dfc7496ae0_0;
    %pad/u 32;
    %cmpi/e 1, 0, 32;
    %jmp/0xz  T_1.2, 4;
    %load/vec4 v000001dfc74df840_0;
    %assign/vec4 v000001dfc7496a40_0, 0;
T_1.2 ;
T_1.1 ;
    %end;
    .scope S_000001dfc744a2e0;
t_2 %join;
    %jmp T_1;
    .thread T_1;
    .scope S_000001dfc744a2e0;
T_2 ;
    %wait E_000001dfc7498780;
    %fork t_5, S_000001dfc74968b0;
    %jmp t_4;
    .scope S_000001dfc74968b0;
t_5 ;
    %load/vec4 v000001dfc74df980_0;
    %nor/r;
    %flag_set/vec4 8;
    %jmp/0xz  T_2.0, 8;
    %pushi/vec4 0, 0, 8;
    %assign/vec4 v000001dfc7446990_0, 0;
    %jmp T_2.1;
T_2.0 ;
    %load/vec4 v000001dfc7446a30_0;
    %pad/u 32;
    %cmpi/e 1, 0, 32;
    %jmp/0xz  T_2.2, 4;
    %load/vec4 v000001dfc74df840_0;
    %assign/vec4 v000001dfc7446990_0, 0;
T_2.2 ;
T_2.1 ;
    %end;
    .scope S_000001dfc744a2e0;
t_4 %join;
    %jmp T_2;
    .thread T_2;
    .scope S_000001dfc7446670;
T_3 ;
    %wait E_000001dfc7498b40;
    %fork t_7, S_000001dfc74dfa20;
    %jmp t_6;
    .scope S_000001dfc74dfa20;
t_7 ;
    %load/vec4 v000001dfc74e0100_0;
    %nor/r;
    %flag_set/vec4 8;
    %jmp/0xz  T_3.0, 8;
    %pushi/vec4 255, 255, 8;
    %assign/vec4 v000001dfc74dfc50_0, 0;
    %jmp T_3.1;
T_3.0 ;
    %load/vec4 v000001dfc74e01a0_0;
    %flag_set/vec4 8;
    %jmp/0xz  T_3.2, 8;
    %load/vec4 v000001dfc74dfbb0_0;
    %assign/vec4 v000001dfc74dfc50_0, 0;
T_3.2 ;
T_3.1 ;
    %end;
    .scope S_000001dfc7446670;
t_6 %join;
    %jmp T_3;
    .thread T_3;
# The file index is used to find the file name in the following table.
:file_names 4;
    "N/A";
    "<interactive>";
    "register_as_agent_on_a_data_bus.v";
    "register.v";
